266472
379993
350860
277877
447269
263928
266871
281741
248634
256380
354746
324600
264803
302317
378342
392573
273857
360348
262982
274866
396750
345369
248731
464418
585867
488128
466234
266910
383299
253278
460860
344994
340354
338268
312945
297992
282843
281337
327327
285848
281182
282694
365285
282859
311937
287728
295697
276626
276172
295377
329690
275760
276065
324801
281109
385637
289544
282137
275954
283440
272103
359268
285833
300327
280233
293334
311049
333316
310834
287393
307290
279312
305188
344191
284131
273663
283738
352192
300726
303806
276994
345016
301583
320063
307328
285210
280982
308476
270673
277165
284493
341897
292576
298326
328505
286832
279137
290334
279171
265988
282440
314573
284767
347787
288657
280113
303947
295232
322724
277647
276681
273469
333528
279189
332594
301338
277913
280288
279268
285658
268202
281725
341298
289504
274544
317443
276760
336390
278031
278359
320489
279915
286314
317692
311569
302624
285241
274457
337212
295517
301345
282806
299336
279039
274483
349903
320356
287097
290964
292076
275989
277502
270871
319585
275509
268311
272000
376290
304516
296173
278114
271935
295493
338151
298217
287285
276868
322291
282947
282730
338839
278021
312587
283461
277260
333366
294962
282371
295168
281381
273050
269754
279966
281263
344427
276012
322681
278344
274008
276826
361569
300440
285632
278565
322632
280700
282954
268443
330228
280331
285027
336354
295489
279270
279482
271164
344867
282319
314309
289893
281592
322856
283314
323820
278544
286955
276358
269546
269773
274836
308264
283604
268714
266704
263714
366596
278338
272254
312052
287339
268521
280649
263833
349144
287966
333866
286244
280680
322310
290034
275732
275389
284477
274137
268025
265368
263190
263561
271654
348559
294360
284357
309535
289277
302090
298715
282194
276931
273042
277153
267468
262705
350223
269688
282906
263604
335346
272956
317764
290836
292646
272610
282468
345475
285633
293089
275522
275357
297397
287429
287695
268403
325684
276672
330211
282669
273000
339937
277362
277747
273795
267323
272866
263831
353148
310630
296497
305111
279438
356062
281506
280952
304605
277634
274372
284356
350970
279880
277544
299577
337973
278875
284006
320910
292093
276590
278052
292678
270416
349149
325711
282256
296995
272227
340597
277626
278386
308074
328274
287043
283055
268693
289075
270542
295115
317264
272793
334863
288695
290319
277456
348292
285452
278545
283115
267984
311345
317529
276548
273358
288242
348695
287894
278508
306266
319760
286609
280455
320920
282637
284240
289663
335355
280336
277468
277747
286269
271276
321803
307337
302397
270485
335940
278693
278010
288249
336902
283720
279114
276282
346618
279256
275404
273450
339403
279406
275220
336334
286336
282586
323353
289715
272498
334853
277806
280844
295079
319825
284494
273625
336144
308900
290003
274572
304048
275149
274296
345776
283702
279874
337035
291819
282496
271186
338608
299608
281278
274744
277453
289721
353564
283502
277585
272996
272148
265471
262151
275192
267599
368947
277257
303295
326366
292464
277822
276905
311211
285134
276532
302306
273068
328855
323492
284056
283935
334404
283368
307740
280263
282996
274221
310009
274213
271442
343729
284430
338334
282204
285813
273192
275728
311631
301016
325237
281266
276934
274889
269564
267176
293424
292943
343967
292933
275796
272858
272003
265096
276570
325901
267047
265308
354904
301631
323348
297046
279419
277889
280451
267834
336148
275943
278703
280421
267967
263116
302837
266137
355437
279544
269598
319914
271791
294232
349379
282228
278388
276423
316579
278199
274980
287415
354223
300286
277611
303794
274697
280004
272699
367643
281210
275909
274384
330677
287873
273978
302631
289023
309364
272239
331642
281571
284483
326071
288234
275965
277102
327868
279268
272686
330739
302755
284472
276467
284469
289294
283244
274531
341648
273535
274020
266641
268354
264232
273444
259038
256267
323738
279632
359522
273626
277756
298914
320526
288851
304089
277493
272398
269877
303079
269458
359392
302355
280342
289374
274887
269020
284893
293171
270735
340503
274588
272045
272715
361351
279121
322070
282444
296539
274011
277148
348824
280825
275235
293863
276545
347931
283100
276747
323968
281340
297964
271161
302907
292318
285653
266737
284655
345229
284724
291907
287349
283711
270176
329673
338301
277850
279047
276794
268276
299047
317864
327391
285085
279543
275843
271190
270632
278168
370758
301388
279741
282807
273217
270276
283314
263511
261271
366638
329012
283012
282359
304769
277818
274975
275085
360893
278695
275567
275733
271195
268313
356927
282628
337197
294835
279718
325129
291636
292130
278331
270976
360122
282541
283907
285128
287323
318278
274357
273928
287209
347042
279061
281725
274521
291925
268896
269697
261414
354177
280543
269160
358325
286740
282305
332461
285313
279919
306102
272661
273839
267584
298243
278085
271453
274730
336045
275010
266772
267730
275251
344898
291769
319735
282969
301265
323403
289778
280755
307759
282700
274492
317853
273648
335270
278402
283005
277683
314627
278922
306826
320829
283379
277352
276886
270388
285133
302597
312853
348682
284196
278101
379522
304197
284125
278968
276403
289835
334540
278325
273484
269661
309127
286424
281397
332583
309045
319707
285801
311059
301577
279489
296318
276080
336549
279016
317384
327493
279120
328353
284462
278823
280638
271761
277773
372604
295513
275852
278376
275267
348484
286819
278683
275785
328065
295591
293307
272265
321887
281415
275285
274786
266385
358914
279452
342566
284843
276347
275603
354482
284221
277011
279004
288332
322421
322277
285977
278421
272147
267245
283002
306379
285847
354815
285427
326538
282391
295007
314177
287854
291182
277382
285568
279780
363006
280717
279742
307239
276075
285166
272678
299757
280646
282433
296072
284882
356490
285417
288907
275402
308723
337398
284545
309737
281779
286682
355233
292670
293646
284381
285968
269229
347753
314336
283920
281021
292639
333896
281092
278411
308426
296368
274702
285356
270720
348490
299259
287152
275896
337348
280403
274080
290703
305115
274550
284984
266621
259929
343498
276901
289502
335633
279980
295100
287445
319537
279884
309929
323252
286188
308412
281220
277953
352091
279910
279213
292108
307414
275194
273054
318019
288082
339647
284901
293935
327030
303960
283212
273998
272936
346064
303373
291459
299321
289567
275164
269395
299330
316030
272884
344471
300780
283190
275388
306263
279964
285600
273434
298586
283029
280374
343948
281179
271991
273757
318214
273453
270936
293465
331541
271443
277410
269849
273179
304231
267944
311665
275695
328475
295659
291358
277031
323569
275050
273270
316555
312721
279927
310157
277701
274202
284303
269389
269236
262153
278635
262712
395906
276686
336385
283440
283268
292746
280118
298006
272593
331903
275257
336385
283270
275391
277792
315715
284143
274089
353003
284421
278682
275334
269311
269733
361036
301769
320923
278291
272830
307669
278246
275682
346981
284570
286952
277926
312785
280922
336305
281553
275458
337623
284131
311003
312484
287616
294106
275639
333161
278424
278908
272718
295311
313658
323579
278531
277108
286903
285606
337728
286139
291908
323100
279367
280443
307123
289897
277440
273690
313968
299865
278070
318541
277754
273952
268878
344927
281688
273731
276901
298927
303538
335257
281316
276502
334392
290290
280117
284997
306694
318732
279641
277769
306138
277750
274041
343620
294110
277054
288408
277290
269119
326523
288722
280155
270686
380731
284686
306151
298175
278853
273222
274567
285902
315934
282586
271505
297697
266232
310060
288883
337135
281239
284116
332552
309318
282120
282200
273908
275217
347535
293727
283002
280211
274053
312886
273407
272817
304344
286753
316269
272017
285778
349174
282782
274730
332963
277761
277681
273859
268028
340623
275052
335378
280194
283701
321708
282344
279346
308051
282286
276310
315186
278916
336741
286481
275249
331997
279317
298991
276479
327548
278715
273361
308735
325197
276487
275205
282826
268213
315334
272160
268149
320002
275200
272703
361001
318032
280933
279271
303833
295787
281848
335875
280517
287120
335596
280322
319790
282888
280370
274142
278243
270143
313070
361089
284264
282286
273779
337720
282569
322118
285774
280076
283213
272578
269227
344936
274883
337534
284545
276605
275368
278033
296542
309102
336514
304577
281872
278831
276518
349733
297234
277085
274231
345005
282586
284841
274171
276644
269233
273322
369463
284180
296472
297481
321688
280114
279674
288540
285564
290576
267459
266057
260039
276759
358431
341871
284575
328847
283506
294739
275533
273104
270872
266253
262158
320922
306669
272955
272386
280354
264185
261765
368150
325785
285293
289799
272237
285638
292219
320652
325187
283793
308952
282713
335060
280678
296050
280930
320760
279853
274344
338935
279107
289968
320319
281532
324986
282779
281098
279243
338884
284350
289418
276408
269167
284924
266188
373123
313608
284981
291015
286879
271688
346174
282364
290468
275623
274606
267300
265510
385946
279758
299273
276789
275569
271115
327267
274037
267942
286177
261385
286122
343443
274873
271540
267247
262334
269260
308606
273771
275570
289412
289562
273759
317867
348234
278105
316162
286845
297499
291103
325458
281823
318572
283995
283266
280766
280368
268370
263352
265517
264379
256651
269784
250639
293305
320664
269271
383789
279225
321038
282663
274736
275198
328101
272060
316196
273076
308636
280871
272261
314888
284829
278823
312276
332015
285787
283490
293147
275513
350832
286239
292896
271561
287462
273357
270317
314727
330702
284024
275518
278074
325921
277154
275847
318078
291331
304434
322449
296821
281998
303314
277263
322105
283499
318174
288034
298847
320256
303352
284275
275841
285305
273429
309701
273345
266339
269808
299330
341860
325423
277431
282589
338610
285705
279502
336271
282651
284665
277506
318494
274814
316238
290347
288251
322694
277123
279640
278480
350795
281418
289195
273942
289531
321264
277426
272715
271247
296460
332736
286681
333632
286069
278669
272060
279553
347600
290694
280329
282858
270454
340163
285839
324562
282994
297453
275047
276155
322018
293401
278985
270626
269347
263499
352339
302839
317507
284023
277612
279493
286975
348246
287556
276798
285590
277082
280260
298264
350165
281033
276998
279180
316805
271616
277112
281007
361921
281110
278811
340128
284605
280943
324680
281740
290799
271652
288424
317479
277607
270910
277539
265143
332202
286615
319157
270605
271578
329019
273659
273749
338190
280962
289021
302530
304541
277361
275594
286209
268578
267667
291482
386888
308983
303906
285337
280825
278201
322310
324695
285658
289196
289561
321585
287816
280642
277110
356750
280676
280492
285878
290721
271610
328981
271711
333377
302977
281437
279368
317709
322378
281446
282663
271739
352047
290180
283991
274278
281930
350521
280718
273235
280850
272802
327057
273559
271098
284956
356724
277201
291610
271762
338748
282385
278489
277388
333235
276141
276023
271865
280106
270734
270645
400931
285694
298001
299297
337812
290044
292113
275205
270550
317917
280211
281790
359776
290127
280672
283979
271546
268272
314656
273031
293749
297526
300315
272012
270064
279005
264921
323057
266918
279259
270224
267625
265472
267929
268721
419352
274191
321713
296637
324491
283181
273682
304409
321782
281354
281336
278311
280423
361671
305715
282211
281091
275787
289373
282349
353597
301119
278058
273736
274708
306900
318072
276642
281692
284088
370013
298023
283523
273256
279394
270410
265687
268432
317646
277565
347467
285691
275017
266896
266724
345233
273797
269914
352148
281154
307312
324816
279597
277617
278864
316946
325581
292573
280684
335521
287364
281260
277050
273426
265899
267185
338644
284949
347700
281342
283550
294090
278414
290267
274518
344721
273480
293581
339262
282181
276420
334939
286738
277402
287879
289799
285101
345956
285767
282972
272091
271025
269198
343920
283701
279215
270811
283232
315663
274156
283912
268144
396629
282999
282515
274008
267525
361745
307356
282089
280435
292893
334545
277741
332444
279643
278800
276064
321599
280072
346584
302337
279465
274440
287429
269709
278706
266247
271166
337349
285698
350611
280670
275458
273265
299271
337498
283646
275683
286428
297175
307934
278781
271750
274225
321448
275018
286197
366645
306709
280318
280688
339055
286501
286594
273237
275041
275852
340951
281660
275860
350175
280758
280259
273906
270462
392133
291972
300541
285903
285385
280697
269024
312068
275282
326074
276746
318728
278050
275744
316831
321252
281410
275698
329982
285873
273689
276236
269878
327858
273630
273099
365551
314183
279734
273582
270346
265913
261291
354943
277737
273199
297312
329556
280810
274491
345788
288837
280186
324936
289029
294369
340527
297235
301854
279930
277128
337712
292216
285768
333982
287647
280706
276001
322330
320869
283841
282801
276938
364221
298461
280797
271500
270170
267156
311259
266798
343810
278568
323257
280661
306383
285314
319323
280603
279735
317636
290742
279861
274274
351511
283239
284109
279713
271321
266510
389768
285934
279036
323324
317036
290301
281185
321968
307724
282056
296926
277408
284679
347402
282451
278454
284491
271912
285914
363661
282228
277088
274529
349983
282690
287055
282112
285882
264829
296965
271429
346140
322704
281482
278311
274043
295127
285901
315280
275387
270504
319949
277811
276829
311375
358625
281527
281391
289674
281328
285190
273550
269720
374424
299729
295149
273835
339008
283580
278828
276039
333669
279901
272632
351286
305869
281655
316433
283464
278468
303842
270880
338723
290040
277140
275234
284970
274373
300504
321226
273801
335880
279154
299421
276349
279277
270366
290974
331242
324879
283016
293818
276296
332718
283515
278488
274570
348929
278447
279587
336060
285144
272879
337523
285807
279965
323530
279690
280679
273109
308196
272755
275038
295712
267163
372620
304135
283136
285018
275032
272047
311540
279182
349622
279546
292689
302295
274355
273722
266030
331698
325399
282196
275760
277347
371336
300729
289755
281058
276426
288578
284967
269192
269464
263132
270454
354451
268604
274338
342589
273547
276125
268108
341182
278369
285466
284567
270862
362525
287977
287418
303094
275224
278496
284351
363879
282370
294104
282237
273385
348718
279339
280089
276367
265554
319257
330198
279333
281497
294237
306449
273293
278167
321801
302153
275891
279513
283745
280803
270728
265872
273403
338985
283893
325693
278143
269819
297649
266499
269446
267379
259427
335053
271943
265898
348147
339208
281054
282066
271665
336294
278066
290482
338747
282710
277816
279526
272200
360995
286816
283154
325170
297790
314535
279882
273111
332927
280380
282090
282411
316889
273751
357242
280423
278701
273863
354927
281605
283349
273463
272569
301196
296080
267710
281210
267007
359531
337529
298461
280474
285415
318115
273479
312700
276042
333866
283570
278830
331449
300100
280092
292412
272757
319297
296317
274903
304841
286435
320463
281400
276071
318326
292733
275057
270625
281000
273143
265571
344187
275315
360334
288934
277395
275338
353914
280994
280493
278572
270956
275197
273018
277067
264472
257074
333812
265718
268392
354795
275840
315718
332129
284816
280249
324772
278502
299588
277305
274214
354601
277620
282127
272032
273988
269884
347057
325480
282977
276561
284703
285080
317848
280660
269932
280583
269999
264658
264787
366113
295125
282519
339809
296207
278475
279907
293902
335207
283671
295431
298748
282903
336093
299307
284834
282371
277268
283154
270185
275495
279260
384472
280913
278448
338136
283350
282121
275505
303641
279217
364373
288408
278471
326579
283599
279234
340882
279644
282104
273287
297225
271588
269280
296125
275236
264414
262444
257308
261670
395230
304527
333397
282228
285601
323614
278797
285486
333200
287616
283278
288215
287387
270431
270845
294955
268839
269453
271526
373576
324976
290872
277707
277103
271213
272124
377790
311639
284274
314112
311708
286433
272599
303330
273663
271551
309719
281961
271159
280392
327301
333747
282413
327144
283755
285033
278709
271068
363680
314663
282465
278515
288396
276183
357966
288660
281325
276466
272618
276354
338897
275242
274004
295950
274270
363430
282755
278583
331932
303158
278290
280703
277394
269721
265234
264231
260831
262096
335093
324566
303957
306681
327036
286689
309803
285450
279452
320786
282635
288155
333468
281053
286587
276849
322874
277794
274807
267021
295810
359747
289558
331283
283785
280637
298538
275514
333321
284847
323779
284048
280907
319860
285641
280203
304830
289142
287976
271434
271605
265345
332328
335854
282328
281131
321396
283115
286740
271679
267975
273863
266599
269214
262004
282584
273489
268238
259535
394173
351160
301632
301493
281571
274557
305480
321446
307618
297242
281439
284190
279106
298346
287564
270668
346918
283488
274387
274828
313130
323070
280249
276837
273630
347744
286531
290774
275103
270193
273282
291583
330151
271729
282233
271283
278528
352442
285388
278773
272570
313838
274191
276198
268209
275227
275225
259064
336302
277758
334060
297062
281071
270528
361353
286657
291884
271365
274266
325356
278032
336423
280328
312200
285952
280022
285152
315676
278558
309999
283629
293403
276159
268115
305038
278648
268087
273096
263540
366757
286156
333334
281534
293431
282046
288321
335054
284518
322350
281155
278798
291758
276511
333916
291806
294779
306715
278631
278204
272629
332040
277042
273652
327342
288253
295888
275094
351603
283615
281552
280762
275853
317206
289784
352152
282914
281678
279851
289028
268966
363014
283626
283852
300976
328932
307966
289874
286213
324327
282417
276780
341632
280999
292757
296876
292309
304256
278481
274986
286412
287063
283867
346599
304863
281794
278057
335189
278498
279814
276165
353599
285151
279508
287542
300971
320989
278267
275900
278877
320349
277506
339708
298378
292909
289347
278618
323452
279607
273599
318325
278419
335213
278620
298513
281011
273605
272320
273132
306010
316872
273144
274473
289515
276394
266153
355886
274280
306845
275132
336214
280644
277017
302563
277670
281078
271641
360487
279262
278552
339361
286336
289598
289109
277898
316886
276096
340859
283341
277941
277162
267976
355736
324533
284387
279704
310156
274931
335722
283541
282736
321818
285664
273994
307045
291553
287684
276708
278399
271591
265906
276788
356362
326077
281279
279736
284899
323084
307212
278579
276758
304865
271771
272645
297927
286565
287423
264858
306571
284915
271831
265420
262248
337611
347112
278505
298407
273953
271680
345969
283383
275756
335398
287144
283282
279390
279416
272159
295906
269918
338601
275258
317077
278071
276047
346923
317259
280049
279216
335723
286447
283178
271563
271749
312616
275496
344394
327236
277680
280576
276410
286608
271751
275840
333005
274401
290056
271037
267185
350716
272066
279326
346047
284732
282424
286041
267951
295130
290634
350206
285859
280858
271353
272749
280725
379237
289253
311442
284949
324622
283516
283094
290785
295488
300281
274458
265367
266523
265342
296942
313331
315856
326749
280321
307307
307239
280295
293642
291419
277386
279902
363539
284762
290519
276073
319462
273436
276070
353207
285138
279994
272377
358290
282400
276884
275354
324786
280569
275723
320300
272496
287193
278966
316127
307746
322846
281967
311410
297263
285083
307540
299940
270120
280256
315115
295597
276938
268498
330758
274032
302722
288978
271644
266179
294594
326445
336408
290894
282805
308829
290523
327655
282255
287586
291784
276969
272217
285710
274320
266519
394214
282276
282893
276649
317738
276578
274603
346836
285399
287185
341693
290568
283293
298530
296046
275050
277449
271752
303955
264569
326606
274147
316157
321645
282115
273024
333183
298188
277612
275524
268791
360172
283227
284584
322035
279166
277749
287185
268729
298122
349529
287113
277092
273284
348786
283111
288383
277247
270489
269270
370415
289032
279010
320439
300535
307411
294006
285490
275081
332916
301823
280485
293188
294714
302919
321857
296681
283814
278419
294490
273450
282808
283004
269857
276931
355191
272383
275014
314469
281493
336004
285749
277924
352271
286616
278399
275835
275032
358160
283601
283029
275944
344737
280845
311493
283018
273787
333180
281756
294103
285100
288578
297354
302308
277192
273623
315791
273956
297728
336504
280887
293398
311499
276224
307430
282763
278643
280945
330179
280206
281435
362145
286892
282429
273175
335338
280464
274947
277945
293710
330621
283351
289897
306332
276704
337491
278978
283346
348759
283711
318485
279757
280900
277835
289390
270600
269056
344200
289783
304494
276316
274292
327864
279508
271680
347259
289602
290984
275976
266383
265972
347843
274890
272728
283486
273295
266331
280415
304885
353727
285182
280694
277132
350840
285907
273728
296717
271889
298114
305752
271375
270238
267076
324912
333200
290058
282243
280843
268983
284740
325354
276197
282812
344873
294590
275481
277632
345782
283650
284328
289416
275543
271085
267524
353051
290908
319256
297485
284287
292201
288534
325256
282037
289913
333886
286669
286665
309584
283858
294522
333656
294548
291918
297120
277456
338839
288789
278927
271954
321518
276498
296526
272872
286488
278512
271859
318638
266742
268945
356292
288285
300060
279116
288185
314621
279784
271245
330376
289998
324007
281976
321054
287634
307815
286425
278311
306776
289807
278381
305305
267650
269086
314030
271388
324057
294588
285890
301616
269397
299626
285990
268654
268476
305901
319351
297914
278140
272165
364286
324329
288838
284046
281737
333004
292859
282930
274096
299111
306403
293805
320206
298063
287316
289290
276254
356263
285929
278924
292205
276082
271610
303900
349005
277471
322319
279426
287240
275775
298730
339428
280712
308678
279007
272173
271559
360592
287592
296109
308312
284407
333243
288561
280141
288412
273315
331347
279941
334637
284532
306570
282954
278631
292051
277045
300390
273699
281165
282929
291768
363486
287904
283888
277105
270541
349940
282615
277316
292063
351520
287826
280084
302954
297305
278765
276461
271794
276284
302637
301606
317838
323992
285044
282458
275999
269261
292076
269485
354808
277824
274802
306647
320512
282294
274741
344033
283088
280275
277102
356451
289419
281292
327169
285140
300197
291260
272613
336808
291352
280922
276693
290132
348307
294626
282903
275250
334895
281331
274404
271608
325965
277455
309606
284081
330557
279021
284179
290712
276277
337845
281227
287726
279606
347345
283558
279012
303723
275975
272040
348570
296162
311902
284552
289859
290721
321987
283928
279734
274939
304112
334609
305071
283929
312917
281377
278199
279389
265835
331456
293073
322691
280851
273632
274056
347290
288823
282126
333894
278421
279505
272217
268657
265357
357516
327129
291762
295482
277077
269685
270791
307241
291377
296968
276445
268868
279169
340350
321848
283502
293464
280185
338344
284931
277416
297630
278627
269025
298533
269401
263857
292661
282247
299755
311334
288667
266202
262982
269122
260935
384809
276548
305077
294490
321580
279965
277388
270255
266879
313171
267016
312478
285884
268822
340151
273213
303939
282540
338418
280359
292842
286542
273823
347344
284238
281744
297317
273290
270991
274468
281600
333690
333790
281831
277686
276356
285871
352413
279834
306771
309496
279615
275692
308465
319804
279439
314679
280580
285749
275461
298344
275062
270603
266446
266546
367515
285135
317017
275739
288006
289091
278195
361084
285696
284776
325311
294828
310093
282914
277243
274410
316282
271748
270970
284702
357108
279503
271648
283844
271611
354992
278761
274286
275147
319909
306818
276220
335766
283253
289335
295617
275255
274893
307597
285078
352181
284768
279601
290111
281927
273979
364029
310464
280845
276075
272388
279871
309981
278970
282470
261151
372095
282098
286299
302502
276744
307059
292919
326456
282548
292321
271702
318861
292455
325728
278910
285645
276489
348686
298688
286930
295451
276595
344696
279628
284380
271630
277977
364301
281689
273131
288318
304177
276549
339353
280986
274257
332405
281028
276669
276717
324832
276859
309168
324262
280573
310136
278151
304797
281792
276551
344093
285485
313112
283476
308811
324039
299391
279475
278289
283918
267616
304470
271454
271496
275963
271539
382172
278868
334161
284387
284269
323857
284169
290451
336032
285327
282392
279457
268902
303331
284649
317354
281089
273949
266229
363976
282401
322810
279476
281507
321922
293371
277320
280112
291364
276576
345491
313251
285616
276425
350682
278024
286708
273554
272551
269607
351334
281016
324870
288625
285312
306674
277510
338802
280323
286049
319897
283010
291641
274578
297112
314858
274365
280026
271140
270706
266744
279787
260830
312921
262050
264999
260345
386287
324266
286821
331241
285910
279859
272094
336121
284571
290590
277864
319918
288776
275352
290356
349529
281983
283856
277521
274039
274454
299669
296801
362785
280282
283729
319944
274170
285936
272892
327199
280616
332064
282136
297187
323456
285301
286445
283437
278526
364131
306543
300355
282226
299302
273945
276769
288911
278788
270670
309970
314125
275037
271422
308450
271635
272962
348535
282162
290273
273166
293347
333598
284296
313510
282987
289582
273170
287392
285627
270161
364532
285799
275676
302735
284797
304580
271015
274745
266183
262368
280111
306252
272158
396740
287189
287953
279044
269772
268363
326049
281865
269730
308267
331782
284897
275937
274346
271750
269577
266116
257720
309723
361054
274553
275104
298831
277232
268436
327159
272515
282722
272500
293944
279734
362510
282156
275543
271961
270472
289604
267370
390985
284143
278078
273478
344509
283851
285397
291000
271898
270274
349214
276890
337665
280741
292087
323226
288943
312585
289496
276177
277582
271214
268833
266251
260697
292205
405090
283658
277260
270010
359090
290120
280110
328663
303138
276516
305626
272801
270001
268572
271322
340169
273800
306973
270703
357365
281403
275780
269724
280246
266409
266683
378726
324183
281533
284569
276149
301904
275319
349995
287422
293523
280844
270100
302396
267724
345630
277781
292779
326138
286474
279890
274661
316872
276528
289927
277979
365098
289689
294382
274949
337708
279535
281795
305335
273144
302594
271880
312179
278188
289187
269969
359459
280803
285490
329192
283370
301469
290793
323768
276343
300287
324910
280064
308848
278614
288841
276229
294648
291704
289252
268012
334580
271592
273335
320700
286708
301912
273477
346863
287742
281176
334213
286867
313873
284235
274595
335731
286143
272793
279281
349529
280344
287023
306905
274794
279312
269429
361490
285400
276820
275859
370758
281029
281931
320915
277616
273780
273614
316229
273833
281644
302773
272504
268911
261430
260467
319468
352715
284581
281798
351302
282520
280049
277071
273590
350024
278441
279276
319141
294180
294582
278426
336548
302080
279797
324725
284937
283419
323623
283535
330640
282111
296019
305308
281341
282294
284665
349198
280642
282696
329295
290840
275243
286645
285626
272374
284298
268185
261951
353516
292806
273027
270886
268584
322575
273392
269167
292168
360044
299875
278478
271886
274942
330125
275442
276051
350212
283704
325465
279460
276498
313488
320861
286060
282637
276569
354265
298866
282439
276276
335409
288469
276346
269498
349728
288651
290266
277636
320184
299302
275602
334973
307270
298878
283916
375644
294075
320854
284321
325079
292287
299179
303769
299053
287093
273651
278676
367878
291176
310250
315651
280101
314926
303401
285654
313900
284251
290848
270707
279335
306340
315117
279352
287547
278122
349307
301005
280467
337853
283090
280053
272321
271629
348418
284126
338219
305448
281048
277583
306932
276877
272252
321683
292077
288876
269993
312411
333952
278827
281809
279291
337111
280537
282273
338292
288173
310893
281089
282524
339189
284186
281123
304527
287354
321357
280594
276205
338079
279508
278288
307293
313934
284801
354152
288241
290799
313667
285407
282285
290471
302620
275870
347292
285983
276797
295914
293247
277840
267410
353403
274671
275889
315305
276276
273036
299955
351095
284834
307829
279352
279732
318627
275238
336354
284692
279751
279719
301178
271418
344681
282764
333971
284573
312825
285972
280822
339025
282230
289549
285622
352110
319160
290566
290919
282706
343163
286656
284415
275871
274510
297182
352802
291847
282986
349859
289100
280221
275347
273392
350746
282069
294880
289095
287672
332579
284639
281442
315786
283011
275522
278188
270904
290031
355482
282681
277514
348117
285592
279177
321910
301000
291031
274555
323183
284107
273230
270775
268017
325803
285896
297076
318340
289110
271289
344185
295983
291998
278034
272950
314599
274378
346604
312374
284676
281787
274839
334763
280342
287471
275003
344657
284031
282422
282547
352705
290504
282247
336157
282922
279005
335990
283162
284313
272827
303784
323351
322293
285919
314500
282785
276800
276670
269630
276870
264141
322817
284259
295028
274589
282349
315959
344770
289958
283029
298539
284461
313127
273441
309883
273708
274619
354208
312474
293599
282535
296862
276013
288199
271270
341155
282773
323315
290969
284592
308008
275191
271737
299706
308603
274373
334230
291854
290686
274809
274663
270560
269194
265537
347517
275596
296302
266307
316803
275888
272520
266630
289703
339943
300777
283947
285543
274760
269188
360473
278768
325624
281796
282119
289880
336690
310177
282819
281714
275268
273312
294832
266922
292316
295598
267572
307388
270223
335394
276073
270460
327367
284600
277122
284879
268976
280391
341004
326707
283057
281407
365700
311108
295388
284571
281861
274481
336983
281339
276078
288292
346431
277371
282823
276253
334751
281635
276873
334747
292208
278043
274748
320608
294304
274881
333773
303652
289372
285815
312015
326017
284336
282273
326264
283197
322691
296530
295832
282653
273732
320590
277005
273500
268442
345560
287108
338481
279117
272695
303993
298887
291978
274713
351945
285946
289525
275514
306909
322785
282243
295753
273163
274731
281350
326147
284992
268781
265263
328083
276497
317757
276566
316742
290143
276956
313963
321227
280005
281092
275933
291390
349389
295147
284596
337023
285819
280313
293350
271253
275939
270822
340296
290681
304778
322569
288383
296537
278767
273988
283804
293821
267876
265980
356962
276932
274967
318547
323540
303371
292520
275937
334333
287987
282857
276154
276307
347374
281910
304179
274438
276922
285810
348753
288116
277929
336748
284028
295599
293449
279992
269529
342370
281748
331978
284978
283279
330754
318103
284729
282401
289200
309328
304775
280875
270667
356372
285304
283727
275945
299608
275038
285284
349061
298843
295449
280429
275494
265583
285634
300500
268690
363312
282811
284026
274681
320897
276450
274374
272849
267842
266653
259016
294054
296820
374574
296996
274651
276507
316187
279387
320294
283240
275810
275151
363616
277395
275708
307313
327080
305226
290642
272295
279333
357184
279514
315446
281270
276693
278438
334744
275770
272986
267524
338857
278076
277768
357656
281901
292421
271838
271178
360851
284184
281017
320319
278435
275089
289614
351390
279969
282009
330385
282531
284264
276792
351979
283307
280343
308684
277615
347979
281079
284594
280812
268549
282758
345040
318146
286619
293055
280841
300961
279438
268793
299199
354294
281476
279043
283166
330576
309530
277377
281476
271818
272295
342122
274984
285625
273731
316913
270355
287690
274331
342805
305453
276962
291439
337474
288392
276296
274569
269283
270858
346528
303867
291906
305518
323417
280386
278301
272507
351875
287217
286859
330219
278958
277778
281128
292129
291171
271291
270574
307161
363669
286077
272809
319514
287303
290680
273549
269759
274979
306000
313606
277046
270156
361518
286441
276821
273063
269237
322763
277056
313592
304473
275406
287208
276816
270852
269976
305799
358875
279223
291813
273852
275565
269508
341753
278623
292003
320111
274302
304229
274072
340985
284969
326172
291167
285311
288209
275608
268723
315619
288362
271966
283479
345550
277572
273480
364545
287962
279541
299126
285786
274067
292680
269901
360672
282331
275651
272641
267530
264721
267429
404217
285160
274482
335604
286042
276210
288305
273428
303105
316153
276871
267280
310195
290806
276109
300575
274526
317749
284948
287737
346405
283960
278205
293946
288974
296492
278663
335831
275552
273597
285855
269431
278580
292499
362559
279785
294140
275651
303857
276158
267385
266299
326837
276552
344962
293462
276135
302777
324924
283430
280639
321149
279333
276352
284210
270427
313762
275266
350256
287294
282279
308168
278017
284154
286667
270650
267712
263668
347183
303653
324801
282716
295901
276252
348527
290656
283943
279203
301883
273775
274802
284338
264110
340050
275376
266374
308070
270640
274233
308494
369338
284437
280567
274577
321158
273477
290634
270398
271138
363670
316977
280092
279280
277116
268317
268407
376917
301776
289738
276398
272598
268216
363152
286285
278613
274710
348819
310012
283720
272303
283128
274862
367192
287619
311871
279453
291439
317478
277392
281178
335446
281691
279105
279832
273295
295110
270083
271230
275580
354704
308138
280720
280892
274321
307807
317945
271009
275479
272990
290420
266860
341487
307705
293010
287523
275542
270359
304517
317921
325820
284940
295722
335453
281526
297639
282143
276240
272946
270197
265430
338481
344888
284090
280218
284202
312871
271382
287677
305139
283582
333212
281469
274213
332676
282348
286855
274032
272375
303975
346861
282091
277447
324113
284390
280069
275414
268971
288758
265037
355310
272567
287762
318917
276090
334705
302958
313013
288134
293957
290258
298986
323685
285290
281394
282477
282910
300597
272058
272987
305954
302166
284944
362754
302274
290308
282119
274759
270263
273744
280435
276124
270362
263576
334036
344924
276405
290521
345503
291699
286830
284007
275336
296417
318764
298317
321442
285134
310904
284399
275239
276107
331588
274028
337457
296728
282563
276755
276061
320404
276842
292051
313120
318626
280747
276941
275112
279533
274780
333999
291070
268796
301331
334376
278305
275779
304788
280610
274447
365113
298560
284036
281465
272413
269353
268122
356208
283362
285029
355270
297761
287327
279590
278710
333351
290536
325547
295092
280224
272493
274214
280493
333737
279361
338362
282314
310771
277732
304965
296543
276135
337111
279796
279066
275485
376895
278893
273977
293869
308079
326447
284375
281355
276635
280176
327749
327225
284142
278000
276693
277034
315959
340822
320200
301841
283250
292955
285978
275954
346372
283419
284903
289765
319306
275094
272520
325034
277140
276639
349523
316883
313287
281961
323538
285556
282444
305786
327105
279921
280000
306468
290908
310418
275165
304965
276498
304736
279573
286955
332526
294629
275404
303401
274368
271392
303158
268390
311868
351488
302071
283410
297805
276991
275614
270914
278727
263996
374208
323292
274244
289888
277325
265513
267473
298853
273182
309271
295816
362204
285690
279281
281079
337233
291282
286806
296142
335164
278927
279355
275177
284021
270641
313294
287679
315387
318381
284748
275993
335211
286795
280662
325327
297779
322929
281233
282452
278135
271162
357971
284424
279964
288520
334489
291912
280424
321711
285261
295064
281503
289978
358421
281407
284757
274774
303185
284325
271469
273287
289957
379757
283287
284626
320618
281203
281696
284007
288999
274329
302475
264401
263890
328862
362026
279920
289022
285660
335280
281344
276064
276244
321415
305816
279463
338542
315405
302822
281308
280913
274464
268618
346181
313753
280875
289395
275990
318339
277755
285779
275624
272885
266621
266477
283789
309996
265958
370226
277675
304439
276053
270701
275473
356443
294443
291593
282380
336492
289346
285965
303158
278504
305007
336331
282096
280883
273079
286769
351033
283318
275674
296329
276442
284887
274822
267424
266787
307224
361934
284613
293217
277423
349589
280913
279843
322832
280442
324891
281217
315280
276826
278760
349319
285931
282501
325399
284443
277184
283057
283969
288152
285649
271223
280378
278895
286806
265285
273371
310055
268933
372893
313255
280059
276623
276660
272644
313664
269592
339478
277895
271603
349723
281012
280148
280949
342890
278008
272965
348362
285176
278706
274630
336798
310260
286169
282794
337983
279313
322485
282407
285498
297903
336378
280260
275511
271580
276576
346350
280962
278969
323337
290532
276748
274325
268457
266746
324570
267183
267974
358789
298588
324593
284890
276250
308332
293413
293757
277678
293345
349349
282764
280490
270552
271646
269280
269598
358475
272683
335932
282684
295326
285716
304151
290371
277560
330092
277329
375160
289366
298987
282463
278071
273684
275602
335638
278458
282014
298276
269340
344880
278807
275619
341166
299139
283215
283664
272791
265060
319886
323601
297033
276003
278648
317220
310195
334125
281348
274154
348350
291605
286211
277849
287988
317465
277960
278106
352394
298685
284496
276065
288159
280096
321111
323086
282338
281928
305515
322321
299758
280888
292592
308333
276602
289758
276721
269559
273126
268757
315029
279195
293063
271202
267507
261310
321456
296530
267182
265284
308996
369288
280589
280199
278988
338280
280316
277861
277638
363715
287785
280000
275372
319329
272937
276013
318295
321581
297877
283687
275162
286993
275306
348882
301211
279373
276062
305063
276849
284890
319145
320483
294047
284649
290138
277643
355379
281291
275066
301432
319568
281849
285061
274905
277717
280829
267501
277586
325796
273982
332783
275850
272454
298648
360431
280431
284565
275131
271835
294055
352107
280589
285899
284811
271617
267708
262700
269067
267258
289431
260698
256353
383281
283018
264635
312031
271910
281039
328573
294029
277071
282974
296985
270181
359249
285906
285186
319897
277801
282599
290090
329154
285555
326164
283645
275587
276497
348106
281774
295288
280016
337850
285215
274707
283787
268339
278725
267216
381316
273211
334525
279721
314007
278923
283727
271468
280398
331375
277396
300708
290899
276388
322486
294122
272436
354240
281398
310978
286029
272063
275982
270447
326930
288810
282726
268646
270828
355971
288989
322040
281749
274258
277143
292995
272620
359652
307790
280082
295763
275565
304840
292628
275309
326035
280489
277197
319595
272956
320368
277578
300076
300054
285295
279794
347466
281872
279465
333063
296963
283670
275272
272240
314355
273215
303854
280476
267026
336408
278479
330814
280839
272843
349928
282884
283416
290655
287956
271322
272013
353986
288264
271700
269203
347579
281094
306672
292458
290501
323302
277799
293886
279144
273175
296443
364134
280516
305714
282495
320711
280053
283130
305228
277197
294281
266095
268146
262916
308061
270105
296445
329826
273890
302352
348955
287218
283985
274354
273893
269134
343609
277808
325672
294567
279747
310593
272835
341056
291939
283044
287265
352056
280772
279889
271796
345600
298231
278468
273212
296491
269379
337934
281293
319352
285290
272151
275227
287739
299369
338042
277089
276414
337591
280375
284141
278833
361629
289086
278798
291583
274788
321826
282016
277841
287231
370530
300056
295737
285009
278410
335967
282597
283479
320777
289752
271291
309021
277828
288211
272082
331238
285027
274337
300846
288409
350743
281886
284049
274412
320551
289868
288684
289509
280825
266592
354230
280055
279397
270088
277362
352169
277748
274857
315687
323083
284653
284745
305814
276717
331715
274990
275071
350681
280435
281338
295385
274572
294535
270562
293793
354282
285346
322886
302145
283697
294078
292302
277492
349999
282620
283979
293180
275912
294725
352851
322212
285163
280783
307823
276247
286935
277083
269875
313584
286497
344264
284374
324371
284774
285681
323096
283020
287650
333668
281047
284194
289351
297059
280819
265089
270789
268954
310012
267304
328575
335232
297373
281174
334494
283144
278846
274579
273534
313882
289128
287201
346584
284962
277621
305830
276202
306508
279801
284511
338376
284832
278181
272848
288352
273891
360532
285590
289442
340001
301447
286259
276491
275660
287166
318340
323788
296559
279605
306202
278830
344111
283476
316557
297824
331816
285078
291570
363352
287528
288574
314260
334605
293720
316178
286519
277201
288082
355998
282412
346826
290079
326399
292007
332849
294929
289644
285150
296629
272736
269518
398696
294334
283789
312984
285745
280670
271425
349903
296868
284773
293301
339984
281706
280087
276104
270613
266275
371348
277133
353803
301417
292515
285736
277115
336662
290875
310173
280738
278042
277375
353116
288549
283672
293977
346879
291620
313174
284296
285467
276898
269339
361778
303967
285918
291196
293437
281574
371897
290622
304044
282586
344210
286041
278012
273887
277856
287202
354996
286864
288817
319574
280708
296969
272891
334092
283689
275211
341872
302399
277213
343042
293627
280419
313819
313223
292996
278722
292755
364728
290321
290148
280115
281675
336628
283007
279084
335447
310139
286833
279630
271265
271584
349673
279698
273338
347491
279683
280467
277325
320903
277946
279254
329765
294250
298562
277764
314585
273895
275154
353198
283937
284658
286666
271544
266545
348561
271652
341417
278118
279471
307884
322535
297596
328719
280186
294998
321510
283434
283969
285022
320677
283109
306179
276711
280413
270218
264727
261456
386733
279573
277057
270047
309970
332384
286203
278842
305256
319145
278226
335927
281504
275296
273282
273651
269887
286515
293927
355626
280781
270632
350183
282965
284751
294465
280887
269462
315718
278402
289042
320372
305658
282463
275349
313962
277949
298738
280637
285902
325799
276948
287527
285828
383430
282787
278157
321731
310270
282012
278991
289075
277377
359584
282782
279134
275095
278936
348885
280519
279566
280027
309900
334022
281084
278389
278379
270029
282840
265735
372157
284797
276464
271264
268795
292592
333077
277063
275965
293789
270118
359979
280805
274344
312299
273429
271458
267715
289474
265286
354109
328716
280577
286038
276582
265022
270101
299355
281073
320865
275465
345543
280194
323735
286258
297599
293684
295361
275979
271006
332967
307533
281948
272563
295614
282483
269548
347387
313125
283722
282447
305812
275221
298727
271675
286514
266431
270269
265235
354707
281624
284862
282790
280954
269877
271330
309847
364236
287900
293089
323330
284016
279362
321288
277394
273226
272638
269276
309964
319234
305428
275817
275718
300981
272921
307501
275520
347116
303867
282009
322002
284608
280442
279165
272731
297019
317616
322074
279284
270646
334426
307987
289190
282751
286640
324212
301376
275654
318149
280783
270837
295416
271679
313067
278386
322015
276720
353621
280872
277717
332773
279654
283594
293556
285980
273707
311188
331968
281325
286306
275717
275042
281035
339330
282978
341388
279148
276646
279349
353704
281454
295854
327836
283621
276732
336031
279885
282198
270199
340572
288074
277465
278530
335428
297396
279543
281090
281438
284556
359337
307665
282728
295102
277901
275618
346887
282107
281550
273720
279484
348179
282493
282666
274406
303519
300570
280795
264895
329403
278559
271069
318079
280937
268347
295513
303346
267702
343579
281744
317181
285009
277847
330824
294328
278920
274913
273874
281393
362660
285057
285613
274264
281382
303751
265771
329092
327277
281619
277247
277277
317027
277945
280316
284608
353441
285257
278436
276748
348820
292910
309154
278376
276566
279676
267997
363755
281382
281082
286949
303805
299511
277629
274957
283914
272643
292430
314565
345897
284426
284467
274728
270174
274245
264132
272890
258563
300925
268850
284639
406294
302316
274873
274231
323697
282615
273073
267946
265471
375078
314321
291161
277900
277236
347129
330573
288310
280017
276778
279001
274637
263050
333938
347512
284345
285267
282515
269495
273948
323019
347170
332384
292296
284243
275686
336750
284007
284284
328035
287121
288679
304846
276025
280081
295803
272106
272923
268930
375712
277451
270995
269152
345855
284912
273646
349859
304717
282396
282716
325214
286937
272080
272645
318482
274650
281070
271532
354812
284450
276006
287680
350139
311429
288013
282996
279212
294356
352166
290908
292528
277732
309945
280936
336134
282232
277400
338511
310571
283498
308770
277006
272907
276479
347858
280748
278621
273928
318440
301383
274346
277192
282498
266366
330206
279904
342323
278294
278884
273300
335957
282686
276345
315001
295098
295758
293120
325193
285167
295145
275738
275508
275041
263295
357829
281278
334171
283141
279424
276753
270222
364791
285384
324070
284008
288206
275515
281545
364270
303792
298073
279337
283190
277844
283137
325449
324784
289117
311514
279943
273275
304766
281248
273333
332634
286227
287961
305907
335448
280890
311864
284036
275645
338730
280961
291591
273924
335882
281064
314140
285149
274619
275404
271647
367619
276049
271673
334073
280878
321833
284210
276583
291227
317465
327389
290925
283255
274375
267939
272951
320878
276833
351503
303553
287034
309466
281398
282503
270393
316035
304736
277128
348827
278482
288518
289093
276117
290921
331854
272920
272234
267333
329281
280216
268062
275349
303134
282009
343055
329988
285160
276304
274988
351181
304165
278332
282603
287124
273405
267006
303523
262947
340575
280258
324858
286411
290669
272173
331809
290500
278904
350479
284353
280717
273910
294052
276538
265350
324819
276639
372381
287044
311226
284623
325592
282810
277896
293729
285590
283410
316738
275044
273545
349199
286717
279707
311345
277806
301469
287153
266910
264125
369272
287094
325150
281917
296205
275502
338045
285790
279510
302287
326931
277304
280871
286125
320111
321463
282284
278181
275722
272680
364011
280332
282793
324858
284873
279120
273358
349904
280365
283988
302794
272546
274810
269712
260752
305897
332763
280065
271466
312204
288317
305493
274359
275569
282610
319067
304044
284066
277598
287303
324763
273282
270949
267713
267101
270116
289543
277706
261213
270453
278422
270297
278020
401899
294586
275688
288981
272425
270137
358320
327235
280760
272834
289033
315228
278408
334994
278224
278025
338451
282131
315127
286338
275944
311682
272927
279467
352332
282880
322270
319633
281934
281452
334921
277502
275272
339488
299443
296800
318857
287231
273460
307218
276112
273817
300367
338145
278848
274714
274696
346073
283127
283888
322637
280369
315659
279313
278216
333272
286344
277728
280164
344206
281855
294928
274827
268193
328304
270105
303734
275500
337396
280997
295688
277649
337376
279843
278009
282249
350213
282713
295289
272226
272617
355307
280442
279695
280898
267730
328818
275526
342209
285988
277376
276737
289423
351407
286720
284744
273094
333256
307831
284102
288192
271763
267873
364234
345956
286709
280938
276047
291890
277486
303449
278008
268034
380839
315012
282396
293460
279988
328743
281247
275727
320808
291800
324081
281823
277140
308943
280150
276420
357316
286231
291718
308345
300156
323865
297767
280558
281031
273990
273530
335184
308539
282149
274699
287930
268283
267915
357883
296671
294252
276722
284475
269138
299150
267370
364172
280251
280548
273632
270225
283316
288742
265502
342832
276492
284812
312060
273982
317237
275228
336301
279855
277174
276052
297350
269020
346797
282870
325070
281245
276777
272984
290827
279145
364534
297271
298150
287800
292464
292660
277425
286299
350846
279041
325619
286210
282405
275173
273019
361668
282534
290724
282352
274051
266932
323683
271911
275154
312993
320426
282028
278876
269707
267224
365009
301601
303258
282578
293451
273961
269931
267531
338527
274342
335025
282416
278560
277938
350981
286413
278988
284147
351283
291618
286042
292434
333246
286605
275595
339230
279411
283723
323546
288111
288747
279385
348628
297818
283775
276093
278843
289425
307936
286336
299177
272886
300160
266571
331764
324787
289792
282121
273981
271866
282267
309552
273911
317977
272890
364567
283850
282826
323585
286324
279781
271541
272457
279866
355291
288321
325495
300374
284883
287641
305633
332889
290020
283418
308498
271318
269898
269736
273144
316981
368868
294171
278840
322854
281052
281231
322574
284340
302908
285786
272914
317581
277244
293831
319800
276555
273002
277107
363460
282672
280612
278117
289939
347598
301733
289817
310110
284926
273899
277976
267480
343515
274329
270849
286646
259507
370972
290048
322763
287993
277593
274965
279400
282309
334512
277135
273490
295377
275012
344413
278469
318697
281092
319672
278626
291704
285818
277888
315114
324200
276580
273588
273925
347241
311466
290466
280602
269556
326956
325339
278902
295102
290819
274562
270192
367169
281292
280209
273062
321074
280707
352525
285864
286296
279086
269579
268675
289217
295593
316898
302528
320289
279299
278544
274592
314445
282552
273737
280573
286101
372704
286551
287433
280254
286617
273880
278033
357455
281004
297833
273425
275390
275472
336808
289565
308537
296554
274508
274809
271101
356313
287395
339484
286749
284446
275228
349592
284475
280149
300272
281228
336658
289559
276248
274809
271886
275349
323382
278942
272557
359976
285655
273745
311759
292760
277910
351160
314741
278902
276109
318414
278443
274711
273999
275664
352244
281455
274440
270812
269592
354723
282249
291587
334032
279828
275890
286373
277510
267372
265850
313001
280861
366665
282848
295630
275118
339488
299578
282879
290403
279083
291546
266545
368483
303156
277347
277229
318377
295176
278017
272546
351173
284756
277346
277397
368194
304115
280742
277774
271199
351495
285056
277589
312344
278440
277330
352313
280562
288244
273759
334649
293432
276208
274368
268794
329080
298350
277969
269419
392142
292558
286137
279255
275622
355549
302019
285008
295233
305777
279079
275310
265039
275149
329100
271033
280493
268258
278777
295278
279720
305534
299311
270303
276856
261855
279988
279489
256084
392270
326139
282933
307542
275608
286052
274051
265855
281419
344780
280443
313051
280348
275099
347153
295475
281604
279488
339222
310191
279080
280584
270904
268060
272184
273300
321773
318312
280325
304031
289408
278911
289277
268924
314358
296513
273027
320108
283992
330118
278184
302993
317962
290348
279800
276361
291441
325290
314149
288445
276536
319447
288111
327555
286186
329539
301406
282332
272545
315104
288559
277751
269683
360272
290003
291651
272891
285985
289232
270275
266756
265461
269520
409274
283293
278733
332213
279286
277267
275744
283700
301420
272044
300075
318417
326655
282680
300716
279436
276495
268735
271406
265633
278086
265412
304609
271225
377342
318028
284664
330431
295075
311257
288821
278721
323928
293780
285278
294346
286362
318615
279255
275529
266275
316024
279449
281067
367555
284159
321630
285837
280536
323029
279188
331325
295294
280744
296489
272232
336512
278985
276194
334896
290441
279816
302271
279749
272529
349297
280866
280726
335480
281389
273433
275895
347253
278290
277934
273889
380441
300978
277583
280256
270109
335217
285808
275387
299357
307402
276439
271397
275998
294148
299342
331350
292978
325203
279486
280232
317096
281704
275517
272906
327959
282854
349442
280686
283190
321223
285287
280351
351826
284898
280068
295971
279213
271125
278987
358490
326871
286302
280064
291718
280253
322285
328082
279365
320700
283772
276949
271671
274319
266748
267334
259080
307357
264478
265366
283677
277086
291891
264594
383667
337767
284026
280499
336873
283716
284122
281070
272526
285462
292779
313348
274340
269109
347049
289165
336300
297536
280363
322988
284622
284933
279352
271765
272712
358723
274121
271521
272005
349456
275221
274874
288395
314003
273130
274085
281203
270347
272534
315593
267832
332161
273301
362215
288359
310467
286008
278856
277798
293563
348142
281393
323316
286134
283451
279028
269663
329347
272462
287200
289832
345210
299589
285774
320456
295343
310574
304822
291874
276594
332692
286672
283531
304345
272659
345507
287238
279472
294450
275480
284077
279416
267798
263511
263820
365330
275234
311882
281917
290149
269826
271140
267515
283004
289815
353021
277019
276594
358823
284503
282743
273227
338849
281852
276313
284889
347132
284606
282278
295350
278762
287681
286714
369138
285732
281917
280225
344360
287974
287921
272078
312197
308267
277649
277605
301480
310890
276806
270933
295259
343323
319734
284904
279430
295925
276631
348354
302404
279306
326645
288358
277428
276424
273665
328476
301093
293094
307696
283184
286516
336624
304254
284168
302690
274771
306183
275266
275625
270103
269995
321888
312753
275208
285444
267328
269748
261712
262880
367938
335295
284353
275729
277432
346197
282732
278240
272493
295858
286867
288599
271561
327314
288728
277617
268836
362152
296174
294934
277830
284196
278388
346538
299740
311932
279730
276802
280199
289321
348476
306165
287208
274044
280003
274541
274497
332611
291611
274128
286816
269522
265446
323596
286258
270211
348832
279178
294255
279425
347374
284521
309150
281368
279465
271975
282357
268508
323768
281516
352285
285953
281144
333000
291316
278730
327322
277877
272312
271846
319715
323018
292201
279163
306859
278223
278257
301639
271031
278298
363557
287000
311731
284086
321704
282524
314354
286879
289048
276128
288080
268231
287958
359991
286198
274222
286017
347461
279376
277082
304215
275341
284714
276296
299586
312432
277791
347404
282701
287546
323756
282313
290833
274361
267746
268538
262381
285976
277170
369334
300338
320501
280348
279461
288919
305899
277884
275062
271282
280085
373525
284442
276757
266047
272799
272554
354730
340650
281897
277321
275712
329897
278039
294028
325985
295552
284325
273060
330274
282220
278463
336984
278056
292982
272215
347506
283025
283368
274250
337309
295948
290664
321621
283037
282993
277472
285298
268570
268906
306612
269324
370589
284490
275587
335099
282624
285498
289690
338235
278911
275080
305429
296244
275601
301895
283636
318631
280406
276216
271983
363139
284161
325571
297286
281111
324384
287691
277987
335998
291893
285191
290132
275088
344690
283182
295471
275574
278717
278222
367032
278455
294099
274767
275138
347560
279102
276167
281633
272234
269748
343658
276365
270040
268643
330073
354203
287322
281200
274528
273236
269793
296103
267926
396392
283351
310191
300726
281656
274000
273074
269680
312715
296036
346792
280750
279523
274369
348324
290199
280897
299053
272233
318313
279804
270212
269324
281512
273244
262387
308127
275145
358520
297394
291658
324422
281258
278098
287821
345006
279606
279510
280622
346302
283267
282795
275584
292081
286439
274071
264757
344343
275658
282503
344665
298261
327803
285141
285844
275511
272560
315030
307523
283694
318128
287630
295474
278719
271460
315920
275581
331084
289132
270578
270959
311096
305355
324955
300729
298322
300755
278296
302691
278149
335443
279747
274551
276713
299564
315999
275376
281188
265872
295641
345299
280580
279860
286719
317523
275930
271077
270235
363367
293461
310657
284025
296108
277566
271427
270411
261326
278851
268199
256910
272985
371138
266237
342000
279321
280472
330982
281612
290463
322651
279730
276140
347169
288451
277710
276082
272641
275776
320825
276647
366058
294032
282962
280651
303146
299999
323103
282349
282000
302995
276718
271404
333532
280479
283070
270056
273209
374929
288710
295408
297993
281496
276597
284468
305214
267713
330211
277571
283924
269602
362471
305289
298246
281033
293148
276292
266996
342932
288396
346868
292654
283760
277046
273663
272223
331800
275920
299091
367026
288336
283063
284722
274135
267473
273166
361951
274559
275587
314972
293209
278207
333839
280196
278134
300092
334342
280077
276431
334700
282546
309789
278642
278935
288736
345661
280695
282950
294307
294724
310151
278507
354841
278874
277663
278968
273136
282643
285387
268951
268103
291722
362036
294848
278344
267415
268176
314452
285877
270047
296034
265823
307955
333399
277288
288764
335530
279861
295909
276661
282765
264701
361113
284573
294079
280970
278224
301613
353047
286506
283830
286849
277939
296687
346899
276443
287803
275086
349578
288836
282911
293445
276620
270612
358629
278800
274594
280350
305315
276438
273275
345592
293170
274687
277109
300222
337801
280263
283060
302044
291061
281565
347859
281702
274533
271779
274830
337978
291095
316918
281310
316871
284001
278163
303449
321782
283648
290429
277711
286451
270353
271823
262095
276460
340403
280385
269821
374153
305773
283363
277711
273414
270922
334032
340224
280187
285415
324721
312101
285256
284938
295671
307692
308428
275422
277459
333186
283742
282749
270386
347734
299349
276524
285978
329175
277422
275216
333695
288495
303880
277913
273178
274056
305552
276338
334155
273423
286547
276030
286069
294949
363555
284824
279514
274595
320064
291180
285682
272397
267483
298718
351435
283991
285683
334123
296338
288934
275358
273648
325950
310022
284855
279096
344537
300726
281442
275970
313970
293402
275259
342390
278365
284135
288860
292368
289719
298953
278138
270021
356799
299652
283364
325617
311608
282716
280450
274099
346525
291029
278764
279238
340415
281460
279481
271659
272576
266880
353370
320273
287758
319157
282760
280656
275895
331034
280501
300484
276770
275055
269578
358386
279307
280016
276896
349805
297248
283296
337816
286368
279827
303871
286714
291768
282581
268346
364575
285027
279105
274498
270156
302528
347450
306606
279020
291497
288989
325754
283285
272668
278996
349274
300132
277944
339077
293250
286516
322085
282691
279712
275856
285830
269997
341757
290353
325242
282684
278788
280513
304041
350917
306967
281170
275983
306961
323690
280183
280809
318992
276879
273900
271878
359333
279343
276575
277874
373522
282382
286123
276889
272612
272537
291283
327530
281907
275426
351105
282386
277011
336510
282004
294760
279682
338873
280143
271069
337543
278346
286177
272338
270881
312821
348880
283619
278770
321304
280197
275661
278022
324264
334750
281136
276733
278093
272518
302306
267412
271673
304764
265445
292618
352189
280379
276815
359877
290305
282634
302265
273991
275748
269132
278141
266973
279094
261746
316223
400981
287853
285971
274599
302594
276351
287651
347557
308310
292367
312822
281875
280808
335748
281899
284756
277113
279494
369364
293589
287565
314074
280844
275630
350897
300556
280014
323567
279164
279777
307792
275956
332748
283552
324160
283079
278224
275440
348366
285300
278338
275602
325147
289899
307470
279540
272453
267019
343311
274989
277278
349308
326077
284458
288428
271722
348011
279318
283198
275807
277691
272077
285633
329271
336079
284391
277585
273850
278284
293131
270969
267215
326799
277148
343007
276335
298275
282749
284368
313727
274811
339041
282131
281822
276506
269231
311812
268077
297555
269743
261632
383183
282055
282627
283805
274843
351575
283429
277980
272981
283686
346280
301023
296774
293947
275311
275532
267318
265978
356086
280234
287860
314894
329882
280476
283077
279694
270317
300855
282212
281648
331089
275374
268761
268192
264585
268533
379702
285564
284669
267452
269439
319799
329116
287217
287382
274748
273346
280412
341601
271649
340918
282497
281000
313036
275503
277626
368348
285331
282202
275340
266736
315852
273887
277261
287616
272358
259039
268992
396178
277646
271537
321503
289336
304984
279446
347004
294621
302701
281643
276843
273092
284906
271967
307627
302477
283266
341699
283035
288325
290754
288002
300765
275476
362648
292566
282717
272561
275222
284554
269866
309433
329875
326747
284118
285043
295182
288269
287212
279251
268171
267918
361355
271666
324517
279803
336280
298642
283114
273684
272221
271060
268732
266093
357746
340236
292370
300445
283735
279841
273076
270306
272097
322838
323490
279009
284692
353388
286088
278914
291033
286753
320541
294517
281409
289092
278048
319794
325702
279868
292364
274338
322099
295410
325064
285810
272651
272520
378034
280219
276227
334399
287178
279398
327992
284844
286989
358135
286128
280820
282312
272600
269324
267911
273449
275599
371002
306872
282331
273567
271674
303215
318918
353391
286726
283506
309962
280005
320006
279832
278553
288631
334734
278802
296663
279077
277081
266173
263302
273065
263571
275843
256335
270258
250980
404400
319113
288412
275469
266367
314802
351259
284856
287445
272903
270146
279157
282805
356239
284560
291433
292498
272638
333906
296164
328300
283751
280931
275988
318817
276864
275591
288368
287000
270245
267316
259395
263739
377157
276576
350728
284269
295900
277224
301629
278370
347384
282168
283354
273337
285123
370394
285829
283992
279436
276166
288032
284199
267570
377377
316757
280055
284635
279568
316302
322051
282554
276062
317782
282641
276590
274274
315939
276037
269706
330373
275984
288200
271546
264590
356845
284445
288228
275581
349714
280828
293571
273683
269552
283190
299291
349394
286553
282370
336706
288263
275968
279320
319235
276823
302222
275397
336389
295480
278399
275712
276177
316063
325605
281091
275031
283737
343012
281967
289585
322889
284199
278558
304799
272483
364484
289261
314898
278253
287833
279196
270677
359856
281669
285551
309348
280236
282188
306029
303301
284453
273441
354162
292842
275369
335280
288203
287226
274213
276399
270874
339270
308414
288854
323299
282936
277738
331291
284948
303789
278840
320884
286363
281649
339313
279804
285112
273844
279986
342896
280879
293888
324072
298314
300931
284068
271116
275395
349968
281261
278851
273569
323034
289574
304693
275196
337410
283317
280808
280622
272095
279001
365301
293626
283022
279483
346187
306450
279264
276150
284350
275138
268496
280304
277487
310007
312729
285875
277027
274265
344228
282787
275664
294046
323873
341498
312752
304345
306901
318953
282370
296147
286398
285052
271286
297264
280911
357128
283494
292358
277177
291946
270974
279082
266390
377386
301083
280927
277968
336782
300950
310452
306015
294729
276390
317087
280879
280886
289476
282042
276104
267972
267246
278412
266556
373394
322823
284306
289974
339773
302731
280320
282692
323290
279808
293702
337770
312142
286912
280899
279958
277147
299779
277808
352584
275346
335730
285964
281651
309023
278053
269840
352761
288281
292733
308057
283146
272964
350527
281319
279555
270984
287373
307562
304651
334471
283307
280528
275214
271550
353119
283304
294259
374069
294921
312835
286366
282023
291350
333405
306391
286399
297815
321672
297278
279497
281878
279442
348785
284642
284764
281714
336981
319688
303487
285241
281036
296229
322839
279511
292282
274286
349771
283282
312539
285666
273453
285161
270348
329478
287022
268006
282802
363727
300024
305044
284879
277738
292847
351875
290375
283334
281067
274216
317373
273019
337755
289243
279407
277524
351898
285229
285117
273410
273954
318736
282071
268368
331931
272520
273386
353455
288328
276149
279477
359822
279453
279931
289475
322707
281880
302233
307418
283129
287112
321319
313107
283978
279663
279004
270408
347098
282198
289856
273383
302773
304756
321628
289876
275360
278571
273154
327244
332600
282834
273664
274471
271671
318928
270722
317653
307866
300138
273366
288270
272664
349691
276821
277343
290348
277254
300068
317664
310233
278130
304586
283677
275595
286945
275636
354800
319591
279171
278541
285247
336986
283625
280296
274940
351701
319293
281705
277771
275344
268215
359051
286898
283460
325970
303560
282924
279250
302970
295544
283368
277743
349310
281768
335182
288525
280625
276342
273070
313732
305670
274902
338107
289726
282439
308886
322721
303886
280135
280833
290804
336357
297120
280007
277023
271811
271704
325646
273947
328641
280643
295227
287241
320410
277012
275467
280012
282690
349786
285973
274288
271651
267413
335256
276462
348687
286936
280534
279203
322572
275622
302859
294189
275480
316606
280804
272493
354515
295023
280220
275800
268244
267999
327648
277999
272605
263529
286223
289268
305603
327571
291266
322850
283051
277944
277116
294175
352145
280141
277659
273776
269666
362490
286545
288301
285064
310211
315291
283338
279977
284144
302843
274001
296269
282527
267950
296167
302832
315623
274024
290671
303839
285165
349757
280815
282800
277603
268977
332083
276120
271516
351609
314232
297469
283150
276149
280971
271632
278077
277229
261750
273212
291946
310842
266039
264711
267351
284810
342108
304192
323778
277174
287673
301612
276809
319850
324749
293401
285203
285672
279467
284252
286056
351064
280319
301707
284068
305702
291326
273647
267495
260642
332328
272195
317270
292138
270170
317091
274444
346285
286798
278951
273734
272994
266284
329969
288395
346680
288576
282331
279458
322066
287254
276596
345585
304331
299297
279652
270362
301267
333233
281919
278117
271454
269466
298840
376049
293208
277838
311252
283268
280773
274021
346288
303812
282090
318693
294854
297632
275981
275576
269722
362248
312718
323523
279406
277819
282019
268076
268735
299430
312383
317672
294333
278910
271715
281133
283347
292903
273959
266670
276358
278885
382461
307665
328361
287716
313117
275946
282407
318282
275863
274657
316568
326710
283575
277649
303464
273645
286850
351033
279221
282479
272250
352998
280031
281085
278795
281241
278446
290611
266983
275394
277060
358105
316990
310261
293645
287477
274914
293061
271584
266849
268944
368461
294060
286208
281614
300368
274504
267675
270816
269215
297203
266868
334536
265635
327085
283911
276037
273595
266548
267794
293125
381542
282449
274610
267501
359246
284500
282183
320515
289768
326773
284106
284657
276164
274231
316726
280110
274339
281549
357880
282316
282050
275842
352295
288742
280420
322134
285174
306066
278085
302889
302051
281368
292769
276000
275659
300762
341267
279721
276810
275254
341431
274377
296715
277620
344737
285143
286133
271383
296448
343522
280637
296058
273156
268940
271498
384166
280681
283782
291621
279761
281329
271450
280661
296725
273136
327282
269959
268100
308649
332821
273675
311458
293918
292563
275953
274338
280264
366089
329880
283560
278353
308874
320099
286072
281675
277566
270749
277979
271937
356169
296836
292606
295825
273665
272940
270943
337317
277230
319046
284177
272906
308021
286852
320065
324061
310591
286641
284150
273497
276707
309529
288601
316639
284667
284252
294561
352693
281413
278133
273936
271969
361779
305365
291450
280806
324081
279170
270803
276157
346836
278989
282842
293688
348367
288277
285250
296561
276843
272591
342555
283728
308413
274864
273566
332178
273573
346631
285215
281399
293929
336270
279454
296396
279216
273951
318752
277018
276494
272519
317637
322366
277195
334756
279667
280574
280962
286372
289221
388960
288018
279049
280428
273821
323818
275616
272338
301946
346638
279356
275326
352691
281443
284769
276254
286293
268282
293370
341467
281017
269439
269310
310819
331411
286923
276397
302815
271690
265931
277931
281118
288285
326476
272734
332208
337643
282012
273393
281644
291998
331275
277514
305717
276105
277310
332698
279776
272683
275183
304715
326527
275841
273473
274383
307510
278671
266466
267541
277781
264757
388604
298591
274145
296303
337251
281041
275291
305644
296031
320232
286443
276018
287994
344851
284215
294443
289708
273423
272154
265573
336448
337755
299010
310210
287383
287061
269923
275427
271532
266170
374158
281018
279383
350747
281576
282329
321348
278785
278983
351391
304013
281784
284881
335389
281864
281612
276361
271893
294117
266879
346721
291585
326789
280088
278436
311391
322456
294679
309824
284155
283515
275399
285526
274215
270386
268458
376821
276703
321372
279153
273474
270082
266862
341352
290553
341368
293992
279528
271550
278661
284251
335089
286395
274325
366450
299189
298819
280818
292490
281396
279197
324145
280173
280419
269706
270203
279470
337054
279264
274670
282644
277846
386087
283166
272864
285825
278215
316983
279957
270582
313136
287759
270808
320507
276678
268685
347973
282721
335878
280159
292087
291703
274725
268086
327315
278565
273061
272221
365146
302888
273744
281745
347687
281878
282369
320203
286747
278181
288891
266915
311731
335940
279244
280424
272811
269290
266262
327903
349451
278775
273455
307415
327573
285479
280858
272912
292064
333312
293600
274002
274014
350382
280030
309321
316331
311750
301737
283842
276673
280507
331558
279956
292293
273385
294627
287663
269964
360398
285828
283330
272288
291247
314279
306077
324664
283987
277838
324066
278711
327553
287195
281388
283298
270678
304595
349434
280891
284415
273308
344317
284487
285232
272364
271319
359352
284055
281918
286427
282305
315678
283167
275957
350854
282465
275754
275047
318742
274148
275264
277900
273623
358232
272997
279698
289153
316830
278839
322221
284364
288930
278924
271236
360500
284659
289466
277025
272459
281649
300504
299159
317387
275386
278097
267455
284335
343958
293101
273600
275481
301117
270826
330867
294648
284061
270055
287614
265419
278676
300589
376264
283140
282980
282386
321918
289892
279535
318977
281033
274646
300139
295387
337050
283995
295895
280700
269262
301880
296184
303836
327292
285041
283659
286554
345621
282901
281680
289706
276571
290705
318263
273331
288849
268996
331207
291856
320505
280919
274532
300618
271079
352645
283194
274541
341179
282364
301543
276861
281241
296064
286011
271225
302284
285626
349032
284575
275934
274866
286176
330767
275127
300049
272163
271166
272810
262759
265360
262864
273416
271831
297070
311366
359092
277420
306812
328380
281497
296418
272863
351179
285676
282196
274763
301647
294376
280073
300231
275080
270750
375766
285219
283583
285922
272643
286398
330538
290045
289847
277413
269608
301030
267114
267010
354970
293057
276011
286060
317644
276828
333810
297591
279498
277206
289080
268749
341375
289329
278647
322190
275823
277580
302427
356180
278012
283172
284399
313918
296452
274013
305225
290150
322100
280794
335841
282124
291360
281238
291679
276363
269497
342306
319831
276815
318975
276247
287571
293318
278678
269069
283005
263242
262192
261753
260487
296480
265178
302465
265655
291168
306973
271846
388374
277193
285820
272172
264240
306705
360979
284676
279330
277227
265552
292333
278624
269016
260021
365088
287625
270926
269408
311896
367222
302397
290713
282589
274796
274474
347837
282388
283952
299387
274187
295357
269052
270697
267129
334994
332560
278865
287376
305709
323567
281536
286476
337494
284227
285609
323531
293000
277532
276173
346589
283233
314227
282803
281033
285619
288378
284707
346239
281625
277951
306417
278750
274321
270168
322458
270299
287525
270258
265495
274865
269203
324283
272514
333362
273923
266668
362541
283472
280740
285082
275072
263433
278736
265847
266303
423087
286325
278756
281245
270781
268786
289641
310680
265875
326723
293499
273912
273648
350545
283631
288389
276047
345679
282471
279774
278235
314725
276738
272516
274393
275674
267098
264641
368523
276711
276995
319452
303355
286746
269912
270080
263441
354564
326292
282049
278269
276067
360282
282043
282475
274291
303088
309610
278143
334024
279668
293911
276457
271577
273611
342072
275042
276436
314322
327029
314336
278865
278878
273567
317411
271725
Average 294867
