1389
952
1277
517
458
651
405
531
360
397
565
348
546
364
537
377
499
433
615
345
524
346
533
340
732
363
612
356
512
363
567
366
608
383
4095
2997
788
472
496
377
554
353
580
336
509
374
576
435
535
350
373
648
775
341
535
910
364
32016
1646
1529
2839
440
368
599
364
369
771
375
345
710
374
426
498
459
342
785
376
352
4218
1110
425
2873
2824
373
10857
563
529
907
516
483
520
1178
455
431
441
815
474
426
416
909
404
359
7823
1157
605
596
545
725
583
378
366
1053
446
456
398
1250
386
585
483
578
1810
32085
1583
494
1574
3865
1088
626
408
905
635
465
505
982
483
428
496
1090
448
480
389
896
385
418
351
8058
1019
498
442
926
364
493
353
377
562
24145
1307
820
829
1142
748
543
577
770
1199
405
364
18295
1527
645
829
1245
10360
807
711
710
598
4832
3743
755
574
543
601
1318
390
363
315
320
10426
609
14417
658
912
628
899
708
783
14192
497
736
759
400
353
353
26029
745
589
801
649
482
395
2656
4684
468
1011
669
649
1190
645
505
535
470
421
1271
672
377
393
410
907
1431
530
389
369
864
425
1098
426
405
442
393
347
2805
5097
549
432
388
373
350
12679
17748
600
432
368
1563
1630
2430
1691
2130
6066
1400
1168
1106
1192
12351
830
873
753
3129
1301
674
486
376
341
377
6588
553
1681
454
354
354
1904
495
464
497
622
416
14548
1918
674
659
588
367
404
574
1892
482
400
353
323
3465
432
439
514
653
13749
1169
445
541
459
436
412
12171
724
602
509
1790
403
340
528
439
570
552
573
556
973
679
3311
720
746
1241
719
692
536
478
517
434
1749
1801
1023
489
711
402
1265
418
403
396
409
515
756
13747
1069
535
520
418
499
436
406
394
996
492
461
1423
425
363
355
344
330
928
471
395
335
352
426
14477
456
514
444
363
403
364
332
327
368
361
410
660
2086
466
441
361
379
338
325
336
479
392
386
361
398
13606
466
526
363
1082
505
406
372
350
380
338
347
359
4493
15154
552
465
384
362
354
342
378
347
473
384
337
318
443
11216
1488
1789
585
620
605
570
497
8293
5275
687
775
4370
573
526
401
1487
628
773
683
627
514
527
3205
690
519
381
346
324
371
367
329
330
331
4611
1159
368
425
365
390
364
421
1366
369
354
417
7497
1689
471
385
9586
492
386
353
411
496
370
374
10008
2149
435
369
342
344
366
322
324
332
4260
400
419
1905
483
356
356
323
346
317
28750
550
449
356
386
13142
2731
1135
969
4033
363
356
336
332
333
336
337
547
12907
1214
440
357
418
362
344
356
957
1064
905
3225
1092
2426
3050
976
824
488
423
486
1552
387
348
340
357
392
543
552
546
11314
635
16237
879
898
738
713
756
464
318
4442
409
374
789
699
763
756
715
4790
984
3929
1000
1069
868
825
774
680
682
669
618
929
978
756
849
625
15209
711
608
563
621
579
761
916
811
759
1111
805
761
766
878
968
1273
5606
3649
1113
917
861
927
944
697
682
775
3309
414
348
364
334
340
332
8305
15129
838
3079
546
480
477
446
472
545
459
467
439
14425
442
365
323
9382
1691
1271
565
520
477
555
2712
553
384
367
372
351
340
342
335
348
563
11138
10369
719
1166
434
513
485
404
434
378
394
339
409
342
370
416
477
2595
567
411
359
379
344
343
321
322
329
342
321
331
321
320
362
1193
780
1502
372
359
365
337
342
543
334
340
324
314
304
8941
606
490
503
645
14295
604
453
374
425
452
435
453
2585
585
469
419
369
397
391
588
383
507
3043
736
2536
483
614
470
473
394
375
489
418
468
402
449
454
869
506
452
752
731
798
812
3751
636
534
642
431
2533
444
415
393
353
376
401
362
355
416
359
441
3042
842
514
509
633
786
3430
592
455
419
372
427
453
404
404
2142
421
385
348
328
354
320
323
346
320
316
410
387
369
21682
1088
566
513
473
381
348
337
322
303
348
313
322
356
333
326
305
327
340
957
762
651
765
911
3227
543
403
548
406
391
337
338
349
322
323
308
11225
729
476
377
403
435
385
381
468
343
427
378
14050
3366
664
411
2493
413
419
360
369
340
365
335
339
322
339
363
430
617
422
2463
417
368
362
528
577
14233
1963
1074
538
457
404
447
385
404
805
631
510
499
423
358
366
402
421
400
400
395
485
387
360
12239
3666
736
672
466
484
404
379
364
358
345
357
336
345
338
947
521
446
390
419
521
410
378
3032
514
543
367
363
344
358
333
396
365
354
356
543
392
354
347
367
363
346
337
345
332
13786
9919
1565
462
378
374
380
347
361
333
758
519
417
364
343
351
362
330
351
355
365
351
376
374
540
548
26157
1352
1020
15044
537
393
402
375
352
350
348
352
345
323
344
358
380
371
391
375
395
429
426
3533
559
4546
686
497
471
532
446
471
479
485
445
475
531
538
559
528
555
618
569
2238
385
351
359
383
417
8791
9276
1554
2322
657
700
21886
1443
447
376
442
358
345
348
16592
1945
1117
1468
1028
997
364
398
350
386
342
350
559
573
19853
7372
1292
1327
893
802
778
5050
887
604
764
566
593
389
368
418
376
369
354
464
363
382
571
457
362
381
29450
637
876
1571
664
643
452
457
463
374
355
348
399
372
362
364
376
367
334
320
621
1583
404
355
409
489
440
509
532
675
716
1113
3135
518
428
370
363
362
327
351
317
1288
845
608
411
392
386
339
373
420
441
459
433
472
426
465
369
601
4012
2540
1027
952
918
8303
1367
668
587
489
511
405
529
560
578
539
425
533
499
415
419
411
389
351
333
375
324
314
331
630
592
582
548
561
22338
14016
1142
640
395
352
388
427
414
379
543
416
421
358
402
697
497
464
373
373
369
351
346
351
332
351
335
351
321
334
393
381
367
1922
19560
1765
2969
619
376
339
332
313
338
407
374
331
365
327
410
341
345
337
312
324
344
309
328
24278
665
568
399
401
387
400
356
392
422
21221
1688
1804
487
413
467
457
410
504
444
424
384
705
499
398
353
384
351
430
370
369
379
406
416
358
404
477
438
356
407
418
2542
430
347
13013
11450
1029
910
971
425
429
394
391
361
346
422
440
409
409
569
422
3401
403
352
384
447
417
385
342
337
354
335
325
337
335
365
335
353
354
358
412
4230
3570
439
369
374
365
365
335
332
326
348
324
377
366
421
354
340
342
339
338
24476
728
561
522
394
350
368
314
324
299
370
14176
1021
1945
582
423
378
329
339
335
324
307
307
328
621
452
406
374
377
355
387
517
332
360
339
332
309
345
320
313
311
339
329
362
359
15161
4759
4401
420
352
402
336
348
433
372
337
353
348
310
349
343
388
348
303
325
318
336
329
314
316
4567
560
611
384
353
332
342
337
11403
4583
503
497
397
379
382
372
366
388
403
378
381
369
369
330
333
24368
759
785
566
422
393
376
349
347
339
360
360
353
329
328
378
5035
568
436
378
342
334
364
347
341
364
336
9609
3593
699
666
372
404
369
418
379
397
356
380
319
350
336
329
343
358
318
319
332
536
535
587
541
564
25635
2260
4015
522
379
387
313
345
370
352
366
324
315
304
321
314
317
313
352
328
314
313
328
331
329
15140
473
398
380
344
329
326
343
333
356
475
513
526
1157
896
884
9415
875
692
575
601
613
587
3500
446
392
409
383
350
384
337
327
320
307
357
413
434
391
349
373
365
362
338
352
343
316
14934
750
442
430
491
512
541
622
610
680
763
772
872
809
812
6932
948
762
903
745
562
487
470
426
455
484
1681
886
606
703
510
438
430
374
333
352
318
327
329
342
317
346
386
543
323
315
315
349
429
329
330
323
315
384
387
436
2119
514
754
567
576
602
16634
588
432
412
442
404
374
335
322
323
318
329
320
345
338
517
300
360
357
22253
842
872
675
496
479
415
462
422
446
401
452
463
458
449
621
554
441
562
499
440
421
500
437
475
601
677
604
654
14618
2834
777
895
709
516
527
544
449
459
413
416
437
437
392
329
371
326
345
328
347
335
326
319
398
320
378
397
458
404
516
550
1353
425
361
369
334
355
523
334
398
353
351
336
338
363
387
477
836
2324
4772
523
431
380
362
347
335
377
39033
992
517
684
496
465
508
510
483
406
417
505
453
494
567
473
428
554
404
416
413
440
385
376
390
382
337
342
18789
899
858
423
404
369
435
451
642
501
778
645
903
851
675
5577
854
607
465
473
446
395
481
370
351
329
353
389
351
344
14118
920
774
1056
419
398
343
353
321
321
312
330
343
315
324
322
330
347
438
344
341
354
314
310
341
345
331
329
323
384
382
383
11843
11634
964
1064
789
762
743
6232
651
394
348
322
325
318
361
410
379
346
333
326
349
333
360
347
378
375
392
395
375
427
387
396
388
427
6430
488
400
358
368
334
329
344
342
378
353
355
399
330
329
332
336
340
318
339
328
411
385
377
419
507
672
571
36968
1335
917
532
407
394
430
433
447
406
415
451
525
468
449
421
412
478
436
412
392
348
359
319
329
307
313
312
315
326
28394
603
461
446
379
376
396
360
385
352
401
356
331
327
327
314
306
309
322
332
299
325
350
365
335
535
555
587
510
16689
1661
7416
512
417
468
367
320
354
316
339
339
332
350
345
318
350
331
334
354
346
308
344
333
335
327
323
302
307
335
309
324
316
7468
865
842
796
488
425
438
380
426
483
380
335
478
358
384
340
345
320
331
308
339
393
513
438
383
460
412
523
560
13539
4889
422
351
347
383
10727
852
698
460
369
366
349
320
345
311
326
339
511
429
445
409
369
395
361
382
406
385
366
380
381
398
597
545
489
538
456
547
564
712
597
555
5003
814
681
560
517
403
391
500
380
415
389
373
346
391
364
404
401
553
544
632
28221
2693
1161
1235
27969
806
433
349
377
409
533
367
382
26866
2064
1787
1578
1750
1085
1090
1496
1354
990
986
1122
402
408
360
342
350
351
350
326
339
345
386
453
451
478
361
418
396
501
516
399
352
414
383
427
407
382
728
560
446
459
426
426
508
505
6464
812
408
366
368
466
465
351
421
433
390
346
341
363
341
334
342
350
347
344
343
342
323
329
16929
775
723
634
553
424
390
367
427
441
378
436
347
359
336
304
348
306
296
325
314
359
391
366
339
324
319
326
316
318
313
364
17177
618
478
379
387
366
359
2315
687
708
452
373
363
342
326
339
338
314
332
324
346
322
347
305
353
333
315
333
337
331
310
318
327
325
309
324
312
308
329
341
346
317
311
295
299
757
558
521
550
519
411
350
342
347
361
406
438
9216
681
462
449
390
388
351
444
404
367
366
393
416
426
424
460
478
426
346
550
335
331
323
342
317
315
305
315
327
318
25466
1056
946
561
437
452
473
447
505
513
435
330
338
373
357
375
326
342
363
332
345
335
344
334
333
489
530
569
582
25434
8169
737
564
506
466
436
471
450
5612
454
398
376
361
341
354
334
342
357
336
341
313
309
393
367
318
329
378
356
413
369
355
343
345
363
661
404
359
366
339
363
328
360
327
24335
829
858
2437
952
565
433
500
407
408
431
396
399
410
528
692
678
12950
2748
1418
1267
1142
510
547
419
595
378
351
351
323
349
327
345
339
335
330
334
330
327
371
381
356
11431
853
2112
478
433
384
402
332
394
378
377
399
381
365
378
397
354
380
372
359
355
335
333
349
358
353
310
333
328
352
337
316
324
355
318
367
352
357
336
16808
1338
1360
1788
7396
554
481
373
327
360
319
369
352
343
377
338
369
358
316
314
302
334
437
457
392
358
356
367
450
494
440
372
381
391
335
355
316
322
340
329
376
410
392
1601
4439
550
415
393
443
373
373
361
366
340
411
407
388
379
415
420
444
424
390
417
447
438
4867
1188
1034
500
474
409
370
385
353
369
348
532
379
346
320
340
11852
631
660
704
568
593
547
482
352
342
322
339
345
375
332
338
329
343
321
515
344
325
317
323
327
325
318
368
338
330
325
576
314
325
332
321
335
335
336
332
339
336
315
325
321
367
350
481
8901
1137
1262
1747
9241
574
385
359
337
351
357
359
327
329
309
303
333
345
325
338
315
319
328
545
391
354
373
362
362
331
347
339
330
306
297
301
314
317
349
350
329
344
310
316
291
22949
1601
752
803
827
459
434
382
375
356
349
347
327
371
404
365
376
373
362
311
321
401
15765
5073
612
422
358
348
320
329
363
372
340
342
362
398
395
385
377
375
349
339
352
343
308
333
342
313
24319
769
771
667
620
443
378
390
366
357
353
332
362
321
371
319
351
309
339
352
414
406
393
346
388
355
361
352
340
334
330
368
322
347
343
430
471
568
525
530
9150
695
478
512
409
385
382
379
17409
8974
10155
685
655
866
734
681
471
521
416
495
693
399
381
352
361
347
337
328
331
313
392
382
2716
6535
799
610
3065
1058
727
523
477
376
362
482
456
621
569
469
397
519
517
472
446
385
361
365
347
333
317
333
351
411
27143
1038
1082
665
617
596
772
648
594
547
542
627
653
656
628
625
603
624
26947
9513
6626
739
454
407
459
405
576
534
476
372
360
359
395
388
390
456
413
420
367
346
425
405
531
464
424
3264
555
570
586
462
354
379
393
345
349
372
361
331
339
326
350
349
421
355
345
344
320
314
319
317
329
323
333
461
359
371
548
418
364
355
317
375
349
404
383
603
489
17533
745
450
491
446
438
449
353
358
408
747
756
626
598
23648
1374
1167
1151
1191
1288
1179
1156
451
472
392
365
354
342
348
342
316
334
339
342
322
377
432
422
458
348
352
336
339
22335
3357
776
717
587
453
445
367
351
351
332
338
539
325
349
333
320
314
339
311
333
304
305
349
568
374
484
371
387
403
352
356
373
446
377
339
423
359
483
486
430
427
370
387
349
346
382
344
373
356
14085
1422
1324
3843
552
479
373
355
581
432
447
403
556
436
468
462
404
406
622
438
358
379
345
330
343
349
411
355
331
380
548
410
356
351
366
494
351
377
346
340
346
325
366
422
469
592
460
461
389
7967
637
437
384
401
396
453
455
434
398
486
426
394
402
377
392
445
359
358
328
343
336
1224
9184
809
571
431
419
453
412
365
357
357
356
415
370
448
438
366
348
375
347
391
460
446
8067
548
387
495
378
353
351
326
354
351
353
444
588
419
465
756
389
392
400
423
439
417
355
334
342
336
503
341
362
337
352
342
337
331
334
318
318
380
499
394
510
366
431
357
386
6208
9835
790
665
557
477
422
394
357
395
364
410
386
422
373
447
664
554
582
520
387
367
375
583
380
353
360
339
330
340
329
348
362
353
347
346
352
348
344
332
325
333
359
672
541
541
8405
621
674
451
383
406
563
498
475
504
378
363
365
439
404
395
344
385
376
341
336
337
423
382
365
455
6265
5137
546
544
470
371
372
411
429
375
444
353
347
354
329
446
485
429
399
386
453
362
348
359
375
361
392
381
384
4470
1251
811
1250
819
594
599
540
551
557
472
401
392
431
421
613
653
500
435
463
395
351
360
389
461
396
369
407
710
509
454
538
448
375
353
350
414
389
486
505
519
536
542
595
11267
1492
937
1034
502
538
486
488
402
758
668
888
8496
647
425
433
360
357
404
367
383
487
650
448
472
479
408
442
455
386
352
394
334
352
323
339
328
345
341
382
505
410
367
394
368
368
348
394
405
614
430
611
495
439
397
453
375
341
374
318
7814
734
478
419
400
419
361
395
400
360
386
378
403
533
586
572
567
611
643
558
571
565
591
585
657
8419
600
598
592
569
603
611
644
659
592
579
588
553
575
538
920
563
28643
3678
2010
1565
1379
1848
523
9260
489
386
363
377
375
353
353
357
374
600
388
408
345
383
391
373
507
5716
1147
729
1938
877
716
1054
785
1408
575
587
507
401
431
379
380
429
599
1045
568
559
576
526
447
368
418
363
412
450
397
440
474
8255
542
805
520
431
400
359
343
428
499
476
448
650
393
343
370
346
312
375
374
370
436
498
451
516
525
552
449
434
422
473
450
461
3223
865
718
661
677
1315
3647
545
629
441
392
400
354
348
328
324
314
14641
15014
1453
796
452
485
377
589
572
429
375
380
578
551
414
580
407
409
687
450
442
386
423
358
380
361
337
331
464
705
428
393
388
353
361
363
343
357
352
350
325
392
515
459
508
489
431
412
400
377
354
424
453
387
404
353
351
386
475
389
370
377
351
370
3544
882
688
675
614
501
497
515
418
414
478
561
11378
1433
534
697
778
528
589
510
506
392
412
606
479
465
396
400
382
359
389
341
491
371
355
351
349
409
378
322
408
378
485
540
553
545
451
438
363
369
394
385
381
338
388
327
362
473
401
397
408
360
346
340
323
311
11183
504
431
364
363
372
405
368
362
376
424
485
604
453
444
390
347
381
380
507
391
401
392
370
357
355
810
644
1170
616
10178
5373
12375
681
722
524
513
1000
1042
803
533
490
452
412
416
346
390
359
371
397
354
526
508
957
556
445
407
11261
572
480
405
380
439
416
405
410
423
745
511
788
614
686
498
415
403
548
604
642
373
390
346
367
345
344
332
316
438
355
389
445
444
386
440
618
435
502
467
595
541
473
365
391
400
369
386
341
397
411
371
332
337
340
375
348
343
7199
11136
11081
746
471
1970
9816
7405
1294
509
498
461
380
348
324
338
343
359
327
328
342
369
362
314
355
334
308
312
313
312
329
318
296
295
327
298
339
363
326
330
347
314
314
321
336
344
339
394
405
368
529
369
394
363
388
378
381
413
407
499
490
472
492
452
11044
469
396
377
385
361
349
348
362
322
322
428
349
337
352
333
356
343
394
372
332
370
467
341
352
322
310
370
341
363
329
560
577
522
590
893
1058
2320
8434
619
477
415
376
343
333
310
346
317
341
479
567
350
369
333
330
363
355
395
336
307
9164
581
392
380
366
367
361
332
360
357
326
477
542
348
343
326
329
335
323
342
347
348
381
524
380
377
341
359
346
336
337
325
354
338
343
348
350
344
343
342
326
325
314
324
342
338
328
324
334
551
407
347
371
352
361
342
326
319
335
318
349
338
340
414
402
452
471
414
8292
790
721
731
879
914
639
635
823
656
598
2530
12400
646
549
458
356
394
353
374
404
355
337
335
393
411
393
428
394
427
492
497
388
401
723
571
592
548
432
445
427
363
361
363
462
384
470
372
396
367
408
383
363
337
340
636
531
650
387
398
444
434
423
352
415
397
492
360
419
7785
1000
567
429
403
471
408
373
404
371
422
377
386
475
361
375
381
456
703
494
408
464
460
373
345
355
410
407
385
421
565
490
525
476
413
427
396
426
411
399
391
436
578
1045
974
754
890
725
877
904
675
649
656
578
617
15011
1467
1179
1310
1553
1711
1280
1291
2809
968
631
631
402
363
347
3279
2243
833
1267
612
475
462
432
569
468
387
685
534
461
397
413
368
401
378
386
408
511
406
404
377
379
361
459
517
452
528
510
497
469
514
399
432
459
437
465
363
530
339
369
380
428
437
383
392
467
449
397
384
364
345
345
369
353
360
353
368
356
336
366
556
353
325
364
346
345
346
357
334
404
373
386
2856
697
693
696
671
717
517
399
442
492
335
402
391
466
394
381
379
13139
703
618
607
670
647
673
2075
1973
1555
1390
1247
487
657
509
361
362
331
343
333
344
352
327
352
368
382
374
348
367
29501
619
481
374
351
342
438
440
443
382
390
394
360
373
366
542
349
339
341
341
345
330
333
324
315
338
10167
534
400
373
336
350
342
389
375
368
349
359
353
351
344
351
345
370
347
458
452
328
340
351
316
355
338
347
308
311
305
372
339
333
339
312
339
319
327
349
395
349
332
336
355
420
386
403
331
357
350
450
420
432
425
390
440
450
13208
632
701
674
12291
675
484
442
378
439
494
759
543
517
477
527
566
481
424
425
428
422
364
371
375
381
477
408
390
370
436
730
469
517
569
500
429
450
405
652
475
446
425
432
416
414
402
379
445
427
440
661
491
431
403
403
383
418
407
427
620
412
410
419
356
362
376
7932
766
822
830
577
530
411
361
362
338
356
341
386
356
372
330
378
417
382
397
366
408
411
382
372
361
394
379
373
362
13736
714
547
553
422
393
372
330
345
350
330
344
382
415
544
349
366
375
396
407
333
328
350
318
336
397
381
376
336
325
348
352
358
362
363
350
335
430
574
389
344
10500
753
536
412
380
339
392
349
356
320
336
348
363
401
426
413
385
373
343
335
385
337
329
336
440
401
386
341
343
322
302
299
320
348
368
339
347
492
428
355
336
350
336
361
393
377
407
415
417
423
451
371
363
364
362
358
368
333
13903
921
470
480
481
468
418
10376
632
498
492
484
397
463
433
405
429
406
464
343
381
359
358
392
386
478
589
386
387
387
375
361
358
347
367
356
335
325
345
519
487
365
369
365
350
356
354
325
307
341
342
359
437
578
394
362
355
334
356
342
349
349
353
428
376
331
340
382
459
379
371
354
381
345
354
416
379
332
374
434
398
406
10454
520
452
392
399
437
606
508
377
418
367
348
351
366
362
387
429
454
557
4548
9172
1699
517
517
409
370
355
363
552
345
374
348
327
353
363
419
405
402
366
432
661
451
362
387
390
386
365
360
331
347
343
345
388
553
340
334
316
351
321
341
370
346
390
473
532
453
395
376
368
354
329
325
328
356
345
328
3577
750
599
613
599
785
913
503
471
429
417
421
370
369
359
344
394
380
380
376
376
342
409
395
366
379
374
398
463
427
416
414
437
369
1081
404
379
354
365
438
408
359
651
587
579
646
578
627
674
14670
716
610
573
574
468
412
416
362
407
395
482
420
409
401
404
365
355
333
441
341
345
338
525
379
372
339
360
379
368
353
345
375
352
359
5629
5497
804
533
433
401
377
418
389
415
423
448
403
543
400
381
349
362
350
368
369
346
338
322
303
340
359
346
350
348
345
377
373
352
365
351
366
377
371
440
447
390
374
385
387
380
387
359
340
345
409
380
345
354
350
347
322
334
306
367
384
327
477
563
395
497
461
595
625
655
645
683
710
613
614
10097
1166
916
870
678
641
624
599
681
580
564
636
655
570
621
765
668
626
685
641
769
1313
800
745
709
714
800
781
736
671
647
642
658
730
882
656
593
9530
4473
2167
1331
513
441
510
481
457
391
447
378
386
396
355
375
339
369
350
556
396
411
420
422
438
423
446
487
491
425
504
393
380
360
357
356
338
356
353
354
324
2162
542
551
439
389
381
381
389
394
358
371
330
380
336
379
373
427
466
387
402
371
376
359
364
378
354
319
327
409
346
332
324
334
356
343
342
307
341
332
523
371
347
357
374
367
376
403
352
367
326
317
341
349
332
375
333
354
342
319
342
339
434
348
411
407
394
388
445
408
379
406
412
435
397
428
415
11447
601
571
703
515
529
431
453
398
430
448
388
438
390
399
455
424
408
383
403
402
367
368
425
425
401
404
435
584
595
647
624
13788
1442
862
567
506
448
426
375
373
356
373
367
353
356
372
348
354
354
349
332
360
347
360
345
399
417
467
440
420
453
463
490
450
404
366
356
380
346
355
330
345
336
411
394
366
11955
488
377
357
360
358
413
389
350
349
339
356
350
325
317
354
378
336
366
338
324
315
329
308
359
306
327
326
348
364
364
334
328
342
335
344
316
325
344
316
332
332
381
332
343
332
360
336
353
389
378
361
343
369
359
339
356
364
349
347
329
327
325
303
332
312
352
364
331
346
312
351
321
346
315
330
303
345
353
325
326
321
333
337
342
335
326
320
364
329
340
370
373
385
3537
744
853
730
693
850
924
710
664
628
16002
679
598
453
462
418
372
368
356
354
313
361
336
359
357
358
324
379
353
356
342
335
335
319
407
361
364
389
321
407
338
340
303
317
324
340
355
392
313
336
311
329
342
379
319
353
324
339
329
333
343
353
350
326
335
324
369
344
329
365
372
361
346
367
313
354
314
407
361
369
339
321
349
323
349
307
358
347
330
342
370
353
361
365
403
442
3970
7513
524
478
388
365
385
359
380
346
333
305
332
325
338
342
331
329
337
291
345
316
348
320
337
321
432
341
351
298
318
316
314
323
350
322
340
338
329
321
318
325
348
330
329
357
345
335
345
328
361
401
654
411
429
383
398
442
539
476
598
595
535
653
579
14828
1328
1009
1352
1332
1548
1576
1827
1424
1407
1399
1249
1186
476
455
491
477
415
384
351
401
368
12712
577
405
394
375
349
352
332
359
336
346
322
351
338
341
352
336
320
331
349
332
324
337
337
349
343
365
348
425
353
398
371
423
438
467
432
516
454
444
501
477
447
452
440
442
623
496
483
540
514
548
504
485
767
656
616
567
634
598
561
351
330
322
355
381
338
380
494
383
358
354
381
374
387
362
368
347
359
364
366
414
380
414
377
397
482
520
3614
650
5867
988
844
669
677
594
616
547
492
491
671
2099
598
439
409
518
416
445
431
460
457
403
417
381
588
399
384
347
328
312
335
304
327
314
15289
979
787
527
529
496
458
409
409
400
680
573
384
374
379
349
388
337
365
345
344
361
389
376
336
378
336
330
331
335
347
351
342
330
345
426
409
393
396
434
363
394
373
409
378
351
383
382
357
349
360
346
331
319
317
352
350
326
563
360
3279
750
859
722
658
660
778
620
594
586
598
450
430
389
356
340
609
346
310
322
347
391
404
418
445
348
425
357
360
414
372
369
368
440
372
435
472
512
536
458
492
386
370
371
360
371
410
383
356
365
373
352
545
375
376
333
325
330
322
340
347
342
332
355
381
312
356
325
322
372
18387
969
760
781
691
780
914
940
769
844
693
672
718
690
952
478
474
472
451
424
402
375
427
376
354
347
343
356
13772
614
437
477
363
506
534
382
373
377
341
361
350
339
329
339
354
485
499
376
363
383
345
371
341
409
452
399
357
402
382
379
377
368
351
352
334
336
352
355
330
338
440
372
377
394
379
342
374
341
392
343
457
354
401
371
370
366
367
344
379
311
337
335
381
321
392
359
364
336
345
354
389
358
355
333
379
353
378
340
393
331
471
403
7585
914
916
635
591
536
578
573
636
856
475
430
453
451
411
405
417
388
388
426
411
425
511
409
389
460
377
348
388
410
465
628
489
614
605
643
628
595
882
17714
2158
594
554
527
501
517
452
418
401
447
476
415
413
422
378
384
368
360
396
375
371
349
367
373
405
362
367
359
347
346
379
357
374
349
592
471
421
377
381
360
370
341
358
351
352
349
352
378
372
349
349
354
350
344
349
327
356
374
376
346
14084
526
675
511
576
628
489
394
462
395
400
358
352
366
347
347
346
371
399
375
377
358
377
353
345
362
321
332
418
546
422
427
460
382
367
376
350
340
348
343
369
362
353
431
374
360
354
367
354
348
364
341
517
350
391
363
353
339
323
372
439
410
399
407
578
361
381
393
368
364
345
5671
5283
924
885
709
643
657
608
712
598
650
617
490
458
3325
10603
512
501
386
333
346
337
426
390
365
548
333
367
337
349
347
342
346
346
332
350
345
350
363
431
351
345
351
335
336
317
325
332
318
308
327
326
362
369
395
430
359
377
358
351
331
356
358
336
390
360
362
357
338
341
325
336
341
314
333
324
321
356
356
351
322
322
345
327
365
354
361
367
341
333
339
338
346
362
363
356
337
346
348
344
352
337
11307
695
756
555
488
417
426
386
370
367
376
452
364
365
357
356
358
356
437
389
575
521
553
427
385
374
371
525
506
450
479
419
422
402
443
448
458
515
546
573
636
641
668
623
612
609
646
563
14144
4672
681
534
495
518
469
395
486
447
420
357
372
355
365
345
350
390
363
332
381
370
358
330
366
359
342
361
346
335
361
376
410
386
372
385
390
366
370
364
399
19559
789
722
582
583
446
415
382
423
397
352
360
329
370
363
339
355
359
353
352
361
365
344
336
341
331
353
361
353
357
347
362
338
344
362
362
381
384
344
363
360
356
370
365
375
337
348
351
340
334
362
462
356
365
356
356
324
320
348
338
322
331
341
330
354
348
477
348
311
363
374
348
359
369
374
349
398
392
385
379
355
375
364
367
341
341
364
341
366
359
369
567
349
1029
543
537
697
1299
4750
974
947
893
990
1133
16689
3642
1733
1364
1121
1182
1373
1253
1034
801
831
837
806
643
656
616
869
727
1951
851
524
504
475
478
397
419
401
554
661
623
601
464
2337
523
485
450
386
384
385
390
375
383
339
380
361
371
362
373
350
354
354
387
372
370
370
387
385
376
362
418
445
473
411
400
416
444
384
414
412
411
365
394
350
352
360
343
361
351
361
364
337
347
354
360
334
385
417
416
387
352
418
342
394
359
376
373
452
9584
643
485
457
372
410
393
375
379
368
379
349
331
393
318
323
310
332
368
336
433
392
373
380
347
345
335
371
339
349
344
324
308
311
308
333
314
349
305
362
316
352
400
582
623
608
620
606
591
602
638
655
611
598
631
620
597
567
551
15312
4636
584
467
521
419
384
412
438
455
369
376
376
350
354
316
356
356
345
315
365
331
337
314
372
319
346
323
354
300
363
325
387
470
15344
575
504
439
383
376
340
342
345
342
353
339
359
364
367
355
335
349
347
325
319
336
346
370
363
340
361
340
339
356
337
334
317
315
310
304
425
399
371
359
366
353
348
350
337
349
321
333
316
331
307
356
342
333
337
320
334
351
364
342
381
331
330
359
328
358
358
329
346
340
341
351
350
351
321
357
344
336
321
313
327
360
321
304
319
319
339
357
347
349
366
352
315
918
693
605
450
442
396
433
447
463
433
406
393
372
386
366
414
402
406
402
374
397
402
374
407
423
400
1162
3742
14752
1068
537
492
440
404
475
487
481
447
383
397
388
373
505
467
409
497
388
395
586
381
363
369
359
357
414
380
373
394
396
537
419
459
386
728
569
563
455
441
398
405
396
378
370
383
356
347
354
376
386
399
356
439
393
427
428
502
544
404
396
377
328
381
357
362
358
373
335
322
15681
521
430
480
360
371
361
351
319
366
356
391
425
388
452
418
362
330
353
362
374
347
353
357
344
362
328
348
368
367
359
349
321
348
379
337
353
342
333
393
355
478
375
380
368
347
362
377
380
369
343
374
361
356
389
343
346
338
358
350
359
351
345
323
335
335
347
331
385
419
377
361
353
351
334
326
388
396
632
572
629
583
577
628
668
666
745
667
596
4825
14054
1281
1242
727
596
752
17265
683
461
391
397
385
355
370
351
328
335
326
429
403
483
481
435
366
407
362
358
358
339
349
339
330
437
376
371
334
357
321
348
329
352
342
354
358
376
438
378
422
472
451
632
399
372
364
396
365
357
402
348
382
338
348
325
357
356
333
354
344
352
341
375
332
329
336
360
378
470
423
422
578
395
385
370
375
362
342
348
329
360
378
363
383
527
367
360
342
367
351
366
359
354
344
358
471
484
506
403
385
372
381
368
598
379
376
367
345
323
351
362
338
455
365
401
431
389
454
478
437
371
385
355
358
381
6225
1105
1243
1176
1969
1105
776
871
846
664
512
425
390
401
426
501
397
389
381
420
508
471
474
491
677
692
590
658
872
782
861
765
840
21452
1887
1556
1354
1128
1402
698
492
428
461
504
482
435
364
360
422
504
435
383
376
356
349
354
338
358
342
360
318
377
360
366
360
370
338
330
346
341
346
411
427
411
354
362
357
335
363
340
343
339
328
342
351
374
377
373
349
348
341
441
346
380
361
335
357
379
362
365
378
376
388
444
421
382
371
381
502
411
434
391
358
368
371
359
392
359
329
522
393
357
373
15345
1439
496
563
551
406
390
379
417
373
367
365
579
414
381
379
323
329
330
326
325
339
375
488
386
351
408
345
363
360
402
381
388
405
379
357
394
414
372
359
371
365
354
357
337
350
359
378
359
386
363
381
362
330
367
354
351
338
335
336
343
353
381
394
438
410
400
378
415
364
369
373
432
390
436
409
587
627
594
601
573
595
619
793
673
13941
8656
661
489
505
459
488
430
396
407
409
372
400
327
342
324
361
358
422
373
385
358
370
420
17594
622
507
476
449
404
525
489
452
403
361
402
358
366
348
439
415
416
404
451
380
431
477
499
426
470
540
491
461
420
426
416
413
409
383
362
340
368
378
410
463
436
397
415
427
421
369
396
354
366
372
383
347
338
346
360
343
348
344
352
318
349
338
394
363
360
328
370
396
370
351
387
348
401
355
337
355
343
357
344
360
338
349
362
349
338
334
339
330
336
362
402
478
399
398
385
356
366
392
386
400
383
369
358
371
351
335
348
17282
561
463
397
368
388
349
367
335
354
369
370
374
367
352
349
350
387
371
354
350
369
411
397
391
394
372
394
374
369
388
447
470
400
384
415
515
646
578
636
578
639
579
677
628
641
622
621
623
607
615
606
564
599
651
600
599
629
587
640
565
560
565
660
590
636
548
642
661
624
632
626
15713
4776
1355
509
451
435
464
448
436
377
389
350
360
327
323
353
334
331
361
462
353
344
357
346
369
336
326
336
319
349
333
372
376
345
335
350
340
355
12622
753
638
605
737
423
393
382
423
344
347
347
350
347
336
380
345
344
352
356
383
393
391
486
432
448
431
483
441
446
443
395
345
376
413
365
366
380
365
337
333
362
355
354
325
333
320
330
313
309
308
339
350
331
304
308
320
316
344
336
345
347
330
334
335
365
331
336
327
374
356
340
349
360
352
353
548
356
359
363
340
357
325
321
324
325
346
369
357
393
358
317
360
363
385
329
374
322
341
329
340
315
331
474
377
359
337
347
336
327
348
338
322
345
303
360
370
363
372
375
5607
837
626
620
701
702
609
677
680
935
862
565
525
531
401
449
558
482
441
422
390
378
374
395
404
351
410
505
451
477
416
418
428
412
415
396
370
373
415
620
622
595
600
571
581
617
624
663
651
611
585
633
642
615
14022
8076
1345
520
510
397
443
453
396
384
360
486
415
393
435
387
354
355
360
337
346
342
443
434
422
393
365
370
358
343
341
370
360
403
435
381
359
367
365
381
391
387
380
371
410
395
488
382
395
372
399
355
385
402
333
398
370
362
616
510
590
416
432
422
348
388
377
417
372
384
382
392
365
397
394
369
368
355
417
346
357
349
5012
760
786
5494
4163
464
405
438
421
393
371
407
366
377
402
358
349
332
337
370
417
394
406
410
381
461
381
393
399
409
371
370
362
366
369
602
378
381
345
368
370
409
422
408
359
385
356
361
363
387
373
381
348
379
351
429
408
422
515
398
418
544
401
360
338
366
354
337
350
331
342
356
386
324
337
347
350
347
325
307
311
317
325
323
328
318
347
338
343
325
304
347
324
351
375
365
379
370
363
388
348
357
368
330
348
337
337
371
346
378
592
407
391
390
384
408
380
417
407
395
435
407
407
391
6639
1030
8415
994
702
819
827
710
682
660
814
793
673
1668
1375
8762
1481
2759
7884
2519
1430
651
512
524
518
417
476
372
428
431
434
429
423
421
417
416
356
372
342
379
353
357
346
372
413
358
366
372
344
369
376
397
364
359
352
335
397
389
461
404
418
351
362
341
360
351
353
360
348
523
374
349
371
372
401
360
347
343
339
347
364
342
329
365
350
402
404
379
388
363
367
355
410
420
365
371
366
340
327
313
365
350
360
359
347
326
343
368
349
375
352
346
365
335
343
335
372
372
410
345
362
406
380
380
5925
12757
528
411
399
369
353
356
361
459
387
334
332
341
313
348
349
345
390
371
373
379
369
360
385
358
330
333
326
316
315
337
334
310
326
370
314
396
355
359
349
328
357
355
338
330
332
357
350
350
332
338
317
334
327
311
313
304
304
308
308
312
312
313
425
383
367
347
332
324
339
360
370
372
384
350
373
362
378
408
401
402
389
357
368
357
350
369
599
384
334
395
364
382
373
384
414
415
396
374
558
467
393
392
418
427
648
644
609
857
568
596
579
622
623
602
562
623
565
15063
1633
1275
2477
3139
1631
1295
1363
1216
1496
8183
934
784
738
571
539
448
387
350
311
340
316
324
320
318
320
352
341
319
327
335
312
347
338
344
324
333
334
336
336
420
325
371
340
326
321
328
318
320
325
334
330
401
340
317
351
327
411
417
477
451
377
403
354
500
387
378
335
341
338
343
321
347
380
342
412
360
397
426
413
367
378
349
370
361
376
356
394
618
423
367
382
394
341
351
318
327
318
347
330
382
365
395
358
345
353
354
340
318
331
330
356
348
384
353
357
410
354
371
361
339
345
343
384
344
555
389
381
347
345
333
420
381
365
365
363
356
411
449
405
376
427
418
402
422
4860
814
5478
937
711
713
750
529
432
413
466
357
395
360
363
343
522
420
386
369
410
429
428
391
419
449
772
478
438
452
423
434
440
535
483
439
516
558
488
442
487
471
465
519
515
484
537
522
373
331
335
359
359
350
322
326
424
362
342
351
338
356
351
334
337
366
327
384
384
530
491
460
480
390
431
440
401
401
509
398
496
430
402
426
630
564
705
623
557
813
670
596
599
16431
1886
1426
1257
1208
1517
1349
663
445
446
413
425
596
437
432
383
363
356
352
334
374
341
334
325
330
327
401
363
355
353
342
334
331
336
328
343
324
446
478
471
487
478
540
603
483
465
474
23732
512
433
451
544
421
340
369
401
381
348
319
328
357
330
379
352
370
360
344
333
308
347
365
317
319
317
325
308
352
384
380
382
361
379
397
431
427
423
410
403
694
454
515
524
488
564
504
619
534
603
635
581
534
565
535
478
497
520
518
494
480
451
475
510
530
628
733
645
585
593
518
550
501
514
492
498
490
575
372
363
453
459
617
399
357
371
362
401
411
345
370
366
360
312
366
342
317
339
355
352
358
352
329
350
389
379
358
413
417
364
362
371
369
360
370
352
355
339
503
360
353
340
329
360
333
347
334
5659
765
581
523
901
727
660
568
3991
865
703
875
467
420
495
454
380
350
347
330
363
330
316
350
462
351
358
339
358
315
338
377
359
388
387
459
546
359
367
375
322
319
308
403
381
385
347
373
383
487
439
388
427
397
410
370
351
376
379
539
556
1646
13731
2385
3726
1175
1228
1067
1522
486
24850
1199
658
453
469
420
368
379
341
343
339
347
382
335
432
357
338
351
395
356
362
350
354
358
428
382
409
371
368
364
373
352
403
397
408
359
385
387
486
401
363
324
361
362
335
356
328
320
312
309
397
363
359
337
359
358
330
325
348
356
356
372
381
478
382
376
386
337
335
358
347
357
342
348
369
340
362
351
15524
3031
2268
1431
1100
1300
891
800
780
950
589
683
503
471
395
406
367
444
424
411
378
419
430
380
375
405
441
377
390
368
398
337
360
348
362
337
350
338
363
331
368
348
364
586
476
441
364
363
349
366
377
359
350
339
325
386
368
386
388
398
384
340
342
330
411
368
351
473
377
346
356
481
445
426
409
382
368
335
324
325
341
359
357
358
336
346
341
349
355
330
348
519
353
362
400
335
352
329
365
345
337
314
391
363
406
412
380
350
368
349
360
357
328
354
350
329
341
388
377
340
356
362
330
346
346
336
324
297
521
369
368
370
333
399
381
405
430
463
384
422
456
458
408
406
423
456
462
562
15324
1253
1035
979
924
1003
942
788
675
629
15869
11640
577
527
484
541
532
396
419
380
338
337
311
370
372
329
359
344
369
335
366
355
367
336
348
323
349
367
366
429
432
400
379
444
397
386
350
366
343
358
366
402
372
405
344
393
355
387
352
363
346
349
356
553
401
355
351
356
355
412
408
384
385
347
339
492
373
373
386
363
357
356
349
326
335
371
470
410
357
343
353
359
369
387
349
356
364
343
361
414
412
421
449
374
351
361
334
339
356
346
317
331
509
426
329
340
327
317
307
348
364
438
372
367
358
378
368
360
380
425
390
389
360
371
340
357
346
379
389
21112
558
402
442
391
379
358
543
421
371
422
411
447
440
439
357
351
339
320
439
369
374
336
351
327
371
350
372
346
358
354
347
349
345
354
343
339
366
446
365
338
361
336
351
339
339
335
311
365
329
324
328
323
329
336
338
335
399
327
337
331
320
303
289
286
311
305
336
303
481
335
322
318
339
387
393
365
365
354
327
323
341
346
531
345
341
363
348
346
371
421
380
375
389
393
513
439
464
395
392
421
371
380
459
421
446
631
621
589
11493
9415
1405
1258
2283
1293
1156
641
526
478
534
500
483
413
464
408
465
393
369
421
363
418
465
404
20923
766
741
852
798
580
662
434
444
379
396
397
528
523
427
661
507
409
391
425
444
418
664
438
463
431
392
377
403
422
393
426
381
441
472
441
527
445
470
465
436
398
380
389
398
406
441
418
392
431
420
451
412
500
424
401
458
406
356
373
375
424
484
604
576
472
444
432
374
362
372
379
376
366
389
343
356
396
355
367
349
437
356
356
336
355
386
354
390
440
403
433
508
404
498
401
384
376
335
356
368
393
417
408
388
390
351
373
416
413
464
399
366
374
459
368
365
425
433
608
530
447
378
379
386
450
380
366
405
401
401
373
376
366
371
423
485
366
394
10866
1266
765
656
667
776
760
874
802
525
400
412
438
468
960
432
434
465
386
419
387
402
384
737
422
406
441
412
610
405
361
374
369
351
399
626
428
403
365
358
408
395
506
466
409
565
542
538
493
414
475
503
485
516
473
494
395
410
349
368
433
380
397
363
410
364
436
1214
533
498
477
616
620
817
838
897
1083
1124
1640
1045
977
964
968
1501
1297
1110
934
685
634
692
707
656
624
604
3710
16938
1657
1691
1278
1413
1424
1308
1339
6940
2023
867
562
452
471
503
543
527
391
365
362
399
382
785
528
449
533
419
458
378
390
438
385
453
445
430
362
365
352
366
416
498
466
397
354
381
380
338
482
429
388
442
495
384
388
376
385
346
413
351
376
404
392
390
382
394
390
358
6667
1012
777
686
705
630
664
683
682
631
511
443
426
403
438
597
372
427
363
397
372
348
357
339
334
339
338
367
533
422
466
385
364
375
360
432
361
404
563
593
412
451
417
466
409
428
456
426
442
385
497
404
347
346
400
420
506
437
386
484
473
514
490
467
408
429
406
388
396
416
503
772
504
479
399
468
424
415
496
529
476
472
472
493
408
361
400
370
408
383
399
420
393
435
386
356
364
440
372
389
388
548
491
512
426
442
435
409
437
428
399
410
415
464
416
426
398
363
373
405
416
416
499
488
417
378
399
382
372
381
430
423
411
453
525
488
369
390
384
389
364
354
404
318
401
384
395
400
365
410
472
415
434
381
378
397
404
695
409
383
359
387
458
387
426
401
392
437
533
425
415
458
6984
1286
1117
1050
807
742
827
680
691
927
2243
682
557
551
474
504
854
744
863
698
803
950
741
668
835
592
600
904
1045
753
713
22795
1560
1407
1626
1238
1063
1472
1204
1188
958
492
433
492
594
530
529
597
490
555
527
431
542
427
439
347
465
364
443
349
374
415
444
529
386
423
413
529
541
542
570
474
666
478
434
361
384
454
425
415
359
360
343
355
349
412
384
395
363
380
343
365
341
397
557
726
467
430
550
413
406
376
382
387
417
550
408
363
359
333
381
364
342
366
337
351
388
358
380
400
458
506
470
502
382
349
398
422
451
390
416
375
367
378
389
418
394
378
496
370
366
354
341
374
334
438
452
519
425
935
414
384
366
345
369
390
348
375
419
420
413
355
382
340
366
346
367
364
348
371
341
358
928
750
573
544
733
728
714
733
762
850
751
892
602
448
508
518
549
720
488
455
415
469
526
513
441
403
457
414
435
448
473
4758
748
773
659
600
649
672
658
803
813
809
835
803
751
3219
541
472
448
418
494
417
580
4787
893
685
539
491
438
606
469
394
364
374
462
416
435
414
384
356
360
337
368
342
369
379
342
324
650
519
463
403
392
435
398
424
393
389
436
370
337
346
330
347
338
311
296
336
358
369
328
337
322
317
362
423
482
581
523
503
672
412
399
441
423
382
420
396
398
457
523
381
389
444
388
395
473
636
608
576
580
972
582
586
615
567
16749
1491
1245
1203
1276
1192
1106
1142
1145
1364
1234
1141
474
423
403
400
458
480
433
420
355
339
358
331
376
322
391
322
330
348
341
357
340
329
350
334
349
300
6623
715
929
765
572
674
661
1240
5382
868
537
429
401
392
429
579
588
347
360
340
337
333
324
327
332
325
358
334
329
341
385
323
332
323
323
338
304
337
353
336
508
559
408
358
372
402
355
352
340
364
332
330
344
331
378
336
352
376
339
347
334
321
344
327
349
341
345
392
342
364
358
342
337
351
338
411
434
386
405
494
425
404
366
519
441
403
375
410
421
371
402
366
360
385
326
342
367
323
339
335
345
358
444
408
384
377
354
383
355
353
351
423
411
392
376
417
371
343
346
326
350
332
342
321
354
332
502
364
365
359
409
367
355
396
424
419
378
532
519
458
423
379
426
382
359
361
354
354
559
368
332
373
327
368
371
467
443
443
538
396
364
387
337
360
390
359
416
430
454
484
434
5788
685
612
600
606
860
936
843
735
717
694
966
729
682
660
800
807
720
632
466
434
643
552
466
421
379
387
370
420
433
445
527
436
481
408
506
429
431
458
392
366
433
341
352
365
363
347
353
378
512
365
373
393
458
396
398
657
750
605
580
452
507
745
468
489
534
433
563
562
638
617
724
595
567
632
637
644
746
693
11190
10812
1516
1381
1561
1272
1194
1376
1200
1789
1127
1187
860
692
672
675
538
499
436
444
482
437
522
431
492
397
624
409
392
399
406
359
383
516
370
371
356
344
358
354
364
351
332
379
372
347
609
409
438
410
394
375
349
348
351
346
332
321
381
377
352
377
358
483
379
399
349
341
351
337
339
364
353
395
364
387
371
424
386
385
353
348
349
400
377
368
355
348
341
336
344
346
345
328
363
324
16922
795
830
750
629
736
663
448
457
548
829
496
389
361
379
351
475
516
448
458
398
395
412
368
371
384
384
400
428
360
607
522
530
537
418
506
431
431
500
420
438
556
447
396
369
397
407
359
415
353
350
464
614
433
426
456
441
402
356
356
328
339
332
361
345
353
318
326
333
315
341
349
373
366
379
528
364
338
400
404
427
459
380
339
351
373
353
337
339
367
361
340
365
331
375
363
339
344
337
344
354
358
353
337
340
332
321
347
319
386
331
375
372
362
348
391
340
336
336
344
310
309
329
334
364
412
420
365
310
359
316
341
323
344
355
352
324
317
453
448
381
357
324
340
342
343
309
338
341
324
339
345
Average 842
