8645
20712
7968
23918
22022
10945
23809
23885
11440
10349
11619
21505
11767
22541
11000
10447
24031
9259
23618
10127
10541
12258
10677
10246
22660
10453
10164
12402
10421
22178
12262
9606
23334
9407
22967
11220
10407
35030
9402
21526
40032
10876
11311
10563
21344
11291
10169
11229
9922
22818
11060
10300
9621
24533
12836
12565
10659
10622
15753
22754
21721
24594
11117
23781
12220
27864
13820
10068
25501
28440
25167
18825
30489
34694
14137
22159
13294
26467
24755
22741
10425
23104
9289
34482
24924
32321
10844
10607
10838
11209
11213
25258
31109
17426
16289
26594
28607
21006
31951
29026
23395
26626
34478
15232
29958
24896
31680
15662
11471
23763
24992
26222
23466
10201
22772
8642
11345
23253
33204
11857
22903
31648
31310
33335
35215
42231
13344
23936
29598
24659
32171
32543
13790
33685
12641
24028
29982
26421
14955
24397
37618
23799
15311
11479
31350
10061
10668
10913
35718
17639
34935
21792
30189
12458
23387
23985
29561
13545
28384
35749
12718
10825
28407
9562
27721
12684
10908
10094
22980
20722
25995
10961
10136
24031
10252
22678
12625
9936
8587
23700
23418
25978
11032
22304
29650
34006
21290
32328
42138
21576
24620
29239
29165
26426
27693
29823
10595
25916
9561
25234
24196
23258
10369
25405
26455
9271
24414
10131
10972
22581
37369
22160
10802
22841
13550
25971
10838
20769
26519
11528
24879
8595
23266
24882
11153
8567
23515
10426
41228
8741
25975
35212
23434
35590
13854
28026
34174
11044
30698
29623
28642
10652
22964
29210
24776
11880
27133
28014
10747
29888
11192
34756
28692
32944
14285
15530
10927
20629
22336
11068
8269
23671
11492
21734
23215
10966
21348
23716
25583
10844
8730
11776
21724
24922
11363
9357
11744
11492
11231
11902
11991
11800
9066
11313
9354
11635
11738
9463
11915
11215
13420
11918
9454
11568
12106
9263
11705
11239
9276
11847
9436
11766
12636
11569
13257
8892
11333
11520
21370
11379
11800
9367
11780
12535
8925
11905
9448
12941
11453
9078
11879
9036
11771
11326
8979
11551
8866
11605
11732
9735
11848
9345
11794
9376
23929
12120
8746
11945
19549
23874
11325
9332
11740
9638
12398
9626
10783
11946
9125
12126
9195
11408
9341
11382
10951
9030
11849
9073
11882
8901
11720
8928
11509
10326
12310
11183
9171
11986
9406
12447
9145
11837
8851
11471
8698
11400
9044
24689
11309
9185
12537
9213
12387
12240
12263
9499
11878
9299
11427
9137
12061
8911
11455
11412
9179
12398
9439
12557
8726
11915
9196
11558
8935
11998
9045
12195
9390
12661
9167
12403
9108
12215
9324
12047
8695
11422
8921
9358
11931
21815
11981
8794
11947
8829
10891
9199
11956
9508
11426
9668
11193
9452
9513
11431
9260
12070
8963
25652
9129
11551
9617
11993
11399
9293
11829
8954
11159
9245
11417
9399
9404
13464
9151
11701
8973
8725
24487
9004
15306
11957
9042
11462
8833
12438
9437
12351
9212
9494
12935
20588
11167
9171
8943
12975
8985
11352
8980
9039
12588
9212
11622
9307
12113
9321
12797
8991
12061
9242
11988
9073
12230
9247
11392
9004
9258
11868
9100
12828
9308
8906
12252
9315
12980
9212
12876
9645
22358
15685
9216
12144
22488
12646
9552
10834
12373
10374
12416
9695
11915
20712
12539
9383
11179
8900
9052
12141
8912
12388
9084
12259
8950
11939
8854
11242
9048
10986
9094
8990
11857
9222
13351
9299
9205
12069
8994
12702
9051
9095
11956
8690
12857
22130
12630
9103
9112
12082
9161
12085
8790
12669
9281
9652
12581
9035
12647
9358
9407
12309
9250
12175
9843
12510
9745
13015
9140
9585
12172
9368
11866
9288
16539
13464
10273
12778
9034
9188
12482
9135
9538
12003
8982
12852
8975
9219
12957
9088
13076
9359
9213
12028
20874
12772
9151
8980
12800
9254
10906
9073
9867
12509
9515
12529
9131
11735
13561
8904
9098
12505
9106
12859
8991
9015
12670
8864
12625
9009
8795
25400
9198
8942
12744
9140
9359
12638
22868
13331
9039
9074
12876
8902
8948
12571
9154
8758
13152
9635
11841
9418
9913
12745
9524
9013
12889
9338
8952
12472
9065
11782
9179
9049
13467
8906
9227
12854
8947
12762
12446
10084
9641
12610
9006
11625
8967
9196
13161
9212
9335
13040
21295
12676
8984
9341
12979
9250
9122
14312
9144
8809
12869
9095
9337
12993
8868
9189
12922
8920
9042
12805
9032
9298
11937
8982
9000
12195
8973
10271
11878
10168
9137
12080
22488
9604
9078
12401
9374
8840
12676
8971
8978
13605
8876
9151
12668
9003
8972
12008
9008
8976
11440
8914
9336
12388
8969
8904
11433
9269
20945
11270
9292
8879
9702
13312
9015
21847
12611
9291
8928
9052
12364
9027
21874
13407
9252
9241
13837
9384
9091
13529
9233
9459
13645
13676
9036
13407
9764
9120
13143
9083
8907
13160
8836
8897
13045
9446
21997
13319
9491
9781
12195
9162
9430
11960
9577
9477
9358
13741
10508
9185
9109
14679
9120
9359
9344
12996
9039
8965
13161
8979
9000
14061
8870
9021
13362
9081
9569
14202
10575
9249
11947
9245
9197
8798
12982
9509
9183
12425
21193
14252
20161
9292
9315
13321
21573
10501
13734
9258
9211
14438
9150
9378
13498
9370
9155
9317
14555
9370
9557
9358
14783
9406
9249
9165
13029
9296
9071
13359
9403
8994
11366
21995
9437
11872
9258
9423
9150
16351
9052
9527
13472
9244
9268
12717
9754
9047
9539
13371
9414
9279
15947
9280
9665
12129
9531
9225
9273
13054
9023
9105
14285
9162
8746
11488
8880
9091
9091
13706
9388
9090
13694
9035
8937
9326
13066
9277
9242
13440
9187
9383
8899
13474
9506
10367
14373
8960
9382
9028
13165
9308
8710
11831
9276
9172
9274
13575
9000
9250
13730
9498
9210
9301
13785
8978
9003
12816
9210
23820
9629
13355
9220
9369
13869
9662
9554
9305
13916
8949
9300
13554
8986
9211
9023
13982
9178
9520
13756
9198
8877
8859
13665
9149
9083
9093
26067
9071
9168
12201
9405
9236
21844
14272
9254
8772
9516
14054
9104
20854
9215
13636
9563
9093
9233
14324
8937
9115
8943
14245
9225
9333
8918
14970
9345
9486
9334
14073
9027
9317
9014
13342
9021
9029
8937
9437
13749
9015
8955
8992
14901
9099
8898
21602
14545
9749
9336
14336
9413
9226
9483
14460
9519
9626
9087
13987
9298
9021
9063
13831
8942
9180
18034
9850
9471
9752
14998
9055
9222
9657
15866
9118
8974
9179
14038
9395
9106
9914
12296
9025
9041
8870
9428
13750
9018
9112
8860
13624
9260
9006
22601
14322
9729
9322
9068
14121
9095
23575
12351
15348
13540
9733
9365
13440
9050
9218
9332
14383
8845
8908
9193
14441
8875
8901
9704
14159
9204
8968
9055
14083
9274
8984
9063
14003
21767
9071
9043
13975
9091
9331
9032
15334
22366
9401
9577
14114
9505
9344
9564
14372
9641
9210
9225
15005
10014
9520
10370
14823
9355
9272
9735
14397
9202
9713
9342
13029
9245
9186
9672
12536
8992
9255
9710
21045
14708
9507
9160
9443
13752
9353
9457
12570
9283
9218
9405
9692
15856
9548
9577
9229
9338
13538
9226
9397
9411
9491
9700
15218
9427
8786
9161
9383
14249
9213
22280
9698
9296
14431
9328
9153
9729
15043
9339
9379
9404
9369
14621
9505
9250
9303
15548
9400
9312
10437
13124
9517
9138
8992
12056
9021
9166
9197
11978
9238
8949
9105
12506
9145
21946
9495
9076
11332
14978
9848
9292
9530
10365
15275
9426
10061
9434
9267
14509
9451
9213
8831
9071
14996
9041
9572
21617
9553
15154
10186
10006
9709
9187
16918
9743
9139
9547
14581
9410
9996
9179
14487
9553
9653
22468
9615
14551
9424
9247
9126
12656
9059
9187
9237
9140
14940
9170
9362
9202
15519
9463
9377
8910
8964
16196
9886
10696
9129
9404
14878
9198
9116
8842
14546
9071
8905
8914
8823
14722
9078
9583
9407
13231
9045
9034
9221
9350
14720
8988
8927
9130
9451
13364
8954
9259
9298
9272
14914
22365
9283
9222
8822
14967
9210
10094
9497
9858
14478
8891
8966
8887
9288
12741
8856
9223
22737
9659
14861
9797
10666
9982
9332
14696
9197
9277
9133
9125
12840
9306
8738
21288
13214
9544
14991
9075
11030
21552
11528
16286
9319
9580
9259
9252
14618
9409
9354
9074
9425
15968
9339
10055
9406
8942
15839
9118
9178
9126
9173
14694
9132
9364
10024
21463
15694
9265
9621
11186
9676
9305
16231
9658
9316
9492
9530
9182
16153
9593
9566
9180
9582
14824
9239
9091
8908
9301
15236
9096
9307
9158
9172
17174
8942
9279
9063
9091
13275
9027
9153
9087
9226
14706
9133
9198
8816
8861
8822
15030
9069
9100
9324
9025
15247
9043
8965
8843
8895
15053
9213
9031
9022
9409
9016
15129
9132
9531
8717
8914
10466
14506
21394
9100
8748
8924
9345
9213
15703
9241
8867
8820
8988
12675
9324
9025
8918
8933
9549
14660
9121
21519
9263
9255
13281
9451
9930
8908
9078
14756
9340
9694
9044
10352
14271
8823
9049
9134
9013
15196
9612
9000
9004
9100
15039
9385
9075
8998
9053
8954
13564
9218
9050
9268
21399
10853
24997
9055
9029
8739
8912
8870
9746
15808
21625
9581
9283
9293
9439
15575
9235
9244
9302
9301
13194
9088
9454
9807
9611
15763
9469
11533
10222
9406
15359
9131
10304
9786
9515
15690
9657
9355
9004
9781
15002
9219
21538
9520
9187
12881
9355
9299
9385
9233
8926
10350
16908
9372
9515
9559
9248
9381
15965
9571
9080
9390
9191
21721
16025
9225
9187
9450
9637
12876
9309
9524
9154
9868
9436
16575
9289
9447
9419
9358
9212
15824
9020
9528
9530
11901
9383
13651
8966
9098
9375
8943
8763
9271
27851
11134
13526
9534
8979
9373
9177
16854
9334
10252
13509
9753
9466
9298
16263
9509
9166
9311
8974
9010
9423
16303
9257
9215
9030
9084
9009
13234
9147
9357
9607
9196
9341
12583
9255
9260
9074
8891
9251
14747
9020
8987
9052
9249
22714
14009
21864
9686
9309
9346
9046
9403
15614
9159
9303
8985
9139
9287
16590
9346
9755
9773
9068
8976
16223
9560
9555
9909
8946
9173
16144
9404
8979
9631
9183
9442
18942
9221
9428
9243
9170
8851
16953
9042
9101
9027
8875
8914
15186
21538
9517
9587
9622
10119
9432
15889
9347
9496
9314
9714
9218
28552
9331
9607
9882
11185
9492
19581
10211
9579
9558
10421
9666
15901
9327
10081
9067
9302
9380
16209
9563
9593
10408
9117
9510
17489
9382
9027
9264
9665
9136
8799
16005
9052
10508
9433
10982
9058
14002
9818
10197
9243
9272
9107
12990
8705
9082
9009
9100
9138
12177
9010
9034
9011
9018
9010
15183
9014
9386
8986
9142
8885
12895
16110
22292
9219
8935
8666
9484
10125
16098
9148
10458
9183
9109
8712
9070
15937
21017
9056
8735
8785
8915
8987
16578
9343
9090
9027
8874
9133
16626
9261
9182
9104
22271
10907
16447
9516
9610
9978
9239
9156
17056
9920
10306
9287
9967
10226
17945
9667
9147
9462
9321
9321
16942
9565
8866
9220
9095
9777
9394
16920
9385
9564
9579
9223
9155
9278
16295
9110
9208
8964
9397
11849
10039
22985
10861
22097
9043
9044
8917
9036
16010
9122
9582
9170
9395
9957
9183
15845
9167
8829
9305
9248
8890
10816
27428
9371
9456
9390
9254
9477
9539
13656
9590
9467
10447
9320
9045
9060
8984
16957
8937
8970
9397
9253
9108
8769
16999
9174
9235
8895
9399
9038
8977
9183
17627
9507
9620
8705
9262
9269
9039
8913
15635
8939
9109
10152
8875
9000
10296
9455
15665
9285
8891
9590
9315
12843
9554
8935
15901
9023
22619
11333
14457
9604
8861
9299
15427
9057
8852
8971
9525
9034
9246
9227
16117
9696
9234
9019
9466
8930
9186
10109
14674
9123
9814
9123
8866
9051
12043
21848
14590
9002
8978
9054
8920
9110
9263
8882
9177
17208
9717
9022
9209
8789
21970
9599
16329
9337
9335
8960
21690
9245
10593
16988
9666
9477
9700
9206
9415
9552
12690
9275
9634
9424
9692
9077
20864
12922
9401
21879
10414
9734
9206
11764
12947
9373
22073
10012
9572
9805
9740
9164
10335
19317
9734
9444
9707
9282
9409
9556
9739
18041
9704
9648
9766
9739
9777
9340
9518
17418
9358
9794
9155
9852
9416
9643
9336
18385
9531
9444
9094
9275
9178
9551
10107
19697
9253
9477
9715
9327
9837
9386
9353
17192
9367
9667
9249
21813
9071
9579
9046
16143
9140
9353
9542
9209
9550
9559
9263
15735
9198
9280
11921
9256
9672
9086
9624
9757
18069
9273
9233
9053
9770
11699
13062
16124
9908
9229
9507
17745
25210
22435
15574
9550
9874
9870
9566
9298
9324
10316
9951
9686
9545
9587
10080
11322
16999
9527
9145
9052
9584
10636
10130
9729
17524
9298
9624
9173
9401
9181
9356
17909
9078
9866
9183
9255
9353
9771
9630
20276
9401
9771
9533
9018
9563
8957
9330
11625
19261
9883
9320
9146
9418
9376
9616
9050
14876
9983
9982
9032
9459
9285
9338
21254
14307
9632
9368
9515
9100
15036
10096
10008
13828
9219
9505
9543
9302
9457
9533
10259
14372
21454
9233
9535
9309
9184
9075
9302
16321
9278
10138
9224
9237
9745
9345
9355
9897
15302
9289
9599
9151
9408
8990
9903
9826
10185
9481
17702
9388
9380
9308
9449
10376
21543
9444
9162
17481
9463
9360
9463
9236
9359
10792
8978
17972
9357
9494
9488
9615
9032
9820
9115
16151
9370
9322
9154
9341
8953
11498
9170
16635
9571
9699
9561
9130
9927
9208
9257
18010
9240
9119
22309
9720
9631
9109
9299
18462
9844
9237
9115
9382
9188
8883
8972
15138
9089
9316
9247
22583
9157
9198
9533
10461
13864
9882
9649
22605
9517
9597
9493
9313
9090
17129
9114
9134
9267
9235
9129
9606
9660
9571
14089
9848
9398
9736
9699
9259
9225
9718
9029
18003
9213
9207
9028
8965
9293
9193
9045
11597
15415
9474
9300
9432
9648
9695
9263
9422
9277
11106
18317
9506
9440
9633
9458
9359
9372
9061
9245
17931
9429
8973
9197
11757
8857
8867
9007
8850
18103
9155
9212
9251
15517
25612
9806
9345
9280
18262
9283
9708
9207
9556
9485
8999
9614
9094
18641
9220
9132
9315
9392
8888
8965
9999
8917
18427
9151
9629
8867
8810
8991
8910
9201
17606
22279
9157
8850
8840
8672
22495
9464
18870
9504
9334
10713
9910
11073
9061
11037
18493
9890
9345
9488
9433
9077
9252
9468
18869
9422
9344
9409
9154
9438
9259
9797
19260
9562
9411
9320
9021
9048
9153
8928
9125
16099
9278
9000
8890
9307
9235
9075
10427
9114
12628
9239
8698
9233
8974
9104
9056
9401
9324
16467
9262
8961
8851
9063
9130
10137
10504
9191
8930
18392
9262
8879
9108
9030
9116
9488
10649
9192
18442
9255
9794
8961
9875
9163
9359
8978
9120
18514
9313
9032
9286
9263
8546
20993
10563
9287
16103
9213
9074
10838
9090
8993
9274
9009
8709
8890
18199
9026
9838
9367
20650
21059
8877
8979
9073
18490
8917
9057
9091
9046
9232
21168
10168
9042
18803
9391
9372
9398
9444
10473
11781
9360
10288
9438
20194
9703
9994
9196
9647
9682
9304
9514
9840
9769
20295
9456
9270
9207
9202
9096
9144
8989
9115
9466
17420
9492
9352
9280
9123
9397
9288
9308
9324
9980
16896
9183
20667
9638
9279
9201
8849
9538
21891
9569
18658
9270
9397
9736
9682
9363
10445
11726
9421
9169
16978
9526
9396
10331
9677
9697
9161
9454
9138
9237
9162
20056
9475
21487
9250
10160
9380
9200
9104
9341
8980
18742
9585
9686
9088
9237
9267
9361
9324
9279
21343
19116
9347
9318
9107
9332
9292
10975
9536
9766
22547
19334
15398
10667
9321
9519
9460
9532
9213
9427
9027
16867
9576
9424
8938
9081
9457
9331
9386
9090
9304
18098
10419
9475
9177
9438
9410
9291
9046
9445
9048
18082
9203
9444
9323
9444
9635
9576
9240
9343
8986
9490
19999
9347
10171
9372
9294
9360
9880
9804
9458
9312
19565
9568
9703
9191
9475
9269
9611
8942
9265
9032
18691
9113
8758
10126
8915
21842
9697
9151
9392
9724
20369
9524
9412
9445
9409
9340
9422
9039
9694
9099
19246
9212
9000
9452
9175
9184
9115
21954
9781
20975
9345
9384
9210
9323
9277
9055
9799
9547
21608
19572
9703
9275
9096
9748
9334
9215
8922
9315
20895
9429
9742
9133
9171
9525
9919
8984
9288
9658
19507
9492
9685
9336
9427
9088
9522
9455
9327
9641
12215
21722
9239
9353
9099
9372
9318
9270
9124
9221
9519
19682
9541
9202
8877
9362
9151
8866
9210
8763
8839
24709
19893
9308
9601
9823
9921
9670
9298
9338
9150
9431
13045
21418
9417
9425
9106
9267
9532
9623
8959
9188
9072
8818
18567
9149
9049
9063
8931
8795
8795
8940
8869
21906
9486
17833
9402
9170
9312
9011
9418
9123
9645
9453
10374
9336
18997
8891
9280
9105
8945
8883
9294
9094
9309
9419
8920
17569
8821
8846
8864
8885
9012
8797
9262
9204
9123
8829
9033
19703
9279
9481
8993
9414
9149
9385
9334
9572
10013
17138
9533
9389
22078
9014
8987
9095
9163
8988
9198
17266
8772
9380
9276
9388
14116
14271
12010
9312
9464
18202
9230
20733
9029
9211
8981
8954
8843
9048
9311
25072
12123
9628
8729
9267
9007
9064
9074
9432
9344
20440
9074
9709
10079
9196
9094
22083
8791
21919
9483
9077
9192
20470
9401
9714
9409
9499
21678
10044
9552
11536
10091
9859
20009
9541
9556
9336
21688
10255
10072
9818
9287
9655
9733
22144
9403
9531
9707
9669
11115
10207
22657
9544
9525
10032
19125
12485
10846
10561
10667
9673
12875
9957
20170
10334
11436
21712
9761
10730
10227
11296
12235
11055
10058
10269
13969
13947
17909
10090
9464
9425
10278
9303
9038
9136
9018
10950
9593
9815
22701
10199
9350
9710
10524
11952
9959
10817
10284
12161
9755
18804
9767
10403
10587
10642
9966
9763
9890
9720
9464
9031
16452
9287
9607
21877
9975
9822
9746
9324
9257
10007
9560
9153
20360
9566
9303
8942
9040
9311
10203
9782
9262
9296
9700
18859
9367
9493
9373
9289
9031
9395
9167
9300
9069
9175
21412
9316
10033
9419
24184
10937
9525
10173
9437
9280
9516
18085
9272
9292
9274
9527
22130
13973
13739
9704
9258
9129
18258
9171
9078
9342
9383
9218
9379
9032
9420
9368
22278
22535
24830
9840
12954
10150
9974
9452
9525
9168
9604
9329
10068
21490
9382
9129
9245
9199
9104
9553
9099
9468
9501
21351
9389
22161
9375
9318
9379
9200
9416
9571
9343
9334
9119
9204
10127
22376
9267
9608
9201
9389
9235
9541
9589
10052
9533
9289
9125
20996
9445
9320
9792
9564
9718
9472
9674
8970
9275
9245
9134
35043
22104
9800
9437
9579
10659
9708
21596
10511
9469
10013
20596
9829
9997
10228
9607
9587
9932
9447
9804
9563
9393
21010
9364
9942
9618
9447
9711
9311
9793
9495
9599
9451
22253
10178
9306
12429
9600
9637
9542
9439
9649
9524
10700
22084
10837
9562
13208
9935
9697
9262
9258
21702
9826
10135
21218
9599
9947
9489
9722
9498
9846
9381
9432
9680
9580
9635
11846
23783
10383
9463
9950
9413
21197
10061
10810
13976
9646
9525
9729
21397
9660
9626
9417
9613
9483
9705
9599
9217
11633
9366
9310
20031
9423
9796
9412
9655
9676
10061
9319
9373
9473
9248
9022
20182
10148
9552
9129
9333
12255
9113
9607
10960
11666
11498
9286
19769
9421
9658
9326
9523
9760
9714
9144
8943
9075
9418
9533
21302
9637
9818
21283
10750
9424
22040
9809
9460
11408
12248
9951
13831
9968
9635
9437
9647
9469
9612
10007
9669
9675
9340
20673
9839
19631
9779
9326
10102
9493
9729
10243
9491
9128
9152
9110
9689
9255
11796
21771
9275
9287
9236
9241
9434
9753
9529
9107
8959
9064
9616
20865
9502
9608
9371
9149
9203
9610
9650
9546
9225
8995
9108
20927
22235
9598
9605
9199
9282
9217
9117
9577
9147
12250
9119
19851
9435
9542
9302
9470
9461
9288
9357
9225
9128
17695
9383
22961
9239
9045
9385
9893
11522
9012
9248
10060
10446
9579
9674
22134
9306
8889
9205
9136
8864
8940
8694
9048
9333
8886
9034
8778
22311
9138
8744
8991
9021
9000
9728
9047
21160
9923
10169
22738
10145
21206
10301
9870
9770
9686
10897
9708
10207
9523
10954
9273
10171
9083
21259
9124
9609
9784
9929
9196
9264
9065
9653
9601
9795
9533
9488
19490
9413
9158
9086
9282
9038
24276
10073
9634
9217
21457
9288
9685
15402
9436
9210
9417
9316
9076
10128
23385
9296
9545
12383
10003
9988
15322
9398
9998
9293
9560
9748
9386
9333
9567
9759
8922
9203
9540
22825
9389
21912
9732
9483
9501
9172
11242
9451
9599
10208
9595
9449
19280
9781
9529
9433
9746
9458
9480
9898
9759
9495
9190
9624
9175
9177
22396
9475
12198
9607
23498
9821
9751
9400
9422
9628
9298
9702
9366
19037
9408
9549
9561
9854
9554
9588
9818
9407
9466
9396
9560
9485
20277
9125
9415
9469
9229
8998
9627
9352
9273
9389
9790
19811
10020
20785
9636
9224
9265
9234
9364
9371
9117
9639
9330
8935
9325
9175
19261
9371
9301
9389
9216
10097
13091
9425
9717
9235
9163
9337
9373
30715
9757
9685
10129
9352
9493
9310
9160
9338
9222
9396
9519
9587
9299
20548
9664
9321
9577
9237
9321
9295
9913
9566
9221
9140
9128
9296
9328
16084
9466
9439
9248
9244
10254
9059
9899
9474
10615
21898
9402
9792
21952
19433
9326
9104
9212
9656
9882
9299
9798
9810
9327
9053
9819
9352
9371
22003
9273
9742
9517
9314
9116
9533
9108
9410
9480
9282
9565
21740
10607
19100
9620
9108
9207
9289
9343
9511
9654
9944
9310
24423
9343
9459
10871
9685
23140
9791
9721
9581
10105
9498
9481
9802
9404
9248
9465
9268
9249
23530
10516
21584
10813
9906
9777
9502
9426
9378
11913
9509
9284
9558
21753
9682
9580
12186
9663
13639
10301
9449
9153
9093
11722
9646
9532
10573
14458
9438
9344
9283
9377
22216
9712
9492
10389
10388
9788
11451
21721
9696
9424
9562
10252
9805
16269
9970
9342
9148
9140
9727
9568
12821
9480
9443
9242
9212
9017
9066
9293
9332
9177
9206
10227
13260
19809
9144
9335
9198
9815
9239
9612
9220
22533
9412
9167
9378
9083
9188
20699
9755
9489
9632
9419
9633
9689
9238
9248
9069
9230
9421
9132
9382
20460
9305
10198
9636
9810
9705
10977
9108
9287
9089
10658
9195
9190
9413
9341
22978
9502
9273
21823
9347
9456
9456
9247
9443
9318
19204
22592
9323
9048
12676
9584
9217
9272
9465
9878
10390
21726
9392
10089
9664
9226
9290
9569
9465
22910
9616
9549
9998
9670
9493
9485
10656
10683
9742
9822
9571
9645
9460
9711
24424
9669
9908
9165
9257
9196
10766
22676
9830
9346
9603
9498
9360
9545
9736
27141
9339
9884
9452
9517
9369
9386
9526
9863
9529
10063
9659
12612
9521
20746
9557
9058
9392
9184
9502
9252
9326
9821
11476
11276
9195
10144
9648
21240
9558
21027
11269
9624
9324
9661
9327
9977
9555
9200
9782
9570
9583
21793
9194
9203
9664
9112
9369
9387
9124
9108
9352
9570
9496
11295
9660
21623
9293
9233
9176
10118
9314
9404
9557
9061
9492
9541
9131
9517
22413
21123
9386
9047
9312
9731
9418
9675
9267
9367
9417
9625
9359
8934
9273
9192
21783
22081
10506
9550
9067
10056
9251
9403
9075
9351
9182
9573
12029
13534
9207
21702
9193
9615
9489
11080
9092
9490
9282
9440
9623
9285
9181
9279
9075
9432
22558
9884
10382
9398
9435
9323
9170
9288
9428
9087
9087
22458
9876
9545
9342
19996
21894
9679
9453
9635
9106
9213
9711
9609
9365
9499
9452
9453
9673
9599
9155
26533
9418
10330
23547
9805
9707
9271
9399
9320
9834
9650
9382
10599
10292
9618
9686
22162
9448
9445
9695
9584
28147
9841
9246
9477
9614
9608
9798
9564
9236
9335
9184
23153
9295
9993
9201
9716
9147
9131
8971
10126
9269
10972
9417
9376
9234
9033
19925
9167
9205
9346
9385
9141
9452
9673
21935
9740
9818
9073
9364
10385
9886
20267
9311
9263
10321
10269
12985
9108
9782
10278
9098
9209
9184
9367
9407
9344
21982
21305
9671
9694
9054
9198
9321
9447
9486
9911
9506
9024
9735
9350
9288
22333
9405
9473
9373
9382
9901
10201
9334
9116
9188
9057
9846
9306
10666
9498
21597
9536
8967
9348
9636
9135
11046
9252
9312
9549
10687
10104
10160
8998
9853
9325
23928
9561
9184
9436
10051
9586
9346
9383
10689
10109
9733
22768
9583
9106
9171
9016
23633
9301
10205
9605
9835
9664
10231
9137
9252
9625
9114
9359
22389
9130
9224
22385
9121
9227
9050
9336
9245
9691
9068
11463
9551
9488
9131
9195
9367
9208
19854
9130
9372
9229
9228
9431
9204
9518
9394
9194
9288
9041
9193
9147
9040
19987
9256
9611
9396
9066
8992
9162
9616
8905
21542
9528
9391
9953
22539
22324
21283
9649
9773
9350
9824
9486
9581
9521
9486
9342
9421
9775
9557
9384
9688
19486
9951
13562
9679
9863
9783
9472
9300
9023
9258
9391
9668
10116
9601
9270
9033
9676
26634
9521
9528
9490
9696
9239
9589
9149
9572
9391
10386
9263
10288
11476
9881
10888
22462
9538
9474
9689
9325
9490
9345
9400
9115
9201
17881
25358
10239
9678
9137
9443
9592
36923
9689
9264
9953
9592
9568
9065
9370
9533
9686
9523
9699
9514
9324
9853
9387
21217
9541
9187
9550
9442
9240
9409
9831
10422
9812
9559
9591
14380
10033
9592
9471
21164
21388
9206
9393
9559
9246
9440
24100
9320
9633
9616
9618
9602
9351
10591
11116
21145
9453
9414
9433
9496
9716
10853
10960
9957
9800
9943
9698
12541
9305
9248
9221
20628
9403
9154
9694
10019
9291
10169
9721
9956
9403
13627
10559
9770
9360
9231
22531
20610
9333
22373
10214
10255
9965
10074
9643
9413
9439
9952
9840
9477
9633
9934
12056
9429
24907
9865
9693
9635
9772
9737
9648
9454
9564
14816
9971
9636
9690
9481
9234
10964
13006
11016
9210
9140
9840
10894
9282
9505
9418
12805
9153
9726
9444
9182
9310
9420
23745
9255
9113
9170
9408
9300
9307
9562
9151
9481
9531
9421
9885
9369
9269
9261
9464
23864
9540
11018
12416
9471
22042
8911
9856
9475
9335
9214
9579
9276
9442
9420
9493
22188
9391
10213
9647
9655
9705
9596
9911
9359
9420
9647
9597
9622
9463
9573
10004
20875
9258
9570
9316
10304
22452
9597
14120
9706
9469
9528
9314
9536
9979
9259
9936
21463
9660
9378
9639
9541
9295
9141
21937
9260
9080
9263
9444
9210
9324
10010
9558
22205
9311
10740
16643
10323
9892
10128
9200
9438
22920
9591
9770
9544
9708
9618
22097
22929
9784
9846
9644
9630
9758
9488
9688
9574
10135
11859
10071
9588
9625
9604
9721
9269
11959
26599
10357
9569
9555
9616
9444
10223
9280
9247
9359
9414
9447
9508
9122
9417
9220
9325
21809
9469
9545
9039
9924
13435
9587
9320
9227
9358
9284
9951
9162
9435
13173
9617
21274
20364
9491
9390
9536
9452
9202
9382
9248
9554
9345
9535
9406
9475
9307
9216
9698
9220
20999
9443
9112
9431
9485
9385
9171
9125
9544
9100
9174
9227
9404
9808
10270
21944
9225
21509
9743
9226
9615
9299
9256
9232
9618
9070
8980
9777
9307
9228
9636
9174
9429
9184
22102
9375
9096
9775
9122
9129
9938
9305
9571
9257
9334
9695
12730
9515
10133
9660
9287
24135
9689
9214
9841
9189
9430
9635
9414
9505
9938
8955
24335
9192
9636
9167
9538
10011
9688
22806
9360
9310
9595
10334
10469
12494
23512
10247
9596
22247
9658
10093
9671
9576
9546
23544
9550
24066
9919
9710
10015
9683
9912
9635
9531
9780
9586
9673
9466
9420
9386
9581
9249
9615
9423
22542
10587
10001
9849
10030
9804
9645
9515
9771
9349
9641
9518
11083
11304
11519
9284
9536
9566
16830
10036
9486
9348
9071
9470
9323
9917
9386
9548
9305
9418
10082
9193
9436
15669
20594
10837
21352
9604
9554
9250
9255
8972
9427
9263
9452
9172
9312
9446
9830
9652
9353
9240
9349
9437
16695
9581
9483
9452
9282
9797
9355
8839
8900
13143
10133
8967
8987
11109
9558
9548
9149
9143
9139
26647
9129
9202
9117
9461
9200
9188
9834
9069
9919
9199
9350
8720
8919
9042
9108
9334
9088
23235
9315
9171
9303
9278
9328
9070
9251
8760
23003
21335
9693
9589
9114
9336
9183
9625
12083
22293
9413
9460
9501
9049
9552
9274
9078
9368
8967
22248
9154
9346
8977
9520
9367
9609
9046
9764
24412
9328
11038
10568
9275
9482
9850
9158
9347
9422
9097
9235
9186
9574
9074
9421
9234
9321
21518
9135
9395
9283
9283
9101
9170
9331
9927
8998
10177
8982
9483
9170
9322
8954
8839
9024
22210
21202
10174
9432
8938
8989
9048
9166
8974
9044
9083
11567
9255
11819
8944
9135
9040
8950
21003
9069
9238
8992
9248
8768
9457
9006
9162
8927
8840
8973
10361
20991
9170
9007
21414
9551
21850
9682
9251
9317
9181
9505
9656
9889
9451
9349
9373
9261
9328
9433
9703
9140
9444
9276
22555
9377
9559
9126
9819
9352
9286
9701
9016
9090
9136
10698
22488
9555
8976
10279
9161
9042
9267
22737
9445
9235
9717
9343
9410
8985
9759
9276
9828
9133
9154
9101
9595
9199
9461
9152
9361
8822
22155
9609
9365
10261
10533
9423
10124
9870
22164
9492
11340
9521
9426
9227
9508
9027
9105
9996
9550
23258
9487
9592
9131
9357
9499
18787
11197
9062
9000
9439
21507
10081
9320
9260
9411
9229
9280
9850
26735
9262
27209
9249
9276
9243
9045
9422
9634
9159
9109
9470
9093
9619
9235
9409
9327
9077
9233
22561
9508
9142
9256
9244
9388
10871
9873
9312
11983
9390
9265
9984
9581
9288
9184
9509
9155
9590
21687
9730
9556
9628
10801
24933
13931
15079
10482
11813
8918
10452
9166
9170
9551
9470
9436
10350
14110
12631
13903
9743
10121
9385
9521
9560
9975
9247
9361
9340
8837
8989
22104
9621
9088
9095
9365
9138
9461
29276
9805
9145
9428
9575
9061
9322
9228
9292
9645
9421
9349
9366
9312
8996
9301
9617
9418
10142
21654
9322
8867
8943
8951
8832
9673
10043
10437
9047
8841
22562
10034
9049
9899
9266
8811
9084
9223
22912
9434
9098
9297
9222
9378
9456
10081
11500
8871
9137
21925
10147
9543
9174
9256
8899
9131
9476
21484
9335
9402
9028
9896
9161
9939
9365
9192
9259
9522
9399
8947
9079
12183
9198
9247
8976
9077
8985
24921
9192
9103
9010
9261
9190
21754
9195
9935
9101
9224
9501
9426
9489
9259
10196
9082
10970
9338
21380
9602
9664
9324
9197
9079
9064
9020
9002
9017
9032
9192
9020
9091
9012
9189
21076
10030
10669
21851
9542
9203
9865
9598
10687
11525
10114
10804
12683
9500
11148
9057
9057
8994
9165
9433
9015
8980
25396
9344
8950
9009
9284
9049
9500
9057
9034
9217
8799
11733
17280
10901
20850
9014
9038
9145
22426
22398
9873
9421
8903
9760
9363
9201
9324
9013
9244
9218
9475
9728
9123
24380
10200
9792
9375
9137
12409
13969
9445
9424
9765
10403
9773
9042
9231
9011
8955
12526
10188
9099
8867
9120
9404
9391
9663
9391
10159
24217
9367
9606
9313
9420
9364
9522
9799
9187
16361
9151
9369
9365
9416
8852
9355
9668
10321
9410
8982
9050
26162
9440
9206
9055
9274
9089
9052
9193
9095
8768
9371
8679
8919
8803
9055
9102
9069
9038
9106
9427
22792
9364
9234
8914
9098
9513
9288
9031
8806
9812
9545
9212
9046
23013
9207
9070
9436
8872
9137
8963
23243
9178
8948
8982
8881
9150
9475
9061
9124
22964
9272
9411
8897
9446
8970
9181
8768
9191
8890
8856
22283
9592
23624
9231
9321
9156
9180
9323
9304
9262
9272
9851
9120
9375
9507
9777
9327
8822
9075
9112
22187
9388
9102
9225
9010
9274
8788
9025
8960
9009
9407
9253
9155
9026
9998
22102
9958
9510
9284
9277
24225
9749
9488
9525
9303
9362
9811
9410
8848
23009
9808
9331
9624
9070
10734
10514
9525
9014
9458
9160
25897
9591
9117
9500
9054
10350
10444
21711
9207
9068
10131
9015
9302
9128
9455
9124
9974
9316
9264
9318
14963
11576
9381
9389
9007
9294
9099
9593
9057
13007
9478
9652
9615
9300
9308
9255
9440
9574
9175
9731
22296
26186
9515
9245
9279
9145
23191
18062
10739
9361
9137
22339
9879
9385
9476
9237
9560
9773
15425
9566
9957
29818
10028
9463
9695
9479
9849
10423
10055
10603
9992
9244
9930
10149
9858
10246
10928
10447
10310
9229
9187
26316
9733
9820
9554
9691
9578
9560
9567
10202
9505
9339
9749
9367
9402
9561
9949
10319
9423
9484
10056
23452
9566
9307
9595
9770
9329
9306
9383
10608
10160
9549
9475
9521
9322
9347
9995
9490
9206
9446
9379
24828
12985
9604
9596
9521
9387
9184
9383
13155
9558
9562
10377
22008
9243
9254
9201
9351
10030
10169
9151
11057
11205
9261
8971
9550
9201
9467
9762
9243
9021
8844
9515
9556
20830
9347
16021
9401
9377
8993
9323
20429
11214
21964
9627
9886
9922
9511
10005
9653
9191
9536
10152
9460
10132
9430
9810
9538
9940
9698
9713
9226
23715
9814
9754
9403
9199
9367
9181
9117
9428
8976
9964
9560
9191
11945
10460
9405
9075
9155
9051
9279
9255
18925
9741
9456
9333
9821
9573
9211
9364
9159
9848
9207
9675
9788
9925
9426
9338
9463
9726
9294
9259
9190
24277
9324
9372
9255
10581
9974
9406
9148
9138
8922
8815
9133
9052
8975
9996
8879
8957
9073
9356
8786
9037
20868
9587
8953
9237
9424
8870
8870
8778
9088
21540
9865
15196
8949
21794
9373
9249
11907
9477
10475
9100
9089
22307
10097
9277
9196
9087
9448
9298
9730
9430
9385
10508
9506
9524
9683
10355
10492
9258
9225
9273
9193
9086
21853
21559
9335
9655
9418
9635
9818
35821
17207
10463
9400
9352
9204
9911
10536
11372
9715
9867
9951
9237
9536
9318
26056
10169
9314
9545
9812
9942
9440
9462
9223
9488
9549
11685
9585
9954
9649
9890
9796
9488
9263
9434
9394
9237
11088
27497
9797
9740
9761
9951
9841
9606
9249
9736
9819
9518
9694
9599
10731
9180
9356
9109
9025
8884
10480
9635
12452
18328
9683
21758
9697
9568
9896
9883
9565
9300
9662
9529
9671
9626
9712
9447
9252
9616
9390
9327
9457
9186
21628
9420
9113
9325
9190
9228
9227
9179
9422
9224
10023
9496
9402
9578
9995
9736
9156
9173
9338
9348
9449
21902
9741
9149
9345
9012
9590
9385
9488
8981
9605
9165
9069
9408
9438
9336
9397
9290
23173
9594
9707
9173
21780
9806
9476
9345
10082
10165
9459
9870
9209
9376
9324
9531
10337
9468
10286
9970
9377
9358
9360
9348
8914
23470
9491
9595
9587
21648
9706
9242
9260
9074
9210
9182
9699
9341
9018
9388
9855
9761
10731
9246
9021
9332
8958
22999
9618
9228
9173
9429
9244
21816
9317
9437
9836
9111
9390
9474
9312
9391
9631
8993
9167
9064
10732
9045
9510
9667
24420
9586
10406
9954
9481
9379
9910
9444
9716
9115
9080
9225
9232
9260
9605
9171
9729
9156
8979
9314
9173
9642
9044
24202
9186
21844
9825
9644
9944
9890
9213
9225
9482
9564
9139
9875
10025
9618
9341
9358
9404
8969
9318
9185
9006
9371
21603
21706
9258
9700
9097
9347
9096
9277
9465
9287
9063
9098
9599
9408
9699
10011
9616
9134
9252
9678
9461
9463
9634
45431
10211
9224
9344
9238
9323
9142
9934
9229
9150
8984
9252
8886
8912
9203
20941
9295
9301
9385
9081
9092
9465
11549
19164
9558
9487
9071
9420
9593
9604
12193
9631
9483
9434
9213
11660
9758
9327
9247
8902
8878
9005
9302
9465
9257
8901
12149
27933
9503
8878
8897
8947
9314
9464
9130
9111
9152
8921
9374
9442
9150
8792
9017
9243
9774
10297
9055
8862
8903
9514
24538
21571
9315
8832
9058
9850
9551
9835
9035
9215
8708
9111
9094
9304
9020
8883
8753
9009
24993
9375
8847
9036
9210
23397
9346
9103
22338
10209
9272
9473
12249
9508
9364
9559
9595
9286
9430
22071
9428
9093
9965
9364
9039
9331
9141
9159
9153
27334
9100
9545
9526
9443
9427
9311
9312
9166
9230
11188
10172
9646
9598
9521
9808
9048
9119
8991
9283
9221
9436
9153
22611
10197
9439
9222
9460
9468
8753
9568
9634
9304
9381
21983
9286
9802
9026
9284
9517
9365
9286
9574
11272
22819
9454
22396
10064
9635
9174
9587
9491
9851
9391
9413
13338
9704
9327
9395
9332
9277
9172
9613
10042
9165
9169
9146
9098
23100
23907
10067
9801
9871
9375
10693
10590
9907
9780
9574
9673
9516
9141
9343
9592
9613
11226
9252
9375
9489
8921
9572
9623
24244
9942
9421
9278
9096
9324
9751
9803
9616
9261
9454
9314
9131
9317
9568
8987
10881
9669
17820
10909
9158
9314
8858
23098
9879
9710
9703
9128
10080
9343
23534
9492
9372
9944
21432
12456
9978
9393
9715
9923
9733
10186
9851
9168
9284
9784
9990
25978
9879
9480
9158
9070
10028
9101
9671
9003
9158
9055
9686
9733
9258
9675
9127
9173
9444
9858
9943
9645
9500
9248
9383
24459
21945
9146
9698
9983
9296
10476
9779
11152
10145
10091
9645
10061
9459
9149
9451
9734
9662
9520
9652
9603
9652
9898
9259
23285
10810
9353
9796
9565
9340
10250
9075
9308
9570
9697
9435
9840
9775
9904
9966
10271
12175
9910
10441
21805
9944
9483
9614
24606
9917
9669
10055
9609
9651
9595
9711
9221
9471
9837
9318
9291
9452
10347
9120
9565
9800
9103
9039
9326
9088
9238
9472
28192
9836
9516
22056
9609
9348
19326
9361
22427
9543
9032
9586
9177
9231
9289
9355
9132
9628
10751
9571
9431
9231
9624
10206
23820
21724
9327
9372
9855
9431
11534
11575
9768
9927
10026
9705
9931
9548
9736
9468
9652
9736
9448
9558
9232
9107
9296
9148
15322
15859
9287
9814
9555
9960
9440
9611
9575
10587
9220
10121
9256
9319
9228
9241
10316
9336
9392
9155
9199
9222
9540
9233
10685
23201
9337
9230
9208
9296
9246
9280
9372
9425
9137
9129
9321
9565
10003
10313
9842
9659
9902
10271
9478
8816
9037
9713
9196
10862
25262
9643
9159
9051
23971
9138
8941
9030
8937
8970
9108
8933
8838
9186
9110
8882
8940
8853
9113
9029
8929
8923
8665
21155
19318
23577
21472
9348
9404
9403
10208
9471
21922
9426
9411
9251
9541
9060
9321
9715
9492
9128
9481
9325
9231
8972
9111
9258
9554
9867
22969
9876
9336
9191
10557
9228
9393
10549
9206
9662
9222
9188
9366
24138
9532
22100
9675
9597
9867
9563
9462
10429
9538
9591
9852
20081
14081
9619
9720
9749
10087
9534
9278
9867
9124
9506
9092
9397
9641
9362
9425
8926
9157
9287
9188
9947
9676
9471
9406
9260
9265
26400
9586
21051
9228
10289
9542
10541
9274
9600
9327
9467
9012
9357
9226
9377
9550
9526
9355
9165
13790
9459
9050
9285
9101
13722
9348
25631
10087
9247
9450
9957
9157
9367
9261
9271
9400
9077
15181
9493
9783
10318
26582
9600
9571
9182
9845
9329
9255
9558
9281
20749
25129
9821
9396
9851
9577
9507
21836
9934
9437
9303
9584
9348
9215
10258
9506
9080
22225
11149
9502
9524
9494
10056
10016
15860
9770
26648
9705
9979
9498
9676
9629
9674
9307
9422
9596
9697
9586
9862
9608
9368
21497
10566
9690
9456
9817
9666
9333
9796
9555
9496
9393
31508
9944
9451
9467
9696
9409
9656
9951
9706
9613
10383
9405
9483
9313
9659
9503
9490
8979
10674
22163
9399
9764
9404
9817
9637
23339
19302
22563
9858
9545
9517
9521
9590
9458
9649
9756
9507
11370
9319
9867
9397
9282
10461
9359
9765
9710
9869
9825
11935
9577
24336
9686
9729
9558
9665
9664
9760
9799
9843
9669
10863
9782
9773
9531
9311
9238
9134
9394
9382
9375
9731
9502
9470
9425
9246
23209
9530
9605
9307
9708
22490
9946
9656
9809
9313
9377
13237
9453
9306
9479
9378
9623
10163
9300
9145
9198
9664
9285
8998
9650
22219
10264
9239
9569
9374
9333
9911
9512
9415
9450
9501
9215
9735
9750
9355
9491
9506
9516
9085
23066
10448
9163
9238
9160
9455
21875
9445
9316
22823
9801
9716
9512
9969
9374
9412
9323
9866
9735
9402
9413
9487
9630
9707
9428
9947
11075
9529
10008
9398
8993
9448
10793
32960
9465
9262
10529
10185
9381
9245
9269
9294
9245
9142
9489
9812
9552
9296
9038
9669
9875
9124
13548
9379
9605
9488
9887
11166
11924
24953
10472
9311
9343
9401
20435
9243
9278
9173
9131
9370
9501
9416
9589
9206
9198
9380
9548
9190
9120
9009
9268
8832
21524
9339
9104
17460
12100
21203
9419
9452
9547
22169
9843
10180
9513
9344
9465
9541
9408
9494
9675
9432
9696
9237
9463
9533
9291
9980
9805
9790
9639
9348
28881
9536
9316
9644
9362
9536
9317
9468
9027
10600
9787
11698
21378
9945
9548
9257
9572
9267
9202
9167
9813
9747
9564
9472
9677
9859
27886
9505
9713
9684
9225
11615
18391
9221
9354
9754
8972
9130
9349
9264
9301
10615
23751
9542
9469
9305
9274
9271
9649
8995
9034
9041
24981
10658
9310
9298
9485
9410
9804
9027
9520
9717
9715
10629
10219
10088
9261
9398
9853
9358
9142
8929
9320
9381
10122
10679
22644
18985
23209
21771
10026
9894
9504
9384
9729
9765
9600
9369
9381
10275
9864
12640
9789
9545
9544
9648
9218
10303
9300
9575
11302
9642
15189
9899
28700
10097
9707
9677
9355
9650
9273
9611
9321
9178
9363
9829
9364
9688
9140
9478
9854
9282
9177
22292
9265
9280
9307
9247
9223
9138
24005
10207
9314
9527
9499
9615
10383
9796
10236
9545
9492
9002
9390
24785
11226
9493
9891
9396
9806
9931
9373
10700
10017
9869
9692
10040
9913
26803
9941
12104
9681
9644
9180
9370
9261
9099
9444
9231
10184
21972
9806
9229
9503
9829
9393
10378
9544
9235
9796
9154
9565
9637
9387
9879
27858
9872
9280
9342
8971
9193
9280
9287
9572
10054
9101
9503
9735
9352
9089
8934
9201
13076
10361
9821
9881
21765
9501
9075
9291
9020
9278
18629
13703
9693
9139
9648
9136
9314
9056
9992
9177
9284
9456
9533
9171
22616
11678
9784
10043
9389
9528
9927
10337
9562
9560
9423
9414
9956
9427
28353
21999
10122
9880
10063
9896
9308
9726
9398
9350
9425
9601
9378
10011
9666
9479
10158
9555
9656
9474
9502
9275
10021
9069
9650
29184
10170
22786
10657
9404
9349
9444
9073
9123
9546
10023
9120
9269
9682
9170
8968
9275
9654
9371
9120
9220
9093
9193
9268
9493
9373
9474
9196
9292
23397
9531
10250
9442
9525
9156
9191
9292
12457
9756
10419
9216
9166
9306
9078
9109
9706
9532
9190
9423
9066
9797
9710
9289
9224
9060
9218
25283
22355
9477
9524
9149
9251
9332
23443
10749
9735
9421
9381
9424
9455
9603
22283
9249
9179
9038
9387
9485
9454
9204
9789
9867
13777
10172
36637
9368
22759
9862
9643
9780
10083
8836
9526
9534
11734
9775
9716
9038
9210
9560
9342
9622
9409
9831
9258
9550
9312
9075
9166
9443
9225
23001
11623
9265
9522
9477
9713
9078
9192
9226
9061
9939
9230
9740
9490
8924
9581
9703
21883
9888
9273
10656
9301
9211
9692
9334
9622
9357
8996
11716
27731
9589
9302
9269
9551
9070
9376
9434
10154
9916
8980
9432
9357
9508
9212
9376
8934
9394
9697
9149
8995
10535
9631
9337
9137
8961
8835
8766
18395
13615
8947
9121
9238
8873
8884
8800
23629
9933
11587
9436
9496
9992
11113
9109
9049
9598
22602
9519
9641
9128
9225
9163
9138
12575
9388
9319
24121
10393
9341
9399
9236
9723
9359
9138
22169
9907
9299
9320
9392
9798
9166
10033
24228
10999
10034
9326
9373
9367
9529
9555
9307
9570
9245
9525
13185
35856
10230
9224
9109
9362
9260
8916
10860
12835
11315
9448
21984
9610
9318
9391
9252
9054
9403
9092
9327
9175
9181
9174
9322
9403
9716
9688
9373
26762
9489
10234
9481
9412
9527
9460
9677
9149
9597
9230
8949
9040
9466
9276
10143
9255
9016
9176
22514
9871
12315
9258
9055
9173
9815
9336
9432
25425
10284
9399
9647
9450
8991
10060
10731
9327
9249
9203
9125
9232
9581
9314
9413
9233
9207
8927
22625
9741
8889
9216
9374
9272
9346
9304
9370
23240
21300
9082
9573
9446
9209
9299
9530
9152
9287
9061
10024
9984
9357
9554
9222
9356
9348
9190
9250
9150
9054
9106
9003
9066
9243
9233
8992
26079
18901
9931
9256
9186
9164
9328
10149
9672
9410
9440
9470
9146
9204
9072
9438
12637
21047
9656
9512
9159
9410
9389
9166
8985
9372
9495
9321
22436
9861
9316
9391
9436
9717
10578
9575
9580
9427
9130
8997
9211
9229
9505
9493
9312
22517
9374
9825
9984
9577
9365
9261
9166
24318
11422
10651
9924
24893
12285
9507
9754
9338
9181
9166
9050
9438
9173
9253
9314
9414
8953
9097
9591
9392
9506
9070
22752
9389
9531
9297
10107
22149
9845
9501
9492
9807
23736
9997
9210
9272
9659
9426
10373
10206
9249
9443
9191
10064
9339
9295
9724
9755
9378
9461
9719
9440
9146
9694
22157
9838
13568
13386
39571
10112
9340
9474
28669
9584
9883
9740
9912
9574
11740
9509
9456
9648
9809
9450
10110
9192
9592
9779
9855
9558
10364
9870
9768
9470
9465
9874
22712
9838
9718
9719
9807
9531
28063
9858
9585
9562
9841
9665
9973
9369
9602
9572
9976
9827
10253
9661
9586
9324
9231
9444
9633
9388
9315
9237
9612
9603
9584
10009
10190
10023
9745
9302
26018
9904
9617
9355
9594
9419
9418
9334
9185
9375
9120
9398
9240
9307
9730
11209
11670
12999
10167
9398
9339
9007
9376
9314
9249
9730
9284
8999
9127
12290
38377
9668
9101
9446
9888
9148
8970
9514
10104
9407
9268
9269
9372
9285
9169
9638
9120
9693
9580
9331
9411
9156
9636
9139
9187
9493
9250
10019
9174
9528
23613
10856
10394
9583
9831
9713
9262
9010
9464
9324
9607
9267
9115
9457
9257
9537
9074
9307
9459
9323
9129
9230
9260
9067
9691
9312
9224
9042
11028
9126
29265
12384
9765
9210
9543
8899
9513
10620
21396
9352
9519
22392
9571
17532
9577
9183
9122
9561
9283
9579
9224
9353
9535
9473
9850
9237
9446
9261
9132
9276
25382
9420
9295
9337
9121
9213
9565
10096
9343
9085
9295
9308
9356
9323
9094
9167
9261
9568
9163
9763
11194
16245
10138
9995
9324
9073
22756
23425
9579
9326
11242
27923
9892
9615
9318
9515
9597
22899
9715
10003
9388
9586
9462
9219
9768
9761
10224
11533
10709
13467
10054
11277
10332
11662
9899
22833
13659
10018
11220
9773
9482
16997
23654
10503
9722
9686
9905
12228
10513
13751
9746
11799
9818
10102
9318
9800
21268
11206
9953
9414
12152
11087
10764
9745
9609
11817
10933
10076
9706
9754
10216
11227
25705
13575
11582
10103
9684
9620
10330
10003
10656
9944
8888
9577
9834
11885
16893
22437
12942
9793
9694
9549
9301
13280
11172
15535
11740
9796
14584
9591
14432
9848
29067
10201
10250
10394
24114
10831
9906
11696
9722
9353
9374
9184
21945
10039
9730
9407
9296
9546
9465
9471
9626
9401
9638
9677
9471
9400
9669
9253
8940
9352
27885
25602
10200
12833
11707
10451
14686
12169
9799
9533
18519
11692
10816
9925
10312
9842
12115
12635
11525
9507
9659
11507
10095
25487
9959
10767
10491
9271
9468
9346
34066
12625
13556
11325
11765
9689
9571
10039
10596
10368
10560
9945
14349
13357
15006
9655
9232
10036
11748
9683
23614
9882
14427
10147
9984
9920
9674
10079
31163
14052
23299
23454
10178
13284
12106
10042
13536
10160
12223
10260
11260
9703
9472
10727
10333
9729
10001
10377
13005
10420
9772
9656
10772
11025
10404
10328
9633
9488
10481
10813
10489
35387
11978
10040
9395
9606
9824
25854
11303
9796
9737
12820
11164
10761
9533
9634
11858
10460
9834
9596
10036
12436
10463
9767
9620
9914
11885
10585
9897
10808
20688
26158
37346
9540
9730
9665
9384
9531
9164
9248
21946
13951
10438
10101
9627
9397
9667
10002
9565
9414
9515
9933
22100
10531
9679
11014
22326
13948
11536
11272
10147
28916
11915
12256
10456
9975
10979
10018
12212
12918
9676
10377
9581
9859
9565
9776
9387
9475
10359
10222
9462
9846
9417
9606
10732
9479
9460
10522
10014
9748
10461
31597
11033
10867
9956
9996
9669
9622
9511
9821
9552
9813
9992
9289
10191
9446
9083
9399
21449
9711
9716
9410
9554
9453
9996
9358
15180
24351
9407
9527
9176
24891
10295
9665
9536
9475
9478
10060
9620
9643
9772
9676
10541
12409
9886
9442
10515
12209
9437
9945
9415
9785
9308
9636
9474
11094
9829
9938
9446
9133
9471
9435
28187
13126
9744
9123
9381
10285
9516
9168
9341
9579
8946
22857
11104
10127
9831
9730
10197
9311
9391
9834
10150
9603
9688
12445
9602
10241
10505
10123
10050
9315
9544
26321
10828
9507
9387
9642
9737
9621
9653
9628
9227
9395
9451
9394
9374
9476
9830
12194
10079
12095
9508
10670
9957
9336
9589
9491
9198
9575
9568
21787
10389
10612
23760
12160
9788
9478
9471
9442
10033
9375
9529
9516
9705
10337
9472
9876
9922
22602
10043
10508
9854
9459
9573
9686
9761
11472
11405
9426
9576
9675
9635
10048
9220
12849
25036
9758
9594
9494
9581
9753
9439
9831
10542
9913
10143
10031
9763
9558
9980
9764
9558
9256
9393
9525
21476
10009
9866
9313
9772
9276
10256
9525
9678
9408
10708
10064
28450
10593
10536
9615
10622
9772
10168
9704
9549
9410
9640
9190
9457
9381
9322
10379
9585
9414
10093
9711
10069
9401
9465
9608
9164
9361
9379
10328
9692
9180
9111
9195
23012
12785
9416
9343
9493
21374
9450
10332
9186
9072
9372
9225
9414
9279
9448
9228
9281
9395
9185
9259
21894
9292
9401
9268
9386
9275
9572
10448
9486
9264
9498
10030
21986
27834
9656
9814
9358
9546
9304
9266
9708
9124
9373
9703
9523
10051
9456
9728
9088
9290
9536
9466
9270
27877
9684
10725
9411
21784
10668
9296
23426
9529
9657
9401
10092
23326
15874
9844
10111
9551
9431
9404
9711
9538
9558
9385
9538
9553
9614
10253
13327
9382
15591
11356
9610
15271
9766
9048
9570
9611
9053
9065
16295
11391
12235
13537
10896
18496
13244
9235
9396
9602
9593
9399
9122
9337
9716
9291
21788
22172
9599
9198
9798
9921
9638
9697
9576
10282
9620
9802
9876
9435
9185
9419
9576
9453
9498
11026
9479
13088
24503
9718
9752
9574
9450
9440
10043
10220
9161
9119
9259
9947
9539
9118
9494
9410
9166
9230
9162
9185
10465
9264
9414
9435
9476
9135
9478
9366
20833
9302
9611
12387
14741
27603
10016
9546
9520
21738
9548
9525
10056
9347
9425
10275
25673
9494
9949
9981
9324
9967
11001
9459
9244
9295
9407
9467
9538
9385
9215
9399
9447
23064
10107
9447
10363
9405
27415
9720
9400
9445
10541
9727
9673
9730
9761
9615
9300
9795
9606
10052
9753
9688
10436
9261
9804
9457
9728
9499
9191
9363
9326
9187
9136
9151
9454
9558
9428
8964
9357
26637
13714
9027
9313
9309
9393
9397
9437
9459
9163
9525
9551
9151
9329
9167
8975
9323
13461
18859
10205
9177
9181
9267
9176
9335
9106
10295
9030
23236
22690
9773
9647
9501
27853
9885
9789
9699
9484
9638
9473
9937
9644
9716
9712
9947
9297
9639
10165
9917
9239
9128
9147
9375
9632
9023
9627
9355
9746
9324
12800
9416
9242
9394
23428
9750
9343
28275
26786
9769
9656
9457
9559
10021
10161
9554
9560
9418
9638
10526
9359
9469
11350
10387
9529
9222
9493
9731
9340
9703
9604
9882
9695
9596
9740
9510
9538
9717
9717
9861
25244
11857
9413
20606
9690
9299
9239
9369
9189
9165
9565
9928
9642
9003
9266
10115
9624
9623
10293
9351
9348
9602
9412
10070
9671
9161
9260
9300
9137
9130
9461
10579
9181
16670
23655
9214
21211
9478
11465
9387
9234
9348
9528
9209
9641
9824
10315
10277
9575
8955
9098
9478
9105
9312
9442
9159
9324
11148
12507
9408
9725
9217
9370
9533
10192
9166
9937
35301
20158
9395
9721
9271
9682
9711
10318
9507
21656
9288
9315
9667
10397
9436
9778
9296
9120
9587
9132
10059
9456
10118
10327
9346
9170
9541
22991
11592
10252
9741
9240
9383
9508
28692
12498
10349
9482
9691
22695
10036
10088
9842
9825
9268
9555
9333
9369
10032
9481
9439
9340
9554
9633
10213
9963
9714
9855
14873
10340
10708
9406
9357
9335
9260
10921
9414
13065
28361
9793
10358
9378
9581
9517
9547
10632
13875
9694
9592
9960
9673
9632
9524
9615
9860
9529
9848
9778
9454
9482
9499
9993
9817
10098
9625
9956
25882
9116
9234
9373
9342
32145
10309
9747
9719
9138
9436
10115
9194
9146
9366
9090
9159
21543
9310
9123
9591
9765
9246
22135
9891
9291
9849
9531
9694
9367
9269
9311
9095
9682
9839
9417
9419
9421
43939
9732
9864
9484
9529
10466
9460
11157
12766
11018
10485
9648
9852
9443
9161
9932
9405
9795
9605
9791
9506
9572
9370
9946
9565
9499
9486
9725
10111
9719
9276
9718
10001
9760
27859
14287
9898
9297
9471
9798
12929
10041
9484
9089
9757
9290
9447
23499
11003
10039
12476
9676
10036
9800
9909
9696
9829
9960
9347
9423
9622
9694
9894
9729
9259
9259
9203
9225
27120
28225
9587
9729
10108
9606
9404
9646
9414
10766
9484
9510
9572
9486
9620
9925
9359
10681
9174
9809
9568
9519
9648
9910
9086
9333
9876
9395
9054
9367
9386
9298
9431
9250
9185
36447
9660
9989
9575
9493
9362
10653
9985
9819
9207
9685
9298
9589
21531
13601
10780
9284
9365
9444
9090
9030
9110
19621
9286
9300
8818
9590
22647
10111
9479
9702
9487
9896
9637
26428
15727
9917
10191
10019
9631
9692
9491
9229
9885
9482
9295
9182
9432
9216
9249
9173
9179
8911
10579
16304
10038
9257
9068
9242
9386
9847
23157
10270
9120
9214
9150
9426
9286
9227
27424
11226
9377
9335
9302
9128
10147
9217
9257
9355
11793
15275
9755
13031
9313
13004
11605
9234
9425
9241
9618
9648
9769
9068
9546
9085
11084
9333
9093
9428
9093
9283
8926
9154
9082
25660
11651
9127
9573
9269
9287
9609
9202
9450
9245
9484
9211
9488
9148
11180
9168
8824
9176
21617
9612
9408
9166
9149
9227
9462
9454
9027
9306
9054
9154
9034
10131
9841
9137
9337
30373
9734
9519
10036
9685
9405
9321
9203
9455
9226
8944
9368
9787
8967
9057
8961
9161
9054
9033
9049
8827
9189
9154
9329
8894
8568
8901
9476
8965
8978
22019
9835
9109
9251
9097
22544
28458
9877
9604
9502
9302
9402
9570
9394
9473
10671
9472
9366
9476
9324
22291
9177
9476
9655
9604
8935
9445
9355
22371
9919
9166
9311
9521
9095
9242
9298
9242
8926
9257
8981
9729
25516
13767
9521
9481
9419
10539
10488
9481
9709
9975
9339
9187
9559
9151
9162
9752
9658
9152
10049
9422
8870
9230
9118
9117
8926
8980
9104
9387
8987
9526
13497
9128
9354
9119
9043
9037
26045
14880
9801
9547
9000
9282
20696
10338
23278
9636
9800
21905
9579
9414
9289
9534
9255
9854
9408
8934
21000
10119
12173
9749
9247
9793
9406
9930
9565
9578
9573
9781
9752
9779
15884
12459
30853
10782
9327
9529
9759
9481
9238
9594
9316
9481
9114
9457
9375
9407
9493
9440
9481
23265
10849
9772
9414
9667
10056
9754
9269
9395
9137
9459
9282
9917
9414
9585
10186
9387
9080
9139
27141
11699
9588
9298
9094
9471
9314
9621
9814
10270
13228
9355
9391
9334
9655
9456
11901
9275
9609
9541
9787
9373
9150
9307
9114
8962
10029
9463
9082
9282
9096
9789
9197
9730
9228
9053
23842
17971
9476
24103
9525
9394
9165
9039
9552
9217
9270
9340
9311
8932
9046
9167
8770
9285
9300
8990
22138
9299
10202
9202
9578
12532
11280
10382
9046
9505
9489
10083
9044
9516
9286
9420
18954
21835
9360
9214
9100
9150
8753
9212
8953
9217
9016
9052
9107
9393
21620
9939
9493
9310
9441
9502
22076
9190
9307
22915
9869
9425
9365
9897
9420
9688
10860
12055
11096
9446
9604
9307
9415
22217
17245
21251
9656
10076
9663
10901
14302
11112
10545
10156
10023
9702
9725
9545
9847
9404
9667
11069
9427
9569
9412
9659
9588
9943
9693
9055
10047
9094
9302
9664
9214
9251
9217
9101
9235
8933
24389
14649
9242
21186
9524
9450
10077
9444
9809
9741
9325
9312
9797
9723
9927
10225
9282
11340
9042
12050
9613
10135
9393
9251
9390
22997
10674
9270
9850
9567
9772
9415
9457
9860
9685
9696
10204
39353
15792
9707
9428
9606
9419
19465
10979
9706
9503
9588
9691
9439
9968
9365
10086
9462
11921
12520
10417
9517
9681
9841
10599
10002
10048
9675
25626
9842
9687
9318
10085
9099
9315
9486
9256
14956
23775
9466
9412
9610
9221
9784
9419
9538
9193
9634
9224
9425
9506
9126
12424
9388
9950
9281
9356
9301
9576
9773
9838
9734
9306
9822
11175
9950
9575
9781
9418
8958
9439
9742
9341
9389
24578
17406
9483
9514
9218
9172
8906
9481
9028
9075
8852
8874
8947
9490
8857
8972
9431
8946
9072
9201
9333
9493
9019
9656
9489
10775
8825
9100
8867
9299
8985
8985
8732
9168
21029
9091
8969
27555
22842
9302
9404
9438
9534
9875
9163
9394
9536
9361
10133
9297
9228
9542
9688
8955
9327
13625
9824
9807
9176
9171
9204
22915
9143
9311
9316
9181
9203
9178
9463
9341
9278
9255
9633
21963
17205
9644
9216
9366
9342
10398
9865
9544
9222
9235
9130
9125
9066
9134
9382
9486
12974
9118
9056
8942
8801
8985
9649
9289
9059
9039
9175
9140
23102
9283
9307
9364
9842
10162
9328
9235
17876
22301
9812
9392
9081
9505
9427
9430
9248
8858
12318
13566
11420
9376
9029
9285
9690
23397
26122
9566
9221
9312
9226
9326
9353
22842
9574
9443
9533
9616
9459
9312
9646
15788
10928
11261
9352
22623
20927
9610
12178
14814
9256
9348
9511
9232
9139
9623
10137
9533
9260
10467
9378
9784
9328
9293
9216
9347
9057
9260
9556
9304
9364
9350
8983
9304
9511
9463
9065
9400
9504
9317
22149
9477
11320
28512
12379
9449
9478
9235
9232
9270
9528
9322
8977
9725
9559
9476
9167
9583
9426
9462
9427
9494
9168
9438
9091
24162
9251
9604
9030
9658
8958
9679
10419
9730
9298
10664
9434
9886
9289
12169
14127
26386
9536
9722
9328
9290
9208
9533
9442
9299
9008
10253
9237
22648
9525
9127
9463
9677
9404
9426
9154
8995
9637
9610
9624
9598
9096
10207
10515
9703
9303
9085
9285
9498
9627
9005
9407
9274
13975
24279
9344
9585
9313
9314
9232
9414
9495
9645
9277
12844
10924
9607
9765
9338
12105
9299
9297
9508
9831
21576
9530
9246
21598
9545
9192
9870
9189
22748
10354
9496
10120
9656
9657
9516
9407
9741
13238
19008
9593
9648
10112
9597
9680
9439
17418
9767
9621
9575
10933
9231
9822
9413
9520
9374
9448
9216
9375
9555
9523
9654
9209
9790
9156
10194
9253
9294
9422
9026
10777
9135
9042
9412
9570
13695
22543
18812
9717
9202
9360
9608
9406
10824
9595
9269
9628
9396
9342
9350
9691
8922
9090
9488
9517
9460
9319
9668
9356
9313
8905
8986
8968
9387
9495
8963
9606
9546
20972
9268
9573
10187
9396
10614
9033
27833
17179
15982
10099
10372
9651
9957
25482
9385
9976
9839
9322
23757
9965
9617
9809
9557
9539
9821
9831
9886
9482
9625
9819
9619
9624
9573
9485
10315
9438
9652
10039
9656
9599
9527
10026
10255
9701
26292
16078
9590
10156
9488
9134
9258
9676
9514
9356
9348
9328
9157
9774
9160
9351
13329
9873
9252
9395
10022
9734
9432
9418
9488
8984
10933
9208
9513
9418
9280
9569
9042
9317
9199
9264
9446
9022
10765
26766
18232
9404
9270
8962
9555
9610
9490
10275
9444
9166
9099
9172
9428
10416
10287
9460
9325
9013
8855
10845
8876
9317
24842
10171
9361
9148
9211
9412
9344
9473
9280
9663
9368
10455
9414
9657
16524
9774
34428
9380
9529
9198
9245
8915
8942
9343
8818
22788
14955
10014
9360
9296
9368
9628
9437
9179
9346
9405
9195
9624
10781
11214
9169
9400
9153
9450
9398
9422
9295
9088
9315
9359
9253
8999
9260
9063
21830
19400
9158
22008
9277
9382
11512
9253
9008
9334
9309
9513
9305
9368
9246
9315
9288
9224
9685
9129
9293
9566
9211
8880
9134
8930
8888
20835
9552
9326
9535
9355
9069
9052
9166
9341
9065
9182
9158
9250
27781
21525
9606
9265
9274
9899
9358
9505
9476
9262
8850
8987
9243
9200
9191
9044
9007
9007
8967
8962
21672
9144
9138
9491
9216
9003
9340
9320
9265
9492
9468
10850
13417
11426
9058
9050
9201
9074
9396
41424
22690
9693
9014
12392
9812
9072
9331
9338
10825
10488
9649
9191
9342
9698
9376
9550
10585
11188
9820
9547
9363
9582
9439
9402
9466
10421
9023
9337
8885
8865
9778
8980
9025
8860
8989
9272
9160
42539
9443
9302
9041
22555
11098
10633
10418
9091
9578
9063
9233
9323
9322
9227
8992
9106
9062
9480
9153
9404
9257
9185
9070
9330
9544
9037
9040
8802
15709
22184
9412
9477
9032
9095
9064
9503
9301
27060
14715
9625
9113
9197
8831
21734
9404
9529
9592
9406
9140
9608
20932
13640
9196
Average 11140
