271513
431373
292712
306822
525561
526055
569212
587815
307964
374360
582537
352751
521892
307858
320018
464839
444556
302269
348409
303776
361231
299933
340451
299763
314666
309681
321953
299231
288624
284937
292286
329224
277582
269903
307430
357910
291755
278891
276350
350178
286951
283265
288397
323424
316549
288499
303792
365835
299700
300393
345889
292892
348252
299466
324713
299166
327456
313766
327806
296800
324411
304941
295330
333729
317825
297769
309201
296288
334255
317849
326368
324701
372567
319191
332269
338519
303410
348884
344711
310735
308554
381855
395797
304069
356982
335297
314892
307643
349649
337608
347395
361421
332787
317259
365522
405571
327195
359989
335964
335908
308230
330418
341312
372793
353510
363822
373953
381837
325200
330346
329373
327606
331972
344749
373495
354991
349846
320268
323332
378414
365989
362807
358003
362689
334080
432391
310300
302964
289941
315149
354235
291351
365712
323352
331796
334292
352585
323709
332978
327330
297728
305318
359700
294716
360498
315362
298615
292497
320189
318222
287287
287343
343233
286636
363657
314033
305317
295503
325516
311182
338680
398527
315589
335907
325661
345034
317928
307431
312475
326401
307843
371921
308873
334482
311276
320851
327712
336664
324628
306772
304892
309074
327963
368668
306536
326687
307204
293799
331722
307199
282338
379144
312832
318999
337008
300601
314753
312983
303580
291320
285717
291292
297736
396322
296749
291708
304953
332868
293722
289038
284770
300303
350742
368044
307964
313598
309767
349611
291777
343210
293954
292516
340688
310244
315145
293964
289292
292476
278943
275941
364230
312476
309190
329756
322183
291945
352381
307577
330135
303712
357015
296699
315352
297608
370603
338051
301450
310765
292731
362021
295265
312760
298040
291208
336928
288060
356906
317833
296789
325142
297168
304866
320866
302661
305898
319960
338928
315463
299978
290451
359264
305337
300043
345809
302577
309599
300027
291394
368360
299434
309960
292529
350244
302319
291830
367333
304685
319479
290505
295285
289139
311864
395463
303834
297678
300733
292382
350454
298228
290927
321160
288881
366851
297305
304056
307699
322894
294981
289754
314173
294425
287273
332681
336290
356228
305173
298322
292455
334681
294939
289817
362448
314091
302560
303493
290494
339340
305803
294252
323858
310482
295534
288282
415768
340115
348965
314366
296984
381929
307887
301995
298206
288540
302217
331182
302476
295996
294101
302510
376814
295694
309086
346588
297287
329308
316400
327908
298484
335974
305966
283482
285484
382204
324273
355437
302671
364668
314094
306803
337820
294452
293209
377912
311707
297880
326167
307166
294816
316101
292959
290658
286660
370087
297833
307744
326556
312930
326945
313927
331183
302852
312843
327898
297227
311136
290481
281734
326084
288965
300477
286721
359651
302287
313666
287859
310482
285741
324230
288692
344311
353897
347597
308953
340766
322849
306388
311464
318090
303380
322094
310585
286811
285558
315059
311009
297476
395947
330335
306162
302760
303126
324287
301717
308223
384369
309961
336190
312682
314756
308744
385445
313504
316044
299464
349717
315371
311095
334331
317267
302430
297076
326269
351737
304285
318137
308106
297305
351221
321642
310461
310440
305117
308229
290687
288156
289373
279793
305825
315324
312647
286991
311757
298971
356844
326391
350709
296285
297383
298976
297049
366399
299480
301723
320855
358751
304707
294054
296131
295429
335566
289913
297910
281242
360425
296027
292908
368798
303040
323258
339485
298588
297002
295846
333878
296432
341822
294738
324908
292020
292879
343011
343102
314450
314019
294469
309083
292737
290400
377281
302742
306462
290304
328710
291386
343406
313678
351837
314741
301094
326428
330096
296153
292183
292344
332676
287344
289713
298619
281434
395651
305684
295510
301011
306846
327293
294084
292495
317712
331088
288592
301518
285304
342145
289839
356087
311557
297187
297856
289227
303504
286406
333549
303490
326519
293521
294713
284193
327513
284152
284010
308556
318554
326538
289570
379631
306012
313392
300493
288964
326972
322683
296068
361146
302254
337483
323574
303175
291949
324296
290974
364366
301903
301677
320299
290599
290728
336112
295320
294331
318588
383674
307332
298469
299973
299977
296596
296770
414482
318916
332333
310279
331375
313944
314286
323574
324118
302560
329616
313853
308369
337872
303508
332696
316665
305018
342755
327283
317577
369058
331592
324147
318204
315011
311876
295192
360814
331149
308306
367910
298483
302704
304493
355453
326542
329981
300190
304981
297238
358263
368526
356498
319476
299955
300679
306765
294487
314582
364129
355792
298717
306817
303434
292412
286879
341245
357334
309732
295122
293038
298574
346488
297829
310669
338452
316284
323378
300292
307730
299997
390797
315061
307907
359008
353230
315962
294814
319293
300979
323119
289608
329146
289498
310306
288175
380910
295915
313763
317514
307669
380680
308247
336372
331856
309341
326875
324714
335871
342222
313920
319920
358644
318128
319839
307399
372169
300440
305475
292978
302085
288596
299936
358262
349006
316165
330757
303460
301561
301998
353830
299089
353832
306042
329712
331872
361935
322317
336208
326603
330064
306214
335832
323768
330626
305900
349003
354653
300605
304127
344667
310827
294682
315786
306684
393133
318428
326738
294750
296892
374106
305217
315374
297599
295967
369294
309072
311582
303777
311139
312288
330917
301833
293485
335899
290758
298690
303335
379910
315587
296798
301510
361005
366017
322268
305914
320705
296919
310290
298000
291859
288456
341781
353959
311031
315652
301366
287313
287551
362598
295617
291957
330831
364909
330938
332457
298521
295928
297031
347704
296025
329603
316359
289448
341294
300453
369149
316663
311329
323689
295556
296939
292443
327069
416024
382906
364227
388038
341423
347442
315678
298966
350840
348407
322919
347478
331718
300140
313870
299779
342250
333411
310174
303039
321897
307781
306813
319251
300613
296955
375426
307569
294035
361731
306421
299232
287651
325653
294078
295014
292291
328070
379544
308088
297782
297329
295430
372463
300323
297720
359004
309670
313233
333281
297421
304345
288697
294536
280201
368155
298247
357127
302937
303542
289834
292199
311227
369092
295185
314313
311409
291038
332561
285340
303274
320539
290718
281761
327113
336487
292229
329631
296900
296018
334563
349259
316795
295845
343717
300891
306702
296370
329469
310588
289471
294609
280191
290207
276903
398108
305506
338983
305817
314617
292355
286322
364061
302371
295860
306342
284714
286053
339367
355703
312314
294092
301288
294027
361657
322986
332883
306266
361511
306780
302679
299327
298557
357891
306967
299625
345499
294938
290043
330948
295211
326997
299192
323662
287437
287830
288325
295602
284880
370102
290959
318082
285842
297513
276963
339800
298788
342515
305661
297703
289155
304343
345259
298511
326740
315510
298582
288234
354735
293484
290295
294133
367635
333379
320107
320318
316683
298000
344663
294517
307707
286632
289394
345225
292588
320532
302577
290523
350427
353906
303673
326763
295549
301928
298094
288483
376377
320586
300680
292655
355736
295308
331594
317750
336198
327049
298812
298134
362268
299418
293590
309525
323396
294901
358636
293289
294507
338115
287101
364833
302784
297442
292218
357562
302331
324205
305065
289439
334948
300119
294875
340742
292336
283589
295103
392724
308951
329317
303989
297626
291629
288469
351885
303386
295105
331714
297417
353473
325766
327630
319447
351320
302834
313878
294509
294774
337133
294499
286966
285538
309047
363856
318568
315836
323646
302305
291207
355281
324628
320104
295718
288523
324718
291555
341797
296985
290158
284777
281738
273993
386396
296965
293367
349911
306434
293792
285981
299921
358451
305526
293306
307756
335676
304478
306535
356689
332399
308046
299860
376751
327075
306477
317816
299707
300068
343169
315341
299698
360671
318764
326504
300117
327257
295056
296926
287687
332423
305102
287018
283361
361061
313277
311907
287888
292745
329733
302081
369267
304878
322520
308929
330497
297616
299418
294271
366705
316402
303603
315325
301170
315650
356660
304334
299984
331823
331388
292474
388400
306205
297875
289974
285477
380692
297339
309381
288401
289456
349017
313506
294927
293904
285263
378798
304523
303176
299236
352153
298512
288910
342355
286706
296152
281376
372713
297342
287843
293589
316847
289114
283981
280204
342767
293427
281746
293222
330926
290392
329400
333162
320329
298851
294759
300051
302758
320589
287515
360368
310370
294767
287655
282423
289708
397715
299875
333642
305389
310606
300688
328612
293146
286129
370946
324243
300794
293156
294154
303015
327673
326361
288547
294674
333790
295789
284138
349990
294406
299789
314230
286402
282258
377012
328500
296747
292410
282039
280352
279578
356812
292366
333243
289211
285488
337052
321010
295299
347774
295940
298842
337435
296608
284724
289492
277740
340267
287984
279974
320012
362707
317329
295063
290615
290114
283671
276837
282510
309109
358042
321732
337177
303925
289642
294191
308440
333150
323162
293109
289569
286953
282521
374777
292391
307474
354099
306112
289676
308616
285229
283724
280077
330303
285720
341175
320716
298794
288888
327652
286651
282943
369435
297840
290879
291522
343478
297330
286219
301857
311937
343239
324307
294132
331093
289904
289715
292711
290240
314332
278099
285122
359017
290660
363302
302768
295412
286449
283741
284896
350955
283821
285945
279351
298310
274501
305219
352929
283866
285165
286138
338118
286099
286621
278377
305800
277279
304448
355058
310116
312534
285748
354982
291044
295339
292430
285217
344425
338026
294193
293350
333592
305397
295660
291241
336927
308559
336169
295234
303270
304928
292904
289551
283964
297075
357361
293210
336230
292266
329022
295461
288940
329826
306748
295488
304480
287565
281721
378380
292961
317607
296191
301432
322214
291161
288542
328112
338310
317029
297692
303687
325174
290737
318880
286986
358359
298893
296567
335232
294871
291426
320490
286537
380273
311077
317797
314053
294208
288617
331048
299053
285395
286822
282923
356200
288178
285252
284770
269553
381215
292902
291618
344345
292918
299476
349738
289523
290931
283404
363486
301323
292319
290828
332195
287659
318925
285526
321655
288593
284984
281173
389698
299984
288043
285841
279014
347304
305021
289293
280612
341927
290731
313287
310339
287926
309067
275575
342244
286735
289840
349982
289773
287856
298084
310068
289472
278987
293136
318965
280527
277704
387818
292248
288070
337711
289939
287328
284810
306816
285050
356670
293293
289160
341585
290950
282127
281003
348076
288102
290920
299407
282618
275731
337369
280418
284233
309486
289272
343404
338689
328379
293872
295939
288962
279955
278599
277798
282550
357607
324361
288915
282958
408033
321299
296175
295908
321600
333885
304235
291480
320964
337396
294044
292674
368014
297875
291710
311143
289393
292307
278637
326399
283117
289383
355953
295751
290901
296917
281152
283890
378042
301949
322155
306158
293362
290280
343083
295820
286516
286612
317913
346503
361320
302465
294880
292847
281926
290699
288288
352951
287015
281961
302926
295003
287143
337465
290402
281121
283471
293359
387968
293124
359258
316916
301087
290741
291751
317853
314118
306237
343111
291816
305312
285832
349488
290375
309918
284587
281853
333344
340942
296816
282970
286234
342826
294270
285355
334358
282647
286297
283354
370773
291894
284799
349395
297564
288217
293693
301959
278085
277095
306785
354020
302533
286098
294231
329358
284145
290465
279466
291553
273569
287956
383930
307600
287032
350755
295364
287640
348769
314040
290686
292807
290764
305283
352262
293445
300812
291543
333099
306565
291052
300955
281833
281498
387912
316138
291148
304296
342679
298131
293037
321111
296090
361364
304739
293416
309096
289828
340164
295831
294246
279326
275442
357617
284304
284664
278693
273906
399356
299259
303951
305533
283116
282089
340919
307029
284151
296193
363862
291255
293135
284328
281433
356239
292296
309302
306704
283931
288917
357037
325695
292866
295457
289873
363966
291710
292810
304683
284540
302909
343628
294521
337905
299731
286450
297131
278577
289268
333190
328889
333933
300820
288226
330943
300677
335613
294132
293934
286643
279307
303065
278413
278393
367230
290597
377965
308048
324677
313457
349768
307624
294132
292992
324083
290776
354368
295437
306428
301820
306240
309038
303881
280838
338302
336333
322646
303392
295287
286096
287840
308185
352007
296957
286039
349292
299971
291366
303929
285943
282891
274605
369036
286587
284035
377740
292018
294444
286871
344408
309652
295344
290851
283074
345429
309215
282304
292061
328980
323169
291466
283869
359084
295158
307436
338592
299255
328565
302281
295181
317270
286251
314033
290819
342778
297518
312168
285023
282432
283519
351532
284579
290167
279924
321715
287406
307526
334813
285501
332477
288931
348611
295046
288836
334155
289841
299414
282851
316358
284288
279400
282752
277168
378822
295315
304339
328860
301632
288545
285611
308813
286817
293846
278454
325157
281149
276231
396931
300339
330466
309537
295615
291270
319963
285589
281621
280315
340515
289789
287533
294110
279403
319631
282851
297058
300993
290677
280390
280502
366926
284005
285013
291686
372344
287165
293838
351659
302035
298866
284193
283650
341470
299230
341479
289342
296689
282605
281338
286510
356615
290148
365154
297354
303138
335118
292096
325821
289286
291154
317740
350414
295952
292707
293314
288589
283018
331691
278449
331519
351971
296700
343149
318196
314108
298525
302965
312910
293776
305346
279438
367169
293885
296264
286875
374037
298301
328702
298324
294208
354486
299295
294428
304092
288190
282500
395297
304304
317255
288104
302369
294542
292835
281176
348512
287711
367893
293080
330833
291562
292844
294979
310066
330653
321881
308156
299611
356775
305750
296994
288762
285587
279612
340318
280251
287390
373399
300301
291663
285836
330377
308327
312348
290002
345369
320174
299738
294455
284938
282011
278479
353207
287957
303804
287469
287402
354588
287522
349074
289876
290106
331076
297089
286112
289997
345091
289437
281745
282368
285564
365485
291511
314388
290768
347944
290683
298037
320217
288216
284233
312693
300225
358429
296150
294762
284946
290533
358663
326879
315409
294065
296307
349405
314190
296656
290550
324612
286382
282062
305949
292231
285242
295845
304334
289221
274720
370245
310119
286605
278152
291875
273503
365694
322609
341491
294036
341345
307513
291347
291968
289173
276900
372012
291139
297395
300103
303909
284639
328385
335251
291386
300930
283092
289780
337796
362216
304784
332526
314905
304829
292812
287472
348497
294172
368155
304957
303043
294850
289489
286250
279392
278259
384994
295308
289341
309578
292782
283673
318376
283567
374860
297150
305904
295035
316269
326715
330629
294100
287791
288932
328825
286759
283159
298555
284440
294577
294818
304498
343164
290097
280959
293548
338909
284657
302815
280306
349444
312353
286057
281141
363455
309712
294699
347624
312374
301102
285089
321586
287778
291566
279767
351308
288375
286933
327529
284318
306193
343157
304734
310613
290528
294571
282595
310258
291106
277600
385210
297867
320773
331581
294953
318877
326688
292392
292817
282357
282948
374555
296664
295397
321137
287280
286267
298368
316423
280894
283158
335653
285251
294097
323012
287840
282647
356660
318191
292070
302447
312107
285372
319684
286061
281773
347745
291837
290122
280299
306770
285711
348105
330895
285448
368027
312638
297258
292182
313696
303646
321606
291215
351413
315497
291274
293964
320495
285344
326565
309137
287816
340742
304247
293778
284509
284237
338012
290920
288907
279679
329809
310161
287541
281465
283599
292555
276339
353991
366154
297784
292994
281322
292049
288793
354202
335451
293654
295806
287599
288958
322645
349785
314192
309344
296259
339518
296633
307994
291936
316862
285728
287170
279977
328391
299364
329198
285827
306227
345262
294493
313395
295766
284518
307648
278116
345554
280168
288121
280599
357344
288666
290039
301198
280786
379371
298565
306300
341300
293475
304790
293321
287589
296954
285698
274311
307890
275022
296076
308714
360916
306015
317750
303728
311691
292848
284496
282675
305460
349735
322372
295462
287143
283026
353802
298256
302185
299866
340127
286543
284039
335080
299254
285446
350079
297411
338338
299628
290169
288196
328690
367627
305454
302083
362338
322022
317398
314630
311054
314186
297573
289418
350999
299201
295925
290332
299957
326785
286588
281236
285888
369272
297230
304133
294012
302290
285669
337590
306584
302769
286250
299085
368154
294054
307076
302649
319565
303203
293817
317029
292573
287765
395424
301609
293632
293857
347376
295497
294336
288867
288074
324545
288378
278934
277895
309196
350680
285846
287461
371554
312790
300145
301004
350900
308671
288898
289873
300495
353060
290602
296527
384667
324476
325098
301708
294434
299260
289991
321546
286311
364765
294434
295115
287697
298170
282106
343468
287487
282820
364677
295495
289688
348889
294289
327115
322968
301038
294314
317589
292867
286122
364613
295181
298063
349234
301374
291668
289783
345902
294739
301404
335158
293699
305004
286014
319383
286197
284448
334752
346326
302912
329258
291355
291019
291383
357744
293319
295950
285295
283282
345790
287924
317275
288657
284680
338821
285235
289998
326376
288140
360721
325688
299450
308225
295734
289909
315674
305415
299426
291865
331420
302845
294155
320639
286795
283236
377578
311483
313512
295200
342593
297738
292114
330405
324768
294432
297704
287183
282442
340098
293401
290689
328700
304282
328617
293623
315391
308743
309681
343665
300094
285530
289180
281042
373268
296183
286161
336757
298999
285291
279172
280033
300183
342554
314501
288279
291637
365860
290472
298076
288722
275526
349118
305649
336173
309959
307431
292207
289983
328506
286809
290335
345446
290624
288189
280410
292943
349601
283258
284686
281181
391290
298019
295063
302162
284660
337838
309216
292154
319222
285985
285893
377430
293861
336770
297637
303542
356609
317422
297842
295035
296187
365067
297871
292525
286092
305039
329870
289165
288655
279731
279974
276564
297934
278311
398578
296510
336872
295003
292963
315764
293453
284717
298636
360699
309217
292667
313360
348439
317992
301395
308340
297440
292333
314605
286235
278064
320874
352573
293666
287839
287587
286379
284427
357318
283732
362450
298466
290419
314816
311811
314962
286027
347992
310998
300739
289085
329938
336029
301655
292783
289488
279689
299682
274633
289800
301442
373047
284150
352975
296852
288439
361196
311093
292609
324144
295192
302833
335168
301838
286725
284942
374438
314954
316963
299410
301295
283317
332815
290164
286284
329608
297032
321033
335783
299990
305044
309744
309240
317898
286423
288301
280789
313061
279580
352434
289007
327098
349877
316131
329593
303233
297913
290080
327488
317882
338877
301282
293874
292880
351715
296876
308070
307099
283331
283056
277488
279647
354751
333050
298764
284660
353815
314828
287529
290651
291714
300354
294004
364318
297530
306171
289638
293386
311801
287939
286006
303894
322194
290012
298971
368000
295439
317725
296750
287108
282382
343351
281996
288178
331238
285968
333424
339074
314042
312178
299435
289689
349144
318541
309417
328963
311287
292103
289537
298869
286348
373204
303026
289573
284269
292215
369209
311505
291028
295852
284884
285449
275602
389328
310488
301573
287349
316094
299455
290791
284117
282442
291047
354648
285307
291895
339757
282724
286962
281854
287046
318708
297953
278223
363598
288958
292994
340376
289585
293687
358829
320993
295727
336811
297719
326843
330313
292179
291329
307994
288951
281712
279345
354351
282969
332763
288916
280242
292275
353211
299385
285249
278496
300597
375174
291188
349670
311940
296069
290440
291085
283253
329768
304388
282398
376684
302443
294567
286897
318239
282645
319705
333693
296820
291953
290061
286018
340586
293302
301286
312180
281999
362177
297963
287785
291204
280583
342132
341302
303123
286844
287138
292468
323015
285655
363483
313275
292041
290955
319080
356678
308216
298438
298358
289912
277447
277302
367471
290117
357114
295784
293621
302065
316077
307042
345600
299369
291554
338441
298849
322592
312862
302636
300318
346436
294116
326719
326970
322097
323483
302649
292325
297465
350578
293205
291524
347375
299204
297053
344675
293813
294824
287768
286757
281159
299495
368263
286173
290074
281300
374419
293037
286970
283089
329369
286169
350102
309601
288407
288685
312515
281986
358300
301675
350872
316766
296451
336404
297488
290536
339816
296829
291847
285967
327502
306072
337657
297632
320469
295746
283563
300956
281345
344500
288772
281593
279330
272779
276267
375496
287473
284929
323984
290987
373620
303477
296750
303624
284142
276032
314461
330702
284579
301262
298617
361176
294337
295848
288253
303609
284913
345003
338197
294459
313440
285408
324446
349635
314044
292135
292524
295864
350334
296588
288150
328571
291189
285902
317638
283321
337781
288205
347753
292225
319958
299835
306418
305427
287801
297467
291184
278070
353349
288859
279757
386663
307821
293187
294452
287060
363358
300417
289898
315686
287975
282718
309498
281610
360494
296826
290598
286659
287525
326056
281224
330889
287458
284779
328680
362075
299479
293840
288267
283573
344343
284535
286375
284800
278015
342587
299794
284875
331203
339018
317103
312075
324128
293861
300418
305459
289785
296007
348560
293345
289945
348856
299467
290587
282090
341107
317119
306798
339862
296894
323882
293139
320647
293383
285851
354646
307357
303636
293244
286149
283591
282174
353281
302019
289312
288901
283204
277580
292014
370018
289194
288311
338515
289070
298333
331596
304831
284722
283954
287867
366675
297567
287030
289331
297251
279784
294947
352436
289138
281416
343735
288676
284183
318693
279600
278896
314323
388194
303778
301877
288570
307309
346423
291071
314572
289297
346882
290616
287217
336404
292492
283725
300402
301128
344068
338994
303104
305776
292749
281819
279263
285981
335077
315588
304062
337455
298176
284864
320442
288165
346031
304075
293548
352063
302346
294962
338393
303347
310880
292149
316930
301659
289116
282588
361915
293006
303826
336403
290539
305387
302434
285133
338189
293180
321597
286689
359294
303184
295005
307437
341098
298656
296056
335708
297838
310298
287785
285191
343148
297784
335695
291769
306390
289796
335328
321515
310738
293749
295073
283097
297323
280269
343725
331815
305946
293018
287340
327955
308192
300363
294489
305248
304081
283621
272324
353081
354173
311987
293774
293474
287605
360585
297802
290485
290829
340750
307801
294742
286204
278209
340385
288639
286864
285926
344723
332178
342645
298138
291842
294709
287907
346514
292224
290879
321007
283700
278152
276239
278897
287010
392861
291572
291169
278998
278197
388582
319901
302146
284448
303163
283413
295671
293727
348687
302771
285685
354152
303183
300465
294376
341481
294973
310624
340211
316813
295776
311033
343019
311610
300721
292092
305850
344422
292584
308717
305981
282757
296100
282588
350404
344655
290401
374942
300449
307257
309822
306557
292760
289247
285369
283429
350845
281657
288453
280050
324091
301980
330830
306413
292068
281713
283570
285783
280232
377391
302320
289690
373541
306384
350824
299556
307988
295132
288027
289983
285864
358284
338772
316109
316526
323827
300235
337876
298307
292752
306293
306957
294088
285733
313883
328287
291648
327315
290843
299924
284396
278071
322120
298927
281533
355383
306235
297276
288875
283593
283576
366337
295850
321862
291281
333281
292604
289083
318629
319514
335014
296193
298690
283625
333655
303302
285255
315999
283123
289252
298304
310409
333968
304535
331632
294350
300472
326099
315422
336131
314497
295772
296520
350070
290740
296898
288952
300640
286566
282450
353266
286454
283902
280944
345803
285096
288476
344858
284138
317954
293227
284792
280969
282347
278150
270419
376408
300297
312754
289549
285277
313169
279369
294369
320826
335743
335889
292995
293273
287021
284683
295121
335690
322703
288120
281625
387550
302141
293053
298366
298524
351687
299326
310568
297111
333225
304475
296275
322109
293220
284772
283438
342647
307397
284558
277913
359506
291696
305428
313943
289542
347150
299730
291965
335505
293551
289600
287858
278521
379562
298519
286302
284981
391987
304563
296843
308094
298453
317197
302589
284916
344140
294464
280976
285281
307895
280530
285491
277909
337824
345745
293622
285021
306631
289334
386465
301877
290766
292108
286393
326403
379959
302425
300308
298946
293704
290204
277448
282241
306493
273360
372770
287109
284556
279111
277407
302602
372955
299535
288288
322839
289169
349353
302163
334750
295242
291668
299130
287633
300905
364797
299285
319573
288417
290777
283381
327724
292711
300532
314829
330290
288147
278905
280584
342917
290180
340652
290005
282817
307438
281607
323258
291372
345644
321309
305866
307436
292910
332631
289650
284444
302951
286500
359446
290227
309765
294134
347116
293203
305561
310734
286608
362270
307546
299360
284154
281965
285542
296811
372913
294863
324596
298876
299229
302235
291492
284982
311541
314609
285434
281608
304945
285535
318889
277090
340597
289191
279049
339349
291580
349815
288427
348153
304418
316724
329846
295541
294918
307046
284607
288178
344762
334627
297721
295790
285548
373145
320244
305202
292446
288609
340405
305210
303649
324047
294982
339319
310601
313035
308820
293233
287606
289816
279354
293159
292263
273250
378434
303573
315764
288953
333062
289090
318115
287243
289261
313471
293338
290641
353521
286806
319001
288784
361091
302136
288340
304854
283663
278134
285918
354417
332990
306728
288551
305850
339536
306084
293229
334649
299366
328790
295942
309947
339176
312204
290999
290007
290567
285928
350386
291086
292428
313881
304237
282549
361213
312997
329263
293008
295665
288303
344985
293801
297040
283975
310728
276030
312613
279310
314272
299558
331545
284764
303921
280915
339495
338388
296103
308848
314441
285067
331315
322581
305052
292219
298497
283832
344463
288618
285645
280189
374469
307709
290899
350535
299777
295296
290196
291010
360118
314268
298896
287262
303384
289623
358472
312368
292972
355752
302858
297379
321935
294949
285109
285101
280262
377257
343717
309904
292881
297524
287266
358080
303225
294677
308027
346566
295247
306709
285069
288065
360394
294914
303840
309530
289707
359394
290969
306814
305067
292930
285019
284959
320663
287968
282222
334133
300518
310395
281784
335310
291203
283790
280010
361542
302523
343705
293839
290128
335727
312050
290525
326372
337050
300452
308995
298870
348829
294790
307930
293595
331651
301812
290258
284353
332442
289766
287189
303513
343003
287822
350316
290772
288531
316539
337747
302421
288097
385900
306351
299892
292677
283292
285541
330910
284969
279084
359530
301568
298335
289656
279558
297544
373671
295539
321233
317948
292146
286525
287791
295185
324788
283349
341410
291616
290760
361886
299193
287123
289130
280947
326391
304916
307807
302417
335832
291076
316222
331704
292635
305015
284214
286570
309831
290114
295612
327286
312043
333822
291697
291301
285586
362355
290369
285626
282951
341524
298213
297995
278974
327305
290861
328829
301163
299172
340187
292766
343539
295805
294101
289042
330014
289219
285404
283360
354621
282560
317022
283233
312522
334490
294829
304988
284449
334012
289151
284400
306184
365034
292751
290016
353083
323842
303712
301424
289356
293469
283255
355599
287939
285442
281611
282361
359720
320454
325155
295448
290028
351627
308977
296272
292452
285022
295497
288314
354638
293061
326141
300174
289250
282443
343495
286696
315779
347781
298494
293614
290685
284637
280844
356746
294156
353198
292095
287344
298182
283379
330119
292772
289997
329342
319999
303853
286001
281995
276229
297799
362389
284087
287975
366132
314845
321675
294793
342118
298664
294204
286760
363438
294913
296300
314734
289357
287025
281625
348859
288269
280052
376347
312083
315341
316504
293011
307673
284950
283850
288135
364679
296450
310404
292560
281686
373877
293605
296122
286374
329893
285176
289095
279628
323069
281821
329518
291199
282994
296153
281674
353162
284915
338276
309437
322433
293601
295613
286681
333917
290035
286799
286766
279269
278210
348158
281553
281303
367927
288180
291871
364068
314072
297922
287297
284304
303368
343934
324363
297966
285064
297660
347315
292782
294253
287055
284073
315800
296893
375784
295330
300686
286777
323405
285255
336534
286930
282139
280304
327103
379290
297353
291855
301903
312896
367370
309262
301309
327343
297466
301619
290240
286723
367336
292559
288488
329691
298210
290382
277942
278597
384355
298798
290638
351224
300735
295820
284641
354558
307383
294376
304055
287958
345634
314186
296592
285826
277489
357901
292962
348996
298966
292441
312207
335706
296509
293661
307631
284744
335049
285036
303619
299443
281092
278808
280527
367277
323935
294911
291360
278110
376891
301827
325626
302206
292231
288920
299088
286445
374779
300585
295906
287634
285838
342273
288696
288142
329303
284041
347102
291037
287807
345368
319479
292457
291245
350326
330415
303967
304817
303163
282492
352203
293141
291452
285816
346403
292000
291127
279882
282862
334553
319201
281205
306087
282485
280921
331565
355980
294914
308820
336628
296544
290926
310584
354413
296666
291913
285294
349056
294115
336334
301636
294996
290165
290635
328248
350329
310148
302519
289563
333337
291276
287737
343089
296323
287602
347753
295082
289358
288207
276606
282228
270355
372731
285895
297301
361479
290161
310602
286238
364534
314938
299734
291563
287917
283049
351998
295419
332434
297701
289839
328543
308896
327723
288680
289516
355689
318418
306970
297335
287208
297825
283746
284648
365435
295643
283745
287532
326151
348020
297254
299239
285317
280098
278839
308328
279823
354259
288993
282731
344877
320899
297374
283871
347878
296988
306848
289149
304029
349826
300095
302816
289505
288646
293525
395239
304326
293543
292571
333948
299995
289462
316011
300021
281962
286094
355194
289680
300508
281329
350003
290500
287186
327682
304395
292204
309501
290865
311991
292110
290201
387912
291937
294135
332035
292879
290189
288116
313826
298889
355261
296013
339570
314354
297823
297417
290554
278899
345327
285881
278704
279767
357688
290037
316740
345093
291622
307178
339776
298277
323897
297111
282990
285802
287501
293177
357872
320550
302524
284445
281140
311846
276901
288142
324515
276333
300075
286084
319900
311642
327627
284688
277854
286572
292404
339277
352657
292454
290305
283307
278411
374987
288476
288866
350798
299489
290287
291542
281190
344259
313730
287218
286790
283767
385406
304389
293077
306526
292654
281054
372795
301599
287316
335269
293992
297155
283665
285723
280892
349239
344776
295490
291144
292839
282792
353629
296097
305845
293468
280323
346824
283641
350940
289290
296298
326350
285348
286741
294362
354455
292602
288552
315246
289205
349872
295476
333679
313029
293198
295031
353020
292029
293371
316249
300768
293232
285239
350433
297197
287354
366071
291668
325166
308964
297506
308970
306279
288780
355734
293391
287988
315158
288905
314095
297793
288169
332066
336572
291613
297932
286760
304883
301156
367104
306627
329670
308979
296061
302685
302058
332743
296632
291319
308755
279005
319231
298136
328173
318942
307869
283699
325317
289618
352402
287857
286233
283868
291580
279339
314340
367803
290166
283934
350864
311928
290601
302078
291406
314546
287757
281281
287396
276339
351914
284669
284776
339708
295891
281123
283566
354561
304968
294242
333417
285187
287359
333320
283000
362473
294436
298017
302482
292965
363925
302760
290920
291433
284130
352229
290375
304829
337019
312819
333465
298531
314354
296935
289179
289172
340779
302447
307695
345387
314081
298425
295183
289252
283752
278133
360470
295504
358061
304581
295278
302762
338354
296751
293834
320378
288417
358208
296524
300909
287038
297597
357643
299417
336458
296929
307544
293279
317239
290989
379409
317568
295605
296730
301458
287978
348514
305674
283932
283724
282968
304052
359631
294356
284784
329861
298056
286616
358023
298881
294479
287061
286622
279893
298521
291058
324531
376016
320650
295826
325825
343345
306755
298816
293180
295806
330799
292459
285683
346834
295504
291270
328939
285915
287531
329447
284779
283061
374887
293786
295406
344582
311666
310133
292759
285187
329968
379669
315168
302519
303928
286422
285202
347390
291919
284224
278096
290553
337172
315584
304074
298964
287719
276866
320399
346213
296279
290607
295584
363664
323726
301200
291558
288950
288742
338442
292876
289792
340701
309768
294492
290253
288979
374064
297937
294852
284030
350627
290267
303533
308401
302023
289641
295968
282104
320579
285448
280518
276855
276958
379071
285888
302541
279663
279089
310962
285448
355372
286451
287182
279301
297420
371271
292183
336041
303812
318499
298254
288716
362880
312305
302670
294550
286808
315601
283438
327009
333462
293555
289236
284559
281848
284051
349998
287676
289580
298874
287301
308363
338190
285550
298704
342755
323343
289257
316507
310146
310686
291575
348594
292998
288835
307479
285444
317353
293096
283755
291929
331205
324689
290782
281331
301282
346684
292856
283346
316838
286648
355080
300915
292238
288077
345927
289669
287571
344703
300021
283061
315686
289460
360518
312141
292425
290782
291247
311202
296908
285105
281612
330660
284037
316800
301576
367804
299397
291179
298015
299728
296263
299685
375937
297123
293723
291191
281422
357046
336431
304772
291007
308891
287570
289988
280113
364199
308104
300105
355905
290522
285858
288828
299774
303126
327135
328841
285584
318040
284117
324648
288364
350405
295516
304997
306597
339834
293764
289367
321870
288525
317781
286361
337514
284526
290259
280278
341955
317585
288507
300440
300062
303451
312391
285126
314355
317383
315994
298789
286852
373899
297284
293149
289307
291463
320234
316577
336290
293519
288139
365303
305331
292635
286989
317546
313895
298909
287709
278440
284825
377108
305913
293482
300016
385001
303496
299217
290938
289349
290798
361339
297502
295580
349498
306012
293142
293131
283190
278348
357143
289194
285919
365268
295034
310785
289988
298179
360597
288882
292218
331485
312724
294590
346050
299633
288218
285515
350825
301031
325764
312795
293176
311536
320167
294521
321684
311123
303782
290929
284497
296326
291789
370914
292699
290987
295549
286665
287437
299340
278558
380493
294684
289370
300821
328975
285168
354338
344418
297550
297666
291618
301609
286804
337814
286511
295668
297215
357588
328702
296048
302661
295533
286994
279511
318931
358672
330391
303862
290007
283235
292511
372923
304766
294964
282661
281198
342553
301023
285706
289131
306345
288746
386225
299698
294035
346499
293319
321317
303508
293649
283289
351240
293460
285495
284116
289319
309205
336213
284427
364388
308424
293896
288120
286645
326534
291849
289439
279598
326280
279422
312013
330233
290541
279508
371635
292868
328096
304391
287912
288153
287275
281423
357577
287840
300719
313324
290400
295485
279094
291230
280526
401865
296955
293067
307479
287361
297119
284622
354043
307018
338812
319724
295175
292031
291611
341638
286321
339130
299012
323473
310156
296458
286346
356882
295151
289830
353132
298117
306976
319579
311008
347066
302009
311519
292010
311867
292212
284384
291256
277938
296088
357030
353746
299392
288812
312371
286509
298991
288344
370859
306315
304955
299276
285454
347075
290030
302602
285699
324257
284376
287542
341338
290690
281350
363187
312207
294344
303516
310039
305402
286606
286101
279017
306375
295344
405568
303561
291392
287178
351506
301825
298575
294624
287802
356786
292737
284543
283651
285995
410127
330485
305053
303662
300504
288730
289878
347261
292800
299972
293304
328790
338287
297297
289632
367414
315354
304949
298273
292463
290859
359611
293620
341129
294699
294267
290513
281306
290566
331883
362835
310451
292238
296528
290457
345864
293184
302182
288953
285353
377582
307907
313128
294221
289055
337259
297218
294869
305147
322018
288102
341580
296607
290674
278205
294042
290579
320931
286680
280568
302477
385313
291345
291566
290030
282638
356290
291278
291520
277999
345038
286487
285999
307903
347208
311194
295658
286117
333318
288623
284719
285936
379363
291293
306631
323033
300787
283499
295222
327808
299407
296900
329280
334589
292068
286651
312933
303868
285933
347866
296562
292795
354511
312265
289959
294431
352102
299347
298188
308614
321962
303244
324782
307014
299840
303206
284450
283652
325966
314829
338107
301621
310804
286577
349609
294001
306107
284847
346270
312332
295896
288842
334229
297570
353199
298529
301951
286897
288243
341412
292917
288863
348905
296618
291176
379006
314824
315178
293731
287596
290561
280295
362035
292193
291082
279830
280550
353358
294947
301051
280599
390356
311806
318761
298454
322737
298315
293036
302689
283265
300459
325284
288212
350075
301138
285011
287244
280292
342619
320639
290749
289230
298632
306661
326907
359496
300533
296592
285572
286850
280081
276069
375259
302942
339026
307892
293918
283610
286684
295946
294483
355904
288053
330303
296783
289162
286473
307079
339605
297238
299365
294145
347758
294609
295458
284135
282156
290999
271394
271042
373893
282381
278372
347785
334233
319491
295197
292060
296535
290001
342777
295578
326445
282557
289361
345498
295172
336313
291946
336615
313969
321281
293233
293384
292554
360958
292020
292687
283764
363666
314409
317988
327383
294530
309627
336047
299500
293898
288943
283545
332047
322285
290624
290411
326300
334186
297573
290829
287635
297937
285388
370510
302414
290557
286611
338034
332904
326101
293879
354246
314422
301222
300898
297180
313406
285960
287887
286876
273943
275696
379816
293578
327641
312166
318267
324858
295331
285960
283113
284992
344374
319407
286261
290912
364013
291710
286994
289032
281466
289168
351415
335375
313332
295987
287815
293330
279014
352436
339918
316263
301230
292114
320569
340897
293847
310761
287201
324947
295264
303880
337225
288416
289291
351262
324938
302466
326909
293960
298194
288752
285160
299305
285045
304107
347724
284083
350138
293326
285314
351058
299515
316560
309979
304172
288219
284491
344576
291992
289299
278649
306664
328107
318652
320066
293384
334486
308039
311165
292392
333075
303418
307572
296692
289667
286087
293322
290754
297051
382727
306667
304440
288262
340447
295688
335637
293944
294627
365655
300281
328036
303432
326620
294163
294654
306965
315019
291047
332874
302826
320886
292222
322158
325710
296235
322352
293770
338060
312382
320747
298374
292557
317098
316297
288376
337883
302804
304714
336323
305396
294140
305980
335386
291784
295026
283313
288172
355175
327522
292334
338619
311378
299463
292471
290733
282441
353502
332791
329658
304126
324347
296058
292675
286157
340947
294367
286395
287301
290040
371804
290835
284979
298519
282249
346492
287405
325918
292679
289787
285422
345468
308199
284421
334671
288550
285696
287726
299595
323617
291808
278443
281680
381382
299440
292777
282080
364672
293660
303161
343708
311621
326862
302552
304019
290524
347653
330085
319602
298451
292107
331049
324279
314499
311006
293847
284224
347066
292645
290858
280285
332058
285056
290616
360694
323033
299837
331592
290832
297989
292805
353345
324561
299555
291009
290888
283281
308701
279797
296652
352724
291850
350219
310443
290631
290002
315073
341578
310305
291499
356388
316973
295642
311935
292772
291658
277142
290552
387021
292247
307300
289094
287363
308204
352304
293297
340413
296769
299974
318017
342999
294387
311986
288802
290574
329858
289888
286616
311339
293131
311303
329138
285899
297688
299283
278723
282632
324310
287809
313025
343854
302726
310648
287951
290370
312095
296071
312285
292078
345313
321510
291668
287779
358255
291196
302950
305839
339991
316162
311336
292194
298978
327233
332676
302426
310590
294372
329842
308364
292141
283620
283529
294950
363357
308219
309607
287152
348577
298172
289348
338362
303526
296181
283814
298927
331247
291318
285543
309000
283861
325614
331534
300852
305573
309192
303550
350956
295158
310897
291237
288066
328208
305337
284545
291025
294104
356073
295255
291895
321110
350720
296389
325164
294425
322678
293262
323416
306156
314900
288640
337664
310793
324781
296078
291295
319844
302243
314667
293659
330652
288013
291376
291035
284558
341525
289970
368560
290925
310270
325896
297408
338132
313914
294515
326124
338835
319023
300556
298165
288769
288022
330148
333855
291445
292781
297393
391566
306818
313082
298072
297267
291826
285028
292393
344396
305481
303349
334834
294554
307261
340837
313027
294888
288865
299525
284769
290254
273847
382499
293689
296174
297787
325143
335968
327502
303593
297682
337590
298012
310942
306012
301702
291231
291618
338948
295149
288592
297828
367282
303001
309322
342015
312040
299408
288546
285160
283905
338726
283345
364230
292678
306717
288643
282652
347308
294961
290581
282473
356506
297261
284520
281039
325881
289856
361047
295852
297259
306092
314968
296126
284348
296537
317826
291607
285205
298503
325814
283762
274135
285332
385402
306266
293535
288314
342455
293022
303588
285252
289683
280163
273627
381015
308560
295044
285983
312117
284252
284647
309267
311533
287178
281892
286971
373942
304307
292983
320454
325285
303632
288826
355722
294913
357730
310676
303810
327083
306091
310180
328768
300465
306473
357089
305879
300754
292168
319098
305276
308556
291343
283776
339288
287788
289955
290356
277491
365966
292830
311223
284298
287565
278052
273983
385784
324894
301222
305638
286765
285221
316870
331542
326519
296739
291438
300157
282666
354643
305929
315124
290879
284879
345627
294541
286283
375966
304538
312947
293186
333582
315299
293371
323022
324908
315069
298000
288846
288582
309901
284835
327295
338938
291454
292814
289156
363135
297208
289097
311683
282518
288917
346930
287265
287351
286325
283618
387248
315615
303476
298180
339979
290639
319261
321557
318765
291081
286732
346798
294410
301454
289945
284345
328978
298356
284818
287278
274359
332397
282968
374683
310995
313680
310599
297036
335371
297933
310924
286498
357111
294580
313560
290944
292563
309272
349946
292414
308327
292728
285324
347730
292575
297798
332588
287720
302235
286448
298812
357590
342385
306924
293923
310019
312358
290921
289023
326671
283183
285653
343959
288438
290405
279014
378622
330797
298204
295199
285993
282892
281656
355981
285723
287869
308504
316297
285686
311973
284280
327341
332845
293804
290581
329827
291917
285656
293257
284094
358762
290507
298502
312122
326943
333657
309927
295555
299856
317716
321346
290952
351693
299679
324259
292262
310841
285506
285887
311610
301499
332976
315406
289749
286755
288203
363704
325618
295998
287302
301462
283239
355128
290528
354091
315218
299356
292988
331263
322132
296598
295048
289327
283754
325853
284075
280339
321936
278830
326845
287253
295643
285638
328562
361027
296819
306550
293969
285019
282715
277397
286246
381509
290772
327106
290315
312598
302956
304241
356012
295390
304850
333745
318660
326665
316375
313278
293495
311964
285550
284552
316701
332833
290107
291178
283367
355280
291530
313408
289735
289697
363408
293965
308567
290006
289466
347333
298065
286578
377161
312252
294419
290009
290431
285703
291280
316859
283695
275478
292796
350958
277869
283800
350596
334979
295329
335790
294454
287581
311036
348398
323987
314934
302371
330107
299651
299444
301477
299729
331808
290518
314463
309753
306917
310289
305921
306518
336463
314294
340794
305629
298181
287379
302679
323659
287151
284950
294022
315165
298423
342195
292766
281584
301840
279619
315579
281106
281583
312572
341950
353868
319269
307330
299760
291982
329315
305626
291936
320551
305554
285733
318457
337104
294844
308109
336166
330611
305347
343492
304818
298307
291260
291512
333741
287535
349746
297974
295130
357659
301987
299416
324860
285553
300864
356374
301425
308183
291798
295961
290457
335964
334991
288556
292277
286438
280813
277010
366704
295865
319171
283445
344504
312520
326956
294346
307566
291611
297298
376126
304349
306614
307018
322286
294346
305003
287618
280405
311721
340681
331115
311408
296186
291638
312589
283788
284968
344035
285439
297578
366200
306570
300797
283083
287887
279703
278916
356629
316180
284225
283283
360441
308809
293846
289670
285088
327611
283169
280079
373389
294397
293805
288350
332423
291883
286596
286951
320194
363728
299004
288439
289385
331809
339183
299778
291843
300629
321795
302975
286870
359599
313890
311078
313236
299525
310546
287840
289802
285609
404580
308606
295497
286962
296165
284463
314262
318628
288052
279551
292529
305241
367313
307241
297266
286815
282709
373731
298168
306005
290113
349943
292152
299656
285721
281906
338767
295098
286096
285421
309167
331111
318334
307626
290889
306895
361363
315747
291836
305384
290421
342454
306394
286799
287690
281068
279376
388489
312714
297005
293261
330610
296080
306687
286682
280015
373857
316591
298785
288675
292601
283354
329813
287237
275595
338958
287255
281756
316404
331338
334257
291483
295715
284977
310294
283130
360848
293531
325978
303110
292908
295219
292939
334795
282605
283718
340356
290685
362278
293905
335292
309200
295702
297544
303706
308584
289031
277705
330883
303418
292827
278928
310500
308135
294851
372219
297138
291369
353368
296698
305286
287920
322452
290361
288713
283379
353236
296460
283067
334226
288565
348360
295607
319516
312484
338557
308828
293199
302673
304899
284764
283240
284064
279365
307488
268002
415698
314974
324846
294627
290542
348488
291689
293422
286497
362803
291404
290165
346100
317592
311954
301180
285953
290269
280454
305684
329250
280955
279653
397407
304446
292312
338112
304558
297778
307760
308012
300095
319691
284442
356516
297080
293667
284855
280647
277224
329632
287257
281829
335862
347728
316534
298449
309611
289280
290801
328512
339195
299293
303097
289327
288485
363088
293404
291104
286971
312678
317520
317018
334616
301295
292951
289030
293429
309669
282319
354282
290487
286224
369081
294119
298934
304010
290602
370713
300075
296460
304532
284840
282544
281424
277940
385413
310417
286233
284828
282626
376202
291062
286080
297205
284182
303891
331457
287627
379633
302745
315683
319194
303203
296436
290022
333838
339904
319482
298107
296364
290597
291268
304397
284430
276138
343767
283809
365151
298392
287055
346949
318617
295120
291888
301145
281965
311239
362818
296666
304126
285673
286632
353988
301654
283473
281914
378228
299053
325246
293874
295527
282577
331121
305730
294166
283712
361288
297058
286812
284662
364560
295445
290687
295671
313881
278760
358515
291544
299383
362639
298180
290265
326675
294362
302457
341105
295767
318256
297218
338586
298125
289836
321922
285431
292815
308904
285570
378131
299559
358610
337693
307214
307855
326249
291629
289962
289324
280225
331284
280025
345869
290105
331439
291082
318646
290986
276394
337481
300122
283141
282288
324221
289417
284140
280822
354202
290780
342710
289724
285392
346724
296847
318007
292303
312887
335423
315887
294717
320298
328713
318139
294702
334865
296631
289370
343176
292473
310850
334274
305193
291044
285637
290459
332292
290332
281288
374653
296331
292058
286670
284404
355595
292306
291056
296078
284145
334924
287634
363622
292877
297498
328394
288781
289300
284437
360837
316348
294529
287389
301916
284981
342677
294053
329319
296165
292563
281502
294883
345782
285050
291281
297189
353525
308494
333096
318435
294818
293025
297379
316786
310061
335845
295117
310057
290230
319158
291212
335852
285846
282186
310999
281379
381111
293853
328292
314513
311398
298978
302171
368609
329532
304163
323751
299610
296402
306453
340816
309003
313785
294663
294739
288363
312071
282035
355703
295265
288911
294410
365988
290808
285704
286371
328151
289848
335363
323883
296037
294450
363773
297727
297994
339966
293606
294813
299372
300028
299756
305677
286591
344644
289077
318044
284952
391851
313441
299091
310427
296524
289463
351256
315154
298353
340368
298846
293458
338582
292923
291930
286385
350382
298616
286898
282650
349039
289205
287101
329483
288845
335983
288263
288470
328969
286984
329318
289473
325245
290089
292184
353269
291445
296878
296477
290061
277613
269263
291310
382490
290572
297338
343880
294889
285914
288690
360299
299903
321429
294618
340314
317611
294824
307280
290483
348571
303531
288664
290857
309637
282373
330080
322387
290033
292983
278754
276788
309420
303492
281287
356325
282750
320368
285435
361277
293121
297023
284932
285285
280630
370294
320634
313629
290295
355424
298359
294782
332560
295983
308679
337261
315086
292065
315879
291201
291698
280393
287638
272451
377712
335509
325131
292590
291030
329302
330497
300803
292049
287278
326912
289010
304413
331427
291384
334687
326315
318114
296367
282750
356369
309974
313201
292405
284837
285408
358012
305551
311320
294740
307917
286916
341708
340318
300938
299081
308548
352110
297186
295066
311400
305491
318365
285554
311933
294862
348907
292817
288999
302114
287714
284151
304128
347184
284586
286034
285991
278482
347792
304010
291143
289354
307556
358343
349831
307602
294380
295570
312680
369278
299584
296979
289107
294824
286660
307748
305606
362398
289521
306446
307468
313924
288379
286059
385742
310223
301438
312524
303861
290881
283339
282197
298898
285179
303773
314928
286513
311635
281369
356158
286350
314244
341726
310264
305203
340810
291555
289892
284979
327298
306623
295023
315435
335740
294136
289437
286523
374759
311946
291163
316075
304310
324431
291360
291413
288376
330909
348283
298582
292616
386067
308768
299781
297470
338926
290769
338542
301185
307373
333515
327417
292220
292171
315107
286261
282281
278974
351833
289861
288508
347783
305466
294743
355791
291340
297092
297612
316857
286266
326654
323687
312470
287933
313391
291178
297902
282354
286115
277547
367972
286694
349273
297184
340568
297654
295683
336845
296882
292769
291467
297795
324474
285415
281825
354172
337374
305613
307399
325518
311224
320981
296026
306418
286306
288687
347794
334121
345249
301899
290852
291070
318774
287203
347000
310244
299730
289612
297741
287774
293416
281073
381644
291873
286067
296466
286275
281419
311593
352008
304176
338598
312076
313546
295810
309812
283273
335846
290138
293562
359884
298178
308865
285266
289968
297570
283852
342472
285152
332382
286517
349955
297585
314728
338018
312252
293594
287782
350031
294530
291236
320378
286863
352069
289506
296716
292278
359263
295511
297425
287471
284478
283841
354853
302291
339659
292326
319316
298584
302911
350354
306499
296292
288677
300789
285823
360900
334570
314248
293654
294837
335830
291301
286428
321326
301124
286737
363895
298969
306499
298239
337895
296239
326231
297338
290184
280541
285013
274179
352643
287711
279625
326327
286722
314254
334677
287548
288392
353096
297242
288631
326959
287962
306104
278883
375923
295708
294955
283684
296236
281633
331116
334329
298288
325593
289893
318458
370280
301355
301796
293583
313793
313787
304019
291194
314024
311399
369704
299476
319995
297277
313235
291660
288030
281640
316517
282760
361146
289141
319864
289710
349631
303380
289740
294199
376061
307740
310682
289881
289775
297077
281454
356175
315475
322376
292771
298069
350382
295835
295640
284813
353287
303147
303514
292756
308990
334487
294885
285151
286714
286607
271738
369349
285085
353577
314229
292557
307024
306760
337620
295294
324140
291222
305097
336619
296020
306966
290430
292864
339223
288129
280416
278453
373595
298918
290066
292279
331438
286481
326097
336089
296005
316521
291998
286525
281116
347880
290683
350650
315636
294710
293299
323522
356258
305544
296984
289928
322809
308619
289516
296533
325640
295506
330914
301431
293352
303296
277287
323721
349867
312699
302290
302475
310014
347246
297575
298919
343247
298164
292734
337667
291386
302415
311767
306826
337408
292136
311019
308206
319967
286756
289276
357141
302508
289681
292836
340191
284891
335972
295576
317338
339605
294542
288064
358075
293902
303586
339830
293048
305008
290839
318857
315816
294067
378797
301510
297803
295607
323821
306317
332380
325206
307170
293088
294963
283751
296175
282332
375896
307174
294699
296140
286247
278447
361435
285480
301295
285040
286093
282461
278649
338379
284933
281995
331879
284576
285362
278091
289363
370020
290737
298793
292804
279115
276148
337850
352300
298156
297178
289798
297170
308823
297412
294789
361315
298268
306970
291717
287436
318811
301963
350487
300710
309855
302577
338992
294086
288595
301890
357827
297243
293349
320544
307291
337009
317727
294416
290826
286374
311587
325882
282711
279450
295452
280054
367794
345878
301360
302271
300084
308091
302194
337819
325464
300144
329175
296221
305711
312416
309140
285332
280422
282789
295300
284098
289208
385451
323703
301566
306366
287783
280572
361254
324290
291708
301392
299166
283448
342441
323976
298530
322286
295668
290547
356561
297606
306020
377258
302767
302650
314245
303681
293478
322198
310845
330054
323881
322022
292417
288638
322841
286345
314747
316073
298585
350580
296707
297224
287544
289021
281273
277310
289454
379752
311567
294551
287254
279933
279419
318430
301063
355881
310703
291180
291256
280778
280329
356670
292241
322989
335274
295110
291182
335659
312530
294502
287503
329613
319512
289627
286974
279297
279015
345582
345421
293256
286503
328144
308834
287021
355767
294660
326329
308258
299878
343724
298153
294564
337249
294425
307474
289686
292663
296683
278594
371841
293178
303173
302546
301923
288815
379825
306769
293098
289396
338914
310647
299361
303992
315836
354128
301103
318362
308107
291772
324761
324105
323101
287832
291393
364554
306145
294721
326468
294126
320183
305558
297717
336845
297514
293419
348166
318044
312564
296969
287781
291828
283719
305967
310775
278034
319338
280448
282298
308707
290079
366735
323130
296078
291093
286596
366437
294244
297706
291250
293274
278404
338779
285163
375889
318921
325921
304574
312115
316360
327151
300634
298014
285525
281672
348950
291691
284956
370543
290653
288642
310757
288738
364346
303260
310354
286129
286008
392175
306680
297092
298589
284994
285627
350483
291322
289689
283930
279404
356938
335591
302126
297188
292637
285784
287235
356056
290550
335155
337966
301635
329961
309787
299386
336019
319543
299593
291111
286725
330027
285056
286900
343903
311303
308401
287801
290040
297640
288784
369149
326016
312727
292069
290768
302890
346886
294328
287919
361366
342922
300614
300846
296956
311250
285994
285885
320111
284803
363090
310005
314218
296777
308988
287132
290991
283958
278081
387481
306727
303147
287658
285406
283934
355026
305970
287652
322546
322362
293709
292941
334089
291792
299087
331084
346191
299501
296116
311164
334723
299576
297047
333137
298966
322582
296021
283821
306654
277430
327892
354744
293287
291917
288851
330632
286699
285586
346150
305522
290239
316417
286213
281460
309893
283411
364667
298430
323674
288491
312229
287173
288442
315999
310783
328349
292484
291740
306944
349695
294567
349565
312770
297729
297413
284026
284738
342444
288316
301224
281969
296085
378318
295887
293991
291142
302740
282405
275644
321279
360382
296408
309083
288290
285405
279870
326598
361261
316283
290252
288291
291777
280493
347328
303620
293852
286161
292796
276445
322725
300762
324007
296157
313104
285419
360596
293510
287307
346757
296712
322338
298010
304940
286000
347675
306121
347151
300107
315587
295191
285912
290159
285246
286208
279296
384039
294999
323414
314246
285058
330607
288405
300414
298635
362661
295322
294729
319113
292151
286832
338514
288195
284803
278815
387419
303417
307807
294611
286668
283307
343644
294057
286664
316035
349117
292054
306007
296339
318668
294417
285413
282774
368428
284447
289958
302005
328931
283425
369418
325059
298853
326786
294598
292658
349997
310980
293955
286782
286599
357385
293186
291317
329493
290220
303037
295344
350901
305966
294342
285295
286796
339811
321572
293991
283131
280374
358371
290947
292701
319914
289798
281749
312804
278098
340744
309656
302791
291729
311178
345544
301599
338821
317169
298218
307289
346539
304152
293919
286432
283634
294732
365110
301158
294209
300641
290293
362345
321792
296813
298163
305233
337900
324729
291074
291249
284251
350045
291687
307695
284799
286524
313717
298273
331664
302079
285957
284094
279842
354876
286915
299264
292441
316622
329083
302465
285680
355869
290716
291775
324208
287812
292121
289924
293218
349417
305288
286749
288846
282241
275283
381156
303413
292324
280370
291736
352062
281470
283311
288025
357243
290327
283231
275967
317524
359804
294521
289465
283063
331851
302819
334874
300662
289016
281625
324083
283999
337033
287544
286679
331418
284776
281307
353225
307947
301075
289409
349442
288842
332641
290787
328421
292792
290142
335640
296823
282044
281666
275509
282686
344295
277341
283412
384748
289392
311021
347499
296427
291373
295844
305663
296717
281016
356305
290429
325124
282460
291609
284556
275813
278955
398137
309976
287537
278247
342584
293979
289422
329812
320851
312756
289101
350028
310688
292344
306351
291474
345567
296312
284761
290254
314920
288239
378074
300972
298398
338478
333673
297489
303031
289852
324708
303205
341766
292171
295704
307533
290375
283232
292348
358335
327857
312708
296997
289373
315736
291561
318719
337970
306388
297721
305371
316917
325457
310409
307851
327877
293243
297871
319031
287383
288285
341863
288985
314478
309482
337034
296053
290087
293758
294348
350271
294626
346653
292269
292973
288042
311984
332765
293070
307693
346249
305075
295665
287052
301152
336704
290339
288472
368709
292713
305418
289683
300060
352968
304936
306501
297961
306761
289389
328446
307823
346828
303623
299870
284738
286075
282189
350069
281043
284113
344739
288173
313662
307083
338960
303427
325207
290201
312552
288186
316406
283491
285580
351685
295719
305942
287507
306186
316181
320586
291868
289221
279132
345944
307631
294491
290579
279951
329751
280569
288821
271617
366012
284757
358281
296419
293812
307826
296088
278246
324626
293729
348964
315047
303286
294318
298269
295128
315971
364978
326122
315277
302796
308838
294891
291836
330055
288423
357038
299734
305121
295198
285288
299034
279528
287785
350009
289846
294526
358830
298838
351478
310140
291403
309183
288063
314607
287386
285837
356217
326704
300949
297691
318331
338243
294216
291635
351760
298666
294824
305772
286663
282365
278187
303235
354751
292227
287724
278749
308564
344393
288749
288721
360213
295785
289168
334022
291655
290840
281057
324449
283787
338253
307232
315222
290640
284333
308085
329206
292348
282989
356516
292736
328713
292549
352328
319621
314371
307981
292968
287688
285358
301204
371518
292428
287733
285524
297717
286562
348875
295281
288027
279376
330188
285485
324423
288046
284540
362435
311322
304035
304826
366421
301625
301311
294922
302366
290801
288195
298050
355779
293126
287682
331070
290280
290062
288497
373783
312256
298017
297466
287956
333774
286532
334829
287723
284049
282307
342035
299427
289032
332907
294319
334198
298970
317691
287549
290056
288470
341934
314190
292407
286973
362915
315739
294173
290544
288090
360386
293137
287338
284546
284141
309350
342688
293435
336079
294130
291944
347704
289058
320142
348642
310672
321824
291816
358201
297503
293768
294803
290279
328782
287786
290972
284097
283971
370287
287790
330685
292394
291407
361145
315480
300478
288775
337125
297419
310512
285232
299008
293506
284720
363374
288737
292860
282356
351041
286528
295962
297864
293450
327220
288925
342650
315025
292074
293471
278576
280534
325202
379562
303870
295935
288936
318396
291994
346725
330614
316144
293049
306032
287975
291860
282598
345874
319011
293517
298683
316165
287548
316544
336290
327137
300638
292579
287022
296672
294483
318638
328974
347745
301127
303057
304518
299488
317965
306098
287461
336268
297022
314214
296786
284581
332536
305632
335423
294966
305306
287318
365925
301085
301456
300695
289393
332953
293227
293539
284312
282579
352116
288276
281251
313026
300690
278526
279056
354643
293471
278142
327514
320078
287712
299742
283590
281334
275469
370186
350701
300577
308480
293128
325063
310188
285544
363771
313493
294011
316410
295691
285854
366832
298545
305804
298374
286234
292433
285329
375798
290681
324879
325456
296591
290323
315188
289154
333253
298470
287851
287106
285921
356168
301446
331859
296443
322099
292134
289475
358922
298286
338925
292042
289919
356026
296881
307706
296285
298629
346543
293608
307201
294479
326348
294439
288620
312284
290050
363312
333068
329375
302079
295812
291778
294168
363785
291269
301030
323990
307556
334445
297147
324340
297674
289093
290720
310832
307749
283317
326322
350722
312721
301548
292654
285443
327480
294786
283563
309753
286670
340440
290198
345068
290527
307197
335723
317664
291775
353307
306254
294803
289121
282941
311134
283680
342065
292429
322937
306356
288948
282235
285018
274983
373235
309367
286924
290444
290012
377833
292451
339552
312585
315121
292147
314899
302416
324711
315013
288622
290410
295194
298211
327678
300164
286395
282337
283257
334577
348892
293304
283376
290217
291889
278796
325587
291854
275853
298127
286205
273708
341689
295270
300947
278976
388262
298436
290261
296358
300726
334881
282985
281400
340024
286792
287977
302211
335006
293902
335325
310119
310111
283129
337229
304968
283559
356713
319827
310339
297914
307362
288994
331608
298174
289699
281003
297918
292605
387086
294987
293290
286232
282472
282436
336635
283767
363128
298319
292464
290894
283232
340876
285291
305955
334327
284671
293444
279504
356828
292703
292685
281549
278587
326764
329773
285888
357492
297070
296080
286803
284290
324439
330044
291578
336619
318406
294286
370825
302777
299263
290469
363780
308498
301706
300398
306737
301965
302991
293572
280973
279295
279530
306361
307031
360922
290783
333545
308416
298122
286456
299631
277072
287135
274715
383921
287015
289882
376797
309764
324501
321945
298731
307138
300650
316470
296699
295619
331152
293760
348381
316807
324709
301886
290789
290141
351877
306950
298422
288890
321668
362609
318920
305064
300733
342556
335025
301705
291980
295758
316571
348262
309877
292975
283680
283743
297623
371469
311893
331846
310176
302516
289065
286190
363665
324627
299926
300084
283668
338274
291869
298497
292067
346216
289678
285301
377354
299075
329932
294803
361709
316821
300290
301950
293184
289084
279992
366214
295687
285922
290718
310483
316416
313689
287041
284939
281636
351965
308786
299632
286510
317214
299577
298438
341953
338930
303111
298028
296185
298143
288753
333752
287909
297884
334049
303910
285644
333047
293912
307418
341500
289324
284727
365035
297931
293403
303705
300251
283062
287486
280432
369152
321879
298233
287715
291710
284116
354970
285996
281671
293191
282240
325048
310049
286772
323823
287827
359428
293365
286887
294736
301264
282034
354369
296199
323257
302563
288295
283570
340945
295467
317177
304783
284361
297133
285603
343242
288561
291551
298666
314094
302591
284465
300890
276332
278202
323771
276791
272347
277990
339668
344966
307945
338204
294098
288220
286478
315854
307754
287168
327201
313964
312618
292950
278569
355088
296852
364270
302712
298395
314102
329209
321996
324157
313971
299499
311244
289160
286567
335874
283927
331774
321327
323918
312606
304489
289665
298753
319606
292722
293408
332332
295104
329488
292300
284220
347827
289045
289435
313462
330580
297229
344955
305624
292657
348856
291924
290407
287083
363726
318007
328325
311751
295905
312945
307570
290610
292017
279494
349381
294845
280637
317940
349347
340328
302429
292625
294761
285221
327668
287083
345872
325086
295894
291466
290905
289993
280108
333857
289460
321604
282209
296869
342750
284899
295730
303563
311316
362580
292240
293367
291471
285867
342610
293597
286444
329795
304178
299367
301184
319364
331840
291347
289746
332721
291089
341578
294632
288962
276154
376033
291633
326648
328865
348740
309410
303872
312725
297991
293218
365577
301872
291560
308580
285110
287201
289396
358436
287300
286954
343775
335133
296530
307176
291087
350435
316093
295162
287347
318364
303875
336374
291855
281930
327631
336884
297575
285234
297745
327268
299802
298385
286691
363210
312789
294975
298237
354559
295975
338462
298773
294154
304715
373369
296605
301203
294672
308133
307947
287149
334664
337060
294953
289635
288792
346406
305486
307843
290322
293466
342782
306788
329611
296877
306988
305989
286765
286771
295147
360376
287666
290544
287290
357737
328654
295091
328870
314024
298668
295183
287449
308547
359649
300108
294860
297767
282870
293158
288296
302161
311587
285450
279846
375787
282227
292358
358987
291985
315128
303860
287238
278053
328421
286202
280114
343026
285711
282665
326190
297599
348096
295061
294263
287100
281134
375794
312566
349330
314194
305874
297038
289417
350683
291136
301044
292358
282473
278891
298217
353090
286220
363889
298706
295360
305547
287984
287218
280558
291657
419146
301784
301790
297793
284601
291824
295598
366786
291998
287932
287088
362403
292183
290605
301160
328766
305472
309906
287141
291922
278086
292036
277877
282611
314349
272414
388278
292038
322438
294652
294295
365627
319359
294930
292529
289114
280020
281989
310335
309960
325306
288868
295421
282402
345495
284173
302823
357787
312415
294244
288686
288452
296425
282473
276189
348936
334530
292016
321171
292105
293636
285231
358127
327820
294645
341663
294411
316778
305625
323248
295727
289076
351985
328973
302631
295155
308428
285800
368687
320956
313921
299934
305499
285730
363268
292309
302721
330984
297426
287641
353477
309543
292401
293052
285603
358095
295629
319477
298889
287197
338568
340277
289413
299737
351470
292420
291256
288255
332228
312865
335486
310323
293006
294241
285263
299541
341304
290850
297902
338080
318494
322374
296760
289157
329376
291027
327912
294967
343996
312916
294723
295276
299535
299410
331974
292362
291837
302351
297798
278803
276746
307558
282150
362516
291959
280888
278116
305819
320695
303741
331308
286262
291071
297333
286106
288155
308369
309344
310409
362708
294285
286496
291364
361981
296320
291061
293738
335706
337693
292703
297167
289831
288509
375487
311322
302404
307186
293346
286062
342426
295643
287981
279951
379913
294048
293004
331038
326712
293711
289985
294923
289050
285570
278214
272809
265826
409853
305012
293715
311307
283731
285480
328282
318606
283849
320120
317287
291911
285953
278772
283865
356864
305384
313359
300547
306626
301752
330686
312328
335264
299478
297027
321339
289153
346490
308650
322044
304613
303058
304606
284767
286067
281087
284164
362951
357533
304495
297128
284216
297430
349944
311745
287151
323422
291619
327596
292001
291061
281301
276406
353707
293674
282587
292386
325993
296287
363355
292123
342874
302245
322892
298279
290666
309629
335465
326646
292313
321064
298987
283549
305607
349190
325265
321239
296105
324343
297285
290414
292361
345305
294304
300731
345914
291442
311318
308972
285312
279705
288614
313385
372222
295502
287979
286684
365853
293689
286832
291209
300967
284402
280492
387555
311578
291965
283761
322179
296102
281226
280654
377130
314976
293260
326652
296526
304471
320658
292795
331102
293774
287983
350785
293094
287247
282777
284375
284583
286295
348158
282529
309808
342791
320024
292253
329188
293496
289779
335099
310235
302071
292992
289418
296503
276900
297663
328521
330921
289323
328792
304827
359955
302326
312301
323238
295901
307142
288151
288859
281715
373020
296313
316981
295157
285163
282109
281260
365993
284955
287428
359896
308086
291887
284775
280909
329341
323510
324190
292442
289451
284159
344617
337592
292252
292836
288229
301393
279015
326614
327998
292077
335221
314397
294435
304412
289834
281754
342365
287930
310177
284156
282785
291078
388814
294756
291193
281738
280893
316262
363710
297703
328646
293858
303883
301431
338281
296232
292521
324054
302043
306369
332022
291550
286413
283476
359930
322209
303109
291317
297210
319053
287569
387064
298005
290537
326038
295837
322827
326770
291298
293755
286630
281780
336981
311964
286050
283549
290461
355298
308027
304044
292853
297976
341221
293775
282595
287761
341229
289490
285082
287716
342618
280699
279511
280656
334426
294142
326930
291037
298783
280163
282448
286094
271538
290576
278673
306226
412790
287718
323039
325933
286462
287016
312181
334412
291516
318359
291965
307714
352339
315339
296750
283790
299239
292779
366041
295251
285319
294780
328609
327901
309333
314697
305254
321517
287545
295382
304799
311185
288582
360553
295547
307821
284574
291128
283825
355353
289015
293844
283533
279020
382688
295806
285624
357639
295448
285417
285555
311367
281151
280429
275447
289214
277611
381992
336131
293949
287836
283572
343407
296735
287593
285206
286033
322845
361745
311013
296011
293452
363060
299921
313017
294391
290455
319223
303152
319330
301193
316991
292824
349659
311350
295769
294459
354010
300949
332969
318675
297709
291920
287947
360588
294891
285691
316322
302517
308830
314934
305564
286356
283946
278741
376512
297954
286346
306579
318382
284894
283362
279199
388995
318427
300100
298800
289062
281475
276851
285640
302563
291442
319773
285111
341087
323374
300699
285285
302180
280136
282955
370386
286712
327916
293599
291368
300023
340662
290621
292378
287820
377117
306794
297754
293496
289580
330322
346450
298797
296133
288272
337352
290015
288587
334754
282132
290523
284639
335625
315983
306994
301988
289106
281945
281047
316555
278925
283271
352674
283599
333197
287062
277087
314105
281012
357180
316252
296529
291321
285876
348440
286235
286598
282558
332797
361569
299807
296519
307194
344937
290968
292454
318121
296070
281874
303351
279683
271809
279712
380506
290153
284750
373810
301637
301274
287838
330888
288523
320871
287568
302327
345253
291641
288013
285446
282855
351975
295812
283537
362883
287538
293099
307924
297308
290177
338549
292814
287613
359465
323992
313602
298350
291025
287635
283787
275135
340225
286949
340314
283332
287563
343095
309769
287785
288847
328415
347757
317644
296405
291713
295622
287739
358036
300629
295361
348366
302895
290225
289352
328765
309447
334799
292705
376818
308528
330723
301640
295327
289939
372108
307946
296225
287212
286643
284118
334157
346567
297861
289220
284969
291243
358035
283356
293507
280144
356846
321953
297063
284837
348229
293407
321623
295962
318351
293554
289656
318262
290085
333765
308909
Average 308789
