954
778
1281
473
439
802
422
331
603
363
374
571
351
342
527
362
362
536
310
310
564
375
327
518
324
292
445
341
298
477
317
306
456
357
304
501
349
329
469
321
315
481
354
323
437
334
326
474
331
332
446
330
320
455
349
319
499
336
301
435
324
313
454
338
291
459
330
305
446
312
728
416
357
338
443
354
351
464
332
332
432
320
301
443
346
350
417
346
294
440
326
318
441
388
337
481
345
332
441
311
281
434
307
302
625
337
297
631
319
318
608
337
303
544
347
343
538
389
297
520
355
312
458
358
313
483
310
294
541
331
290
451
326
332
430
362
280
453
329
330
470
349
332
438
362
323
451
328
342
448
329
312
462
318
288
439
345
307
453
330
316
652
341
359
475
356
318
629
376
335
429
327
305
496
334
315
448
332
319
488
340
312
482
336
305
484
316
316
610
352
296
656
325
328
586
322
304
553
332
320
594
329
312
479
334
316
494
316
313
576
335
309
458
333
345
653
331
322
435
347
306
453
320
323
628
343
296
651
343
299
502
389
306
552
353
349
542
343
321
590
331
326
431
316
321
455
310
330
473
329
305
462
321
292
463
362
321
478
374
299
518
336
287
618
345
335
584
327
301
619
343
308
483
342
358
491
342
325
453
333
346
543
348
338
572
353
319
559
325
345
601
345
318
449
319
309
442
324
370
510
332
330
453
315
310
475
303
319
431
338
310
465
306
326
458
319
314
447
345
296
439
353
312
571
715
370
496
368
353
482
324
324
486
370
349
466
359
310
447
354
339
546
328
308
477
331
326
447
327
313
472
345
390
495
439
430
731
422
380
506
338
355
631
383
353
573
434
426
662
360
330
676
333
341
596
341
332
533
336
319
576
331
310
474
357
320
661
375
325
481
362
348
615
387
361
504
386
360
518
368
342
456
383
330
465
360
346
482
346
342
464
347
354
450
360
340
535
356
315
663
350
324
614
344
363
650
368
343
541
368
350
681
373
351
547
389
371
568
345
318
476
375
330
496
357
340
452
317
337
722
343
355
729
342
343
568
339
334
492
390
339
630
385
321
657
405
326
657
372
353
486
355
338
472
382
340
645
381
342
596
352
303
626
390
347
617
405
333
464
345
328
628
378
364
665
359
394
688
395
325
601
371
329
583
374
372
594
355
454
510
398
340
572
382
336
561
393
356
587
365
341
567
373
358
714
389
331
658
411
320
659
359
321
655
363
360
650
365
349
652
365
374
574
370
386
505
387
389
541
368
379
511
355
329
589
338
346
618
388
355
640
393
353
682
385
338
584
365
323
620
360
346
596
362
350
656
344
335
623
355
369
597
370
344
597
353
343
563
367
354
626
385
398
531
354
363
477
391
333
548
398
357
624
337
365
624
359
308
668
337
399
496
367
324
610
371
423
473
337
333
510
337
301
505
352
318
508
332
330
588
343
314
516
373
344
541
348
345
576
347
320
535
345
341
543
338
296
506
389
307
514
329
298
602
338
306
608
482
368
504
354
374
472
348
378
554
343
329
540
362
310
560
505
325
559
344
344
533
347
353
549
406
418
585
380
353
464
344
377
577
541
346
519
357
307
564
355
322
478
351
316
643
356
363
465
347
305
427
354
316
469
366
333
480
362
334
623
402
306
626
332
388
597
325
344
583
350
352
567
357
339
490
333
338
625
347
294
465
354
328
696
344
345
542
377
355
519
420
347
553
329
330
489
341
323
446
360
319
450
334
342
479
337
309
473
341
313
648
356
318
653
360
344
475
356
305
572
346
317
630
335
352
488
349
327
584
313
339
665
356
356
612
340
346
542
353
324
460
345
309
445
346
332
524
348
319
629
345
333
501
359
356
536
369
330
679
355
337
561
364
354
538
349
333
587
329
322
469
379
307
520
338
341
557
334
316
454
342
354
574
333
330
528
369
338
506
326
354
498
345
324
693
376
340
509
367
325
565
328
321
457
366
302
482
351
325
542
390
357
621
333
302
515
327
304
472
343
334
574
332
345
588
348
320
513
317
406
522
400
354
572
384
428
628
385
341
555
392
344
607
385
343
481
372
345
639
404
342
636
360
313
452
349
345
556
349
343
641
391
338
551
349
333
490
522
345
617
418
330
533
354
317
470
384
340
665
405
344
569
374
379
662
401
338
625
362
354
621
409
367
554
383
349
519
356
343
486
353
312
656
380
331
640
404
333
667
385
408
500
394
338
596
372
348
592
371
340
562
371
331
618
359
350
550
362
341
545
405
372
601
362
344
627
362
334
629
356
341
654
369
345
644
357
330
635
381
349
616
355
353
614
368
380
644
361
370
606
340
326
581
339
304
609
352
328
522
338
391
479
348
326
557
379
334
629
337
321
622
337
301
637
327
290
532
348
391
532
350
323
631
342
321
562
370
334
619
358
428
537
350
360
667
377
341
759
350
342
672
387
341
607
367
328
583
343
345
581
360
318
610
338
435
471
339
315
559
362
395
484
349
314
564
352
337
527
340
324
549
376
313
639
374
330
621
376
352
624
353
363
615
543
389
576
401
341
590
377
368
626
359
324
690
344
378
544
380
369
716
402
415
490
383
330
594
379
345
461
345
327
513
393
435
616
369
334
644
353
336
584
380
332
597
371
332
625
377
339
553
348
353
588
339
325
626
361
405
452
360
293
543
357
312
606
376
430
587
349
325
627
349
325
603
324
316
631
340
323
583
341
332
563
348
335
583
325
321
620
359
334
601
357
325
562
342
394
662
393
309
625
359
300
569
355
332
529
382
331
558
363
392
507
342
331
586
355
307
497
371
333
561
358
313
579
356
313
525
358
339
581
351
338
534
358
323
583
352
330
575
404
328
621
378
333
595
388
397
484
356
332
491
364
333
502
420
341
522
385
351
568
377
315
649
383
340
602
372
336
553
398
426
466
360
343
551
373
388
616
420
386
676
394
351
637
387
333
579
376
331
606
338
311
630
372
338
674
365
323
512
355
431
501
356
329
595
374
393
539
400
384
604
349
310
725
341
331
561
371
322
487
354
306
454
388
348
505
365
356
574
377
335
453
375
335
550
357
366
753
436
343
675
363
340
726
372
352
678
389
313
477
376
496
652
330
313
589
361
458
576
345
323
552
324
314
535
357
333
570
335
315
621
349
292
502
367
302
624
331
310
567
320
333
657
368
310
594
365
319
592
361
333
588
369
323
472
371
352
508
326
340
527
365
298
586
326
323
622
345
302
501
349
302
475
319
306
502
342
302
492
379
321
493
339
322
547
340
343
531
325
337
636
319
323
506
312
328
481
335
305
457
326
299
482
336
332
506
358
376
498
359
339
588
336
304
604
346
297
513
382
290
566
340
341
621
338
414
491
326
322
569
386
306
638
319
310
599
332
324
605
312
301
567
371
318
580
312
328
565
342
317
588
333
301
478
339
312
477
334
278
546
324
364
544
347
325
566
333
307
629
356
288
582
342
295
591
319
346
604
332
298
667
314
302
547
347
304
655
341
299
600
335
300
630
363
299
609
341
300
589
325
336
522
337
306
574
360
304
587
349
332
619
363
337
570
349
347
581
337
322
567
328
352
488
341
302
511
339
318
485
316
322
536
308
318
543
315
300
516
331
312
490
345
371
570
330
307
549
315
314
495
391
370
466
331
308
566
330
297
579
348
301
469
339
434
501
345
376
661
334
299
724
329
350
614
320
334
588
346
293
590
314
323
541
319
291
644
337
304
564
315
333
571
376
302
568
349
311
580
315
319
517
328
360
553
320
303
560
349
309
489
385
347
643
362
316
587
361
322
493
320
353
606
325
347
599
334
299
750
343
439
345
587
305
521
329
574
347
543
333
394
718
317
314
554
294
369
476
310
302
559
308
312
533
336
327
534
297
317
556
313
309
553
322
410
516
307
316
498
317
462
563
300
305
508
355
417
620
324
296
535
324
491
537
321
311
651
308
287
634
305
297
562
300
301
604
305
287
547
312
314
543
307
306
580
317
337
636
367
346
641
331
317
621
326
307
686
319
298
541
293
349
584
367
367
619
356
317
568
318
338
452
302
279
572
289
300
571
294
307
645
345
312
618
311
308
627
335
429
481
304
322
655
316
326
611
303
310
613
362
299
550
335
318
595
302
421
502
328
296
556
359
304
614
312
335
553
320
306
587
313
322
536
296
298
473
295
293
459
294
302
440
296
278
505
297
338
515
303
312
456
297
292
478
304
294
489
298
335
491
323
331
520
305
280
532
332
305
492
307
294
550
378
407
751
395
369
591
326
327
540
313
362
486
316
348
469
296
374
510
291
286
464
303
281
490
314
328
495
333
296
470
328
303
507
306
327
624
300
327
654
295
288
603
301
290
554
299
320
632
311
323
587
310
304
542
338
327
605
302
338
613
326
319
576
294
318
584
314
339
573
320
334
617
363
311
580
313
289
561
333
339
578
287
313
623
309
336
601
323
295
653
320
323
621
313
423
479
290
316
587
327
296
570
311
287
613
323
358
463
301
298
624
320
310
642
313
318
700
328
368
685
314
321
628
316
300
622
299
350
565
330
311
661
299
298
679
325
308
609
316
316
543
331
374
519
323
306
526
308
306
611
319
295
511
312
358
493
307
301
534
326
326
497
331
315
589
319
306
611
297
334
566
314
284
656
359
333
586
340
390
602
307
299
624
301
335
540
335
312
526
318
315
547
323
303
668
308
306
555
303
328
594
310
292
639
317
342
479
310
309
461
311
307
497
331
316
532
307
314
570
385
321
535
306
313
674
337
314
587
339
321
617
323
317
612
317
310
660
338
336
609
309
385
480
340
329
570
321
309
547
365
328
583
358
321
552
329
322
584
358
398
506
311
293
588
326
309
568
308
303
574
333
331
554
312
285
589
305
283
589
311
314
637
313
335
463
303
317
497
316
300
551
319
301
550
334
299
548
353
292
561
315
290
615
326
323
565
299
319
566
302
346
599
319
362
498
303
329
549
301
343
581
322
300
565
372
307
510
342
354
652
361
314
570
349
436
695
309
296
629
326
384
646
314
358
660
343
318
631
330
302
603
324
300
647
300
312
570
312
364
620
329
328
561
328
376
509
321
290
581
308
332
594
315
305
597
311
328
614
301
303
570
329
318
630
338
318
665
317
305
609
318
306
620
325
354
582
300
335
634
325
335
669
310
316
604
312
301
613
333
316
522
342
465
608
334
318
621
331
331
627
329
330
553
323
417
681
317
328
656
331
383
582
314
324
696
327
352
494
302
384
493
312
307
546
309
294
470
337
313
551
316
306
668
327
349
621
347
387
526
319
325
657
346
301
616
320
317
531
325
300
583
317
315
626
332
369
486
331
307
602
319
308
650
367
315
515
321
335
576
345
322
547
323
316
598
313
324
559
333
326
500
327
368
655
316
329
573
321
339
631
322
307
593
295
322
618
327
324
496
312
454
566
311
336
627
312
304
656
325
313
566
331
322
487
307
287
470
351
293
469
317
285
489
343
305
562
351
340
521
317
303
484
319
313
506
310
285
599
295
313
615
338
345
588
313
363
632
316
332
606
344
304
579
310
318
616
313
302
614
295
290
618
318
325
764
392
409
726
309
363
609
305
311
630
295
309
602
350
351
600
337
331
634
331
298
571
324
297
542
372
389
495
320
314
621
350
318
567
319
335
592
307
293
595
319
286
610
317
289
494
316
338
671
370
309
586
336
299
602
325
295
566
326
288
495
329
327
550
356
304
557
328
317
570
336
332
567
323
301
581
310
320
577
306
306
623
375
316
655
346
343
603
307
295
609
333
318
629
325
319
619
305
336
702
325
311
640
333
284
634
333
449
464
303
300
635
339
399
495
346
311
594
331
357
546
314
321
567
319
325
532
322
383
664
409
313
597
307
390
531
366
355
661
373
321
559
385
301
586
314
309
635
366
308
639
343
324
677
325
310
585
313
305
602
334
308
656
320
315
625
340
307
706
318
303
627
338
336
626
347
304
619
329
300
609
367
294
567
327
317
609
313
304
536
306
299
605
327
306
643
311
320
608
293
293
594
358
320
600
309
313
675
311
317
616
308
301
574
321
326
627
310
309
593
325
394
478
297
287
538
287
280
566
309
305
534
318
355
490
324
316
535
307
329
504
313
305
558
294
324
472
332
291
534
302
321
538
320
303
534
319
307
532
369
308
510
339
299
558
302
327
463
321
286
463
290
299
559
306
345
536
311
297
596
306
278
481
299
301
564
289
355
449
289
345
509
321
378
495
306
314
568
319
347
535
346
319
566
319
306
589
308
285
528
303
380
531
303
280
495
327
322
531
315
313
538
319
339
472
336
309
509
336
316
705
317
321
622
303
303
691
323
314
577
345
338
745
350
348
668
308
408
491
319
307
575
303
303
615
308
344
454
288
316
496
337
304
576
346
305
609
343
297
591
331
290
607
335
303
595
309
289
578
327
307
582
311
377
486
300
317
610
310
302
592
310
300
483
344
326
573
333
351
499
333
315
529
301
364
641
307
346
567
326
348
522
328
346
685
326
318
585
356
334
643
297
307
638
319
321
616
320
456
356
586
324
501
357
486
345
520
337
393
464
330
345
631
310
363
544
344
363
539
354
367
652
334
322
585
309
326
547
310
343
723
360
464
624
605
415
512
335
511
318
532
350
314
613
324
301
441
330
308
540
331
309
563
338
301
559
329
320
549
335
347
604
427
358
569
347
316
474
358
356
635
337
319
590
398
388
458
349
290
576
326
332
464
328
302
525
325
308
550
333
294
575
336
308
528
322
363
590
372
372
471
370
361
623
339
304
558
338
342
547
334
318
555
347
385
479
346
333
555
330
314
559
342
299
522
372
355
555
342
375
657
341
335
595
335
308
544
334
315
629
339
324
599
339
339
623
347
322
600
370
309
555
360
343
549
339
314
590
349
309
604
323
356
491
356
323
491
330
305
621
333
300
617
331
339
610
320
335
620
336
332
624
333
394
630
338
324
608
328
325
627
326
316
647
360
309
673
362
339
612
338
309
611
355
318
585
365
332
505
365
338
460
341
308
536
336
327
526
352
311
580
327
286
621
337
372
489
392
311
578
352
343
457
397
304
647
366
323
620
323
319
567
347
349
585
328
318
538
309
290
569
330
310
599
334
315
625
392
301
523
362
346
650
343
311
606
368
381
505
350
341
457
329
333
441
352
338
562
329
306
476
333
303
533
332
301
556
356
295
476
330
331
454
366
308
523
363
347
548
348
302
579
340
385
446
344
352
540
354
313
577
344
364
541
343
317
546
350
321
487
344
360
576
350
383
625
350
319
536
367
373
473
329
353
541
343
350
526
382
314
587
335
308
593
391
368
565
337
333
611
330
309
559
325
367
495
353
320
638
335
328
604
389
322
594
338
324
563
332
325
490
332
315
445
316
316
543
338
294
437
320
340
480
330
346
467
320
328
500
323
366
554
337
283
546
325
301
633
315
305
657
321
328
599
327
423
475
392
305
533
351
319
618
324
307
663
347
411
454
369
349
547
336
299
497
343
286
458
342
294
577
342
321
579
333
318
560
328
316
520
292
316
569
287
360
564
300
375
467
291
293
547
297
319
563
370
337
577
331
334
559
306
346
537
338
348
473
319
340
520
300
333
632
307
325
571
312
343
588
318
346
591
339
348
573
325
361
629
326
430
460
320
328
591
306
303
595
347
394
612
311
337
607
337
352
673
305
439
503
334
333
555
331
373
586
315
360
458
354
355
618
349
375
623
319
382
595
347
345
642
367
357
517
316
339
505
334
328
527
320
355
606
387
429
530
371
360
533
309
349
471
319
349
515
313
342
461
310
335
502
325
335
498
323
343
496
341
385
559
372
363
568
401
331
592
331
351
554
314
351
579
328
339
587
334
342
604
302
364
619
319
344
605
339
314
642
343
403
473
318
327
481
320
323
561
311
338
522
327
343
519
290
302
460
355
316
512
315
332
549
350
335
579
324
352
583
314
335
602
332
331
646
335
465
507
311
330
575
332
323
584
315
353
558
308
410
465
316
346
548
304
355
586
328
343
635
354
328
619
319
356
587
373
352
642
356
335
585
342
323
608
308
324
628
307
333
635
339
318
616
340
345
640
319
347
671
359
334
654
313
425
689
354
331
692
336
343
660
335
442
498
325
349
569
310
337
678
329
343
549
309
348
583
306
322
540
333
340
569
306
353
600
313
339
638
312
428
596
314
436
485
361
351
614
315
420
529
313
338
596
312
342
552
308
319
596
353
327
613
323
424
472
356
344
543
321
344
642
320
378
649
295
302
593
284
349
621
313
320
579
323
332
572
332
381
620
322
326
594
331
388
587
326
354
532
353
356
453
313
348
539
360
403
498
347
350
648
308
322
611
326
349
555
313
382
562
303
313
594
376
350
641
367
343
551
320
519
481
337
378
637
325
337
613
373
349
494
324
403
623
321
362
574
321
452
538
297
343
553
294
327
568
305
323
518
360
358
512
325
481
345
565
361
525
296
467
321
523
333
386
617
324
314
488
334
365
533
350
318
511
358
373
463
336
322
477
329
339
489
346
314
490
346
310
494
374
289
484
324
297
515
365
334
557
348
315
457
355
346
584
342
326
555
349
333
650
334
304
589
343
437
478
350
312
569
372
328
472
335
312
475
365
416
589
356
318
545
353
326
582
329
349
577
334
327
542
333
315
542
393
411
487
348
321
588
338
320
616
355
334
607
332
311
616
370
300
481
356
337
532
371
330
467
410
336
610
348
308
540
346
339
605
329
304
638
333
357
685
336
298
591
330
337
596
357
314
661
338
430
541
325
311
539
325
361
453
339
296
530
380
413
477
356
308
477
349
373
554
394
311
514
314
319
483
361
304
524
344
378
501
429
315
531
346
302
680
336
303
505
324
345
442
340
297
481
318
304
552
339
298
545
333
298
539
330
297
617
353
325
604
344
315
670
325
463
471
365
298
590
335
311
639
334
323
594
309
292
524
342
302
557
353
297
451
332
305
470
357
288
523
322
322
648
352
399
506
333
304
523
324
320
530
327
301
460
305
312
480
337
312
542
321
364
482
348
332
533
350
296
536
337
307
522
341
337
595
350
310
574
332
378
707
375
330
610
322
330
583
329
319
590
337
394
491
338
317
559
321
456
514
344
317
591
337
319
595
334
300
580
328
317
606
343
297
614
340
341
669
347
326
630
347
317
596
365
325
600
328
320
638
342
316
617
355
322
641
337
320
644
324
295
617
333
284
529
337
303
550
388
388
554
341
309
695
318
313
538
344
301
551
313
309
561
352
311
510
332
303
558
371
320
512
351
323
566
333
346
579
331
318
570
392
339
551
348
331
600
334
306
594
337
315
562
326
335
594
352
353
552
352
417
494
323
295
571
330
302
588
356
323
541
337
299
528
337
349
551
348
388
471
336
298
536
316
327
554
332
312
524
330
327
470
335
294
478
341
343
448
313
313
466
376
298
522
348
299
578
347
343
556
329
309
548
328
300
458
366
293
484
342
302
585
377
294
537
335
302
608
375
324
546
343
328
530
352
349
619
365
350
632
328
329
619
391
324
606
342
298
525
347
317
481
366
320
520
328
301
541
339
307
611
350
369
640
369
354
607
339
372
526
324
301
646
330
339
593
396
335
592
364
313
614
358
316
653
326
295
530
325
297
553
355
311
593
312
329
604
341
315
453
335
308
490
331
330
556
369
328
668
489
473
580
499
336
568
342
481
344
462
309
292
643
310
295
487
318
301
472
316
288
580
320
375
503
333
305
624
348
317
520
340
447
503
384
314
626
332
324
597
321
361
501
310
324
475
311
330
548
336
298
697
342
326
492
345
321
558
323
324
479
333
330
696
355
296
603
319
437
391
595
327
523
319
525
405
678
380
371
691
337
371
603
418
412
709
329
474
424
631
397
525
324
531
364
461
352
391
545
335
333
626
334
346
583
357
351
480
326
331
492
354
310
512
335
298
453
356
316
494
343
326
531
337
318
599
332
317
587
363
437
657
348
313
623
346
411
525
319
304
634
349
321
667
345
339
577
339
395
467
320
338
486
320
397
537
331
303
511
339
316
527
403
311
580
408
421
590
366
335
609
359
324
657
357
327
613
371
311
622
401
312
560
321
348
604
324
286
624
338
353
504
340
282
545
355
371
516
333
378
625
333
290
550
315
324
509
340
351
475
355
373
642
324
294
577
333
360
468
346
327
585
339
430
585
323
312
543
338
312
665
320
307
626
351
421
493
348
309
614
328
303
575
309
329
576
351
304
605
345
337
592
329
317
631
334
338
626
334
365
667
352
318
588
352
302
631
331
327
721
339
334
615
372
311
635
334
423
450
334
278
554
321
389
443
367
320
545
335
288
563
350
320
560
367
314
579
318
313
601
366
377
670
325
290
675
323
370
539
333
303
602
337
339
558
325
287
545
323
313
552
326
358
642
322
320
549
322
378
468
365
495
475
370
303
565
321
308
454
324
326
516
335
334
602
313
310
480
329
341
539
333
294
460
320
289
433
350
305
475
334
340
611
337
449
358
559
308
553
334
639
311
422
315
332
625
321
285
488
305
363
481
299
369
627
306
284
621
323
313
486
327
294
650
315
382
456
305
283
498
301
362
570
303
283
541
330
364
545
305
302
504
330
319
528
306
318
507
294
304
492
318
309
505
310
307
533
301
324
544
293
283
565
316
295
533
342
366
484
324
314
601
292
335
547
304
294
562
312
318
548
314
338
476
309
333
543
317
307
569
314
322
609
301
327
473
314
312
500
310
353
545
293
302
497
308
294
491
294
329
542
311
308
546
300
292
479
299
303
495
318
304
445
295
337
450
310
312
469
303
276
543
308
319
555
346
302
644
297
317
740
307
344
632
339
283
721
333
328
587
302
338
584
334
298
537
307
294
604
296
319
582
321
330
541
320
299
554
297
283
589
325
309
553
314
343
544
341
308
579
313
295
604
307
299
555
310
332
553
322
306
482
304
332
582
310
327
576
345
370
520
305
301
538
289
321
539
340
308
591
304
311
620
304
295
574
310
388
486
295
318
557
311
299
530
311
366
517
339
295
568
304
319
548
310
334
510
325
360
543
338
322
477
320
317
559
347
332
592
321
303
560
371
313
599
316
314
556
350
321
553
375
340
605
314
303
607
315
345
545
301
292
626
311
285
552
326
334
570
311
316
614
327
328
489
352
319
548
322
320
556
342
292
590
328
307
623
346
338
598
304
289
628
306
287
618
302
342
581
352
327
540
331
307
639
319
288
607
315
319
582
299
305
503
321
317
552
313
333
636
316
322
629
392
315
647
396
559
396
660
345
569
361
495
332
457
352
371
671
350
366
498
343
349
580
308
311
608
313
310
640
342
354
448
410
341
481
302
329
596
359
474
570
354
314
655
310
350
560
333
378
557
329
351
524
308
350
497
323
355
718
312
379
581
335
346
652
315
328
552
319
338
569
332
337
530
329
364
568
298
317
595
308
342
539
320
336
537
326
398
455
317
366
542
308
404
480
290
339
541
344
345
450
308
335
565
310
371
467
318
352
507
321
346
562
315
331
542
320
354
563
320
353
569
351
344
588
329
356
552
355
384
596
335
461
346
581
333
545
348
545
330
550
326
326
598
321
295
501
340
295
452
352
310
517
345
311
479
331
316
538
350
474
540
318
492
533
368
323
593
334
317
602
320
287
474
345
395
569
324
307
576
349
314
590
322
334
483
336
339
550
384
306
530
421
316
642
357
299
588
358
336
639
332
292
591
346
320
622
331
310
550
373
307
561
336
319
562
342
301
547
338
305
584
352
318
506
340
299
521
330
320
556
323
300
450
340
330
531
347
327
549
333
309
525
337
318
521
324
315
553
332
334
506
324
318
535
362
303
515
326
330
550
374
341
510
343
322
516
324
315
540
344
307
509
323
318
537
331
301
555
367
320
621
342
382
470
386
330
542
330
311
649
312
293
654
361
323
546
337
285
470
326
318
452
314
299
477
337
349
514
386
321
501
398
389
614
378
329
541
342
297
687
370
330
563
344
345
589
370
316
570
332
303
548
325
321
572
360
319
545
326
308
513
345
351
484
340
318
502
346
380
460
327
292
614
337
294
569
344
329
589
341
331
621
368
347
610
332
321
686
362
323
593
324
299
612
333
298
562
320
298
524
332
295
588
356
376
501
350
301
549
320
283
581
354
303
573
319
384
442
319
283
514
373
313
653
368
299
614
329
314
574
336
303
555
330
332
582
326
324
625
343
308
576
336
343
571
321
314
582
365
335
628
357
304
608
357
304
597
346
340
527
357
314
565
331
317
584
371
333
537
338
297
596
358
311
523
307
329
509
334
344
512
323
313
555
368
328
592
336
332
538
330
344
577
323
323
609
345
314
648
396
480
546
361
318
554
355
328
575
355
352
647
351
436
654
328
282
597
326
304
459
337
369
512
348
348
623
328
315
550
341
385
438
373
302
548
334
321
573
377
322
598
361
306
560
347
321
462
378
317
609
401
314
657
339
290
619
349
327
597
346
332
530
326
305
566
323
321
544
324
296
566
364
333
540
347
317
616
365
333
557
398
309
553
326
300
618
346
312
595
344
334
600
336
331
582
344
310
595
343
305
631
357
424
641
382
341
517
369
334
483
372
357
538
340
329
593
353
342
579
346
368
583
348
304
621
313
477
498
324
311
566
332
303
610
329
299
599
557
408
480
340
295
592
373
379
513
336
327
799
391
346
545
381
391
508
343
351
779
371
310
597
355
303
543
356
286
568
344
329
809
369
332
590
345
308
606
332
321
670
354
300
592
330
302
542
369
302
543
322
294
494
379
307
480
325
342
497
335
324
512
462
327
577
320
323
539
344
313
525
312
491
577
332
327
533
344
424
502
362
293
574
331
306
560
350
352
565
343
310
570
325
312
429
326
351
476
330
303
492
380
324
547
334
335
634
326
326
491
355
331
571
336
331
501
425
369
674
365
344
680
369
328
571
427
403
702
346
344
527
342
502
632
369
306
778
371
308
555
328
360
633
414
297
629
445
355
652
338
307
606
330
330
647
337
332
623
346
326
483
349
353
507
343
296
543
354
351
538
384
393
632
419
333
618
339
290
864
345
307
544
337
348
627
348
322
625
390
362
614
356
308
541
314
315
662
338
300
772
351
313
579
384
303
503
338
306
594
377
347
494
360
315
607
344
319
580
380
310
564
392
347
533
389
341
557
375
321
538
564
382
561
359
334
548
339
311
543
376
514
649
365
332
625
377
401
541
368
317
702
359
327
560
361
386
493
391
426
823
485
367
747
367
341
608
331
433
467
321
351
680
357
342
547
347
307
594
364
381
937
424
344
639
348
304
653
363
325
742
383
306
627
320
324
579
320
301
600
348
315
595
334
314
638
361
305
612
336
297
673
419
331
588
342
300
562
334
307
613
360
326
612
357
328
586
332
335
588
365
319
649
360
295
712
328
334
591
316
360
495
426
316
574
349
314
554
321
291
724
453
386
600
389
333
568
388
339
604
382
344
615
427
503
583
418
427
750
491
436
651
381
328
567
347
389
816
403
331
553
369
350
530
381
335
559
452
327
562
362
407
798
371
417
783
453
359
610
347
406
481
333
325
560
321
461
523
350
338
578
351
316
687
349
366
639
379
313
573
368
367
606
343
316
550
316
360
574
337
345
446
333
335
482
334
326
584
407
329
600
360
320
611
362
299
556
575
352
565
350
331
561
368
319
593
387
312
573
548
347
553
329
299
565
333
303
611
328
296
663
311
335
573
344
318
610
323
365
516
339
376
613
344
347
567
325
318
565
324
309
871
354
296
523
359
332
562
318
348
718
437
327
556
330
287
573
339
303
538
347
343
464
367
320
542
338
333
508
346
318
536
588
340
535
340
321
524
345
332
522
387
306
617
388
293
526
340
372
560
344
310
700
596
368
554
341
334
583
333
327
520
328
341
519
349
343
524
343
344
540
373
317
588
364
305
617
332
303
610
361
318
546
342
312
602
410
333
626
333
310
547
358
314
588
404
337
598
352
320
618
330
337
532
317
324
500
320
333
551
352
302
600
319
283
556
326
506
524
316
320
539
316
356
537
349
311
575
348
300
535
336
303
609
336
308
526
344
330
753
337
429
583
330
381
475
323
324
577
491
335
547
315
304
544
323
325
545
325
293
694
334
301
589
327
323
513
314
331
545
335
459
657
340
379
510
354
278
587
304
299
897
343
293
611
366
338
612
306
297
609
342
345
543
323
304
465
306
313
493
326
355
477
396
287
595
344
330
581
343
322
613
329
404
611
311
375
502
324
332
553
324
322
553
335
300
507
325
324
524
336
340
527
327
311
713
337
329
546
342
289
493
390
317
547
371
385
612
354
308
593
341
378
465
321
302
570
452
333
564
333
362
633
334
305
579
344
364
659
385
308
600
331
300
566
327
373
475
385
332
579
335
313
542
345
335
560
320
396
495
346
338
550
363
304
555
343
305
731
363
300
552
352
336
590
323
326
486
336
311
660
381
317
560
349
297
522
329
336
543
365
334
546
316
321
565
340
348
548
377
418
511
338
351
602
353
326
589
329
304
547
384
358
701
321
347
617
328
305
626
342
333
688
351
320
595
331
299
568
340
303
530
317
298
601
340
377
679
383
323
616
336
448
869
541
493
669
363
329
617
407
360
794
415
395
589
419
391
624
457
478
925
427
459
768
470
340
699
427
443
751
392
396
759
400
394
688
371
391
573
378
478
308
549
323
578
403
554
428
578
366
365
677
309
340
562
319
557
516
348
316
507
303
320
550
311
297
594
314
357
480
334
323
542
312
342
493
311
295
648
340
404
577
314
304
542
311
355
528
331
481
681
322
300
607
319
298
577
291
291
606
559
395
546
384
337
636
310
320
531
455
375
668
304
319
615
322
389
544
341
329
574
346
328
510
324
311
499
330
334
563
319
530
559
329
370
525
320
329
550
332
405
701
340
314
574
315
289
615
324
312
631
321
553
526
355
339
537
315
322
555
354
327
863
389
360
634
323
307
610
323
321
610
506
320
586
323
328
637
336
333
528
326
483
669
347
311
637
315
384
502
315
313
594
329
390
600
357
346
576
297
342
597
306
281
819
319
285
629
335
296
583
313
317
605
324
341
644
311
361
587
320
344
552
307
391
518
362
333
579
334
328
549
294
284
564
309
313
544
342
316
582
367
299
579
348
287
639
304
296
618
311
307
614
305
330
636
364
312
601
314
340
639
310
295
635
306
331
634
328
334
576
309
321
586
318
315
599
302
334
646
308
301
527
323
358
482
331
312
554
302
327
635
373
321
527
317
388
485
339
319
625
320
397
584
327
314
551
324
326
529
335
325
734
341
303
523
339
324
528
358
339
489
331
334
602
369
333
550
326
300
555
307
310
513
349
298
575
310
290
578
316
318
638
311
385
547
319
308
591
294
327
618
300
285
569
316
386
505
310
297
595
304
418
486
321
295
534
316
459
550
342
327
595
322
329
606
309
527
638
309
308
648
308
319
578
316
296
826
302
312
615
315
315
635
338
378
655
312
315
578
296
292
464
322
323
455
284
284
831
314
292
555
337
290
606
314
286
556
319
396
533
313
309
553
306
298
539
329
330
476
573
309
585
344
306
630
294
293
631
308
370
671
335
337
599
328
347
674
347
426
494
413
334
628
324
394
475
318
300
632
336
331
826
318
336
604
338
337
617
306
298
649
311
427
493
340
300
558
316
297
637
308
308
771
401
334
711
339
316
614
315
292
618
309
322
588
311
323
590
294
294
628
344
287
612
319
443
620
307
292
556
302
316
530
322
323
568
434
305
585
318
297
566
299
348
623
313
326
631
307
340
630
329
326
576
311
286
503
439
307
539
318
311
537
302
317
535
323
332
646
340
346
636
342
378
489
321
316
641
311
344
610
372
465
538
373
330
543
341
317
777
303
399
398
611
354
448
339
506
310
470
316
432
666
349
330
482
387
382
454
298
317
702
321
399
493
333
334
574
313
332
471
336
528
683
298
339
670
326
342
501
298
340
634
367
359
558
328
343
537
314
344
511
301
334
625
292
345
626
294
303
553
304
314
537
529
334
593
329
312
599
295
365
587
327
339
744
327
338
567
317
342
608
309
348
630
345
333
614
292
345
616
323
327
631
320
331
766
312
381
525
308
344
481
331
396
537
528
372
606
360
345
624
309
334
621
299
351
612
292
357
597
353
357
590
301
349
603
308
402
586
346
378
657
356
356
642
343
387
630
322
346
596
344
409
488
299
338
550
321
368
563
333
333
609
305
347
612
330
331
578
328
343
591
349
360
599
333
359
602
394
346
600
316
344
646
315
361
530
349
350
676
395
328
595
307
326
666
305
333
614
295
359
470
318
345
551
325
348
571
350
329
664
368
427
467
339
360
594
319
348
564
314
372
668
378
359
655
347
370
643
339
341
641
312
348
582
360
424
530
312
342
601
353
383
656
339
336
604
318
401
641
319
335
487
354
348
502
333
328
525
303
350
549
333
352
565
315
350
556
311
344
533
316
355
544
390
339
555
340
358
447
323
341
516
362
335
545
334
319
571
316
328
569
317
319
580
380
361
597
296
350
530
309
357
631
331
356
634
396
375
650
314
333
595
321
321
617
360
339
656
336
337
691
326
334
594
328
320
713
368
337
708
320
361
570
321
336
538
309
436
555
329
339
601
309
326
593
321
382
628
333
340
584
349
314
579
317
330
580
315
355
617
296
458
472
296
358
629
303
8771
503
341
342
588
325
342
583
301
302
594
315
322
581
328
374
608
350
419
541
301
375
521
319
630
385
369
646
328
330
619
319
410
690
399
336
477
322
300
632
308
360
564
465
398
544
312
339
511
319
303
616
316
309
555
330
391
460
295
331
540
300
358
481
300
326
656
347
337
565
327
332
573
300
290
631
340
335
608
367
304
599
322
293
611
336
313
577
341
369
553
332
302
614
300
309
543
308
304
579
314
290
540
317
415
487
318
295
602
326
367
560
331
299
576
308
382
489
341
313
603
376
349
590
342
319
631
373
417
540
466
380
683
505
505
807
422
539
997
460
488
635
454
436
851
494
402
583
342
338
495
320
300
549
352
297
638
330
310
554
344
360
607
340
332
659
327
330
640
314
361
628
317
292
605
300
316
693
322
328
587
336
316
610
309
306
564
300
297
789
307
294
567
310
322
575
305
367
683
494
338
610
337
326
593
332
330
613
339
310
618
335
314
569
311
338
507
298
424
624
316
352
601
321
420
530
321
303
638
304
706
398
521
328
511
305
501
318
447
306
326
532
420
509
312
371
632
336
340
503
456
609
442
360
686
357
411
522
399
396
469
561
330
615
319
407
461
319
306
588
345
384
503
384
310
541
334
305
599
323
298
575
319
336
582
325
319
601
331
297
656
317
298
520
617
313
590
325
336
540
332
334
583
329
344
874
363
332
566
336
322
523
361
326
680
376
304
623
343
358
478
333
316
524
336
293
640
369
324
540
364
362
463
359
321
463
487
405
587
343
307
517
382
363
551
385
347
643
340
295
553
323
357
513
356
279
481
345
337
640
336
343
632
361
340
560
334
416
623
330
375
442
345
298
575
312
324
563
312
353
562
329
328
480
330
312
486
326
302
602
390
397
554
330
330
623
361
333
551
348
309
573
327
320
597
332
361
465
328
296
585
343
304
627
332
324
554
309
341
522
334
297
749
355
379
496
358
307
553
355
320
547
450
353
535
337
400
520
340
340
558
312
296
641
347
362
562
342
388
531
320
292
588
318
328
568
354
304
589
325
308
572
324
300
523
541
352
665
319
315
633
336
309
622
322
291
594
344
302
552
330
320
508
335
289
537
367
326
530
358
309
547
463
318
581
333
307
943
329
292
585
325
308
527
322
295
544
319
323
662
319
335
565
320
326
621
321
314
592
390
302
624
337
317
591
656
625
643
338
311
585
320
345
585
329
313
638
334
341
567
330
322
579
330
332
587
308
304
609
345
545
497
334
315
559
373
532
587
370
300
786
427
462
520
390
331
673
355
384
684
394
338
678
368
314
609
377
315
709
352
369
672
350
366
637
359
429
464
340
314
827
336
339
591
337
331
499
359
338
463
336
381
503
354
350
553
341
318
627
347
331
623
358
334
542
351
433
506
350
307
595
422
346
737
406
405
728
450
332
636
432
375
627
377
308
623
441
430
666
357
359
777
380
332
610
350
324
591
366
542
654
362
316
591
382
299
604
344
316
631
405
402
511
329
315
465
313
308
447
351
316
559
360
311
564
349
382
459
376
347
589
347
328
604
370
311
553
331
289
452
339
327
553
412
385
440
351
301
541
316
290
638
326
341
589
329
349
470
324
356
565
354
397
503
337
316
572
344
367
501
327
317
609
354
308
597
366
327
618
345
332
596
369
297
609
337
363
609
364
301
603
347
370
490
330
341
506
490
359
551
365
295
459
337
312
607
323
290
581
367
308
611
332
305
539
370
380
458
358
422
597
341
328
586
334
312
607
334
391
466
356
313
548
349
321
558
342
300
546
493
350
503
319
306
508
378
305
581
343
301
641
343
392
471
337
328
535
335
320
554
376
306
812
350
323
615
346
321
545
345
321
458
429
358
548
319
379
495
326
320
598
344
341
852
347
309
600
319
308
601
343
296
635
359
405
461
314
296
538
328
367
467
357
325
511
397
316
596
324
308
615
330
296
578
341
318
649
366
358
591
330
298
552
335
290
664
344
317
553
340
306
566
359
366
542
332
320
618
370
319
688
384
376
801
366
341
649
369
376
650
385
370
644
359
340
677
383
317
601
383
324
606
326
379
721
456
363
796
353
309
640
327
369
488
324
338
756
376
343
644
321
341
581
349
335
572
378
306
631
330
404
454
333
358
585
351
346
643
352
319
545
330
296
675
339
308
582
389
379
638
348
331
649
380
320
661
345
497
683
331
423
524
336
302
473
313
296
529
336
352
536
325
413
453
342
317
554
356
415
615
336
363
454
363
349
489
348
348
561
327
371
578
370
319
542
321
359
498
343
354
567
316
300
556
310
353
535
358
356
543
346
351
519
350
480
321
338
445
513
320
363
766
392
318
560
377
330
500
335
345
551
513
352
557
326
321
614
342
307
583
308
341
661
386
337
591
326
306
582
352
309
600
426
350
572
375
318
546
326
315
620
348
301
617
330
328
687
368
308
658
375
328
523
388
342
609
378
356
618
305
287
574
327
366
721
344
301
605
355
333
603
326
417
476
389
361
554
333
300
609
346
354
621
332
464
549
341
297
517
310
300
506
357
302
734
402
330
569
341
332
556
329
312
535
339
303
564
325
368
457
320
297
521
346
321
537
495
319
546
353
353
472
344
307
577
317
411
589
357
304
708
351
291
634
316
338
627
345
327
574
337
278
606
372
353
583
344
334
543
321
379
607
370
323
623
336
310
613
337
304
649
337
445
463
315
316
589
352
294
541
314
294
550
324
315
601
319
307
539
334
305
604
316
314
515
335
347
530
314
302
555
327
363
471
343
303
466
348
337
540
329
308
582
314
320
593
324
331
570
326
355
488
367
302
535
339
299
562
348
317
547
320
299
599
365
312
569
348
302
515
317
304
543
314
324
579
333
320
498
334
289
560
332
311
530
326
287
572
310
282
569
345
294
599
345
359
618
335
323
629
337
367
623
341
327
488
330
337
448
345
315
562
318
296
574
334
295
567
365
321
578
323
385
474
338
354
598
326
308
572
353
380
453
340
311
561
316
315
518
339
354
539
343
376
457
380
329
474
418
349
620
349
331
563
349
319
616
361
319
547
322
310
570
328
314
584
344
319
657
352
324
619
343
331
673
357
324
630
347
398
457
361
310
526
339
321
582
350
309
575
323
308
539
348
341
578
349
371
455
361
315
518
344
296
457
384
326
483
360
347
447
324
304
476
344
307
503
339
309
485
400
312
532
318
308
566
436
354
659
337
319
530
352
333
521
336
315
498
365
361
535
334
332
533
341
285
609
331
306
558
332
343
654
359
309
573
324
315
576
379
294
600
335
328
620
322
318
653
372
315
645
376
330
639
347
340
609
329
338
597
388
324
759
404
347
600
347
327
632
335
338
554
324
314
549
349
291
531
360
294
563
365
316
580
341
331
579
341
296
531
331
301
533
323
317
543
338
298
591
342
312
528
349
325
585
317
347
602
370
340
608
326
357
585
337
315
617
370
536
552
341
308
557
351
330
549
328
359
466
339
348
539
324
305
578
356
320
504
323
365
499
384
329
559
344
293
589
336
317
585
336
304
594
380
328
549
328
315
639
346
331
601
372
304
519
329
354
496
352
374
671
369
320
592
337
314
624
328
301
619
333
331
583
322
299
627
334
452
452
367
287
609
333
293
587
305
320
583
330
306
649
331
320
601
340
339
609
336
323
601
336
297
605
340
285
566
327
313
623
329
303
491
325
301
550
350
295
536
325
296
579
351
361
563
343
317
572
313
335
535
343
295
581
330
331
530
328
290
529
323
345
510
361
353
552
331
304
636
327
314
622
358
296
584
321
301
586
362
290
570
307
286
559
367
312
581
354
405
454
336
311
521
340
301
569
342
314
570
344
301
593
368
290
584
344
327
598
359
355
570
346
301
594
333
295
571
370
332
582
330
292
567
336
347
488
334
305
486
320
387
598
342
305
567
325
305
540
351
312
557
336
311
587
308
292
605
316
361
428
354
295
480
327
293
564
302
296
514
338
378
580
366
331
600
346
334
671
322
439
353
610
323
600
318
538
351
540
325
382
653
292
292
553
338
311
576
317
294
533
289
288
524
295
430
396
535
349
511
316
439
342
513
316
429
613
353
325
479
302
341
628
297
337
624
316
359
605
328
317
492
317
354
548
322
340
483
332
515
336
349
669
306
334
691
310
312
670
321
320
572
296
327
600
339
330
613
353
328
607
303
332
602
329
306
598
312
313
539
302
383
473
317
318
551
297
366
493
297
313
522
303
309
523
296
308
601
313
301
615
320
340
673
340
293
686
316
319
629
310
292
644
317
312
602
325
283
580
290
269
588
361
396
945
531
453
723
379
351
775
360
409
725
390
346
624
328
346
620
313
316
613
329
330
518
292
298
576
289
311
579
310
328
536
312
283
610
318
322
609
301
300
642
330
293
617
347
290
644
336
303
628
333
304
658
322
458
501
323
307
592
319
331
590
321
285
651
302
321
641
312
337
679
320
294
616
328
301
690
323
416
474
304
311
641
331
388
529
294
325
606
309
283
604
288
326
617
321
294
652
311
327
598
341
424
467
308
294
574
312
299
567
357
305
593
309
316
623
322
327
563
314
315
589
308
304
589
311
331
606
309
332
600
307
320
598
304
298
613
315
294
634
341
303
669
364
382
501
325
285
582
308
307
585
324
304
647
312
321
601
297
311
581
322
311
595
307
299
577
314
326
580
346
343
619
343
336
667
424
389
627
348
354
616
320
289
575
295
295
640
326
366
609
306
314
598
372
305
600
304
297
619
326
300
665
310
354
515
318
298
586
329
325
591
369
396
538
314
322
674
311
331
534
343
299
573
353
332
525
319
311
623
314
313
596
312
292
516
320
392
682
315
302
470
338
348
496
345
294
553
313
358
502
351
315
531
307
292
597
319
294
605
315
389
494
356
311
637
329
413
478
361
304
511
332
373
544
384
321
588
314
306
484
300
306
598
310
276
517
295
360
540
304
355
631
302
329
581
296
384
470
337
324
588
322
314
560
307
293
652
325
344
646
381
331
613
348
335
599
339
321
594
320
296
594
312
283
611
304
329
632
326
289
610
312
344
598
316
350
650
308
314
583
325
320
617
333
404
474
321
337
578
330
321
601
296
321
514
299
291
574
303
297
575
315
290
638
344
292
582
313
336
626
341
296
584
334
325
633
332
367
557
306
287
541
311
337
537
330
344
518
337
300
637
306
291
590
298
300
611
294
288
578
298
315
610
316
330
461
349
305
535
335
296
503
346
312
549
302
323
533
304
291
544
320
395
523
320
321
475
340
300
529
293
301
552
307
290
584
298
299
512
298
306
618
317
319
580
335
316
480
290
308
511
313
292
561
310
292
547
311
309
545
320
321
574
340
321
573
329
299
589
304
328
590
302
304
596
289
379
528
306
323
504
315
456
618
307
303
641
330
355
484
315
296
534
293
317
548
303
299
525
307
319
490
308
295
582
292
287
541
325
358
547
322
331
626
346
339
638
317
307
630
338
417
501
304
300
624
322
291
605
300
314
543
320
328
574
334
307
583
318
293
532
322
312
614
335
308
613
318
313
597
314
311
617
306
294
567
303
296
696
351
300
696
307
301
651
310
276
613
361
406
519
311
320
559
288
303
706
329
296
560
336
299
633
308
284
597
336
332
620
304
301
641
300
372
451
304
284
459
332
308
561
307
327
624
314
339
620
347
301
576
323
304
513
307
305
511
326
334
584
325
315
609
310
305
575
326
301
586
311
361
594
321
305
623
323
301
496
308
318
562
354
296
594
310
324
653
311
360
481
318
289
585
315
319
602
320
329
636
321
332
632
311
303
478
357
321
446
322
322
539
308
294
504
303
303
505
324
323
470
337
308
517
301
341
610
299
295
600
342
316
590
316
325
643
310
333
629
300
303
602
294
321
631
314
284
548
329
290
603
345
322
557
308
330
Average 416
