498
44
4396
4584
4821
3539
4544
4977
4229
5456
5248
6676
7347
5225
4732
5416
4426
5133
4707
4753
4650
4342
4553
5771
4679
4640
4826
4862
4997
4971
5325
4478
4316
4482
5143
4411
4492
4454
4638
8330
4925
4636
4509
5379
4629
5183
4228
4764
4351
4728
5407
7799
18552
6526
6207
4784
4320
4639
6411
5691
6619
4804
4395
5063
4284
5133
5317
5127
4335
5158
4382
4834
4210
5168
4651
4754
5699
4527
4621
5782
4678
4751
4789
3909
4680
5639
4687
4045
4470
4215
4569
4455
4387
4436
7175
4011
4750
5504
6484
5023
4645
6801
7183
8096
5770
6941
6608
4948
4598
6449
6354
5466
4560
4415
4784
4773
5035
4225
4725
4569
4659
4571
5456
4620
16835
5047
4473
4491
4914
5109
4218
4786
5040
6987
4679
6664
4631
4604
4832
4764
4227
4412
4963
4626
4920
4513
4409
4837
4463
4735
4009
4451
5152
4492
4489
4238
4506
4620
4316
4927
4842
4451
4844
4732
4618
4730
4668
4456
5719
6073
6010
4792
4309
17444
5892
4923
4407
4487
4873
4535
4995
4602
5131
4097
4237
5691
5770
4515
4463
4589
4241
5069
3943
4924
4620
4623
6226
4711
4383
4639
4393
4493
4784
5113
4977
4947
4786
4868
4391
4797
4966
4929
4350
9575
9626
7755
4493
5782
4624
6869
4937
4196
4611
4947
4967
4117
4363
4845
4039
5825
5505
5697
9802
7534
5413
4640
4259
4890
4577
4985
4845
4492
4511
4393
4942
4607
4270
4598
4705
4605
4544
5778
5082
4980
4161
18216
4214
5098
4763
14034
5336
4399
4188
5632
6491
4797
5688
5213
5703
4867
5202
8089
4105
5205
5282
4402
4792
4506
4266
4840
4466
4685
4952
4973
4681
4905
4457
5103
4966
4463
5970
5009
5212
4290
4329
5025
5107
4541
4981
4561
4460
5914
5432
5120
5091
5196
5454
4810
5078
5179
4224
4947
4781
4854
16716
4717
4376
4696
4753
4558
4445
4850
4941
4013
4945
5948
7303
4672
4697
5046
4395
4773
4427
5014
4763
4317
4942
4795
5076
4388
4628
5402
3828
4698
5427
4832
4823
5058
4178
4648
4729
4847
4926
4859
5029
5288
4944
4801
4941
5072
4690
5336
5428
4926
4239
6234
4702
4792
4061
17497
4379
4801
5013
4830
4169
5245
4692
4456
5376
4544
4615
5838
4987
6700
4996
4555
5106
4463
5524
5638
4964
5094
5733
4228
4791
4588
4907
5165
4481
4637
4546
5050
5033
5254
4202
4743
4842
4894
4730
4217
4815
4781
5332
5631
4565
4746
3957
5792
5647
5459
5428
5526
4719
4377
11645
8373
6193
5538
8028
7324
4421
4928
4675
4507
5219
4721
5260
4666
4619
17411
4557
6469
7729
5451
4595
4670
15896
5486
5095
5494
4821
9878
8073
5542
5733
6498
6918
6032
5418
4648
4464
4865
4868
3847
4683
4839
4482
4568
4525
5269
5010
5029
4531
4838
4353
5058
5125
5311
4491
4196
4407
5124
4674
5057
4465
4425
5605
5145
4391
4792
5246
4770
5322
4879
4284
4783
6067
4700
5106
4680
5264
6951
10351
10992
11422
9180
6969
5240
4229
5008
4124
5154
4796
4677
4948
5194
4731
5200
4995
4835
4848
5124
4507
5316
5531
19356
5397
5764
8366
6416
4678
4425
3854
4527
4729
4561
4482
4512
4391
4837
4494
4635
4879
5085
4345
4471
4540
4369
5281
4733
5126
4894
4316
3994
4468
5195
4364
4532
4675
4746
5692
4806
7216
4630
4815
4792
4397
4759
4897
4875
4491
4625
4772
4511
4721
4355
3937
5350
4473
4533
4329
4951
6527
4525
4992
5410
4724
4278
5113
4369
4490
6200
12794
7911
8000
4806
4683
4673
4438
4883
5275
4848
4327
4272
4821
3927
6944
11437
10668
9388
7920
4907
4881
4921
8524
8906
4727
4742
5164
5302
5821
4655
5796
4747
5101
5335
7677
9501
8196
5099
4410
4950
5422
5192
5330
5874
4204
4612
4668
4529
4579
4811
5159
5112
4189
5182
7142
5030
7169
4997
11418
7787
8222
4636
17869
5665
6939
4463
5937
8513
8503
6247
6325
4802
4425
4619
4958
5085
4444
4489
4490
4977
4645
4651
4499
4501
5027
5424
4309
4514
4259
4536
4774
4816
5282
4971
4341
5231
5378
4353
4732
4668
5092
13172
4990
4450
5760
4826
4498
4956
4321
4911
3852
4643
4314
4247
4586
4980
4812
4830
4701
4350
4988
5591
5160
4702
7723
7842
4854
4622
7268
8893
8795
5989
5735
5218
7312
8008
5167
4313
4966
4590
4863
4398
4464
5074
4891
4961
4749
4011
4673
3652
4755
5113
4655
4545
5337
5026
17048
6827
4773
4791
4544
4868
4743
4331
4617
4538
4822
4812
5098
4424
4742
4378
5184
6755
5442
4235
4632
4934
9206
4820
4447
4699
4433
5487
7372
21434
16202
4388
4808
5488
5130
6419
4514
9109
11488
11528
10449
5919
9313
7027
4932
5225
5014
4403
5021
4475
4588
4886
4749
4385
4405
4370
5119
5000
6829
5736
5682
4887
4675
5464
4637
4698
4183
5039
4723
5148
4890
4561
4412
4138
4556
16888
4730
5170
7577
5840
6450
4547
4572
4834
4855
4838
4562
4340
5751
3861
6381
4671
4677
4903
4449
4680
4968
4457
4484
4984
4806
4967
5022
4871
4869
4574
4818
4719
4841
4276
5157
4522
4757
4234
4974
4761
6130
4854
4461
5197
4658
4753
4815
5335
4777
5274
4534
4271
4628
5009
4582
5573
5210
5284
5105
4374
14969
4649
4205
4917
4595
5243
4942
5267
5232
4392
4934
4958
4802
5274
4584
5148
4821
4585
4287
4759
5306
5048
5326
4645
5405
4635
5019
4463
5395
5128
5101
5313
6095
4918
5396
5672
5098
4102
4892
4201
4814
4890
4661
5264
5124
18137
5011
4830
4841
4876
5378
4956
5246
5737
4856
5163
4703
6173
5252
4412
5204
5099
5516
5761
5395
5556
4710
4783
5337
4383
8250
4801
4679
5107
5477
5133
4993
16780
5202
5183
5188
5027
5577
5087
4781
5043
5035
4839
5682
5714
5040
4839
6310
5475
5641
5270
5044
5157
5138
5839
5474
4949
5155
5532
5106
5578
5464
5071
4611
5317
4699
5404
4980
5351
5018
5023
5162
5005
5175
4123
5100
4851
5430
5527
5217
4730
6646
5280
4977
5373
5001
5444
5487
4322
4968
5396
5525
4982
5660
4602
5169
4549
5001
5307
4872
5243
5520
5267
5501
6200
4917
5368
4666
16992
4851
4968
5175
5147
4634
5045
5579
4849
5352
4987
4851
5072
5713
5068
5517
5182
5645
5168
4483
5249
4725
5223
5640
5196
5596
5165
5084
5058
5407
5478
4821
5446
5294
4761
5679
4948
5034
5509
4979
5055
4715
5121
5213
5282
5293
4940
6163
6102
5778
5070
4771
5376
4640
5126
5036
5046
5536
5156
4736
4956
5190
5008
4907
5619
4551
5173
5202
4886
5235
4679
5358
5401
5604
5369
5519
12045
6469
5745
5395
5552
5133
4769
5091
4953
5029
4820
5312
4661
4344
4941
4900
4826
5205
4974
5151
5420
5320
5442
5534
5278
5146
5033
5137
5470
5302
4528
5441
4750
4749
4798
5496
5272
4992
5278
5427
5220
5274
5088
5330
5335
5090
5711
4583
5135
5208
5092
5548
4999
5499
5277
5401
5146
5142
5502
4952
5248
5159
4611
4930
5094
5025
4537
5327
4726
5234
5283
5838
5414
5199
5033
5391
5139
5245
5303
5301
5357
5411
4972
4754
4668
5646
4616
4902
4841
4792
4901
5640
17857
5273
5127
4903
4541
5150
4710
5042
5528
4670
5364
5465
4854
5476
5483
5077
5098
4849
5744
5252
5512
17146
5148
4484
5479
5690
4854
4845
5457
5063
4949
5512
5615
5537
4883
4778
5091
5342
5253
5552
4588
4809
5321
5222
5194
5047
5080
6724
4691
4876
5480
5379
5362
5103
4689
4904
5036
5398
5109
5317
4938
5264
4911
4661
5333
4916
4968
5773
5462
5153
4953
5207
5033
5015
5876
4493
4899
4867
4798
4951
4656
4963
5127
5228
5159
5122
5439
4536
5634
5077
4811
4933
4946
4576
4453
4742
5076
5048
5107
4873
5301
4967
4877
4201
5085
4903
4900
5620
4847
5009
4481
5226
4564
4780
5148
5555
4794
5214
4494
4918
4760
5890
4310
5150
4837
4747
4364
4880
4716
5122
4421
5335
5263
4948
5253
5096
4676
5025
4860
4861
4846
5207
4992
5595
4660
5175
5085
5063
4916
5212
4925
5394
5108
4964
5269
4839
5206
4693
5037
4749
4557
5291
5261
5158
4981
4838
4465
5432
5217
4878
4825
4981
4674
4786
5298
4712
8968
4988
5013
5071
4893
4736
6503
5022
5497
5302
4713
4856
5773
5007
4609
4881
5208
5151
5035
5285
5490
5293
4801
5072
5120
5439
5478
5739
5271
5106
5124
5464
5272
5113
4938
5009
4861
4535
5019
5359
4446
5130
4741
5399
5395
5462
5021
5170
4578
5544
4897
5121
5015
5178
5402
4822
5159
5808
5679
5468
5123
5168
5356
5340
5182
5306
5537
5249
4887
4916
5772
5002
5553
5198
4521
5653
5454
4808
5341
5313
5515
5156
5589
3060
5332
4397
5190
4854
4772
5007
5306
18770
5122
5702
5119
5699
4455
4892
5228
4535
4992
5071
5534
4643
5140
5646
5677
5313
5060
4723
5215
5165
4644
5098
5176
4948
5303
5173
5893
4906
5625
5219
5825
5137
4988
5183
5443
4282
5810
5120
5093
4871
5309
4947
5010
4869
5059
4717
5024
4880
5437
4875
4384
5244
5384
5559
5300
4804
5447
4576
4742
4917
4791
5118
5813
4374
5697
5567
5302
4981
5365
5127
6042
5330
4401
5861
4773
5548
5250
5238
5716
4904
5440
5135
5044
5068
4643
4781
5206
4661
4814
4832
5381
5378
4985
5514
5087
4811
4543
4910
5602
4732
4735
5903
5172
5017
5263
5205
4820
5984
5444
5200
5234
5211
5753
4965
5429
5398
5000
5414
4323
4762
5873
5037
4925
4796
5209
4812
5288
5608
4856
4856
4861
5327
5303
5095
4799
5086
4712
5022
5289
4712
5398
5402
4876
4902
5330
5095
5102
4588
5257
5258
4897
5066
5110
5393
5224
5579
5233
5013
5236
4954
4587
5300
5279
4847
5168
4788
4913
4770
4560
5076
5271
4575
4974
5586
4831
5855
4205
5018
4877
5141
5181
5061
16805
5160
5084
5920
4628
5375
4665
5254
4918
5606
5384
5008
4918
5525
5291
5767
4576
5382
4744
3021
5492
5138
5445
5230
4917
5285
4655
5133
5343
5041
4704
4575
5026
5523
4992
5076
5448
5032
5131
4921
5506
5292
5071
4974
5500
5024
4989
5578
5945
5417
5141
4440
5048
5157
5387
4893
5648
4783
4897
5104
5042
5310
5896
5049
5250
5008
5111
4998
5203
5114
5732
5407
5410
5460
5400
5069
5182
4990
5370
4672
4676
5911
5326
5178
4747
4998
4955
4686
5577
5064
4673
5575
5358
6557
4889
5184
5617
5098
5201
5065
5602
5250
4970
5469
5207
5210
5672
4803
5264
5762
4863
5421
5125
4856
4988
5390
5308
5400
5410
4925
5111
4937
4564
4825
5673
5518
5221
5256
4679
4979
5140
5103
4558
5096
4895
5727
5515
5505
5215
4815
4595
4816
5540
4522
5225
4753
5073
5628
5675
5216
4968
4704
4824
5045
5001
4904
5227
5229
4732
4945
5086
5594
5039
4937
5005
5011
4786
5293
4789
5030
5218
4722
4570
5633
5312
4797
5040
5341
4875
5455
4914
13645
5812
4597
5089
4834
4754
5385
4978
5314
4985
5494
5648
5099
5240
5041
5308
5225
4694
5038
4844
4682
4852
5201
5241
4895
5086
4787
4875
4963
4988
5145
4992
5474
5222
6285
5061
5496
4871
4884
5062
5755
4653
18396
3807
5688
5462
5383
5650
5287
5825
5330
5110
5772
4697
5454
5831
5361
5362
5011
5197
5657
4595
4508
5057
5429
5680
5398
5170
4790
4801
4549
4737
5447
5531
5670
4715
5531
5393
4918
5468
5441
5352
5202
4810
5132
5862
4688
5222
6152
5085
4922
5069
4847
5525
4576
5123
4887
4944
5044
5390
4857
6161
4868
4899
5169
5671
5099
5121
5273
5282
5136
5047
5004
4475
5028
4759
4861
5001
5560
3951
4817
5650
5791
4966
5343
4853
4949
4913
5262
4542
5534
5567
4870
4503
5078
5032
4945
5502
5304
4811
4957
5075
5012
4896
5378
4889
5394
5116
5638
5870
4854
5207
5614
5309
4998
4699
5092
5592
5308
5352
5116
5473
5120
5286
5445
5881
4607
5130
5196
5156
4971
3745
3624
4924
17827
5686
4972
4985
4825
5081
5535
5597
5205
5530
4943
5432
5427
5149
5162
4913
5154
5169
5248
5891
4870
5425
5413
5072
5209
5162
4775
4876
5805
4640
4984
4866
5574
4858
5839
4804
5534
5126
5589
4960
5370
5136
4996
4934
4857
5341
4313
18268
5060
4789
5031
5143
5375
5093
4945
4904
5020
5047
4801
4999
5339
4541
5866
4603
4692
5148
4915
5047
4784
5081
5479
5194
4855
4563
5188
5006
5072
4884
5022
4961
5770
6896
4978
5343
4602
5183
5663
4967
4937
5624
5075
4974
4955
4828
5000
5057
4929
5056
5136
5493
4982
5858
4779
4925
5337
5100
5643
5237
4909
4539
4408
5323
5182
4937
4924
5084
4932
4810
5342
5041
4532
4913
4672
4844
4607
4724
4797
5002
4948
5145
5270
4880
5042
5006
5253
4814
5037
5085
5109
4626
5099
5786
5401
4514
5342
4590
5354
4834
5196
5434
5764
5228
5781
5041
5823
4674
5415
5466
4944
5326
4115
4883
5231
5257
4546
5006
5095
5125
4843
5816
5055
5247
5021
5537
5204
5526
4671
4535
5517
5813
4919
6061
5185
5245
5086
643
273
5667
5029
5470
4693
5554
4948
4405
4762
5464
4915
5784
4993
5236
5141
5428
4894
5484
5014
5106
5708
5620
4937
4920
5114
5239
6108
4976
5489
4957
4937
5770
5052
5684
4837
5402
5159
5162
5484
5060
4296
5719
6889
4914
5264
4510
5460
5215
4747
4901
5437
5125
4942
5436
4769
4935
5348
5780
5652
4814
5204
5470
4710
5507
5287
5338
6149
5132
5347
5012
4437
4896
5507
5299
5009
5738
5677
5404
4798
5373
5006
4969
5151
4908
5695
5561
4925
5050
5377
4730
5125
4648
5465
4967
4881
5667
4919
4731
5063
6448
5742
5165
4985
5594
5828
5930
5436
4969
4782
18407
4998
5168
5166
5594
4925
5337
4994
5021
4787
4898
6261
5318
4986
5051
4845
4993
5278
17661
4718
5202
5333
5679
5073
5024
4958
5214
5287
5323
5056
4718
5418
5613
5424
4775
5234
4575
5880
4634
4810
5626
4788
5225
5124
5433
5459
4930
5157
5020
4790
4988
5471
5069
5117
5043
4502
4914
5826
5110
5329
4881
5171
5136
5399
4785
5372
5250
4313
5041
5147
5002
5383
4973
5193
5523
16895
5068
5465
5231
4930
5377
5409
5004
5036
5202
5686
5137
5369
4925
5837
5078
4933
5290
5966
5613
5379
5378
4792
4614
5994
5084
5002
5062
5244
4768
4901
17390
4755
5109
5535
6278
5536
4615
5393
5652
4893
8286
7150
5234
5028
5188
5239
5165
5341
5096
5425
4980
5521
5491
5525
4991
5716
4489
6147
5195
4765
5159
4966
5161
5556
5066
5210
5221
4845
4979
5228
5061
5837
5479
5168
4907
5322
5037
4517
5348
5245
5081
5443
5489
5320
5757
5001
5212
4704
5074
5663
5366
5561
5431
5071
5119
5798
5555
5702
5151
5122
5806
4741
5541
4863
4862
5047
4746
5299
5478
6135
5136
5710
5637
5224
5304
4620
5367
4378
5057
5318
5374
5275
5301
5175
4856
4668
4930
5392
4437
5048
5114
5218
5418
4323
4953
5645
5047
5013
5209
5049
4829
5264
5228
5196
5323
5096
5339
5422
5411
5418
5124
5524
5521
5402
5586
5255
5027
4865
4988
5225
5530
5068
5203
5817
4973
5434
5223
6047
5717
5955
4641
5589
5974
5253
5258
4817
5300
5379
5177
5026
5293
4939
4837
5078
5222
5011
6283
5441
4918
5411
5027
5479
4929
5317
5032
5464
4856
5327
5793
4652
5061
5278
4942
4988
5610
4910
5173
5348
4996
4924
5543
5971
5403
5585
5328
5126
5305
5838
5032
5179
4932
5602
5303
4949
5647
5314
5018
5227
5289
5588
5799
5426
5109
5182
5289
5287
5135
5393
5180
4976
5639
5557
4912
5182
5410
4869
4871
5277
5534
5354
4668
5061
5377
5003
6153
5131
4791
4897
5234
5344
5560
4561
5173
5182
4838
4974
4622
4836
5301
5110
4926
4811
4687
5861
5311
5198
5343
5392
5036
5285
5388
4946
5326
5269
4854
5219
5031
4890
5368
5913
4785
5073
5224
5316
5521
5915
5165
4632
4621
5080
9939
9908
8251
9130
6723
7485
4323
17007
5978
4878
5139
4692
5271
5036
4748
6185
6716
5927
6360
6030
4396
5444
5125
4845
5028
5401
5495
5172
4855
5457
5026
4962
5153
5211
5822
5034
5231
4993
5343
5672
5139
5563
4893
5390
5212
4612
5417
5151
5586
5223
5064
5021
5106
5248
4774
4983
4546
5139
5164
5478
4680
5366
4959
5763
5506
4793
5078
4886
4914
4811
4646
4900
4731
4949
5068
4934
4683
4953
5449
4818
4968
5327
4647
4540
5417
5104
5173
5169
4739
4749
4731
4940
4475
5198
4956
4834
4281
5138
4904
5213
4675
5233
4640
17601
5288
4624
4905
5105
4875
4895
5648
4937
5419
4459
4880
4765
18504
4956
4641
5138
4735
6309
5345
3719
5781
4785
5065
5114
5300
5148
5053
4987
4785
5896
5502
4897
5566
5213
5944
5608
5122
5367
5187
5179
5015
5586
5186
4921
5488
5132
5275
5927
5210
5321
5340
4522
5686
4770
4912
4693
5567
5195
5392
4994
5363
5625
5247
4932
5407
5056
5315
5393
5254
4907
5067
4914
4671
5382
5630
5518
5134
4782
4744
5396
5034
5497
5274
5228
5371
5646
5193
5145
5569
5320
5528
5189
5137
4149
6016
5041
5492
5242
4826
5333
5999
5510
5047
5535
4944
5102
5608
5365
5596
5476
5392
5120
5830
4828
5241
5036
5819
5066
5011
5203
5018
5172
4930
5147
43
5423
5306
5105
5400
5110
4803
4809
5859
4958
5836
4493
4915
5319
5683
5031
5524
19210
4948
5096
4966
5135
4932
5175
4659
4802
5165
6075
4608
5133
5178
5384
5058
4681
4941
4952
4520
5062
4898
5632
4760
5214
4618
5091
5245
5269
5126
5360
5348
5240
4790
6289
5302
4975
5271
5334
5017
5357
5442
4794
5121
6399
4937
4678
5243
5392
5099
4738
5135
4872
4660
5105
4738
4612
4972
5242
5164
5859
5529
5202
4564
5663
5071
4903
5375
5749
4832
5258
4986
5176
5208
5447
5235
5586
5279
5141
5377
5902
6203
4948
5148
5551
4781
5614
4940
5023
5108
5399
4781
5226
4865
5235
5369
5018
5236
4849
5266
5322
5438
5147
5141
4991
5109
5823
5152
5259
5221
5003
4856
4998
6302
5363
4829
4584
5234
4954
4861
5716
5214
4679
5018
5208
4847
5891
5311
5315
4721
4900
5194
5103
4750
5132
5228
5456
5257
5612
5527
5365
5086
5327
4725
5929
4584
5387
5432
6145
5063
5416
5132
5922
5641
4761
5160
5208
5253
5044
4790
5429
6263
5110
5256
5688
4883
5202
5287
5274
5003
5485
5150
5248
4575
5682
5143
5264
5410
5167
5876
5088
5209
5275
4298
5314
5267
5143
5716
5385
5749
5525
4785
5003
5362
5122
5159
5400
5104
5311
5024
5992
5012
5095
5698
5314
4675
5271
5026
4940
5263
5231
5237
5212
4895
5203
5235
5134
5216
5167
5600
5035
5189
5551
4892
5130
5204
5382
5364
5103
5550
5375
5149
5781
4905
4878
5619
4982
5062
5244
4677
6180
4787
5012
5232
5210
5370
4766
4703
4977
4741
5154
5218
5017
5373
4689
5283
5346
5826
5624
5751
5769
4976
4838
5551
5670
5323
5411
5327
5066
6152
5164
4811
5705
4909
4931
4940
5168
5450
5177
5073
4816
5002
5085
5588
4931
5051
5261
5192
5172
4966
5345
4773
5037
5408
5285
5481
5749
4850
5327
5413
4954
5299
5345
5016
5265
5524
5072
5384
4949
5401
5151
5154
4973
4996
5436
4979
6360
5902
4766
4565
4721
5299
5552
6988
4695
5341
4695
6623
5192
4952
6117
5031
5439
5493
5539
4994
5895
5309
5720
5693
5450
5252
5342
5284
5438
5353
5759
4958
5678
5144
5342
5429
5262
5388
5771
5177
5291
5143
5672
5061
5247
4834
5063
5066
5137
4866
4788
5644
4959
4774
17229
5339
6008
5978
6191
4791
6028
5049
5596
5676
6963
5444
5503
5721
5483
5340
5096
5864
6236
4836
5153
4834
5336
5263
5544
5218
5380
4890
5578
5069
4976
5613
5643
5190
4911
4821
5570
4710
4839
4882
5518
5366
5549
5638
5511
5168
5293
5157
5273
5145
5227
4689
4722
5186
4972
5785
5102
5251
5399
4899
5002
5362
4945
5132
5316
5491
5464
5187
5472
4531
5686
5103
5532
4866
5159
4554
4858
5407
5344
5677
5013
5604
4874
5388
5319
5432
5544
5045
5801
5283
5822
5101
5383
5287
5942
4867
5349
5533
4991
5445
4920
4752
5629
4662
5108
4910
5220
5095
5278
5611
5432
5076
5329
4645
5046
4810
5102
5382
4726
5546
5553
4775
4865
5116
5450
5760
4878
17879
4594
5052
5267
4660
5001
4765
5217
5145
4821
5502
4902
4968
4926
18013
4749
5680
5216
5049
4870
5329
4676
5116
4922
5555
4933
5493
4557
4977
5948
4776
5029
5190
5001
4819
5014
5784
3025
5118
5221
5418
4828
4987
5244
5135
4644
5117
4778
5296
4854
4780
5361
5383
5569
4774
5368
5198
4842
5349
5514
5974
5373
5915
5125
5244
5046
4610
4798
5013
4844
5443
4552
4859
5051
4708
4842
4919
5382
5181
5516
4862
5181
5419
5005
5212
5325
5538
4680
4726
5274
5243
5026
5003
5379
4906
5659
5691
5047
5354
4863
6081
5146
5540
4893
5009
5417
4876
5885
6156
5710
5570
4862
4903
4691
5413
5538
5675
4931
4776
4554
5045
18036
4925
5289
5140
5563
5513
4971
5048
5201
5358
5181
5148
5032
6129
5142
5694
5387
5047
5527
5190
4765
5265
5553
5033
4648
5067
5318
5565
4565
5313
5014
5123
5357
5452
4852
5013
4978
5038
6676
4837
4679
5289
5326
4718
4973
4726
5402
5569
5309
5518
5435
4978
4957
4869
4853
5335
5038
5200
5357
4973
5005
5449
5102
4924
5203
5011
5171
5682
5600
3766
5117
4628
5000
5081
4909
5064
5868
5646
5180
5227
4819
5137
5643
5255
9198
5497
4900
5260
5073
5358
4916
5241
4746
3852
5568
4750
5461
5433
4480
4847
5100
5228
4852
6007
4739
5061
4671
5110
5224
4881
5066
5452
4576
5030
4840
5338
5026
4947
5660
5168
4994
5461
5721
5020
5163
4617
5256
5953
4626
4927
4790
5366
5394
4969
5010
4603
5432
5139
4566
5482
5039
5423
5421
4904
5797
5259
4565
5386
5660
5219
5307
4675
4500
6067
17795
5589
5437
4799
5330
4899
4920
5255
5739
4994
5634
4843
5199
5633
5293
6319
6399
5409
5344
4806
4712
5443
5805
5644
5069
5110
5179
5573
5269
5825
5732
5272
5026
5436
5637
4437
5434
5416
5420
5193
3852
5530
5528
4852
6396
4544
5362
5061
4739
5850
4675
5203
5855
5216
5194
5136
4754
5993
5529
4948
5531
4910
5062
4898
5082
4874
5495
5553
5103
5555
4807
5781
4641
5586
5679
4897
5681
5355
4987
5304
4905
5140
5078
5343
4739
5230
5027
4800
5634
5827
6434
5190
4712
4470
5828
4959
5341
5117
5710
5407
4835
5423
5487
5998
5696
5267
5531
5735
5662
5024
5080
5638
5233
5762
5046
5408
5586
1968
5132
5731
5484
5488
5137
5371
5672
4439
5005
5647
5302
4959
6127
5192
5156
5604
5299
5900
5142
5341
5315
5190
5320
4960
4691
5392
5976
5467
5492
5273
5366
5299
5422
4711
5331
6746
4559
5553
5436
5000
5304
4976
5365
4459
5874
5120
4827
5957
4711
5089
5200
5247
4689
4972
5825
4584
6003
5671
5063
5042
5390
5025
5440
4971
5329
5329
4566
6171
5782
5363
5194
5992
5432
5572
5804
4813
4124
4889
4740
4098
5139
5032
5255
4484
5031
4826
5018
5522
4988
5120
4729
17550
5786
5377
4771
5417
4629
5213
4891
4740
5249
5443
5222
4867
5494
5055
5231
5118
6291
5815
5282
5315
5492
5334
4885
5317
4669
5249
5299
5427
5339
4434
5155
6184
5743
4431
5646
4984
4998
5575
4930
4900
5200
4865
5293
18517
5543
5212
5167
5125
5977
5281
5258
5450
5692
4717
4909
5733
5735
3910
5063
4862
4986
5103
5325
5379
5589
5934
4730
4990
5336
5557
5153
5237
5485
5544
5835
5644
5250
4825
5115
5462
5153
4929
5115
5965
4839
5232
4905
5940
4976
5248
4849
4531
4842
5295
5594
5270
4827
4907
5117
4759
4979
4825
5118
5629
5032
5273
5591
4960
5515
5137
5598
4776
5502
4835
5145
4839
5251
5187
5839
4938
5285
5255
4771
5385
5219
5272
5447
4945
4964
5494
4320
5032
5306
5067
5116
5527
5055
5245
5071
5392
5220
5144
4577
5549
5158
5265
4876
5306
5443
4879
5643
4972
5870
5493
4975
5285
5098
5061
5335
4552
5747
4951
5025
5339
5465
5147
5063
4969
5226
5128
4829
5420
4641
5484
5292
5543
5166
5593
4848
5327
5315
5673
5220
4847
5373
5297
5237
5395
5169
5588
5399
5572
5143
5320
4980
5829
5197
4630
4963
4939
5441
5048
5927
5763
5541
6827
5273
5246
5274
4821
5447
5667
5250
4982
5162
5125
5404
5221
5044
4964
5057
5181
5113
5431
4597
5178
4664
6356
4771
5280
5680
4923
5475
5274
4827
4913
4995
4854
4877
5174
4959
5346
5358
18098
5557
4710
5317
4856
5068
4826
5073
5445
5022
5379
4998
6165
5269
4368
6400
5627
5280
5127
5409
5287
5340
6101
5376
5023
4963
5284
4939
5160
5945
4979
5375
4884
5564
5092
5698
5281
5024
5083
5192
5322
5320
5194
5241
5214
5385
5339
6084
4775
5361
5135
4649
4720
5272
5286
5440
5202
5168
5427
5205
5126
4837
4581
5085
5416
5274
4557
5452
5191
4851
4807
5027
4983
5413
5361
4928
5313
5679
5270
4968
4875
5200
5310
4988
4820
5426
4788
5315
4596
5330
5284
5579
5600
4425
5235
4670
4969
5574
4754
4786
4988
5353
4981
5067
5009
5630
4781
5533
4515
4864
5031
5701
4964
5642
17940
4792
18128
5263
4212
5007
4611
4905
5281
4901
5615
5170
4961
5531
5120
5606
5144
5819
5393
5533
5185
5245
5605
5194
5348
5294
5063
5404
4959
5261
5752
5251
4924
5202
5041
5151
5188
5225
5396
5522
5254
4798
5964
5437
5229
5255
4825
4870
5009
5710
5066
5583
5015
5305
5406
5209
5806
5109
5227
5300
4854
4990
5676
5050
5469
5366
5089
5178
5190
4866
5424
4172
5423
5762
4756
5763
5441
4869
5541
5528
6083
5224
5641
5385
4553
5387
5617
5296
4840
5226
5011
5097
4912
5113
5688
5054
5444
5419
4919
5125
5294
5899
4890
5749
5322
5217
6116
5253
5344
6219
5213
5804
5230
5131
4950
5058
4933
4838
5239
4902
5483
5013
4924
5022
5307
5220
5106
4758
4780
5099
17605
5243
5348
4924
5178
5594
5301
5732
5545
5083
5128
5265
5456
5546
5468
5336
4891
5430
5253
5284
5439
4924
5673
5834
5412
5276
5047
5274
4640
5309
5443
5771
4735
5075
5343
4599
5528
4825
5844
5273
5481
5727
4462
4968
5113
5016
5563
5001
5357
5931
4721
5798
5086
4861
5433
4945
4966
6259
5701
5353
5750
5387
5166
5078
4481
5495
5472
5227
6025
5238
5543
5737
5115
5427
5266
5622
4988
5837
5330
5309
4916
5469
4889
5466
5849
4651
5131
5130
4803
5234
5670
4852
5455
5523
5299
5197
4531
5137
5727
5527
5585
5125
5691
5023
4767
4911
4697
5290
4490
5352
5198
5475
5617
5160
4727
4892
5154
5659
4724
5228
5311
4791
5256
5774
5180
5145
5186
4938
5910
5212
5537
5073
4575
3749
5176
5182
4870
4990
4990
5266
5144
4795
5894
5332
5053
5507
4658
5340
5309
4621
5190
5301
5068
5167
4802
5035
5085
5323
4725
5697
5812
5288
5883
4748
5291
16914
5029
5046
5084
5182
4908
5317
5037
5135
5844
5077
5226
5384
4898
17093
5267
5043
5227
5003
5582
5496
5486
5218
5000
5565
5095
5470
5563
5134
5875
5025
5051
4975
5711
5480
5479
5837
5146
5323
5783
4931
5330
5186
5496
5199
5009
5328
5260
5522
5219
5452
5442
4786
4971
4676
5613
4976
4911
5449
6170
5371
4836
6448
4700
5046
4930
5644
4971
5737
5586
5374
4658
5278
5616
5571
5438
4859
4718
5731
5189
5490
5173
4924
5147
5644
5364
4933
5043
5808
4930
4721
5352
5264
4862
5774
5145
5342
5432
18425
4937
5002
5638
5489
5148
5589
4956
5970
6541
5236
6293
5124
4515
5577
5938
5094
5772
5416
5165
5504
5011
4765
4991
5216
4976
4702
5267
5370
5254
5132
5524
5005
6700
5816
5306
10894
5040
4527
4894
4756
5047
5472
4669
5143
5699
4774
5213
5164
5512
5021
4702
5185
5588
5954
5337
5561
5101
5048
4855
5401
5202
5034
5043
4621
4886
5515
4649
5041
5562
4612
5136
5088
5339
5189
5519
5986
4726
4991
5274
5221
5373
4676
5144
5595
4739
5243
5107
4666
5466
6070
4594
5051
5399
5339
5788
5082
5349
5018
5696
4908
5287
5091
4755
5327
17619
5410
5013
5596
5318
5225
5197
4953
5219
6191
4929
5810
5220
5077
5137
4913
4766
5341
5319
5541
5073
5171
5884
5100
6108
7073
5384
5000
5330
4813
6055
5033
5379
4916
5194
5090
5420
5034
5254
5184
4481
6018
5057
5274
5214
4910
4410
5384
5288
5076
4813
4518
4846
4965
5487
4563
5006
4955
5026
4874
4796
4951
4750
5581
5165
5973
5385
5199
6112
5582
5327
5278
4825
5311
5139
5602
5707
4923
5216
5078
3334
5099
4944
5373
4778
4558
5683
5524
4495
4887
5215
4981
18484
5308
5102
5881
4972
5498
5076
5162
5471
5145
5124
5245
5554
5058
5730
5861
4994
5223
4942
4776
5294
4985
5340
5320
4936
5113
4589
7885
5062
4878
5750
4951
4968
5068
5684
4643
5406
5985
4840
5171
5594
5127
6087
5883
4770
5016
5429
4587
5079
5056
4470
4887
4825
4989
4995
5624
4842
5526
4398
5068
5032
4904
4575
5652
4853
5083
5932
5567
5185
5499
4787
5136
5332
5080
5159
4848
5346
4514
5383
5003
5633
5198
5586
4780
5221
4912
5156
4900
5007
5399
5168
5836
5226
4812
5587
5344
4289
6010
4060
5596
5078
4895
5453
5386
4715
5397
5638
5167
5165
5487
5413
5639
4362
5515
5047
5320
5028
5100
5126
5143
4987
4793
4948
5758
5689
4735
5182
5093
5984
5403
5235
5177
5272
5409
4904
5313
6093
4994
5624
5382
5136
5087
5335
5355
5323
4931
5212
5280
4830
5642
5032
5062
5734
5435
4996
4604
4827
5237
5627
5759
4549
4644
5023
5689
4848
4785
4968
5655
5293
5678
5120
5073
5742
4954
5070
5320
5139
5529
5073
5075
5010
5261
5300
4771
5558
5309
5874
5344
5473
5249
5702
5087
5476
5435
5825
5441
5635
47
5582
5127
4686
5561
5565
4874
5184
4927
5906
5404
5062
4966
5340
4701
5257
5314
4881
5534
4946
4635
5227
4694
4844
5437
4978
5774
5397
4725
5122
4878
5349
4609
5275
4591
5352
5123
4998
5310
5188
4877
5161
5218
4668
5202
4790
5058
4966
4587
5436
4667
5761
5065
4589
5109
5055
5432
4908
5361
5134
5065
4856
5001
4743
4968
5212
5056
5422
5115
5256
5327
4975
5527
4905
5311
5269
4840
5365
5744
5074
5244
5017
5367
5234
5244
4648
5147
4995
5025
4850
5318
5174
5084
5361
5204
5342
5492
5136
6070
4595
5424
5185
5751
4668
4947
4941
5246
5743
5233
4575
4892
5868
5899
4844
5527
5347
5513
5383
5367
4744
5234
4984
4466
5596
4786
5264
5006
5138
5261
4988
4885
5246
5198
5124
5097
5681
5088
5915
5023
4952
5376
5496
5749
5800
5175
5131
5158
4312
5320
5167
5089
5279
5548
5108
5059
4031
5227
4693
5499
5313
5189
5319
5499
4912
5576
5319
4873
5931
4887
5861
5172
5221
5242
5467
4863
4563
5290
5181
5152
5558
5567
6339
5150
5683
5167
5904
5031
3576
5261
4993
5615
4820
5340
4889
5231
5187
4754
5009
4453
5286
4720
4682
4836
4248
5673
5923
4853
5279
5420
6005
5578
5499
5809
4908
5012
5753
5637
5654
4930
17682
5122
5119
4169
6179
5272
5740
5118
5163
5739
5377
5264
5024
5468
4623
5422
4973
5317
5972
5428
5450
5335
5276
4986
6573
5808
5555
5213
5137
5545
5700
5194
4896
5386
5366
5535
6579
4925
5156
5524
5200
4687
5758
5127
4746
5533
5567
5046
5402
4993
5137
4916
5746
5633
5659
5294
4790
5021
5750
4984
5284
4688
5416
4667
5569
4025
5119
5267
5660
5249
4642
5025
5028
5287
4923
4150
5018
5364
5046
5063
4989
4761
5201
4826
5043
4978
5399
16704
5421
4942
5245
5680
5340
5411
5199
4939
5234
5074
5299
4611
5311
4744
4722
4804
5456
5692
4689
5005
5046
4851
4875
5185
5295
4942
5370
4818
5487
4495
5094
5764
4886
5309
4960
4825
5196
4849
5491
5039
5499
5894
5677
5385
4635
5264
4469
5022
4922
5539
5127
5119
5817
5405
5174
5673
5669
4851
5265
5212
5538
5251
4814
5347
5186
5013
5537
5357
5253
5755
4919
5038
5259
5326
5281
4933
5143
4899
5634
4805
4925
5510
5896
4960
5271
4258
4835
4323
5696
5256
4855
5057
5347
4842
5488
4507
5110
5204
5363
4846
5367
5528
5380
5331
4724
5456
5351
4606
5290
4993
5265
5095
5425
5492
5315
5048
5302
5374
4966
5488
5100
17541
5078
5255
5244
5215
4792
5457
5140
5062
5429
4497
5337
5322
5442
6122
4743
5508
5651
5301
5223
5467
5338
5141
4949
5235
5768
4976
5505
5316
5631
5234
5422
5594
5425
5444
5077
4679
4776
4595
4683
4443
5549
4594
5480
5425
5119
5415
6078
4939
5489
5350
4754
5430
5222
5221
5016
5388
5329
4870
5055
4730
5427
5453
5243
5100
4833
4721
4911
4870
17415
4972
5088
5057
4963
5226
4882
4889
5572
4971
5356
5042
4832
4812
4953
4840
4953
4810
5453
5112
5365
5035
5252
5345
5330
5143
4910
5897
5393
5100
5484
5487
6188
5816
5220
5245
5117
4808
5497
4654
5721
4847
7369
5316
5012
5294
5290
5568
6199
5390
5312
5333
5023
5028
4611
5614
4807
5467
5316
4853
5051
5551
5302
4624
4765
4839
4967
5209
5625
4954
5546
5260
5086
5182
5081
4951
5151
5264
5202
5320
5076
5423
5012
5822
5208
5515
5204
4603
4845
4834
5463
4813
5121
4709
5184
4747
5414
5058
5538
5188
4947
5098
5252
4966
5467
5634
5871
5747
5496
5407
4989
5321
4907
5584
5429
5347
5292
5710
5455
5984
4878
5013
4729
5739
4798
5862
5344
5059
5612
5003
5652
5218
5430
5373
4811
5468
5613
4688
5177
5244
5110
4961
4995
6311
6136
4829
4891
5119
5391
5215
5497
4983
4676
5341
4547
4910
5221
5391
4723
4693
5742
5375
6147
5258
5572
4998
5014
5499
4785
4890
4921
4983
5444
5572
5744
5407
5420
5111
4812
5033
5477
4037
4869
5349
5620
5179
4890
4873
5204
5869
5335
5423
4820
4897
5163
5585
5581
5169
5429
5489
5090
4506
5132
5171
4937
5398
5471
5455
4665
5119
4832
4862
4994
5298
5470
4851
4920
5640
4900
5606
5060
4765
5328
5064
5739
5173
4926
5251
4885
5259
5025
5297
5788
5632
5434
5114
5048
4603
4943
4954
5329
4630
4647
5347
5780
4922
5456
4938
5089
5415
4969
4799
5457
5109
4834
5124
5029
5509
5130
5279
4593
5164
4625
5405
5064
4893
5088
5094
5062
5048
5427
4856
5188
5691
5257
5298
5156
5043
18183
5022
5164
5521
4689
5246
4917
5230
4643
5759
4995
5135
5035
4968
5155
5271
5222
5163
5274
4736
5425
5518
5077
5718
5159
5009
5169
5113
5003
5267
5266
5485
6036
4788
5684
5366
5312
5069
5072
5463
5658
5753
5281
5772
5251
5576
5646
5040
4760
5147
5675
4994
5197
5096
5666
5113
5486
5571
4991
18333
5743
6133
5372
5166
5175
4536
5230
5672
5765
5861
4919
5083
5526
5453
5071
5167
5448
5778
5665
5044
5152
5620
4979
5495
5064
4944
5241
5085
5121
5315
8445
5275
5864
4950
5632
5792
5435
5408
5673
5604
5264
5554
5838
5121
5789
5760
5421
5247
5209
5316
5118
5694
5352
5263
5411
5326
4942
5672
5324
5065
6084
5360
5459
5389
4730
4698
5359
5305
5211
5555
5269
5778
4736
5678
5425
4986
5332
6217
5093
5153
5185
5513
4987
5276
5244
5366
5473
5909
5007
5403
5537
4933
4979
5055
5371
5878
5041
4904
5926
5052
5047
5449
4870
5297
4974
5551
5202
5257
5644
5714
5097
5258
5255
4629
4821
5557
4711
5375
5316
5611
5243
4632
4791
4829
5216
5584
5099
5103
5393
4822
4604
5155
5438
5443
5023
4578
5103
4951
5301
4837
4670
5557
5080
17894
4828
4719
5095
5848
4732
5562
5313
5357
6570
5783
5102
5654
5346
5008
5262
5000
5200
5392
5088
5027
5557
4800
5490
4773
5277
4876
5412
4743
5250
5095
5102
5464
5639
5330
5214
5592
4985
5431
5043
5496
5599
4868
5088
5710
4997
4956
5577
4663
5427
5727
5591
4829
4924
5441
4970
5152
5034
6018
4713
5290
5394
4654
5035
5167
5048
5315
5137
5055
5914
5258
4750
5696
5142
5289
5163
5241
5050
5055
5182
4704
4559
5390
4514
5428
5545
4809
5575
5063
4724
4729
4995
5771
4943
5239
4571
5128
5341
5286
5647
5357
4674
5751
4946
5155
4919
4544
5150
4819
5052
4585
5019
5853
5369
5077
4891
5159
5651
5414
5045
5443
5136
5499
5093
5905
5126
5457
6293
5629
5614
5063
5008
5811
5037
5395
5460
4855
5422
5690
5142
5428
5549
4864
5072
5338
5456
5136
4812
5485
5348
5552
5175
5812
5748
5007
5463
5324
5748
5025
5262
5389
5500
5112
6632
4359
5246
5300
5055
5685
5652
5489
5098
5153
4826
5098
5592
5201
5540
5192
5157
5608
5114
5743
4776
4648
5666
5160
5315
5291
4976
6014
5156
5212
5375
5299
5661
5127
5553
5071
5157
5266
5577
5440
4792
5396
4712
5832
5303
5119
5406
4861
5260
5325
4910
4812
5521
4920
6878
4916
4869
5005
5041
18289
5885
5083
5751
4436
5384
5129
5394
5007
4916
5548
5657
5366
4582
4763
4866
5577
4769
5410
5022
4934
5657
5807
5142
5559
6158
5211
4894
4894
4658
5149
5352
5510
5501
5248
5045
4770
5080
4917
5375
5022
5055
4503
4438
5328
5191
5247
4695
5312
4667
4827
5157
5163
5947
4554
5003
4901
5588
5193
5192
5391
4834
5037
5224
5109
5149
5001
5380
4896
5084
5636
5072
4943
5179
4570
5657
5414
5046
5361
5563
4915
5256
4953
4713
5213
5063
5357
5046
4911
4483
5180
5076
5330
4766
5125
5596
5203
4904
5124
5135
5004
5393
4927
5173
5225
5185
5267
5012
5020
5000
5629
4626
4938
4952
5338
18309
5238
5115
5237
5283
5074
5528
5280
5498
5915
4960
5085
4849
5425
4674
18266
5970
5056
5407
5107
4657
4731
5036
4763
4806
5368
5106
5200
4534
5046
4632
5479
5432
5621
4531
5657
5393
5821
4791
5296
5407
5598
5564
5108
5494
5374
4854
5330
5129
5628
5199
5278
5459
5126
5286
5342
5732
5203
6349
4735
5157
5855
5611
5373
5486
5634
5343
4856
5445
5310
5419
5498
5144
5140
5386
5846
4805
5611
4922
5864
5518
5549
5312
5712
4647
5387
4918
5206
4557
5660
5782
6017
4873
5866
5697
5589
5307
5083
5261
5855
5873
5315
6190
5750
4726
5146
18037
5288
5505
5022
5267
5626
5722
5003
4360
5574
5181
2791
5409
4714
4992
5192
5242
5065
4833
5464
5126
5619
5506
4796
5520
5019
4613
5562
4760
5013
5428
4770
5052
5380
5470
5375
5395
5224
3841
5669
4943
6118
5683
5445
5531
5429
5973
4800
5037
4946
5651
5813
4950
4947
5151
4892
5252
5598
4890
4287
4803
5262
5213
4534
5641
5200
6058
5183
4967
4985
6013
5116
5272
5447
4900
5686
4904
4947
5249
5435
4897
6094
4340
5734
5577
5742
5190
5127
5352
4872
5026
5156
5195
4663
4621
4908
5138
5478
5144
6304
4586
5011
4784
5042
5348
5390
4960
4741
5401
4987
6103
5039
5175
5055
5299
5351
5213
5135
5013
5619
4882
5367
5145
5679
4929
5031
5020
5324
5304
5326
5146
5741
4997
17300
6335
4446
5235
4900
4802
5349
5288
5125
5260
5037
5182
5007
5301
4676
5369
4665
6147
4839
5620
5425
5273
5430
5241
5053
5789
5203
6063
5243
5210
5997
4964
5127
5360
5124
4706
4906
5136
4973
5252
17496
4872
4777
5394
5237
4908
5412
5115
5467
5575
5706
4987
4206
5172
5056
5652
5067
5641
5377
4908
5081
5303
4938
5903
5262
5487
5255
5320
5455
5132
5230
4683
4948
4936
4515
5188
5965
5411
4926
5467
5109
18105
5510
5578
5546
5171
5222
5107
4868
4857
5529
5038
5378
5090
5116
4731
5279
6195
5172
5375
5450
5374
5251
5397
5386
4863
5508
4891
5056
5141
5341
5063
5818
5247
5369
5391
5245
5566
5458
4784
5494
5757
4830
4828
5604
5244
5000
5152
4898
5717
5343
4786
5772
4970
5087
5455
5563
5847
5474
5298
5151
5848
5456
5212
5940
5240
4217
4959
5039
5530
5036
4854
5162
4840
5202
4929
5012
5266
5384
4759
4819
4847
4954
5413
5006
4362
5260
4859
4906
5418
5196
5180
5057
5487
5659
5669
5029
5329
5092
5366
5409
5099
4877
5281
5535
5387
4536
5367
5611
5066
5821
5419
6040
4869
5242
5581
5610
5246
5751
5458
5636
5636
5364
5581
4823
5012
4959
4971
5688
5645
5286
5568
6082
5182
5363
5307
5109
4679
5385
5052
5007
6591
5688
5079
5104
4881
5381
5610
5409
4965
4682
4498
5140
4773
5543
45
4408
5991
5179
4804
5159
4562
5478
5555
5252
5297
5095
4963
5105
4994
4839
5389
5255
4872
5260
5166
5743
4944
5735
5587
5299
5042
5390
6011
5458
5320
5063
5405
5611
5223
5121
5535
4780
5332
4976
5217
5915
5915
5662
5071
5477
5101
5064
4891
5062
5249
4693
5811
5409
5131
4702
5982
5529
5604
4964
5556
5205
5529
5787
5775
4872
4875
5897
4168
5469
5064
4921
5107
4980
4905
5350
4902
5005
5014
5519
5552
5079
5566
4831
4749
5237
4355
5388
5499
4446
5257
4805
5551
4922
4947
5305
5282
4054
5329
5231
4951
5262
5030
5481
5240
5552
5843
4738
5435
4481
5116
4971
4942
5755
4682
5525
5455
5054
5331
5166
5299
4972
4930
5173
4773
5311
5033
4551
5075
4905
5310
5158
5461
4896
5755
5258
4637
5437
5043
4960
5174
5881
5130
5176
5441
5391
4687
4873
5824
4955
17565
4954
5096
4932
5049
5225
5021
4484
5154
5549
5358
5100
5065
5319
5329
5551
4758
5733
4862
5081
5667
5073
4235
5175
4834
4621
5639
5285
5389
5119
4734
4961
18308
5229
4705
17348
5395
4965
4945
4941
5031
5222
5350
4959
4861
5447
5231
5558
5577
4604
5203
5948
5748
4978
4968
5771
5381
5312
5313
5288
5206
5007
5708
5361
5588
4717
5426
5925
5428
5736
5464
5274
5068
5330
5638
5489
5085
5005
5465
4544
4781
5341
5557
5693
5207
5923
5289
5136
5607
5015
5205
4741
17764
4787
4940
4917
5503
5405
5855
5183
5495
5234
4640
4782
5319
4923
5669
5322
5007
4392
5406
5429
5879
4675
5359
5322
5087
5190
17147
5218
5105
6037
5163
5197
5116
5399
5422
5032
5712
4744
5333
5513
5450
4788
5094
5566
4823
5205
5436
5427
5216
5539
5289
5681
4637
6213
6277
4848
4784
4532
5079
5356
5166
4805
5284
4858
5228
4720
4918
5150
5170
5167
4999
5320
4885
4957
5341
4871
5379
4868
5427
5591
5022
5393
4842
5328
5269
4915
5873
4912
5024
5011
5428
5149
5340
5774
5337
5448
4438
5748
5142
5043
4798
5066
4918
4936
5139
5636
5250
5303
5291
5403
4330
4750
4995
5554
4790
5360
5739
4863
17718
4925
5332
5489
5401
16739
4762
5637
5926
5505
4868
5205
5310
5554
5981
5199
4980
4935
5097
5356
4582
5361
5208
5334
5290
5077
5338
4902
5201
4888
5006
4902
5233
5248
5498
5049
4831
5292
5422
4948
5658
5447
5219
5781
4918
4932
5633
5712
4859
5629
5361
4901
5461
4658
5402
5458
4866
5245
4868
4938
5364
5086
4933
5398
5637
5052
5406
4724
5266
5833
5379
4872
5905
4862
4835
4668
5226
4712
5486
4774
5262
5288
4612
5282
4327
4921
5648
5078
5067
4917
4981
5035
5187
5275
5149
5673
5253
5498
5109
4455
4990
5148
4754
4848
5113
4758
5351
4831
5442
5268
4941
5163
5006
5443
5248
5701
5344
5135
5071
4790
4497
5033
5072
5323
5177
5704
5621
5529
5540
5168
5071
4837
4935
4501
4814
5125
4798
5419
4747
4658
5440
5626
4771
5208
3598
5030
5320
4395
5508
4865
5143
5171
5440
5065
4793
5222
4647
3851
4501
5037
4755
5567
4950
4326
4874
4626
5253
4984
18038
5250
5313
4786
5028
5119
4985
4752
5076
4749
5015
5403
5029
5255
5155
4883
5214
4835
4793
4598
4683
5009
4846
4891
4708
5227
5302
5061
4609
5138
4668
5292
4822
5671
5350
4837
4929
5007
5412
5394
4668
5445
4931
5232
5210
4722
5206
5227
5144
5329
4987
5304
5147
5112
5910
4861
4643
5245
4905
5114
5038
4635
5291
4939
5584
5819
5327
5398
4786
5279
5411
5485
5674
5122
5004
4641
5166
5437
4369
4788
5078
5468
4503
5243
4935
5452
4803
5207
5213
5416
5460
5115
5268
5396
4059
4917
6226
5682
5747
5433
5502
5440
5055
5131
5752
5602
4970
5789
5964
5378
5306
5671
5446
5157
4839
6259
5430
5214
5655
5083
5675
5504
4864
6149
5392
5185
5691
4806
6001
5345
4913
5405
5345
5187
5185
5504
5018
5687
5218
5771
5283
5221
5105
5041
5373
5745
4474
5296
5845
5253
5237
5413
4891
5465
4971
4970
5229
5072
5479
5334
5287
5412
5256
5067
5840
5715
5531
5240
4983
5565
5292
5650
5117
5125
5201
5131
4398
5238
5789
5714
5901
5065
5145
4833
5267
4955
5008
10647
6090
4687
5473
5438
5772
4824
5327
4679
4658
5046
5286
4863
4821
5384
4639
5189
5056
4460
4216
5215
4843
6401
5214
4683
4987
5301
5270
5441
5568
5468
5575
4908
5408
5075
4778
5166
5695
4782
4887
18596
4990
4933
5321
5266
5151
5466
4945
5927
5263
4645
5801
4869
5277
4829
4876
5205
5160
5049
5560
4816
5446
6741
4893
6104
5069
6119
5567
4729
5117
4763
5061
5280
5403
5492
5258
5135
5711
4669
5377
5571
5459
5832
4967
4474
5301
4980
5224
5054
5588
4968
5203
5120
4790
5232
5608
4781
5054
4634
5280
5784
4867
4379
4784
5225
4870
5058
4989
4845
4340
4904
5099
4904
4741
5490
4944
5342
4994
5193
5644
4950
5109
5100
5144
4908
5199
4964
4978
17419
5231
5154
5072
4906
4987
7149
5823
5617
5141
9121
4809
5189
5054
4977
5471
5408
5344
5004
5289
5776
6109
4746
4766
5833
4367
5530
5021
5329
5341
5034
4880
5331
4870
17699
4893
4753
5618
4871
4960
4883
5483
4990
4849
4899
5482
4782
4971
5779
5484
4548
3983
4536
4895
5076
4698
5284
5548
5185
4772
5187
4965
5275
5479
4852
5032
4899
4892
5084
5462
4917
4875
5140
4698
5170
4923
5346
4940
5678
5107
4822
4965
4764
5112
4862
4961
4626
4784
4854
4963
5270
5683
4447
5258
4644
5406
4809
5529
5461
5347
5236
5203
5154
5089
16486
4996
5199
5304
5327
5088
5460
5250
4678
5452
5113
5279
5176
4681
5446
5049
4763
5551
4578
4452
4992
5108
5017
5007
5208
5026
5255
5069
5866
4908
5044
5275
5457
5355
5250
5555
5890
5019
5906
4783
5437
4969
6133
5091
5967
4994
4946
5126
4711
5522
5084
5411
5950
5883
4936
4897
4768
5620
4860
5409
5368
5480
4721
5549
5355
5597
5347
5608
4948
5581
5293
5167
5506
5010
5148
5686
4697
5218
4946
5107
5700
5426
4772
5180
5510
6560
6022
5773
5593
5259
5179
4901
5768
5551
5020
5645
5602
5103
4945
5885
5057
5517
4997
4568
5497
5157
5200
5783
5097
5799
5390
5994
5103
5435
5818
5111
5045
4807
4484
5334
5604
4691
5890
5119
5488
2324
5259
4773
5131
5263
5196
5693
5284
5806
5256
5281
4645
5828
5481
5130
5154
5450
4731
5544
5089
5139
5104
5496
5535
5287
5196
5238
5199
5255
4964
5081
5761
4835
4946
5590
5075
5628
5193
5435
4635
5719
5007
5296
5632
4993
4987
5027
4874
5224
5310
5650
4766
5630
4961
5859
5205
5094
5229
5392
5201
5365
4903
5595
5077
4632
5298
5417
5081
5484
4880
5346
5896
6124
4901
5891
5504
5661
5122
5102
5629
5527
5116
5167
5249
5177
4679
5536
4888
5413
5355
5418
4792
5298
4801
5256
5731
5324
4825
5190
5081
4561
5052
5027
4726
5813
4993
5628
9696
6287
3330
9538
5211
6163
5018
5511
4991
4996
5225
5526
5736
4757
17270
5047
4214
5913
5478
5225
5242
4828
5283
4667
5629
4981
5814
4769
5971
4988
5217
4947
5707
5110
6045
4983
5335
5059
5211
4740
5153
4933
6048
4979
5057
5150
5444
4941
5299
4900
5177
5271
5198
5419
5262
5413
5406
5069
5702
5371
5406
4542
4647
5216
5758
4890
5007
5279
5173
4902
5373
5558
5163
4846
5418
5116
5354
5492
5037
5487
5957
4508
5082
5160
5008
5309
4596
4921
5638
5081
4723
5245
5615
5101
4942
5173
5197
5247
5350
5075
5502
5320
5068
4938
5327
4948
5250
5407
4679
5132
5233
5488
4572
4734
5097
5056
5582
5583
5569
6203
5615
4526
4991
5565
5440
5073
5852
6005
4988
5453
8359
5681
5426
5024
5512
5396
5144
5509
4931
5210
5402
4767
5143
5536
5242
4939
4983
5310
4773
6175
6358
4873
5410
5465
5139
5104
6073
5089
5498
4830
5172
5814
5220
5364
5232
5502
4994
4872
4776
4924
5082
5393
5713
4231
4769
5240
5365
4465
5120
5938
5197
5281
5115
5319
4955
5122
5369
5140
5165
4995
5190
4877
5592
4429
4956
4896
5065
4900
5335
5534
4843
5293
5380
4986
5414
5323
5188
5178
4842
6140
5145
6859
5484
5380
4772
5223
5042
4759
5887
5084
5096
5342
4621
4740
5507
5333
5150
5545
5468
5301
4998
17784
5330
5311
4954
5971
5261
5038
17726
4753
5548
5785
5602
5665
5492
5028
5519
5370
5319
5616
4739
5600
5371
5238
5342
5184
5533
5096
5336
4937
5812
4923
5259
4951
4926
5453
5484
4863
18411
5025
5064
5275
5106
5804
5036
5706
5458
4829
5294
5551
5959
5494
5673
5073
5505
5239
5384
5184
5857
5250
5361
5205
4933
5632
5451
5258
5121
5092
5595
5051
5596
5574
5498
5810
4232
4993
4914
4644
5497
5395
5012
5553
4829
4487
4734
5352
4411
6296
5189
4420
4707
5145
4962
4467
5329
5197
5040
5520
5461
5306
4738
5172
4939
4851
5343
5281
4934
5197
5125
4621
5154
4744
5136
5203
4602
4644
6270
4994
5117
5267
4695
5101
5588
4979
5561
5215
5303
5460
5808
5107
5990
5815
4866
5615
5002
4868
5838
4757
4894
5030
5200
5034
4871
5625
4350
4965
4799
5009
6047
5206
5194
5527
5275
5200
5278
5841
5410
5084
4813
5121
5521
5119
5081
5260
4768
5231
5071
5153
5126
5194
4855
5159
6089
5957
5484
5065
5065
5583
5601
5522
5464
4519
5362
5016
5086
4354
4869
5442
5778
5275
4799
5324
5279
4934
5164
4171
17915
5129
5745
4946
4898
5687
4846
5741
5462
4917
5389
5383
5434
5224
4809
4961
5318
5123
4810
5210
5662
5357
4969
5233
4983
5945
5374
5862
5367
5177
4905
4963
5192
5372
4878
5272
5252
5578
5026
4646
5111
4981
5396
4641
5113
5514
5283
5001
6333
4880
5191
4654
5775
4947
5075
4976
5660
5403
5217
5165
4981
5202
4815
5019
5034
5200
5421
4688
5091
5544
5516
5317
5368
5387
4798
5432
5213
4832
18441
5732
5393
5296
5030
5369
6640
5243
4924
5747
4476
5221
5625
5748
4757
5199
4952
5380
5551
4942
5338
5722
5320
6185
5261
5004
5302
5004
4909
4716
5361
4728
5909
4785
4924
4788
17081
5345
4776
5374
4933
5695
5041
4450
5249
5427
4526
5028
4711
5079
5561
5701
5127
5431
5073
4892
5092
5227
4983
5105
6102
4628
5087
5615
8358
5401
4691
4583
4590
5719
5383
5688
5139
4691
5337
6067
4917
4544
4981
5314
5007
4917
5871
5176
5549
4986
4589
5212
4780
4879
5717
5023
5591
5630
4312
4865
5079
4839
5082
4686
5361
5206
5373
5095
5323
5460
4341
5730
13758
5135
5130
5469
5607
5280
5289
4717
4973
5161
4721
5241
5374
4984
5007
5586
4928
4986
17677
4582
4820
5433
5216
5442
5069
5086
4860
5998
4132
4858
5687
4937
4935
5454
4843
5471
5728
4970
6169
5118
4967
5587
5758
5434
4659
5006
5268
5889
5067
5350
5439
5288
5288
6002
5379
4397
4929
5040
5673
5015
4577
5456
5192
5695
5019
5536
5047
5669
5251
4335
5122
5593
5062
5056
4930
5447
4350
5341
5378
4706
5857
5018
5379
5330
5860
4896
4913
5726
5054
5170
5131
5040
5148
4341
5488
5648
4923
5059
5040
5596
5404
5511
5399
4936
6005
6360
5426
5237
5225
5301
5790
4776
5550
4965
5095
5227
5672
5092
4748
5072
4546
5530
5615
5417
5127
5057
4872
4967
5264
5130
5237
4354
5326
5756
5482
5545
6351
4777
6897
5435
5417
5834
4875
4931
4646
5202
5310
5745
5731
5075
5083
4947
4900
5200
5331
5022
5758
5199
5163
5303
5591
5034
5798
5748
5065
5139
5430
5106
4729
5338
5690
5170
5288
5528
5272
5750
5335
5013
5125
4912
5440
5669
5610
4961
6418
5462
4776
5595
5675
5224
5518
5711
5272
5070
5445
5401
4660
5739
5170
5031
5222
6046
5739
4699
5656
5263
5124
5272
4709
4974
5788
6140
5229
5577
5233
5278
5612
5212
4989
5578
5317
5168
5006
5076
5824
4387
5127
4870
5641
5600
4536
5145
5098
4547
4905
5022
4709
5180
5183
5176
5500
5531
4994
5200
5241
5838
4850
5582
4979
5399
5295
5741
5284
5489
5455
5331
5035
5389
5301
4583
5198
5299
5267
5234
5113
4825
5083
5441
5383
5767
4655
6090
5485
5339
5345
5000
4660
5580
5080
5070
5308
5944
4889
5261
5344
4996
4378
5388
5407
5122
4791
4993
5379
5035
5226
5336
5243
4904
4014
5298
5249
5398
4663
4949
5220
5609
4765
5191
5044
5039
5336
4995
4634
5619
4647
5458
5398
8141
11783
15642
5281
5173
5223
4900
5314
5301
5538
5432
5257
7785
6825
6918
7370
6487
4873
5531
4911
6008
6742
7915
5221
5019
4845
5819
5955
5319
5270
5279
5854
5310
5463
5171
4873
5820
4947
5383
5292
4975
5646
5497
5164
4917
5564
5681
4830
4961
6070
5562
5075
5379
5811
5533
4767
4971
5165
5600
4939
5478
4945
4961
5190
5473
5848
5440
5156
5061
5065
5451
4919
5069
5382
5592
5368
5483
4977
4952
5239
5432
5156
5315
5480
5053
5507
5242
7384
5096
5292
5229
5484
4930
5243
5231
5497
5021
5238
6278
4515
5083
5462
4960
4974
5551
4738
5816
5422
5469
4731
5100
5313
5434
4981
5242
5512
5148
5665
5652
5139
5515
5090
4995
5571
5443
4993
5040
4570
5255
5293
4898
4978
5361
5811
5913
5231
5567
4801
5257
4834
4919
5144
5275
4901
4955
6119
4680
5388
5022
5102
17939
4870
5078
5493
4624
4645
5543
5460
5344
5038
5701
5826
5436
4836
4988
6133
4489
5351
5668
5687
5757
5738
5380
5055
4845
5395
5214
4647
5130
5729
5434
5107
5335
5391
5186
5483
5323
4741
5912
5658
5064
4947
5559
5408
5329
4930
5088
4855
5462
5129
5582
5562
5359
5590
5854
5284
4901
5398
5677
4967
5584
5554
5334
5044
4872
5008
4245
4675
4378
5408
4903
5050
4853
5672
5438
5364
4521
5388
4566
5432
4450
4987
5105
4799
5450
5366
5051
4914
4707
5287
5224
5650
4995
5336
5463
5550
5197
5197
5381
4927
5227
4709
5322
5135
5776
5129
4731
5176
5344
5238
5284
5836
5915
5155
5074
5887
4929
5363
5321
4778
5538
5417
5261
5089
4900
5589
5346
5900
5183
5253
5515
5179
5078
5518
5151
5276
5343
5356
5426
5888
5133
5461
5168
5078
5880
4951
17503
5384
5413
4890
5368
4583
4964
5408
5603
5147
5277
5565
5056
5045
5125
4920
5213
6053
5599
5219
5181
4842
5205
5017
4886
5547
5308
4981
5993
4900
4505
4875
4771
5460
5322
5021
5321
4908
4935
4787
4915
4766
5421
5483
5160
5568
18040
4774
5823
5112
4786
5141
5159
4881
5234
5446
5450
5681
5114
5266
5336
5534
5451
5096
5058
5065
5777
5613
4863
5337
4902
5152
5306
5720
5223
5183
5228
5222
5061
5589
4778
5330
4980
5295
5417
5225
5083
4705
5691
5334
4735
5389
4852
4651
6575
5084
4848
5201
5221
5199
5677
5464
5084
5233
5321
4905
4980
4840
4759
5391
5408
5033
5082
4760
5008
4839
5754
4855
5596
4833
5011
5491
5056
5005
5149
5026
5068
5812
4792
5117
4891
5323
6066
5125
5586
4683
4984
5203
5049
4689
5241
5147
5809
5204
5510
5267
4698
4734
5691
4980
5218
5200
4740
4686
5363
4785
5495
5081
5266
5578
5585
4975
4703
5153
5137
4575
5092
5034
5038
4582
5930
4679
5192
4597
4751
4864
4821
5818
5666
4799
5410
4753
5158
5226
5381
4817
4732
5178
5612
5003
6006
5040
5029
4896
5266
4995
5367
4948
5493
5506
5258
5214
4594
4756
4890
5301
5061
4807
5119
5336
4924
5555
5152
4892
5071
4731
4654
4819
4788
4824
5126
4916
4916
5346
5301
5757
6239
5401
10068
5211
4779
5505
5074
6073
5369
5195
5270
5670
5392
5176
5231
4403
5591
4938
5043
4933
5187
5354
5128
5370
5429
5388
5397
4821
5369
4522
5137
4895
5196
4954
4657
5199
5060
5515
4970
5771
5256
5383
5348
5715
5685
5146
5040
5987
5158
5101
5748
4905
5358
5331
5382
5430
6084
5919
5047
5853
6038
4902
5542
5537
4853
5161
5157
5539
4569
4724
5422
5073
4575
4923
4465
5269
5245
5120
5846
5408
4841
5285
4707
5308
5079
5799
5152
4535
5235
5555
4836
5605
4779
5305
4809
4020
5463
5494
4955
4768
5485
5432
5061
5845
6465
5571
5126
4955
5121
5194
5705
5186
4944
4922
5316
5331
5304
5499
5087
5095
4512
5425
5012
5525
5519
5107
4259
5261
5272
4665
5430
5045
5708
5244
4815
4796
4907
5256
4775
5166
5338
5670
4955
5515
4929
5371
4974
5351
5028
5160
5696
5209
5016
5350
5179
4801
5352
5457
5143
5497
4968
4972
5216
5690
4749
4957
4999
5188
5321
4781
5160
4974
5254
4574
5394
5354
5193
5219
5200
5436
4833
5235
4465
5209
5861
5839
6025
4965
4838
5437
5902
5222
17639
5421
4869
5521
5300
5656
5398
5040
5088
5707
5700
5666
5384
4540
5244
5052
4551
4988
5408
5473
4879
4736
5706
4648
5128
5329
4623
5149
5294
4943
5047
4896
6309
4486
5109
5408
4940
9086
6166
5339
5371
5505
5389
4841
5187
4708
5367
17976
6057
5713
4516
4909
5351
4871
5577
5654
5165
4917
5212
5500
5871
4724
4917
4926
5334
5158
5219
5334
4960
4813
5434
4960
5380
4109
5407
5276
4942
5152
5313
5360
4935
5284
5241
6005
5468
4647
5190
5089
4376
5023
5525
4775
4979
4614
4972
5146
5218
4951
5147
4908
5281
5197
4860
5672
16713
5229
5401
4224
4911
6513
5452
5603
5148
5538
4727
5055
5178
4780
5510
5575
4916
4678
5237
5166
5464
4984
5289
5442
5496
5371
4851
5956
5978
4928
5271
17531
5047
5358
5298
5188
5308
5299
5333
4818
4924
5581
5349
5008
5110
4684
5162
5016
4583
5210
5018
5147
5063
5275
5374
5368
5360
4932
4809
5103
5444
4963
4735
5604
4549
17284
4769
4999
5465
4791
6650
5058
4913
4998
5082
5612
5337
5205
5284
5225
5980
5166
6462
5542
4716
5040
5081
5215
4894
5252
5183
5275
5062
5886
5447
4910
4937
5886
4823
5657
5023
5498
5492
5172
5456
5511
5000
4325
5208
5039
5311
5447
5157
5044
4974
5144
5183
4979
6174
4713
4895
5186
4805
5363
4920
4565
5186
5257
4799
5310
18205
4631
5236
5147
5652
5044
4862
5412
4949
4813
5176
5592
5701
5588
5534
5055
4820
5242
5298
5422
4948
5372
5008
5198
6047
5425
5670
5133
5355
4865
5030
5583
4750
5323
5541
5800
5145
5392
5835
4215
4861
5250
5545
5695
4763
4795
4905
5330
5136
5492
5162
4815
5157
5539
4868
5514
5605
4730
5259
5197
5273
4893
5895
5316
5819
5170
5886
4747
4813
5100
5588
4656
4974
5053
5605
5331
4850
5185
5254
5281
4965
5358
4821
5215
5129
5587
4885
4796
5239
4744
5278
5784
5873
5462
5557
5523
5697
5582
5306
5262
4698
5141
5024
Average 5324
