455
481
549
338
297
597
341
363
333
369
319
308
353
343
377
369
317
333
339
340
312
400
349
332
360
330
340
372
352
346
317
381
358
389
371
334
339
353
319
382
359
344
361
350
329
324
430
369
358
357
377
338
339
327
356
370
333
350
341
421
383
339
365
366
377
377
368
356
337
343
397
320
348
377
323
324
332
349
359
321
345
352
338
351
327
377
337
332
350
368
353
342
336
334
395
354
339
335
344
352
341
371
328
328
385
337
342
373
340
332
393
338
385
343
351
367
366
378
317
339
367
371
412
340
364
357
347
359
376
348
337
331
395
361
366
335
355
335
340
322
332
340
374
343
322
355
347
343
334
363
345
351
353
353
327
346
344
335
377
354
348
337
383
321
336
334
356
360
355
390
356
396
343
354
355
386
371
347
388
369
346
366
331
336
367
350
339
345
345
372
333
362
335
327
380
375
363
356
361
327
331
366
353
347
376
332
349
349
338
366
326
339
353
355
327
355
385
389
337
393
355
382
361
340
381
396
359
369
371
321
381
353
347
370
376
361
407
419
382
393
343
342
376
343
354
379
333
374
376
363
401
347
344
371
404
373
337
330
374
380
370
351
376
346
407
379
361
378
399
371
386
383
351
334
374
353
350
392
345
377
361
394
362
396
369
367
329
373
357
350
378
353
383
370
386
350
364
373
367
344
349
332
385
357
327
367
358
360
342
364
336
332
392
378
362
337
369
385
352
363
356
331
438
358
341
364
330
325
373
394
350
366
360
397
348
330
353
331
355
351
390
377
337
350
367
324
356
351
349
319
387
383
357
376
376
348
347
375
337
343
353
367
351
340
342
362
351
360
351
338
349
362
331
357
363
364
353
423
337
371
365
356
369
373
344
373
394
342
346
359
364
357
357
342
355
339
346
373
383
338
327
335
372
371
359
329
348
360
387
348
318
321
330
364
397
337
351
369
334
380
331
339
376
324
337
381
337
366
329
334
358
347
358
381
335
337
368
316
334
369
348
344
364
339
367
367
354
373
323
336
336
374
327
394
357
372
345
330
345
368
361
335
359
343
357
332
333
344
401
382
359
365
336
326
333
351
404
373
349
332
323
338
365
369
334
353
355
382
348
340
365
379
352
373
326
345
359
332
369
345
337
345
343
365
345
325
397
410
342
355
382
351
364
341
361
385
330
361
345
364
329
394
385
354
349
361
364
349
357
393
387
352
374
391
368
364
353
381
388
366
349
369
340
420
355
368
359
330
324
366
341
339
351
354
363
367
355
335
385
358
341
335
422
328
394
344
339
384
370
363
380
329
370
349
339
400
369
364
410
403
357
353
393
361
413
343
379
336
410
431
411
392
378
398
398
362
376
376
372
358
362
334
383
379
363
389
375
358
488
324
443
345
389
387
336
373
354
351
330
352
366
368
374
332
341
353
364
333
335
352
385
350
357
335
363
340
359
361
329
350
361
351
358
391
336
333
347
335
329
359
368
326
338
349
351
356
332
346
364
370
369
344
373
342
343
379
341
362
351
365
363
401
371
361
378
354
349
324
345
348
372
389
345
330
392
351
392
374
385
369
341
375
358
371
343
344
413
346
339
345
364
352
347
370
354
342
346
360
330
351
368
341
371
389
332
353
370
386
339
329
378
341
370
388
372
344
368
341
339
358
349
357
373
349
348
361
369
334
346
382
359
358
375
362
357
331
397
341
354
362
339
369
393
365
352
333
348
386
367
338
371
355
392
341
334
342
361
383
348
383
359
375
425
401
345
332
372
361
359
361
354
353
403
375
362
345
347
378
380
349
341
353
390
344
352
347
386
388
364
363
386
354
382
358
355
371
362
353
375
369
352
379
375
337
346
370
380
381
364
360
345
370
365
352
333
348
347
396
351
366
385
369
375
331
351
358
389
371
356
378
348
377
366
353
344
342
348
371
356
405
376
357
335
368
343
359
410
337
364
380
335
342
343
348
369
349
382
358
339
375
365
345
337
361
385
356
394
355
350
393
334
340
358
394
340
359
391
330
391
346
374
352
341
391
359
339
390
337
364
376
374
352
369
339
343
357
386
364
338
381
342
359
418
332
337
346
350
406
363
331
333
349
370
360
322
341
376
388
339
386
361
371
332
395
340
331
400
346
337
350
368
378
356
376
361
375
382
329
351
336
342
404
364
323
369
331
381
373
310
404
325
360
349
360
335
361
354
362
368
355
349
343
384
340
361
360
340
341
359
367
338
360
354
369
334
355
349
400
366
366
338
366
364
358
391
420
406
405
363
385
385
358
377
355
357
338
346
389
397
361
364
333
337
341
372
362
365
388
347
335
384
350
344
348
365
414
352
360
368
367
381
368
383
353
360
369
355
341
339
373
371
346
350
372
365
341
354
380
351
354
374
362
378
374
387
349
350
344
349
338
346
370
348
355
367
343
394
368
361
358
358
335
356
369
347
396
391
341
361
356
377
372
369
354
372
363
366
390
368
355
362
353
351
376
349
328
329
336
399
350
334
383
399
347
371
344
341
390
344
320
327
351
375
371
352
360
358
339
344
370
368
341
341
343
369
371
385
366
356
339
370
376
372
365
341
331
342
350
326
398
374
377
359
365
339
346
342
416
351
402
332
361
338
385
328
349
374
374
351
335
332
373
368
333
352
352
355
398
353
367
356
343
370
360
380
364
370
357
376
364
391
382
363
362
368
367
370
332
346
372
342
348
339
359
404
354
359
365
337
366
335
335
397
385
419
341
373
365
379
350
339
374
367
321
384
393
385
370
404
375
375
346
360
345
367
334
350
356
402
333
339
406
375
334
355
359
342
372
334
372
367
371
334
364
360
425
364
367
349
361
353
336
350
380
346
364
366
391
363
351
342
397
392
348
364
338
367
340
351
376
370
386
399
339
362
408
395
348
340
355
403
337
343
358
397
344
352
341
359
358
344
330
332
403
340
364
336
336
377
375
371
335
345
354
355
322
384
371
374
357
345
341
345
342
336
414
355
347
340
373
363
337
353
397
348
366
341
367
334
334
332
351
344
329
365
378
346
346
362
363
349
342
348
352
352
365
373
339
378
356
365
353
363
373
349
406
354
339
358
346
351
347
354
405
345
357
350
363
371
367
346
399
345
340
347
368
367
381
359
336
457
335
350
329
356
353
337
344
360
359
356
351
342
395
340
372
355
359
375
344
371
383
378
381
349
395
385
388
348
326
359
331
350
363
384
369
366
376
339
367
365
374
357
355
346
350
412
359
324
384
341
338
350
342
324
372
369
427
357
456
352
392
359
400
338
350
345
326
369
385
364
341
334
338
365
390
357
376
381
367
337
346
373
370
334
363
379
330
349
371
361
343
399
379
413
369
380
358
360
330
357
353
386
377
402
399
332
350
404
343
385
320
327
354
395
343
346
348
352
338
337
370
336
412
340
407
353
331
359
360
415
334
412
339
373
341
344
395
366
385
332
387
380
379
388
363
365
363
356
356
333
349
363
342
350
365
355
359
376
345
390
374
352
370
404
387
334
343
390
378
335
337
372
358
342
327
348
384
358
374
332
363
362
391
349
381
338
360
369
401
330
334
377
355
350
339
355
429
358
352
371
355
370
373
361
392
379
331
372
365
354
354
343
400
343
339
396
363
365
361
350
368
349
384
338
372
335
351
354
400
362
386
335
369
365
345
352
333
437
334
394
357
377
363
338
361
374
349
343
363
350
354
372
338
357
342
358
422
373
358
343
360
338
348
330
337
355
348
349
352
354
375
336
345
388
370
361
390
375
339
351
341
373
343
349
411
331
368
359
383
376
344
343
369
371
370
370
427
351
373
377
338
370
348
345
343
391
357
352
375
418
353
323
340
391
384
349
365
356
351
349
389
366
372
384
336
374
347
348
362
381
417
337
344
329
348
399
358
359
327
401
349
385
374
342
366
368
340
333
366
365
376
357
376
397
341
387
380
334
342
416
368
355
349
362
360
373
349
355
396
345
346
353
378
357
355
410
341
375
337
388
369
348
354
335
371
401
347
372
350
357
380
349
349
373
334
423
316
357
370
376
371
377
347
393
339
393
370
375
337
402
386
368
347
343
375
386
401
351
357
342
386
373
331
362
369
391
413
371
364
339
372
356
344
377
398
342
355
347
386
354
358
391
367
377
361
363
365
402
329
355
369
356
365
347
337
362
354
413
389
348
347
328
337
388
372
382
343
378
334
363
372
380
355
362
389
353
395
385
350
353
355
333
342
366
367
339
387
392
379
408
364
338
342
367
344
396
370
360
345
361
344
347
368
339
348
398
370
365
339
339
360
316
360
361
338
416
347
346
354
358
379
371
402
333
346
336
376
353
375
323
385
355
327
358
383
353
364
383
364
395
348
379
412
347
376
368
336
347
411
363
344
357
371
388
358
335
338
394
343
395
360
345
370
416
357
330
358
320
387
364
358
396
365
361
349
372
336
341
385
352
346
374
362
342
399
367
361
343
383
338
361
342
345
380
359
358
349
392
369
375
399
353
333
360
357
382
349
386
354
352
342
388
345
350
428
374
358
389
370
381
342
343
371
374
327
372
334
397
367
386
346
372
365
366
358
372
340
395
370
370
366
388
339
368
387
337
371
357
322
419
337
354
360
435
387
354
359
335
392
358
360
387
378
361
398
381
352
365
412
343
365
356
356
360
380
384
343
370
343
352
362
362
342
362
336
328
430
328
383
369
335
360
374
389
341
350
350
338
352
355
401
364
363
354
353
389
341
383
334
416
373
387
337
358
352
369
398
372
353
363
355
365
362
405
383
324
356
344
366
329
359
331
388
346
388
377
385
355
345
362
378
335
421
365
358
374
407
358
332
383
441
372
362
411
358
323
339
347
366
375
357
334
407
372
378
366
400
366
348
378
347
364
440
328
367
334
400
338
378
369
338
339
396
341
362
410
374
363
355
361
380
355
380
411
360
349
347
365
338
358
380
401
349
344
348
439
346
354
343
397
380
365
404
384
364
367
370
378
360
341
374
353
360
382
368
372
412
386
331
361
360
363
378
373
402
385
384
344
397
340
351
346
409
382
335
363
379
362
347
360
350
366
359
381
362
360
429
348
361
408
387
328
366
366
317
397
356
337
357
359
392
352
366
376
365
387
375
384
336
346
364
359
375
331
380
376
348
376
386
385
390
354
345
346
333
378
374
371
419
334
383
331
356
386
379
350
381
376
371
341
339
378
352
342
361
338
418
335
342
398
345
349
365
401
376
428
390
358
344
333
378
367
335
353
393
352
358
359
361
358
348
377
362
341
345
368
390
393
365
353
372
391
377
357
371
372
345
379
368
355
369
372
371
361
344
358
364
451
382
380
379
386
336
349
353
379
346
358
379
388
330
356
344
449
366
368
330
334
362
321
371
399
376
375
365
358
344
397
342
340
393
371
364
356
341
367
353
352
360
386
343
385
366
331
360
358
400
340
342
392
378
341
345
346
380
373
363
375
324
386
351
338
395
354
370
379
356
405
355
343
366
377
393
356
360
386
351
362
364
342
347
419
363
357
354
376
350
353
376
358
378
358
344
390
368
332
343
389
360
353
361
355
353
348
343
354
339
367
339
345
432
349
401
390
343
361
390
399
374
384
382
343
392
354
391
359
363
356
377
359
364
357
359
381
376
365
399
357
372
343
373
360
362
353
357
390
339
364
358
398
337
366
348
385
357
348
386
352
365
363
362
370
357
347
360
353
345
394
364
355
387
318
371
409
345
342
374
338
362
385
344
383
363
343
348
346
376
368
370
361
367
354
358
368
379
378
362
362
369
362
377
405
355
366
367
389
374
358
361
363
341
366
393
382
362
410
345
370
356
352
360
394
366
342
368
346
340
337
356
390
329
392
333
399
378
325
399
360
379
336
375
396
365
366
369
346
334
376
361
352
384
364
376
366
360
339
378
364
398
360
399
388
393
398
349
359
353
375
376
358
392
367
393
372
344
367
383
346
398
347
370
379
332
336
437
378
353
372
378
331
381
347
339
418
417
385
385
343
392
336
344
384
377
354
410
374
357
378
381
327
360
364
366
368
351
396
394
363
382
364
352
367
358
362
371
369
371
344
340
364
347
344
392
356
388
388
357
346
394
371
354
387
342
353
369
360
346
379
365
363
357
382
339
351
387
357
357
350
357
344
369
363
344
354
404
350
373
387
400
400
375
353
372
333
394
374
332
369
354
338
352
398
342
366
383
354
391
407
361
342
395
344
349
367
331
359
349
337
360
413
350
351
338
372
352
379
344
390
394
360
342
394
410
343
340
358
340
355
356
359
339
356
353
350
357
386
351
373
402
345
342
416
400
394
369
358
351
353
406
374
366
382
360
355
383
339
402
406
403
334
344
374
415
387
375
385
413
363
380
348
379
329
359
413
356
377
357
349
377
351
348
420
363
361
342
361
354
369
338
363
358
362
350
348
392
338
358
393
343
357
430
399
377
349
393
377
378
356
379
387
366
388
396
367
331
353
382
367
410
386
382
369
343
370
386
353
350
381
352
338
374
344
368
382
344
374
334
364
369
327
420
337
348
382
389
355
395
352
341
408
363
364
347
343
361
326
343
374
342
337
383
366
357
349
360
366
373
359
362
388
368
354
370
375
371
386
365
356
423
356
372
363
371
335
378
338
384
367
369
371
353
400
368
369
366
346
352
393
375
455
391
325
352
386
354
373
386
364
361
388
332
344
388
337
357
391
361
343
383
376
343
418
355
353
383
375
345
386
358
353
369
379
330
380
377
325
389
347
399
370
355
390
390
355
404
378
339
349
365
361
367
346
385
350
364
397
369
370
365
385
367
364
386
363
396
390
379
390
355
345
353
371
385
335
448
345
369
345
376
375
375
337
369
356
352
367
357
385
345
336
394
354
397
394
399
386
360
351
382
380
344
367
378
365
368
353
413
375
360
350
358
344
371
383
399
344
353
463
344
374
355
369
345
358
334
443
373
362
390
369
389
380
373
385
371
362
370
389
345
363
389
350
369
369
353
402
390
424
352
370
356
378
407
388
365
338
382
348
372
355
366
379
353
358
358
372
349
374
356
351
369
364
329
355
376
332
372
344
321
434
368
401
395
378
368
377
364
366
366
396
328
365
333
365
391
405
350
399
370
345
425
347
357
378
352
333
388
355
335
363
342
345
411
383
327
387
336
371
410
354
350
369
382
393
352
419
372
354
407
362
352
390
399
345
374
390
368
367
409
367
394
364
409
389
356
381
336
381
333
363
388
369
395
372
342
377
389
359
364
366
371
408
353
407
360
394
365
361
377
390
377
364
339
354
372
361
331
380
365
391
367
365
331
391
369
353
412
343
386
392
350
352
346
353
377
416
330
358
356
340
358
354
341
421
362
349
355
355
356
376
350
376
399
345
375
384
342
366
411
389
349
433
339
334
403
370
335
381
376
385
388
370
402
399
361
401
364
398
350
421
386
447
397
391
474
461
428
417
426
431
396
409
368
346
342
411
382
366
382
369
331
381
358
345
401
371
375
359
352
381
400
350
342
365
407
384
411
354
357
342
359
403
375
386
388
351
362
369
359
328
320
387
348
345
378
379
379
429
337
326
425
367
336
342
364
348
363
337
367
381
369
347
398
352
390
395
359
390
350
339
377
419
369
377
372
373
366
386
346
364
395
367
366
420
340
363
380
358
365
382
362
347
390
383
361
381
366
373
373
382
405
362
389
386
352
400
358
324
390
387
374
348
376
377
373
363
359
362
350
379
372
352
369
367
366
361
360
357
363
370
383
392
422
339
370
415
344
382
352
360
352
406
349
371
353
389
372
382
364
335
367
398
325
354
366
368
375
337
329
425
391
374
393
352
393
357
325
387
400
341
373
375
366
358
352
374
390
336
376
383
356
359
391
355
336
383
332
389
361
363
333
366
397
378
399
394
346
355
385
350
388
370
348
349
379
345
344
404
364
357
417
379
419
364
337
364
400
405
378
355
363
365
415
368
395
379
362
346
384
353
349
397
356
403
363
383
344
376
364
362
393
376
377
373
368
335
372
387
355
382
361
379
381
369
398
335
372
384
372
404
386
386
356
382
348
338
362
384
358
383
372
354
388
389
355
364
383
392
362
370
349
359
419
344
375
369
423
383
335
356
399
348
349
386
366
408
381
360
342
359
372
369
369
360
371
411
340
386
368
342
358
383
376
349
375
362
365
399
357
364
386
371
339
358
349
370
332
368
377
341
374
406
376
378
408
365
343
402
348
396
380
351
336
395
376
336
372
351
416
324
371
390
345
391
390
337
372
343
355
363
361
380
357
368
371
383
365
383
354
347
363
368
387
357
352
371
342
405
392
355
399
346
347
404
373
352
366
420
328
358
342
385
355
377
394
350
397
382
340
364
387
362
367
391
366
374
397
337
400
352
358
410
382
376
362
363
411
370
349
374
326
372
366
384
354
340
330
344
373
421
345
375
353
364
366
391
360
380
351
342
390
353
348
369
387
375
371
347
335
387
350
404
372
368
368
344
328
395
368
348
413
387
388
334
410
363
356
373
377
368
372
320
362
351
337
375
364
365
363
372
355
352
358
364
387
406
354
391
342
359
383
365
354
346
362
378
361
378
341
375
324
374
386
358
350
384
339
328
391
368
365
382
368
393
348
336
365
364
386
370
363
401
360
361
397
382
365
379
353
384
366
383
345
371
359
365
379
383
359
403
339
329
336
358
380
390
348
391
354
345
355
376
332
395
355
336
363
371
385
337
357
373
351
376
336
405
348
359
393
352
382
360
383
374
399
376
394
396
366
359
357
358
345
430
372
402
360
358
374
363
352
355
392
373
366
408
360
336
384
377
346
379
368
339
384
356
375
378
390
383
371
364
336
392
425
336
357
360
351
412
441
360
347
336
368
368
382
380
355
381
360
390
347
373
353
379
370
365
361
345
397
343
350
356
348
360
370
405
376
400
366
343
375
336
400
376
416
392
350
349
365
398
380
361
385
443
354
344
387
384
341
377
332
373
383
357
350
396
363
366
339
429
380
363
344
384
349
361
342
343
352
351
426
372
384
358
375
401
365
362
409
345
344
421
382
396
341
377
343
381
367
347
416
371
381
343
382
373
357
338
402
352
384
368
387
416
356
358
359
359
414
348
366
350
352
333
351
349
372
364
384
388
357
390
342
412
392
388
419
334
351
367
378
395
384
350
319
386
334
367
427
400
329
363
363
416
381
355
405
344
364
357
340
336
341
416
381
369
351
358
412
378
350
348
357
353
352
392
355
385
356
357
343
343
371
364
373
406
346
371
357
421
358
370
362
410
353
344
349
385
367
366
357
349
421
368
368
379
347
401
394
342
394
366
339
359
396
359
322
415
341
360
370
377
388
349
356
363
345
371
382
358
361
382
344
404
384
342
359
347
382
369
415
355
340
379
380
363
371
359
363
372
348
355
362
367
397
391
383
366
358
369
376
366
386
353
404
362
360
369
385
404
352
392
372
345
372
352
378
349
343
346
327
371
400
350
364
372
382
348
357
389
371
371
349
345
420
367
354
384
376
369
358
351
363
374
392
358
357
359
374
378
379
332
393
430
369
371
370
357
373
362
376
358
359
359
374
335
432
375
336
335
349
397
368
396
333
368
358
360
382
375
362
359
362
352
374
369
408
347
374
394
344
401
359
394
346
363
350
342
347
431
337
356
368
341
414
405
332
363
395
338
369
395
392
390
372
361
368
381
342
372
391
371
390
357
364
394
341
372
350
355
340
356
399
368
384
366
389
374
389
388
363
326
373
393
352
371
371
342
382
381
351
379
368
360
403
360
348
345
403
363
388
369
395
364
348
356
423
389
372
352
357
391
344
332
383
362
346
357
339
336
377
432
345
340
386
367
364
391
386
398
331
324
351
341
329
341
382
355
339
352
363
367
371
354
370
350
356
385
385
374
345
415
341
355
355
385
369
400
376
387
377
359
350
392
367
366
347
390
407
382
363
362
346
399
370
399
373
390
403
378
341
390
376
372
384
382
372
357
348
357
321
344
398
354
349
383
326
336
391
321
400
393
393
389
331
358
362
355
401
376
383
352
373
373
364
360
368
390
366
383
324
380
337
362
380
351
331
380
346
383
358
380
385
344
350
362
397
355
358
340
382
354
389
352
356
358
384
376
368
350
341
368
354
367
364
372
379
380
343
361
380
372
344
348
336
366
387
386
403
368
367
364
347
386
373
365
360
400
377
353
413
362
334
354
354
363
346
351
378
368
361
395
457
367
380
404
354
361
377
342
339
351
393
397
396
351
348
394
359
386
401
367
359
368
334
348
422
359
376
380
393
334
371
375
376
384
352
388
375
366
411
360
345
388
361
368
341
318
383
331
341
398
359
400
346
363
363
363
429
327
367
385
380
404
368
390
332
359
403
338
351
390
347
372
390
381
372
365
360
317
337
349
382
389
360
390
336
390
369
369
360
391
371
378
373
348
395
359
431
346
377
355
339
395
427
358
383
390
362
353
359
388
358
362
373
358
364
381
356
359
363
359
373
351
363
414
339
353
384
317
431
376
359
365
363
371
344
361
392
376
340
432
362
360
350
411
371
374
366
337
373
346
343
347
385
356
363
415
348
384
357
361
370
364
369
351
351
380
346
347
353
368
346
394
391
364
362
380
378
355
346
380
393
343
359
373
355
361
398
340
375
366
340
380
383
407
349
374
358
376
353
368
343
377
361
327
360
344
386
371
384
385
376
348
339
353
417
349
388
375
360
418
335
363
358
343
381
332
348
410
364
380
371
361
374
353
363
357
371
388
354
467
326
403
335
367
398
369
426
367
415
362
399
364
340
405
349
401
353
369
339
351
364
356
361
386
383
373
342
367
367
334
351
412
367
376
356
402
359
363
378
371
402
354
347
360
360
403
324
396
383
353
365
360
337
369
374
350
332
367
371
369
425
390
400
365
350
343
340
384
337
372
378
366
417
339
454
373
360
451
365
391
369
386
406
353
358
363
406
378
375
353
346
357
391
368
373
388
374
374
353
426
361
337
396
368
376
357
360
383
380
379
346
466
365
358
385
377
402
340
441
380
385
334
381
359
352
347
378
344
385
383
382
354
351
359
373
411
394
346
408
382
369
406
380
340
345
367
389
408
374
353
373
352
421
376
362
375
386
385
372
391
346
353
396
352
403
382
352
337
372
378
370
398
433
360
338
368
356
382
338
349
363
362
360
373
372
429
327
371
365
421
343
353
408
364
372
354
389
394
354
341
368
367
329
400
347
396
352
355
405
344
359
374
372
343
338
331
425
347
339
374
386
365
359
343
366
367
389
395
348
423
368
370
370
330
360
373
405
341
357
367
389
383
407
365
354
383
362
371
345
350
382
361
394
363
401
375
360
377
378
333
361
375
385
406
352
360
355
421
366
352
338
390
376
332
409
380
354
378
375
408
361
387
407
356
349
340
360
371
353
377
380
409
353
353
354
413
367
360
347
399
356
374
344
388
370
376
353
352
399
362
382
388
348
354
375
362
350
361
361
372
404
367
378
341
362
359
372
375
362
434
353
417
353
358
366
356
392
416
379
379
362
368
384
364
332
324
386
332
404
396
348
409
333
383
356
399
327
367
357
379
362
364
383
346
389
354
390
384
374
368
366
372
369
364
364
368
362
372
359
346
399
378
371
341
394
351
336
369
341
371
380
366
341
353
386
340
398
356
365
350
371
368
331
381
398
348
366
367
362
379
373
443
371
367
342
385
358
340
352
375
372
396
372
343
367
367
357
399
347
354
383
354
356
382
381
395
385
363
371
356
408
330
379
397
373
462
357
349
401
344
347
368
356
393
356
380
368
391
416
369
377
364
344
343
350
384
375
368
397
346
346
398
345
346
399
364
343
370
387
358
415
365
383
350
367
371
396
371
341
356
356
374
360
352
384
345
363
370
358
352
378
384
366
355
392
408
345
358
358
352
355
363
384
394
379
350
368
369
353
399
357
360
420
370
364
377
389
378
361
335
344
398
361
401
403
372
335
391
408
362
401
379
371
366
341
392
347
343
381
363
380
402
347
334
399
396
412
365
381
369
383
359
359
403
385
374
365
361
366
357
357
413
333
374
370
366
370
354
337
380
403
358
374
376
362
358
355
347
366
354
381
399
348
344
362
390
377
359
357
363
345
362
376
418
356
374
350
344
398
367
372
377
393
384
358
356
343
402
376
375
332
362
373
369
380
380
387
400
343
365
361
357
351
344
339
337
360
364
460
343
384
347
373
377
387
411
372
392
394
344
384
372
381
403
339
391
370
397
391
375
353
328
360
381
354
393
390
348
345
398
371
371
344
410
332
361
377
354
382
401
370
371
371
368
342
352
353
367
374
371
352
388
369
493
337
404
374
380
338
368
377
379
344
349
356
375
349
328
380
320
340
459
352
365
358
366
357
377
343
356
349
395
389
380
357
357
374
320
464
355
348
392
363
373
366
378
390
366
385
350
384
392
357
383
349
382
360
451
378
384
395
386
365
347
364
370
350
382
352
374
373
342
358
403
358
408
365
368
408
350
377
334
360
383
349
377
356
397
383
357
335
318
368
415
336
373
347
423
411
345
392
344
332
398
364
361
338
397
349
349
335
356
385
369
396
384
393
364
386
347
344
356
434
377
343
390
389
347
339
368
377
342
425
350
366
409
350
360
390
398
410
341
408
342
375
365
341
364
410
412
350
341
399
352
375
360
360
397
396
391
350
400
421
361
363
391
379
326
320
373
375
354
370
418
383
395
359
387
392
366
373
385
366
371
399
386
339
358
366
366
354
377
357
346
367
343
361
354
379
384
358
374
340
362
393
356
362
377
410
345
352
354
377
392
353
372
386
345
354
403
346
366
380
367
354
346
398
348
310
389
354
344
370
339
350
343
385
344
347
357
375
416
349
370
344
359
404
359
349
347
355
374
365
353
325
357
400
347
372
370
366
369
346
343
332
420
414
346
355
379
396
338
380
346
335
403
367
407
387
371
371
373
383
362
371
393
371
343
352
413
332
332
396
385
396
353
416
362
359
340
346
378
370
395
372
353
371
320
355
407
385
385
373
378
434
357
380
355
364
369
365
369
368
389
382
352
439
376
362
420
353
372
382
358
350
372
381
352
378
378
355
355
370
366
408
381
362
342
314
330
393
362
357
365
369
365
399
350
362
361
370
372
353
379
338
389
345
371
333
384
352
373
364
383
380
356
386
370
357
333
336
371
352
430
378
360
340
354
342
353
387
364
352
373
382
347
346
362
411
362
393
382
357
348
364
381
365
382
339
374
346
357
387
385
359
334
376
469
361
388
371
369
412
356
389
338
402
377
362
376
343
387
374
347
330
402
368
349
418
343
375
403
313
315
300
322
299
315
312
307
307
302
412
325
328
352
300
301
313
374
308
345
305
314
304
336
341
307
296
320
352
298
300
293
311
366
294
324
290
293
300
324
296
284
296
315
298
303
274
333
348
285
297
294
275
326
426
311
293
297
299
290
343
371
295
292
301
294
330
304
290
307
305
306
359
348
294
299
294
323
290
379
310
296
294
288
314
287
326
333
296
305
286
308
289
357
286
326
316
287
299
281
405
302
317
319
297
285
372
298
294
298
302
318
303
282
290
324
291
287
296
321
281
298
273
269
417
289
306
317
297
294
406
343
308
287
289
299
311
399
301
341
317
301
298
311
306
302
315
294
290
294
314
295
289
301
333
316
291
373
297
294
288
316
377
330
300
289
294
305
286
318
294
291
401
301
290
290
289
344
317
286
349
297
339
302
305
320
298
309
329
318
295
295
306
304
285
294
401
316
294
298
334
309
292
288
363
296
296
287
294
367
294
301
331
297
344
292
290
326
289
293
328
294
298
349
293
297
299
330
310
290
295
405
303
320
315
296
294
290
283
383
301
326
304
293
288
287
293
389
313
295
293
298
282
383
303
298
306
355
292
294
289
283
320
287
299
294
286
288
361
294
291
283
319
300
415
296
283
292
281
397
340
319
296
292
288
317
297
362
313
296
332
313
326
295
293
336
309
336
304
332
297
294
333
296
321
298
339
306
290
283
293
283
286
400
317
309
326
289
341
301
293
334
306
290
289
291
291
304
384
321
296
289
285
327
306
289
337
293
301
289
285
292
292
286
326
412
323
304
309
293
288
299
294
295
373
292
288
365
293
297
340
299
296
306
302
309
299
285
282
283
299
362
281
324
293
367
306
296
296
308
289
387
303
296
292
350
301
309
289
288
279
390
331
297
295
305
316
328
300
291
285
335
288
302
362
303
297
303
352
296
296
331
288
347
300
297
287
287
291
307
279
293
309
406
299
293
303
290
294
381
303
292
286
288
330
285
344
341
300
333
296
294
304
295
328
291
362
321
301
290
284
287
376
296
300
290
287
359
322
302
327
294
322
295
324
292
289
295
310
333
351
291
283
290
367
297
290
290
322
320
290
317
311
293
353
297
305
293
363
296
295
309
319
295
301
285
284
287
274
282
313
302
296
275
308
286
304
269
297
437
303
301
283
345
298
332
287
319
334
302
294
289
288
301
287
312
300
281
321
324
287
315
323
288
286
432
303
301
321
317
294
289
285
298
283
290
278
436
296
297
288
293
290
297
283
309
289
283
413
297
290
360
306
327
303
294
300
330
287
291
283
304
288
290
318
271
285
282
406
376
348
301
297
314
316
331
296
294
303
297
303
293
290
285
274
272
282
304
294
407
393
308
304
295
304
308
289
285
394
310
317
347
302
315
293
335
299
292
307
286
365
311
298
293
293
288
284
291
400
310
292
305
284
283
293
307
312
398
297
305
286
281
320
288
364
311
291
314
291
286
283
309
293
303
292
274
415
294
295
289
287
281
280
297
294
280
287
337
289
291
325
276
411
299
298
288
279
383
304
303
304
293
288
280
282
404
348
320
306
298
294
355
298
296
340
303
295
288
296
284
285
286
277
430
300
295
288
298
282
374
301
305
300
290
291
293
288
369
337
299
291
288
284
282
295
308
278
288
316
313
315
280
306
289
310
387
287
302
281
294
303
416
290
303
324
296
295
299
319
347
292
294
286
344
296
303
312
287
305
296
313
313
293
286
305
285
373
323
350
297
302
324
355
292
303
289
290
286
283
286
319
358
288
305
302
285
284
292
302
279
292
269
288
285
292
298
423
292
309
281
291
276
296
273
439
297
286
331
299
330
300
339
309
296
294
359
296
306
291
292
316
289
292
274
404
294
297
289
306
325
288
285
285
281
376
292
296
292
371
292
303
341
300
290
314
366
301
295
366
300
302
296
302
297
321
337
297
293
288
300
327
287
294
332
289
302
333
330
287
290
280
290
287
305
315
294
405
299
296
286
295
317
327
316
289
288
300
287
286
328
292
289
283
436
300
290
373
301
290
287
295
281
422
300
318
299
358
306
295
330
296
294
325
291
302
303
295
311
296
290
321
295
291
281
289
411
297
298
302
287
285
293
277
419
295
327
295
292
310
290
284
374
298
291
286
303
296
283
279
402
293
293
321
312
302
302
303
290
287
292
393
307
321
318
294
338
297
325
349
303
302
296
310
299
290
276
281
274
302
280
298
421
295
340
299
292
292
358
306
310
295
303
295
286
292
280
426
295
304
292
301
351
291
298
333
297
291
334
291
301
292
281
391
292
293
287
289
312
288
374
316
294
291
297
301
284
293
289
287
304
286
278
439
292
289
291
282
300
291
275
288
278
301
274
408
297
334
293
290
281
392
296
292
318
290
352
317
308
295
289
316
299
353
296
289
287
311
292
281
283
275
401
325
294
338
313
311
297
289
302
369
294
300
290
282
288
301
428
304
295
292
306
289
286
301
310
330
365
295
292
324
310
298
381
309
308
297
324
297
308
300
282
366
293
294
286
342
295
296
300
289
281
285
357
290
287
385
295
321
299
307
290
299
299
297
281
292
275
304
276
274
271
431
288
282
287
390
314
292
289
303
314
331
293
339
297
296
291
327
294
282
321
285
322
352
298
306
354
295
293
298
292
287
321
382
305
314
293
294
284
284
317
304
280
390
294
295
292
307
301
378
298
295
289
343
301
373
346
299
302
297
289
288
295
297
434
304
305
298
288
289
290
316
324
281
288
283
320
284
335
371
294
294
347
294
366
294
300
315
295
308
283
285
283
282
350
283
341
345
294
292
323
306
290
291
283
360
319
288
302
356
312
295
293
350
293
294
289
301
279
277
271
355
282
292
295
284
286
327
280
328
278
292
271
266
291
269
288
311
264
291
276
270
338
305
275
291
409
334
294
324
393
300
305
316
294
358
298
296
340
313
299
302
296
322
305
282
293
290
282
405
293
291
290
294
277
315
278
311
296
288
405
297
340
294
342
304
304
291
299
330
297
286
364
298
308
287
289
367
314
301
307
303
290
317
287
294
377
293
302
287
306
286
278
389
318
296
374
316
298
304
294
293
284
311
281
285
390
314
296
300
292
298
286
283
272
285
269
285
407
304
288
390
305
292
371
302
315
333
297
297
310
300
337
297
291
402
306
305
300
291
293
284
284
318
287
316
401
335
308
298
296
285
368
296
329
297
292
287
297
284
321
297
278
303
293
280
410
312
293
316
297
284
283
283
290
401
309
296
291
349
300
311
339
330
298
300
334
302
294
287
301
313
293
280
278
274
276
296
439
318
307
292
291
293
309
286
295
287
401
313
292
299
288
283
301
292
279
282
419
292
343
298
327
289
293
306
303
283
288
291
400
299
306
289
285
409
304
294
296
289
287
286
284
312
282
415
292
299
335
311
331
284
350
294
293
289
360
325
292
301
289
357
309
310
291
303
293
332
292
286
363
294
286
306
320
288
328
299
286
336
293
316
294
281
297
283
289
292
275
305
290
408
370
298
294
294
285
307
337
301
285
286
279
283
294
411
296
292
313
287
353
299
307
292
285
284
296
386
316
314
304
292
352
298
292
340
299
292
316
351
303
302
288
287
364
293
306
346
291
337
301
292
349
297
315
323
295
291
309
286
283
370
308
291
290
287
342
289
289
282
288
317
378
292
289
290
330
294
291
309
286
298
292
317
307
284
279
423
294
284
319
285
281
305
287
313
277
289
282
273
409
320
319
299
289
281
277
296
308
291
305
297
280
291
416
310
295
292
295
288
295
280
337
289
369
323
325
286
292
282
411
304
299
295
313
316
288
289
281
372
297
292
330
294
286
278
280
277
308
301
405
291
290
284
281
289
289
387
290
364
296
336
317
293
301
298
289
296
289
354
303
288
289
395
298
289
289
283
280
392
318
304
292
291
297
290
370
313
349
332
303
296
289
288
285
279
316
296
312
279
289
353
311
320
346
309
297
286
288
331
290
298
309
287
280
375
340
295
327
298
336
316
283
388
306
295
297
306
314
289
312
289
283
288
288
306
364
283
371
311
296
309
292
381
296
294
382
327
305
299
312
311
304
336
297
291
286
290
285
402
298
294
294
349
297
287
290
308
281
311
281
309
301
374
329
321
289
305
323
311
295
290
282
397
316
298
307
340
297
292
292
336
291
299
374
301
303
352
301
296
309
322
285
321
294
289
344
291
285
285
326
319
289
289
313
302
293
308
280
415
298
302
354
299
288
297
297
296
379
322
313
296
295
286
330
324
309
317
326
298
293
299
283
281
378
295
304
289
284
281
301
282
320
300
295
280
301
283
293
277
299
429
293
283
283
275
283
289
351
280
282
281
277
385
311
319
318
294
351
291
300
293
302
288
301
285
277
350
280
331
287
296
304
290
295
287
274
279
421
305
331
304
285
345
302
296
302
318
290
316
291
363
296
301
306
303
290
289
281
404
297
293
310
298
334
298
335
291
301
349
311
295
288
354
318
292
291
328
287
288
285
286
280
275
393
296
318
293
291
332
314
295
369
299
294
289
281
288
292
276
413
296
325
299
339
298
298
307
293
343
288
286
304
305
369
299
301
291
281
380
298
292
304
295
284
310
285
288
280
305
299
291
285
297
295
275
269
297
383
267
286
269
276
398
273
270
328
268
288
280
294
401
294
287
289
314
323
282
331
395
300
311
320
292
301
293
282
288
293
316
328
276
400
306
291
318
328
291
301
287
378
299
289
328
346
306
288
313
350
305
299
332
296
288
300
301
296
297
298
282
275
319
291
281
364
318
294
296
295
291
313
299
358
293
293
294
291
278
425
311
298
310
293
336
292
294
284
387
321
293
290
290
290
297
296
297
282
277
357
365
292
293
307
302
294
310
279
382
295
312
287
303
277
315
286
280
286
412
300
317
290
302
284
288
343
305
289
343
347
303
296
338
332
301
294
325
288
358
295
290
320
296
359
309
299
303
297
350
295
308
290
298
300
286
280
389
322
294
293
302
306
289
291
374
297
293
317
301
328
290
302
289
289
289
392
321
290
286
282
294
281
402
314
296
296
288
349
294
368
336
316
299
300
292
319
286
299
348
312
296
351
301
297
306
284
354
308
291
289
364
295
297
286
357
315
295
292
284
297
299
283
278
309
429
307
300
294
307
294
309
287
285
279
278
278
322
285
300
339
332
325
338
302
294
290
345
291
290
287
380
303
302
304
289
279
288
300
418
306
325
323
296
288
291
285
290
276
288
427
296
308
333
299
329
292
293
293
283
340
295
286
369
300
307
304
288
280
291
281
390
304
304
303
333
306
296
290
299
318
277
284
271
275
272
269
274
321
396
296
369
294
286
282
402
295
294
339
293
292
340
323
294
286
285
293
288
275
415
302
329
301
298
288
288
287
290
289
285
286
302
303
284
276
324
403
313
294
290
349
293
294
312
285
286
393
306
296
298
291
338
283
279
292
292
310
291
297
300
274
272
351
281
294
279
285
271
283
437
354
294
300
291
326
363
314
311
298
295
296
305
290
388
304
363
306
298
297
360
304
296
286
291
333
294
352
321
293
293
287
288
281
298
422
304
296
287
284
285
285
276
277
432
293
290
296
285
314
290
297
382
331
301
332
296
290
297
285
367
296
343
296
294
304
302
293
291
275
309
280
287
301
270
388
289
283
278
302
418
298
296
290
350
312
296
287
308
281
324
289
283
286
391
330
291
321
337
293
325
298
292
330
290
285
281
296
287
278
297
292
295
283
394
342
293
293
308
293
285
285
279
305
298
426
328
298
295
323
315
310
303
282
282
277
281
315
274
293
298
343
280
289
407
309
295
291
324
288
300
280
290
413
304
309
290
324
344
296
340
294
325
332
316
294
311
336
303
379
309
302
295
339
297
301
353
312
300
285
333
299
318
302
287
349
296
309
291
300
304
357
300
293
290
311
358
329
313
317
294
337
301
294
308
323
312
287
279
283
390
305
321
326
301
291
291
370
293
297
327
305
284
378
310
296
328
326
292
294
322
285
286
285
310
323
302
281
294
277
284
280
314
272
274
269
284
287
363
361
294
281
297
309
289
366
312
286
379
312
298
319
353
292
375
305
300
333
314
295
293
306
287
372
307
292
342
295
308
287
304
367
294
293
284
344
338
291
296
290
283
289
287
305
395
313
311
285
291
278
290
425
301
296
313
288
290
285
306
313
285
283
321
293
277
280
272
289
317
293
309
303
268
315
407
309
286
300
283
384
294
294
334
299
307
291
282
299
379
296
329
307
298
294
288
282
398
297
338
295
289
348
298
297
284
283
387
303
292
347
295
316
327
310
293
285
290
288
327
279
395
311
324
300
328
297
294
296
301
300
367
292
299
290
294
288
325
301
284
280
277
417
337
306
337
317
296
299
306
301
290
301
344
289
300
288
286
279
286
398
313
287
288
289
345
339
305
291
286
288
292
290
288
429
303
297
302
307
287
333
305
292
312
286
386
298
294
312
336
295
290
300
288
360
310
292
340
293
289
288
286
287
299
283
441
320
303
308
295
329
290
332
299
288
291
366
310
329
297
292
299
300
292
285
284
291
285
289
290
320
283
299
280
291
294
290
292
281
449
318
308
292
289
282
279
290
303
273
268
293
291
263
290
399
388
299
307
340
293
303
353
312
293
295
306
318
300
320
285
289
286
380
295
362
317
296
331
300
316
291
300
296
305
335
352
299
296
283
337
306
291
284
285
286
405
302
302
297
367
296
311
294
289
288
300
286
287
315
312
297
286
295
272
330
276
285
273
282
272
323
310
279
326
274
293
279
289
329
282
288
291
268
284
292
284
452
291
301
363
297
307
288
289
356
289
309
338
292
330
292
290
285
316
370
323
309
296
293
363
296
297
288
297
287
280
284
274
275
292
291
280
272
288
293
321
379
307
416
312
302
295
306
291
289
296
293
385
297
295
289
295
296
295
288
333
278
293
282
276
290
283
387
294
280
389
300
308
304
307
288
283
359
298
304
349
294
292
288
283
281
301
279
292
274
407
338
306
305
318
290
300
282
341
308
298
289
285
290
276
303
279
413
303
293
294
283
299
371
313
306
323
290
321
339
299
298
303
288
310
287
284
280
287
306
305
285
295
287
401
354
313
296
329
297
292
283
280
379
337
304
296
289
302
367
294
293
301
291
279
279
372
286
348
297
313
295
291
282
292
273
308
308
402
298
291
282
278
373
308
284
294
285
307
280
292
404
302
292
284
377
296
293
316
289
284
282
298
279
279
298
294
412
338
295
293
331
303
291
297
284
281
289
409
315
337
291
298
291
323
309
370
306
295
341
293
292
297
301
292
286
280
278
274
270
341
287
268
304
408
326
299
315
291
331
291
285
288
285
292
278
278
297
277
406
323
297
317
286
287
283
298
279
415
318
298
311
289
289
285
284
299
289
288
413
290
346
317
306
294
350
297
323
296
297
337
325
303
310
292
287
366
315
296
314
287
286
367
321
296
302
288
287
292
314
303
342
286
322
289
283
386
300
319
295
319
292
304
283
284
388
320
306
295
320
290
295
361
315
330
298
298
294
364
295
290
297
284
291
295
293
274
281
418
291
287
340
331
299
338
295
288
285
293
294
286
285
418
301
297
284
296
283
367
293
290
291
282
346
332
295
321
319
299
312
314
337
295
293
289
284
286
287
303
335
301
391
300
294
307
317
335
298
295
292
289
279
345
329
295
351
293
286
287
304
301
297
279
276
278
282
360
338
346
303
311
323
295
296
320
285
292
278
278
289
343
333
290
286
334
287
280
418
310
291
320
288
348
296
296
349
303
296
288
283
287
284
314
301
393
314
294
291
291
284
279
283
308
293
293
271
333
403
305
300
307
295
288
288
296
418
315
297
293
292
346
296
360
304
294
304
303
287
284
287
294
408
296
297
300
290
287
295
328
293
286
329
287
283
296
297
320
285
292
266
440
297
334
290
331
287
291
399
314
304
289
294
291
313
292
287
398
299
322
301
286
289
288
285
419
296
292
292
285
282
282
270
311
288
284
300
304
269
280
295
308
492
297
291
311
338
294
303
350
311
295
294
293
371
298
338
293
297
302
289
292
290
278
328
406
315
297
293
283
300
286
277
278
418
295
344
311
308
296
340
325
303
296
347
301
300
373
301
294
309
382
311
299
293
295
290
305
302
282
288
287
277
284
356
279
361
378
303
295
290
292
285
298
291
403
316
292
301
301
298
307
282
283
286
271
416
292
304
293
286
278
296
295
406
290
356
306
302
328
293
297
303
298
360
300
295
338
318
310
287
317
286
284
284
277
283
366
374
318
301
333
299
326
293
286
290
330
303
287
284
306
289
320
283
390
297
294
314
292
287
283
339
285
287
298
388
320
294
299
290
364
311
293
341
294
290
354
293
311
286
293
286
293
311
345
300
328
294
307
286
316
296
307
285
279
286
290
286
281
292
282
304
401
362
299
311
298
289
312
282
358
290
294
281
398
301
290
295
337
284
287
343
292
289
298
303
289
286
301
417
299
312
295
292
285
300
281
276
289
286
268
292
298
319
276
287
283
288
294
300
300
277
291
277
395
273
270
313
286
268
262
328
277
467
314
289
283
317
294
285
277
295
274
422
296
290
354
333
313
297
295
290
365
297
291
316
303
285
327
290
285
287
302
320
291
289
287
281
410
290
291
292
281
286
275
274
282
322
282
293
286
285
438
296
340
285
284
358
297
293
303
284
287
279
299
285
277
273
310
283
269
308
328
303
415
319
337
310
300
289
289
308
304
290
328
344
299
304
340
302
307
302
294
349
290
295
292
312
284
288
319
289
280
411
299
303
288
290
280
281
322
291
381
294
290
285
345
334
310
327
301
292
286
300
289
300
295
392
300
299
288
301
286
318
343
286
286
290
292
293
293
285
297
421
288
296
286
303
393
301
289
294
291
284
308
369
291
294
362
297
288
301
290
296
290
283
403
311
312
306
293
289
368
312
297
303
300
321
303
307
307
292
344
285
303
283
281
300
405
295
309
308
286
290
396
315
296
291
289
285
297
313
272
304
274
272
438
296
341
300
298
290
286
283
297
333
287
376
291
287
285
292
302
273
275
290
266
273
273
290
410
293
333
347
296
294
296
314
287
365
286
335
292
282
332
291
363
294
325
299
297
287
332
291
298
300
313
288
364
290
289
370
304
296
300
303
395
307
300
294
297
286
305
295
283
290
288
279
287
313
286
442
297
321
294
295
283
300
374
297
343
295
291
312
306
314
293
307
314
344
295
308
304
295
283
290
291
286
303
417
291
291
317
292
288
312
345
312
292
324
301